[ 2017-05-17T07:08:03+08:00 ] 127.0.0.1 /
INFO: [ app_init ] --START--
INFO: Run Behavior\BuildLiteBehavior [ RunTime:0.000000s ]
INFO: [ app_init ] --END-- [ RunTime:0.004000s ]
INFO: [ app_begin ] --START--
INFO: Run Behavior\ReadHtmlCacheBehavior [ RunTime:0.013000s ]
INFO: [ app_begin ] --END-- [ RunTime:0.013000s ]
SQL: SHOW COLUMNS FROM `asd_case` [ RunTime:0.0360s ]
SQL: SHOW COLUMNS FROM `asd_case` [ RunTime:0.0070s ]
SQL: SHOW COLUMNS FROM `asd_casetype` [ RunTime:0.0150s ]
SQL: SHOW COLUMNS FROM `asd_news` [ RunTime:0.0480s ]
SQL: SELECT * FROM `asd_case` WHERE ( caseRecentshow = 1 and life = 0 ) LIMIT 9   [ RunTime:0.0020s ]
SQL: SELECT * FROM `asd_casetype` WHERE ( caseTypeShow = 1 )  [ RunTime:0.0010s ]
SQL: SELECT * FROM `asd_news` WHERE ( newsType = 4 and  newsShow = 0 and life = 0 ) LIMIT 1   [ RunTime:0.0020s ]
SQL: SELECT * FROM `asd_news` WHERE ( newsType = 4 and  newsShow = 0 and life = 0 ) LIMIT 1,5   [ RunTime:0.0020s ]
SQL: SELECT * FROM `asd_news` WHERE ( newsType = 2 and  newsShow = 0 and life = 0 ) LIMIT 1   [ RunTime:0.0010s ]
SQL: SELECT * FROM `asd_news` WHERE ( newsType = 2 and  newsShow = 0 and life = 0 ) LIMIT 1,5   [ RunTime:0.0020s ]
SQL: SELECT * FROM `asd_news` WHERE ( newsType = 3 and  newsShow = 0 and life = 0 ) LIMIT 1   [ RunTime:0.0010s ]
SQL: SELECT * FROM `asd_news` WHERE ( newsType = 3 and  newsShow = 0 and life = 0 ) LIMIT 1,5   [ RunTime:0.0000s ]
SQL: SHOW COLUMNS FROM `asd_webinfo` [ RunTime:0.0400s ]
SQL: SHOW COLUMNS FROM `asd_webinfo` [ RunTime:0.0070s ]
SQL: SELECT * FROM `asd_webinfo` LIMIT 1   [ RunTime:0.0160s ]
SQL: SHOW COLUMNS FROM `asd_news` [ RunTime:0.0080s ]
SQL: SELECT `newsId`,`newsTitle`,`newsRelease`,`newsInfo` FROM `asd_news` WHERE ( newsType = 1 and life = 0 ) LIMIT 2   [ RunTime:0.0000s ]
SQL: SELECT `newsId`,`newsTitle`,`newsRelease`,`newsInfo` FROM `asd_news` WHERE ( newsType = 2 and life = 0 ) LIMIT 2   [ RunTime:0.0010s ]
SQL: SELECT `newsId`,`newsTitle`,`newsRelease`,`newsInfo` FROM `asd_news` WHERE ( newsType = 3 and life = 0 ) LIMIT 2   [ RunTime:0.0010s ]
INFO: [ view_parse ] --START--
INFO: [ template_filter ] --START--
INFO: Run Behavior\ContentReplaceBehavior [ RunTime:0.000000s ]
INFO: [ template_filter ] --END-- [ RunTime:0.000000s ]
NOTIC: [8] Undefined index: webCompnayarea D:\phpStudy\WWW\asd\Application\Runtime\Cache\Home\2a94b8bda04ff446dcedd42276fc99ee.php 第 763 行.
NOTIC: [8] Undefined index: webCompnayaddr D:\phpStudy\WWW\asd\Application\Runtime\Cache\Home\2a94b8bda04ff446dcedd42276fc99ee.php 第 763 行.
INFO: Run Behavior\ParseTemplateBehavior [ RunTime:0.117000s ]
INFO: [ view_parse ] --END-- [ RunTime:0.117000s ]
INFO: [ view_filter ] --START--
INFO: Run Behavior\WriteHtmlCacheBehavior [ RunTime:0.009000s ]
INFO: [ view_filter ] --END-- [ RunTime:0.010000s ]
INFO: [ app_end ] --START--
INFO: Run Behavior\ShowPageTraceBehavior [ RunTime:0.011000s ]
INFO: [ app_end ] --END-- [ RunTime:0.011000s ]

[ 2017-05-17T07:08:39+08:00 ] 127.0.0.1 /asdadmin
INFO: [ app_init ] --START--
INFO: Run Behavior\BuildLiteBehavior [ RunTime:0.000000s ]
INFO: [ app_init ] --END-- [ RunTime:0.000000s ]
INFO: [ app_begin ] --START--
INFO: Run Behavior\ReadHtmlCacheBehavior [ RunTime:0.001000s ]
INFO: [ app_begin ] --END-- [ RunTime:0.001000s ]
ERR: 无法加载控制器:Asdadmin

[ 2017-05-17T07:08:52+08:00 ] 127.0.0.1 /Public/Css/images/bg.jpg
INFO: [ app_init ] --START--
INFO: Run Behavior\BuildLiteBehavior [ RunTime:0.000000s ]
INFO: [ app_init ] --END-- [ RunTime:0.000000s ]

[ 2017-05-17T07:11:21+08:00 ] 127.0.0.1 /Index/caseAll
INFO: [ app_init ] --START--
INFO: Run Behavior\BuildLiteBehavior [ RunTime:0.000000s ]
INFO: [ app_init ] --END-- [ RunTime:0.001000s ]
INFO: [ app_begin ] --START--
INFO: Run Behavior\ReadHtmlCacheBehavior [ RunTime:0.001000s ]
INFO: [ app_begin ] --END-- [ RunTime:0.001000s ]
SQL: SHOW COLUMNS FROM `asd_case` [ RunTime:0.0040s ]
SQL: SHOW COLUMNS FROM `asd_case` [ RunTime:0.0040s ]
SQL: SHOW COLUMNS FROM `asd_casearea` [ RunTime:0.0270s ]
SQL: SHOW COLUMNS FROM `asd_casetype` [ RunTime:0.0050s ]
SQL: SHOW COLUMNS FROM `asd_casesize` [ RunTime:0.0050s ]
NOTIC: [8] Undefined variable: sreach D:\phpStudy\WWW\asd\Application\Home\Model\CaseModel.class.php 第 67 行.
SQL: SELECT * FROM `asd_case` WHERE `life` = 0  [ RunTime:0.0000s ]
SQL: SELECT * FROM `asd_case` WHERE `life` = 0 LIMIT 0,9   [ RunTime:0.0010s ]
NOTIC: [8] Undefined variable: sreach D:\phpStudy\WWW\asd\Application\Home\Model\CaseModel.class.php 第 81 行.
SQL: SELECT * FROM `asd_casearea`  [ RunTime:0.0000s ]
SQL: SELECT * FROM `asd_casetype`  [ RunTime:0.0000s ]
SQL: SELECT * FROM `asd_casesize`  [ RunTime:0.0000s ]
NOTIC: [8] Undefined index: casetypeId D:\phpStudy\WWW\asd\Application\Home\Controller\IndexController.class.php 第 48 行.
SQL: SHOW COLUMNS FROM `asd_webinfo` [ RunTime:0.0050s ]
SQL: SHOW COLUMNS FROM `asd_webinfo` [ RunTime:0.0040s ]
SQL: SELECT * FROM `asd_webinfo` LIMIT 1   [ RunTime:0.0000s ]
SQL: SHOW COLUMNS FROM `asd_news` [ RunTime:0.0040s ]
SQL: SHOW COLUMNS FROM `asd_news` [ RunTime:0.0040s ]
SQL: SELECT `newsId`,`newsTitle`,`newsRelease`,`newsInfo` FROM `asd_news` WHERE ( newsType = 1 and life = 0 ) LIMIT 2   [ RunTime:0.0010s ]
SQL: SELECT `newsId`,`newsTitle`,`newsRelease`,`newsInfo` FROM `asd_news` WHERE ( newsType = 2 and life = 0 ) LIMIT 2   [ RunTime:0.0000s ]
SQL: SELECT `newsId`,`newsTitle`,`newsRelease`,`newsInfo` FROM `asd_news` WHERE ( newsType = 3 and life = 0 ) LIMIT 2   [ RunTime:0.0010s ]
INFO: [ view_parse ] --START--
INFO: [ template_filter ] --START--
INFO: Run Behavior\ContentReplaceBehavior [ RunTime:0.000000s ]
INFO: [ template_filter ] --END-- [ RunTime:0.000000s ]
NOTIC: [8] Undefined variable: rel D:\phpStudy\WWW\asd\Application\Runtime\Cache\Home\4cf0f5e7aaa9aa19d62e599d3a2477a7.php 第 111 行.
NOTIC: [8] Undefined index: webCompnayarea D:\phpStudy\WWW\asd\Application\Runtime\Cache\Home\4cf0f5e7aaa9aa19d62e599d3a2477a7.php 第 286 行.
NOTIC: [8] Undefined index: webCompnayaddr D:\phpStudy\WWW\asd\Application\Runtime\Cache\Home\4cf0f5e7aaa9aa19d62e599d3a2477a7.php 第 286 行.
INFO: Run Behavior\ParseTemplateBehavior [ RunTime:0.034000s ]
INFO: [ view_parse ] --END-- [ RunTime:0.034000s ]
INFO: [ view_filter ] --START--
INFO: Run Behavior\WriteHtmlCacheBehavior [ RunTime:0.000000s ]
INFO: [ view_filter ] --END-- [ RunTime:0.000000s ]
INFO: [ app_end ] --START--
INFO: Run Behavior\ShowPageTraceBehavior [ RunTime:0.001000s ]
INFO: [ app_end ] --END-- [ RunTime:0.001000s ]

[ 2017-05-17T07:21:13+08:00 ] 127.0.0.1 /
INFO: [ app_init ] --START--
INFO: Run Behavior\BuildLiteBehavior [ RunTime:0.000000s ]
INFO: [ app_init ] --END-- [ RunTime:0.001000s ]
INFO: [ app_begin ] --START--
INFO: Run Behavior\ReadHtmlCacheBehavior [ RunTime:0.001000s ]
INFO: [ app_begin ] --END-- [ RunTime:0.001000s ]
SQL: SHOW COLUMNS FROM `asd_case` [ RunTime:0.0050s ]
SQL: SHOW COLUMNS FROM `asd_case` [ RunTime:0.0040s ]
SQL: SHOW COLUMNS FROM `asd_casetype` [ RunTime:0.0050s ]
SQL: SHOW COLUMNS FROM `asd_news` [ RunTime:0.0060s ]
SQL: SELECT * FROM `asd_case` WHERE ( caseRecentshow = 1 and life = 0 ) LIMIT 9   [ RunTime:0.0000s ]
SQL: SELECT * FROM `asd_casetype` WHERE ( caseTypeShow = 1 )  [ RunTime:0.0000s ]
SQL: SELECT * FROM `asd_news` WHERE ( newsType = 4 and  newsShow = 0 and life = 0 ) LIMIT 1   [ RunTime:0.0000s ]
SQL: SELECT * FROM `asd_news` WHERE ( newsType = 4 and  newsShow = 0 and life = 0 ) LIMIT 1,5   [ RunTime:0.0010s ]
SQL: SELECT * FROM `asd_news` WHERE ( newsType = 2 and  newsShow = 0 and life = 0 ) LIMIT 1   [ RunTime:0.0000s ]
SQL: SELECT * FROM `asd_news` WHERE ( newsType = 2 and  newsShow = 0 and life = 0 ) LIMIT 1,5   [ RunTime:0.0000s ]
SQL: SELECT * FROM `asd_news` WHERE ( newsType = 3 and  newsShow = 0 and life = 0 ) LIMIT 1   [ RunTime:0.0000s ]
SQL: SELECT * FROM `asd_news` WHERE ( newsType = 3 and  newsShow = 0 and life = 0 ) LIMIT 1,5   [ RunTime:0.0000s ]
SQL: SHOW COLUMNS FROM `asd_webinfo` [ RunTime:0.0050s ]
SQL: SHOW COLUMNS FROM `asd_webinfo` [ RunTime:0.0040s ]
SQL: SELECT * FROM `asd_webinfo` LIMIT 1   [ RunTime:0.0010s ]
SQL: SHOW COLUMNS FROM `asd_news` [ RunTime:0.0050s ]
SQL: SELECT `newsId`,`newsTitle`,`newsRelease`,`newsInfo` FROM `asd_news` WHERE ( newsType = 1 and life = 0 ) LIMIT 2   [ RunTime:0.0000s ]
SQL: SELECT `newsId`,`newsTitle`,`newsRelease`,`newsInfo` FROM `asd_news` WHERE ( newsType = 2 and life = 0 ) LIMIT 2   [ RunTime:0.0000s ]
SQL: SELECT `newsId`,`newsTitle`,`newsRelease`,`newsInfo` FROM `asd_news` WHERE ( newsType = 3 and life = 0 ) LIMIT 2   [ RunTime:0.0010s ]
INFO: [ view_parse ] --START--
INFO: [ template_filter ] --START--
INFO: Run Behavior\ContentReplaceBehavior [ RunTime:0.001000s ]
INFO: [ template_filter ] --END-- [ RunTime:0.001000s ]
NOTIC: [8] Undefined index: webCompnayarea D:\phpStudy\WWW\asd\Application\Runtime\Cache\Home\2a94b8bda04ff446dcedd42276fc99ee.php 第 763 行.
NOTIC: [8] Undefined index: webCompnayaddr D:\phpStudy\WWW\asd\Application\Runtime\Cache\Home\2a94b8bda04ff446dcedd42276fc99ee.php 第 763 行.
INFO: Run Behavior\ParseTemplateBehavior [ RunTime:0.022000s ]
INFO: [ view_parse ] --END-- [ RunTime:0.022000s ]
INFO: [ view_filter ] --START--
INFO: Run Behavior\WriteHtmlCacheBehavior [ RunTime:0.001000s ]
INFO: [ view_filter ] --END-- [ RunTime:0.001000s ]
INFO: [ app_end ] --START--
INFO: Run Behavior\ShowPageTraceBehavior [ RunTime:0.001000s ]
INFO: [ app_end ] --END-- [ RunTime:0.001000s ]

[ 2017-05-17T07:21:13+08:00 ] 127.0.0.1 /
INFO: [ app_init ] --START--
INFO: Run Behavior\BuildLiteBehavior [ RunTime:0.000000s ]
INFO: [ app_init ] --END-- [ RunTime:0.000000s ]
INFO: [ app_begin ] --START--
INFO: Run Behavior\ReadHtmlCacheBehavior [ RunTime:0.001000s ]
INFO: [ app_begin ] --END-- [ RunTime:0.001000s ]
SQL: SHOW COLUMNS FROM `asd_case` [ RunTime:0.0050s ]
SQL: SHOW COLUMNS FROM `asd_case` [ RunTime:0.0060s ]
SQL: SHOW COLUMNS FROM `asd_casetype` [ RunTime:0.0040s ]
SQL: SHOW COLUMNS FROM `asd_news` [ RunTime:0.0050s ]
SQL: SELECT * FROM `asd_case` WHERE ( caseRecentshow = 1 and life = 0 ) LIMIT 9   [ RunTime:0.0000s ]
SQL: SELECT * FROM `asd_casetype` WHERE ( caseTypeShow = 1 )  [ RunTime:0.0000s ]
SQL: SELECT * FROM `asd_news` WHERE ( newsType = 4 and  newsShow = 0 and life = 0 ) LIMIT 1   [ RunTime:0.0010s ]
SQL: SELECT * FROM `asd_news` WHERE ( newsType = 4 and  newsShow = 0 and life = 0 ) LIMIT 1,5   [ RunTime:0.0000s ]
SQL: SELECT * FROM `asd_news` WHERE ( newsType = 2 and  newsShow = 0 and life = 0 ) LIMIT 1   [ RunTime:0.0010s ]
SQL: SELECT * FROM `asd_news` WHERE ( newsType = 2 and  newsShow = 0 and life = 0 ) LIMIT 1,5   [ RunTime:0.0000s ]
SQL: SELECT * FROM `asd_news` WHERE ( newsType = 3 and  newsShow = 0 and life = 0 ) LIMIT 1   [ RunTime:0.0000s ]
SQL: SELECT * FROM `asd_news` WHERE ( newsType = 3 and  newsShow = 0 and life = 0 ) LIMIT 1,5   [ RunTime:0.0000s ]
SQL: SHOW COLUMNS FROM `asd_webinfo` [ RunTime:0.0060s ]
SQL: SHOW COLUMNS FROM `asd_webinfo` [ RunTime:0.0040s ]
SQL: SELECT * FROM `asd_webinfo` LIMIT 1   [ RunTime:0.0010s ]
SQL: SHOW COLUMNS FROM `asd_news` [ RunTime:0.0040s ]
SQL: SELECT `newsId`,`newsTitle`,`newsRelease`,`newsInfo` FROM `asd_news` WHERE ( newsType = 1 and life = 0 ) LIMIT 2   [ RunTime:0.0010s ]
SQL: SELECT `newsId`,`newsTitle`,`newsRelease`,`newsInfo` FROM `asd_news` WHERE ( newsType = 2 and life = 0 ) LIMIT 2   [ RunTime:0.0000s ]
SQL: SELECT `newsId`,`newsTitle`,`newsRelease`,`newsInfo` FROM `asd_news` WHERE ( newsType = 3 and life = 0 ) LIMIT 2   [ RunTime:0.0000s ]
INFO: [ view_parse ] --START--
INFO: [ template_filter ] --START--
INFO: Run Behavior\ContentReplaceBehavior [ RunTime:0.001000s ]
INFO: [ template_filter ] --END-- [ RunTime:0.001000s ]
NOTIC: [8] Undefined index: webCompnayarea D:\phpStudy\WWW\asd\Application\Runtime\Cache\Home\2a94b8bda04ff446dcedd42276fc99ee.php 第 763 行.
NOTIC: [8] Undefined index: webCompnayaddr D:\phpStudy\WWW\asd\Application\Runtime\Cache\Home\2a94b8bda04ff446dcedd42276fc99ee.php 第 763 行.
INFO: Run Behavior\ParseTemplateBehavior [ RunTime:0.023000s ]
INFO: [ view_parse ] --END-- [ RunTime:0.023000s ]
INFO: [ view_filter ] --START--
INFO: Run Behavior\WriteHtmlCacheBehavior [ RunTime:0.000000s ]
INFO: [ view_filter ] --END-- [ RunTime:0.000000s ]
INFO: [ app_end ] --START--
INFO: Run Behavior\ShowPageTraceBehavior [ RunTime:0.000000s ]
INFO: [ app_end ] --END-- [ RunTime:0.000000s ]

[ 2017-05-17T07:21:14+08:00 ] 127.0.0.1 /index.php
INFO: [ app_init ] --START--
INFO: Run Behavior\BuildLiteBehavior [ RunTime:0.000000s ]
INFO: [ app_init ] --END-- [ RunTime:0.001000s ]
INFO: [ app_begin ] --START--
INFO: Run Behavior\ReadHtmlCacheBehavior [ RunTime:0.000000s ]
INFO: [ app_begin ] --END-- [ RunTime:0.000000s ]
SQL: SHOW COLUMNS FROM `asd_case` [ RunTime:0.0060s ]
SQL: SHOW COLUMNS FROM `asd_case` [ RunTime:0.0050s ]
SQL: SHOW COLUMNS FROM `asd_casetype` [ RunTime:0.0060s ]
SQL: SHOW COLUMNS FROM `asd_news` [ RunTime:0.0060s ]
SQL: SELECT * FROM `asd_case` WHERE ( caseRecentshow = 1 and life = 0 ) LIMIT 9   [ RunTime:0.0000s ]
SQL: SELECT * FROM `asd_casetype` WHERE ( caseTypeShow = 1 )  [ RunTime:0.0000s ]
SQL: SELECT * FROM `asd_news` WHERE ( newsType = 4 and  newsShow = 0 and life = 0 ) LIMIT 1   [ RunTime:0.0000s ]
SQL: SELECT * FROM `asd_news` WHERE ( newsType = 4 and  newsShow = 0 and life = 0 ) LIMIT 1,5   [ RunTime:0.0010s ]
SQL: SELECT * FROM `asd_news` WHERE ( newsType = 2 and  newsShow = 0 and life = 0 ) LIMIT 1   [ RunTime:0.0000s ]
SQL: SELECT * FROM `asd_news` WHERE ( newsType = 2 and  newsShow = 0 and life = 0 ) LIMIT 1,5   [ RunTime:0.0000s ]
SQL: SELECT * FROM `asd_news` WHERE ( newsType = 3 and  newsShow = 0 and life = 0 ) LIMIT 1   [ RunTime:0.0010s ]
SQL: SELECT * FROM `asd_news` WHERE ( newsType = 3 and  newsShow = 0 and life = 0 ) LIMIT 1,5   [ RunTime:0.0000s ]
SQL: SHOW COLUMNS FROM `asd_webinfo` [ RunTime:0.0060s ]
SQL: SHOW COLUMNS FROM `asd_webinfo` [ RunTime:0.0060s ]
SQL: SELECT * FROM `asd_webinfo` LIMIT 1   [ RunTime:0.0010s ]
SQL: SHOW COLUMNS FROM `asd_news` [ RunTime:0.0050s ]
SQL: SELECT `newsId`,`newsTitle`,`newsRelease`,`newsInfo` FROM `asd_news` WHERE ( newsType = 1 and life = 0 ) LIMIT 2   [ RunTime:0.0010s ]
SQL: SELECT `newsId`,`newsTitle`,`newsRelease`,`newsInfo` FROM `asd_news` WHERE ( newsType = 2 and life = 0 ) LIMIT 2   [ RunTime:0.0000s ]
SQL: SELECT `newsId`,`newsTitle`,`newsRelease`,`newsInfo` FROM `asd_news` WHERE ( newsType = 3 and life = 0 ) LIMIT 2   [ RunTime:0.0000s ]
INFO: [ view_parse ] --START--
INFO: [ template_filter ] --START--
INFO: Run Behavior\ContentReplaceBehavior [ RunTime:0.000000s ]
INFO: [ template_filter ] --END-- [ RunTime:0.000000s ]
NOTIC: [8] Undefined index: webCompnayarea D:\phpStudy\WWW\asd\Application\Runtime\Cache\Home\2a94b8bda04ff446dcedd42276fc99ee.php 第 763 行.
NOTIC: [8] Undefined index: webCompnayaddr D:\phpStudy\WWW\asd\Application\Runtime\Cache\Home\2a94b8bda04ff446dcedd42276fc99ee.php 第 763 行.
INFO: Run Behavior\ParseTemplateBehavior [ RunTime:0.022000s ]
INFO: [ view_parse ] --END-- [ RunTime:0.022000s ]
INFO: [ view_filter ] --START--
INFO: Run Behavior\WriteHtmlCacheBehavior [ RunTime:0.000000s ]
INFO: [ view_filter ] --END-- [ RunTime:0.000000s ]
INFO: [ app_end ] --START--
INFO: Run Behavior\ShowPageTraceBehavior [ RunTime:0.001000s ]
INFO: [ app_end ] --END-- [ RunTime:0.001000s ]

[ 2017-05-17T07:21:14+08:00 ] 127.0.0.1 /index.php
INFO: [ app_init ] --START--
INFO: Run Behavior\BuildLiteBehavior [ RunTime:0.000000s ]
INFO: [ app_init ] --END-- [ RunTime:0.000000s ]
INFO: [ app_begin ] --START--
INFO: Run Behavior\ReadHtmlCacheBehavior [ RunTime:0.001000s ]
INFO: [ app_begin ] --END-- [ RunTime:0.001000s ]
SQL: SHOW COLUMNS FROM `asd_case` [ RunTime:0.0060s ]
SQL: SHOW COLUMNS FROM `asd_case` [ RunTime:0.0060s ]
SQL: SHOW COLUMNS FROM `asd_casetype` [ RunTime:0.0050s ]
SQL: SHOW COLUMNS FROM `asd_news` [ RunTime:0.0060s ]
SQL: SELECT * FROM `asd_case` WHERE ( caseRecentshow = 1 and life = 0 ) LIMIT 9   [ RunTime:0.0000s ]
SQL: SELECT * FROM `asd_casetype` WHERE ( caseTypeShow = 1 )  [ RunTime:0.0010s ]
SQL: SELECT * FROM `asd_news` WHERE ( newsType = 4 and  newsShow = 0 and life = 0 ) LIMIT 1   [ RunTime:0.0000s ]
SQL: SELECT * FROM `asd_news` WHERE ( newsType = 4 and  newsShow = 0 and life = 0 ) LIMIT 1,5   [ RunTime:0.0000s ]
SQL: SELECT * FROM `asd_news` WHERE ( newsType = 2 and  newsShow = 0 and life = 0 ) LIMIT 1   [ RunTime:0.0010s ]
SQL: SELECT * FROM `asd_news` WHERE ( newsType = 2 and  newsShow = 0 and life = 0 ) LIMIT 1,5   [ RunTime:0.0000s ]
SQL: SELECT * FROM `asd_news` WHERE ( newsType = 3 and  newsShow = 0 and life = 0 ) LIMIT 1   [ RunTime:0.0000s ]
SQL: SELECT * FROM `asd_news` WHERE ( newsType = 3 and  newsShow = 0 and life = 0 ) LIMIT 1,5   [ RunTime:0.0000s ]
SQL: SHOW COLUMNS FROM `asd_webinfo` [ RunTime:0.0050s ]
SQL: SHOW COLUMNS FROM `asd_webinfo` [ RunTime:0.0060s ]
SQL: SELECT * FROM `asd_webinfo` LIMIT 1   [ RunTime:0.0000s ]
SQL: SHOW COLUMNS FROM `asd_news` [ RunTime:0.0050s ]
SQL: SELECT `newsId`,`newsTitle`,`newsRelease`,`newsInfo` FROM `asd_news` WHERE ( newsType = 1 and life = 0 ) LIMIT 2   [ RunTime:0.0010s ]
SQL: SELECT `newsId`,`newsTitle`,`newsRelease`,`newsInfo` FROM `asd_news` WHERE ( newsType = 2 and life = 0 ) LIMIT 2   [ RunTime:0.0000s ]
SQL: SELECT `newsId`,`newsTitle`,`newsRelease`,`newsInfo` FROM `asd_news` WHERE ( newsType = 3 and life = 0 ) LIMIT 2   [ RunTime:0.0000s ]
INFO: [ view_parse ] --START--
INFO: [ template_filter ] --START--
INFO: Run Behavior\ContentReplaceBehavior [ RunTime:0.000000s ]
INFO: [ template_filter ] --END-- [ RunTime:0.000000s ]
NOTIC: [8] Undefined index: webCompnayarea D:\phpStudy\WWW\asd\Application\Runtime\Cache\Home\2a94b8bda04ff446dcedd42276fc99ee.php 第 763 行.
NOTIC: [8] Undefined index: webCompnayaddr D:\phpStudy\WWW\asd\Application\Runtime\Cache\Home\2a94b8bda04ff446dcedd42276fc99ee.php 第 763 行.
INFO: Run Behavior\ParseTemplateBehavior [ RunTime:0.021000s ]
INFO: [ view_parse ] --END-- [ RunTime:0.021000s ]
INFO: [ view_filter ] --START--
INFO: Run Behavior\WriteHtmlCacheBehavior [ RunTime:0.001000s ]
INFO: [ view_filter ] --END-- [ RunTime:0.001000s ]
INFO: [ app_end ] --START--
INFO: Run Behavior\ShowPageTraceBehavior [ RunTime:0.000000s ]
INFO: [ app_end ] --END-- [ RunTime:0.000000s ]

[ 2017-05-17T07:21:14+08:00 ] 127.0.0.1 HTTP://www.asd.com/
INFO: [ app_init ] --START--
INFO: Run Behavior\BuildLiteBehavior [ RunTime:0.000000s ]
INFO: [ app_init ] --END-- [ RunTime:0.001000s ]
INFO: [ app_begin ] --START--
INFO: Run Behavior\ReadHtmlCacheBehavior [ RunTime:0.001000s ]
INFO: [ app_begin ] --END-- [ RunTime:0.001000s ]
SQL: SHOW COLUMNS FROM `asd_case` [ RunTime:0.0040s ]
SQL: SHOW COLUMNS FROM `asd_case` [ RunTime:0.0040s ]
SQL: SHOW COLUMNS FROM `asd_casetype` [ RunTime:0.0050s ]
SQL: SHOW COLUMNS FROM `asd_news` [ RunTime:0.0050s ]
SQL: SELECT * FROM `asd_case` WHERE ( caseRecentshow = 1 and life = 0 ) LIMIT 9   [ RunTime:0.0000s ]
SQL: SELECT * FROM `asd_casetype` WHERE ( caseTypeShow = 1 )  [ RunTime:0.0000s ]
SQL: SELECT * FROM `asd_news` WHERE ( newsType = 4 and  newsShow = 0 and life = 0 ) LIMIT 1   [ RunTime:0.0000s ]
SQL: SELECT * FROM `asd_news` WHERE ( newsType = 4 and  newsShow = 0 and life = 0 ) LIMIT 1,5   [ RunTime:0.0000s ]
SQL: SELECT * FROM `asd_news` WHERE ( newsType = 2 and  newsShow = 0 and life = 0 ) LIMIT 1   [ RunTime:0.0010s ]
SQL: SELECT * FROM `asd_news` WHERE ( newsType = 2 and  newsShow = 0 and life = 0 ) LIMIT 1,5   [ RunTime:0.0000s ]
SQL: SELECT * FROM `asd_news` WHERE ( newsType = 3 and  newsShow = 0 and life = 0 ) LIMIT 1   [ RunTime:0.0000s ]
SQL: SELECT * FROM `asd_news` WHERE ( newsType = 3 and  newsShow = 0 and life = 0 ) LIMIT 1,5   [ RunTime:0.0010s ]
SQL: SHOW COLUMNS FROM `asd_webinfo` [ RunTime:0.0060s ]
SQL: SHOW COLUMNS FROM `asd_webinfo` [ RunTime:0.0030s ]
SQL: SELECT * FROM `asd_webinfo` LIMIT 1   [ RunTime:0.0000s ]
SQL: SHOW COLUMNS FROM `asd_news` [ RunTime:0.0040s ]
SQL: SELECT `newsId`,`newsTitle`,`newsRelease`,`newsInfo` FROM `asd_news` WHERE ( newsType = 1 and life = 0 ) LIMIT 2   [ RunTime:0.0000s ]
SQL: SELECT `newsId`,`newsTitle`,`newsRelease`,`newsInfo` FROM `asd_news` WHERE ( newsType = 2 and life = 0 ) LIMIT 2   [ RunTime:0.0000s ]
SQL: SELECT `newsId`,`newsTitle`,`newsRelease`,`newsInfo` FROM `asd_news` WHERE ( newsType = 3 and life = 0 ) LIMIT 2   [ RunTime:0.0000s ]
INFO: [ view_parse ] --START--
INFO: [ template_filter ] --START--
INFO: Run Behavior\ContentReplaceBehavior [ RunTime:0.000000s ]
INFO: [ template_filter ] --END-- [ RunTime:0.000000s ]
NOTIC: [8] Undefined index: webCompnayarea D:\phpStudy\WWW\asd\Application\Runtime\Cache\Home\2a94b8bda04ff446dcedd42276fc99ee.php 第 763 行.
NOTIC: [8] Undefined index: webCompnayaddr D:\phpStudy\WWW\asd\Application\Runtime\Cache\Home\2a94b8bda04ff446dcedd42276fc99ee.php 第 763 行.
INFO: Run Behavior\ParseTemplateBehavior [ RunTime:0.020000s ]
INFO: [ view_parse ] --END-- [ RunTime:0.020000s ]
INFO: [ view_filter ] --START--
INFO: Run Behavior\WriteHtmlCacheBehavior [ RunTime:0.001000s ]
INFO: [ view_filter ] --END-- [ RunTime:0.001000s ]
INFO: [ app_end ] --START--
INFO: Run Behavior\ShowPageTraceBehavior [ RunTime:0.001000s ]
INFO: [ app_end ] --END-- [ RunTime:0.001000s ]

[ 2017-05-17T07:21:14+08:00 ] 127.0.0.1 HTTP://www.asd.com/
INFO: [ app_init ] --START--
INFO: Run Behavior\BuildLiteBehavior [ RunTime:0.000000s ]
INFO: [ app_init ] --END-- [ RunTime:0.001000s ]
INFO: [ app_begin ] --START--
INFO: Run Behavior\ReadHtmlCacheBehavior [ RunTime:0.001000s ]
INFO: [ app_begin ] --END-- [ RunTime:0.001000s ]
SQL: SHOW COLUMNS FROM `asd_case` [ RunTime:0.0040s ]
SQL: SHOW COLUMNS FROM `asd_case` [ RunTime:0.0040s ]
SQL: SHOW COLUMNS FROM `asd_casetype` [ RunTime:0.0030s ]
SQL: SHOW COLUMNS FROM `asd_news` [ RunTime:0.0060s ]
SQL: SELECT * FROM `asd_case` WHERE ( caseRecentshow = 1 and life = 0 ) LIMIT 9   [ RunTime:0.0000s ]
SQL: SELECT * FROM `asd_casetype` WHERE ( caseTypeShow = 1 )  [ RunTime:0.0010s ]
SQL: SELECT * FROM `asd_news` WHERE ( newsType = 4 and  newsShow = 0 and life = 0 ) LIMIT 1   [ RunTime:0.0000s ]
SQL: SELECT * FROM `asd_news` WHERE ( newsType = 4 and  newsShow = 0 and life = 0 ) LIMIT 1,5   [ RunTime:0.0000s ]
SQL: SELECT * FROM `asd_news` WHERE ( newsType = 2 and  newsShow = 0 and life = 0 ) LIMIT 1   [ RunTime:0.0010s ]
SQL: SELECT * FROM `asd_news` WHERE ( newsType = 2 and  newsShow = 0 and life = 0 ) LIMIT 1,5   [ RunTime:0.0000s ]
SQL: SELECT * FROM `asd_news` WHERE ( newsType = 3 and  newsShow = 0 and life = 0 ) LIMIT 1   [ RunTime:0.0000s ]
SQL: SELECT * FROM `asd_news` WHERE ( newsType = 3 and  newsShow = 0 and life = 0 ) LIMIT 1,5   [ RunTime:0.0010s ]
SQL: SHOW COLUMNS FROM `asd_webinfo` [ RunTime:0.0050s ]
SQL: SHOW COLUMNS FROM `asd_webinfo` [ RunTime:0.0040s ]
SQL: SELECT * FROM `asd_webinfo` LIMIT 1   [ RunTime:0.0000s ]
SQL: SHOW COLUMNS FROM `asd_news` [ RunTime:0.0040s ]
SQL: SELECT `newsId`,`newsTitle`,`newsRelease`,`newsInfo` FROM `asd_news` WHERE ( newsType = 1 and life = 0 ) LIMIT 2   [ RunTime:0.0000s ]
SQL: SELECT `newsId`,`newsTitle`,`newsRelease`,`newsInfo` FROM `asd_news` WHERE ( newsType = 2 and life = 0 ) LIMIT 2   [ RunTime:0.0000s ]
SQL: SELECT `newsId`,`newsTitle`,`newsRelease`,`newsInfo` FROM `asd_news` WHERE ( newsType = 3 and life = 0 ) LIMIT 2   [ RunTime:0.0000s ]
INFO: [ view_parse ] --START--
INFO: [ template_filter ] --START--
INFO: Run Behavior\ContentReplaceBehavior [ RunTime:0.000000s ]
INFO: [ template_filter ] --END-- [ RunTime:0.000000s ]
NOTIC: [8] Undefined index: webCompnayarea D:\phpStudy\WWW\asd\Application\Runtime\Cache\Home\2a94b8bda04ff446dcedd42276fc99ee.php 第 763 行.
NOTIC: [8] Undefined index: webCompnayaddr D:\phpStudy\WWW\asd\Application\Runtime\Cache\Home\2a94b8bda04ff446dcedd42276fc99ee.php 第 763 行.
INFO: Run Behavior\ParseTemplateBehavior [ RunTime:0.020000s ]
INFO: [ view_parse ] --END-- [ RunTime:0.020000s ]
INFO: [ view_filter ] --START--
INFO: Run Behavior\WriteHtmlCacheBehavior [ RunTime:0.000000s ]
INFO: [ view_filter ] --END-- [ RunTime:0.000000s ]
INFO: [ app_end ] --START--
INFO: Run Behavior\ShowPageTraceBehavior [ RunTime:0.000000s ]
INFO: [ app_end ] --END-- [ RunTime:0.000000s ]

[ 2017-05-17T07:21:14+08:00 ] 127.0.0.1 /index.php
INFO: [ app_init ] --START--
INFO: Run Behavior\BuildLiteBehavior [ RunTime:0.000000s ]
INFO: [ app_init ] --END-- [ RunTime:0.001000s ]
INFO: [ app_begin ] --START--
INFO: Run Behavior\ReadHtmlCacheBehavior [ RunTime:0.002000s ]
INFO: [ app_begin ] --END-- [ RunTime:0.002000s ]
SQL: SHOW COLUMNS FROM `asd_case` [ RunTime:0.0050s ]
SQL: SHOW COLUMNS FROM `asd_case` [ RunTime:0.0050s ]
SQL: SHOW COLUMNS FROM `asd_casetype` [ RunTime:0.0050s ]
SQL: SHOW COLUMNS FROM `asd_news` [ RunTime:0.0060s ]
SQL: SELECT * FROM `asd_case` WHERE ( caseRecentshow = 1 and life = 0 ) LIMIT 9   [ RunTime:0.0010s ]
SQL: SELECT * FROM `asd_casetype` WHERE ( caseTypeShow = 1 )  [ RunTime:0.0000s ]
SQL: SELECT * FROM `asd_news` WHERE ( newsType = 4 and  newsShow = 0 and life = 0 ) LIMIT 1   [ RunTime:0.0000s ]
SQL: SELECT * FROM `asd_news` WHERE ( newsType = 4 and  newsShow = 0 and life = 0 ) LIMIT 1,5   [ RunTime:0.0010s ]
SQL: SELECT * FROM `asd_news` WHERE ( newsType = 2 and  newsShow = 0 and life = 0 ) LIMIT 1   [ RunTime:0.0000s ]
SQL: SELECT * FROM `asd_news` WHERE ( newsType = 2 and  newsShow = 0 and life = 0 ) LIMIT 1,5   [ RunTime:0.0000s ]
SQL: SELECT * FROM `asd_news` WHERE ( newsType = 3 and  newsShow = 0 and life = 0 ) LIMIT 1   [ RunTime:0.0010s ]
SQL: SELECT * FROM `asd_news` WHERE ( newsType = 3 and  newsShow = 0 and life = 0 ) LIMIT 1,5   [ RunTime:0.0000s ]
SQL: SHOW COLUMNS FROM `asd_webinfo` [ RunTime:0.0040s ]
SQL: SHOW COLUMNS FROM `asd_webinfo` [ RunTime:0.0060s ]
SQL: SELECT * FROM `asd_webinfo` LIMIT 1   [ RunTime:0.0010s ]
SQL: SHOW COLUMNS FROM `asd_news` [ RunTime:0.0050s ]
SQL: SELECT `newsId`,`newsTitle`,`newsRelease`,`newsInfo` FROM `asd_news` WHERE ( newsType = 1 and life = 0 ) LIMIT 2   [ RunTime:0.0000s ]
SQL: SELECT `newsId`,`newsTitle`,`newsRelease`,`newsInfo` FROM `asd_news` WHERE ( newsType = 2 and life = 0 ) LIMIT 2   [ RunTime:0.0010s ]
SQL: SELECT `newsId`,`newsTitle`,`newsRelease`,`newsInfo` FROM `asd_news` WHERE ( newsType = 3 and life = 0 ) LIMIT 2   [ RunTime:0.0000s ]
INFO: [ view_parse ] --START--
INFO: [ template_filter ] --START--
INFO: Run Behavior\ContentReplaceBehavior [ RunTime:0.000000s ]
INFO: [ template_filter ] --END-- [ RunTime:0.000000s ]
NOTIC: [8] Undefined index: webCompnayarea D:\phpStudy\WWW\asd\Application\Runtime\Cache\Home\2a94b8bda04ff446dcedd42276fc99ee.php 第 763 行.
NOTIC: [8] Undefined index: webCompnayaddr D:\phpStudy\WWW\asd\Application\Runtime\Cache\Home\2a94b8bda04ff446dcedd42276fc99ee.php 第 763 行.
INFO: Run Behavior\ParseTemplateBehavior [ RunTime:0.026000s ]
INFO: [ view_parse ] --END-- [ RunTime:0.027000s ]
INFO: [ view_filter ] --START--
INFO: Run Behavior\WriteHtmlCacheBehavior [ RunTime:0.000000s ]
INFO: [ view_filter ] --END-- [ RunTime:0.000000s ]
INFO: [ app_end ] --START--
INFO: Run Behavior\ShowPageTraceBehavior [ RunTime:0.001000s ]
INFO: [ app_end ] --END-- [ RunTime:0.001000s ]

[ 2017-05-17T07:21:14+08:00 ] 127.0.0.1 /index.php
INFO: [ app_init ] --START--
INFO: Run Behavior\BuildLiteBehavior [ RunTime:0.000000s ]
INFO: [ app_init ] --END-- [ RunTime:0.001000s ]
INFO: [ app_begin ] --START--
INFO: Run Behavior\ReadHtmlCacheBehavior [ RunTime:0.001000s ]
INFO: [ app_begin ] --END-- [ RunTime:0.002000s ]
SQL: SHOW COLUMNS FROM `asd_case` [ RunTime:0.0060s ]
SQL: SHOW COLUMNS FROM `asd_case` [ RunTime:0.0060s ]
SQL: SHOW COLUMNS FROM `asd_casetype` [ RunTime:0.0060s ]
SQL: SHOW COLUMNS FROM `asd_news` [ RunTime:0.0040s ]
SQL: SELECT * FROM `asd_case` WHERE ( caseRecentshow = 1 and life = 0 ) LIMIT 9   [ RunTime:0.0000s ]
SQL: SELECT * FROM `asd_casetype` WHERE ( caseTypeShow = 1 )  [ RunTime:0.0000s ]
SQL: SELECT * FROM `asd_news` WHERE ( newsType = 4 and  newsShow = 0 and life = 0 ) LIMIT 1   [ RunTime:0.0000s ]
SQL: SELECT * FROM `asd_news` WHERE ( newsType = 4 and  newsShow = 0 and life = 0 ) LIMIT 1,5   [ RunTime:0.0010s ]
SQL: SELECT * FROM `asd_news` WHERE ( newsType = 2 and  newsShow = 0 and life = 0 ) LIMIT 1   [ RunTime:0.0000s ]
SQL: SELECT * FROM `asd_news` WHERE ( newsType = 2 and  newsShow = 0 and life = 0 ) LIMIT 1,5   [ RunTime:0.0010s ]
SQL: SELECT * FROM `asd_news` WHERE ( newsType = 3 and  newsShow = 0 and life = 0 ) LIMIT 1   [ RunTime:0.0000s ]
SQL: SELECT * FROM `asd_news` WHERE ( newsType = 3 and  newsShow = 0 and life = 0 ) LIMIT 1,5   [ RunTime:0.0000s ]
SQL: SHOW COLUMNS FROM `asd_webinfo` [ RunTime:0.0050s ]
SQL: SHOW COLUMNS FROM `asd_webinfo` [ RunTime:0.0060s ]
SQL: SELECT * FROM `asd_webinfo` LIMIT 1   [ RunTime:0.0000s ]
SQL: SHOW COLUMNS FROM `asd_news` [ RunTime:0.0040s ]
SQL: SELECT `newsId`,`newsTitle`,`newsRelease`,`newsInfo` FROM `asd_news` WHERE ( newsType = 1 and life = 0 ) LIMIT 2   [ RunTime:0.0000s ]
SQL: SELECT `newsId`,`newsTitle`,`newsRelease`,`newsInfo` FROM `asd_news` WHERE ( newsType = 2 and life = 0 ) LIMIT 2   [ RunTime:0.0000s ]
SQL: SELECT `newsId`,`newsTitle`,`newsRelease`,`newsInfo` FROM `asd_news` WHERE ( newsType = 3 and life = 0 ) LIMIT 2   [ RunTime:0.0010s ]
INFO: [ view_parse ] --START--
INFO: [ template_filter ] --START--
INFO: Run Behavior\ContentReplaceBehavior [ RunTime:0.001000s ]
INFO: [ template_filter ] --END-- [ RunTime:0.001000s ]
NOTIC: [8] Undefined index: webCompnayarea D:\phpStudy\WWW\asd\Application\Runtime\Cache\Home\2a94b8bda04ff446dcedd42276fc99ee.php 第 763 行.
NOTIC: [8] Undefined index: webCompnayaddr D:\phpStudy\WWW\asd\Application\Runtime\Cache\Home\2a94b8bda04ff446dcedd42276fc99ee.php 第 763 行.
INFO: Run Behavior\ParseTemplateBehavior [ RunTime:0.026000s ]
INFO: [ view_parse ] --END-- [ RunTime:0.026000s ]
INFO: [ view_filter ] --START--
INFO: Run Behavior\WriteHtmlCacheBehavior [ RunTime:0.001000s ]
INFO: [ view_filter ] --END-- [ RunTime:0.001000s ]
INFO: [ app_end ] --START--
INFO: Run Behavior\ShowPageTraceBehavior [ RunTime:0.001000s ]
INFO: [ app_end ] --END-- [ RunTime:0.001000s ]

[ 2017-05-17T07:22:10+08:00 ] 127.0.0.1 /list.html
INFO: [ app_init ] --START--
INFO: Run Behavior\BuildLiteBehavior [ RunTime:0.000000s ]
INFO: [ app_init ] --END-- [ RunTime:0.001000s ]
INFO: [ app_begin ] --START--
INFO: Run Behavior\ReadHtmlCacheBehavior [ RunTime:0.000000s ]
INFO: [ app_begin ] --END-- [ RunTime:0.000000s ]
ERR: 无法加载控制器:List

[ 2017-05-17T07:22:12+08:00 ] 127.0.0.1 /add.html
INFO: [ app_init ] --START--
INFO: Run Behavior\BuildLiteBehavior [ RunTime:0.000000s ]
INFO: [ app_init ] --END-- [ RunTime:0.001000s ]
INFO: [ app_begin ] --START--
INFO: Run Behavior\ReadHtmlCacheBehavior [ RunTime:0.001000s ]
INFO: [ app_begin ] --END-- [ RunTime:0.001000s ]
ERR: 无法加载控制器:Add

[ 2017-05-17T07:22:13+08:00 ] 127.0.0.1 /cate.html
INFO: [ app_init ] --START--
INFO: Run Behavior\BuildLiteBehavior [ RunTime:0.000000s ]
INFO: [ app_init ] --END-- [ RunTime:0.001000s ]
INFO: [ app_begin ] --START--
INFO: Run Behavior\ReadHtmlCacheBehavior [ RunTime:0.002000s ]
INFO: [ app_begin ] --END-- [ RunTime:0.002000s ]
ERR: 无法加载控制器:Cate

[ 2017-05-17T07:22:14+08:00 ] 127.0.0.1 /list.html
INFO: [ app_init ] --START--
INFO: Run Behavior\BuildLiteBehavior [ RunTime:0.000000s ]
INFO: [ app_init ] --END-- [ RunTime:0.001000s ]
INFO: [ app_begin ] --START--
INFO: Run Behavior\ReadHtmlCacheBehavior [ RunTime:0.001000s ]
INFO: [ app_begin ] --END-- [ RunTime:0.001000s ]
ERR: 无法加载控制器:List

[ 2017-05-17T07:22:15+08:00 ] 127.0.0.1 /add.html
INFO: [ app_init ] --START--
INFO: Run Behavior\BuildLiteBehavior [ RunTime:0.000000s ]
INFO: [ app_init ] --END-- [ RunTime:0.001000s ]
INFO: [ app_begin ] --START--
INFO: Run Behavior\ReadHtmlCacheBehavior [ RunTime:0.001000s ]
INFO: [ app_begin ] --END-- [ RunTime:0.001000s ]
ERR: 无法加载控制器:Add

[ 2017-05-17T07:22:16+08:00 ] 127.0.0.1 /list.html
INFO: [ app_init ] --START--
INFO: Run Behavior\BuildLiteBehavior [ RunTime:0.000000s ]
INFO: [ app_init ] --END-- [ RunTime:0.001000s ]
INFO: [ app_begin ] --START--
INFO: Run Behavior\ReadHtmlCacheBehavior [ RunTime:0.001000s ]
INFO: [ app_begin ] --END-- [ RunTime:0.002000s ]
ERR: 无法加载控制器:List

[ 2017-05-17T07:22:16+08:00 ] 127.0.0.1 /add.html
INFO: [ app_init ] --START--
INFO: Run Behavior\BuildLiteBehavior [ RunTime:0.000000s ]
INFO: [ app_init ] --END-- [ RunTime:0.001000s ]
INFO: [ app_begin ] --START--
INFO: Run Behavior\ReadHtmlCacheBehavior [ RunTime:0.001000s ]
INFO: [ app_begin ] --END-- [ RunTime:0.001000s ]
ERR: 无法加载控制器:Add

[ 2017-05-17T07:22:16+08:00 ] 127.0.0.1 /cate.html
INFO: [ app_init ] --START--
INFO: Run Behavior\BuildLiteBehavior [ RunTime:0.000000s ]
INFO: [ app_init ] --END-- [ RunTime:0.001000s ]
INFO: [ app_begin ] --START--
INFO: Run Behavior\ReadHtmlCacheBehavior [ RunTime:0.001000s ]
INFO: [ app_begin ] --END-- [ RunTime:0.001000s ]
ERR: 无法加载控制器:Cate

[ 2017-05-17T07:22:17+08:00 ] 127.0.0.1 /list.html
INFO: [ app_init ] --START--
INFO: Run Behavior\BuildLiteBehavior [ RunTime:0.000000s ]
INFO: [ app_init ] --END-- [ RunTime:0.000000s ]
INFO: [ app_begin ] --START--
INFO: Run Behavior\ReadHtmlCacheBehavior [ RunTime:0.001000s ]
INFO: [ app_begin ] --END-- [ RunTime:0.001000s ]
ERR: 无法加载控制器:List

[ 2017-05-17T07:22:23+08:00 ] 127.0.0.1 /list.html
INFO: [ app_init ] --START--
INFO: Run Behavior\BuildLiteBehavior [ RunTime:0.000000s ]
INFO: [ app_init ] --END-- [ RunTime:0.000000s ]
INFO: [ app_begin ] --START--
INFO: Run Behavior\ReadHtmlCacheBehavior [ RunTime:0.001000s ]
INFO: [ app_begin ] --END-- [ RunTime:0.001000s ]
ERR: 无法加载控制器:List

[ 2017-05-17T07:22:52+08:00 ] 127.0.0.1 /list.html
INFO: [ app_init ] --START--
INFO: Run Behavior\BuildLiteBehavior [ RunTime:0.000000s ]
INFO: [ app_init ] --END-- [ RunTime:0.001000s ]
INFO: [ app_begin ] --START--
INFO: Run Behavior\ReadHtmlCacheBehavior [ RunTime:0.002000s ]
INFO: [ app_begin ] --END-- [ RunTime:0.002000s ]
ERR: 无法加载控制器:List

[ 2017-05-17T07:22:53+08:00 ] 127.0.0.1 /list.html
INFO: [ app_init ] --START--
INFO: Run Behavior\BuildLiteBehavior [ RunTime:0.000000s ]
INFO: [ app_init ] --END-- [ RunTime:0.001000s ]
INFO: [ app_begin ] --START--
INFO: Run Behavior\ReadHtmlCacheBehavior [ RunTime:0.001000s ]
INFO: [ app_begin ] --END-- [ RunTime:0.001000s ]
ERR: 无法加载控制器:List

[ 2017-05-17T07:22:59+08:00 ] 127.0.0.1 /list.html
INFO: [ app_init ] --START--
INFO: Run Behavior\BuildLiteBehavior [ RunTime:0.000000s ]
INFO: [ app_init ] --END-- [ RunTime:0.001000s ]
INFO: [ app_begin ] --START--
INFO: Run Behavior\ReadHtmlCacheBehavior [ RunTime:0.001000s ]
INFO: [ app_begin ] --END-- [ RunTime:0.001000s ]
ERR: 无法加载控制器:List

[ 2017-05-17T07:22:59+08:00 ] 127.0.0.1 /list.html
INFO: [ app_init ] --START--
INFO: Run Behavior\BuildLiteBehavior [ RunTime:0.000000s ]
INFO: [ app_init ] --END-- [ RunTime:0.001000s ]
INFO: [ app_begin ] --START--
INFO: Run Behavior\ReadHtmlCacheBehavior [ RunTime:0.001000s ]
INFO: [ app_begin ] --END-- [ RunTime:0.001000s ]
ERR: 无法加载控制器:List

[ 2017-05-17T07:23:00+08:00 ] 127.0.0.1 /list.html
INFO: [ app_init ] --START--
INFO: Run Behavior\BuildLiteBehavior [ RunTime:0.000000s ]
INFO: [ app_init ] --END-- [ RunTime:0.001000s ]
INFO: [ app_begin ] --START--
INFO: Run Behavior\ReadHtmlCacheBehavior [ RunTime:0.001000s ]
INFO: [ app_begin ] --END-- [ RunTime:0.001000s ]
ERR: 无法加载控制器:List

[ 2017-05-17T07:23:00+08:00 ] 127.0.0.1 /list.html
INFO: [ app_init ] --START--
INFO: Run Behavior\BuildLiteBehavior [ RunTime:0.000000s ]
INFO: [ app_init ] --END-- [ RunTime:0.001000s ]
INFO: [ app_begin ] --START--
INFO: Run Behavior\ReadHtmlCacheBehavior [ RunTime:0.002000s ]
INFO: [ app_begin ] --END-- [ RunTime:0.002000s ]
ERR: 无法加载控制器:List

[ 2017-05-17T07:23:00+08:00 ] 127.0.0.1 /list.html
INFO: [ app_init ] --START--
INFO: Run Behavior\BuildLiteBehavior [ RunTime:0.000000s ]
INFO: [ app_init ] --END-- [ RunTime:0.001000s ]
INFO: [ app_begin ] --START--
INFO: Run Behavior\ReadHtmlCacheBehavior [ RunTime:0.001000s ]
INFO: [ app_begin ] --END-- [ RunTime:0.002000s ]
ERR: 无法加载控制器:List

[ 2017-05-17T07:23:04+08:00 ] 127.0.0.1 /list.html
INFO: [ app_init ] --START--
INFO: Run Behavior\BuildLiteBehavior [ RunTime:0.000000s ]
INFO: [ app_init ] --END-- [ RunTime:0.000000s ]
INFO: [ app_begin ] --START--
INFO: Run Behavior\ReadHtmlCacheBehavior [ RunTime:0.001000s ]
INFO: [ app_begin ] --END-- [ RunTime:0.001000s ]
ERR: 无法加载控制器:List

[ 2017-05-17T07:23:05+08:00 ] 127.0.0.1 /list.html
INFO: [ app_init ] --START--
INFO: Run Behavior\BuildLiteBehavior [ RunTime:0.000000s ]
INFO: [ app_init ] --END-- [ RunTime:0.001000s ]
INFO: [ app_begin ] --START--
INFO: Run Behavior\ReadHtmlCacheBehavior [ RunTime:0.001000s ]
INFO: [ app_begin ] --END-- [ RunTime:0.001000s ]
ERR: 无法加载控制器:List

[ 2017-05-17T07:23:05+08:00 ] 127.0.0.1 /list.html
INFO: [ app_init ] --START--
INFO: Run Behavior\BuildLiteBehavior [ RunTime:0.000000s ]
INFO: [ app_init ] --END-- [ RunTime:0.002000s ]
INFO: [ app_begin ] --START--
INFO: Run Behavior\ReadHtmlCacheBehavior [ RunTime:0.002000s ]
INFO: [ app_begin ] --END-- [ RunTime:0.002000s ]
ERR: 无法加载控制器:List

[ 2017-05-17T07:23:05+08:00 ] 127.0.0.1 /list.html
INFO: [ app_init ] --START--
INFO: Run Behavior\BuildLiteBehavior [ RunTime:0.000000s ]
INFO: [ app_init ] --END-- [ RunTime:0.001000s ]
INFO: [ app_begin ] --START--
INFO: Run Behavior\ReadHtmlCacheBehavior [ RunTime:0.001000s ]
INFO: [ app_begin ] --END-- [ RunTime:0.001000s ]
ERR: 无法加载控制器:List

[ 2017-05-17T07:23:05+08:00 ] 127.0.0.1 /list.html
INFO: [ app_init ] --START--
INFO: Run Behavior\BuildLiteBehavior [ RunTime:0.000000s ]
INFO: [ app_init ] --END-- [ RunTime:0.000000s ]
INFO: [ app_begin ] --START--
INFO: Run Behavior\ReadHtmlCacheBehavior [ RunTime:0.001000s ]
INFO: [ app_begin ] --END-- [ RunTime:0.001000s ]
ERR: 无法加载控制器:List

[ 2017-05-17T07:23:05+08:00 ] 127.0.0.1 /list.html
INFO: [ app_init ] --START--
INFO: Run Behavior\BuildLiteBehavior [ RunTime:0.000000s ]
INFO: [ app_init ] --END-- [ RunTime:0.001000s ]
INFO: [ app_begin ] --START--
INFO: Run Behavior\ReadHtmlCacheBehavior [ RunTime:0.001000s ]
INFO: [ app_begin ] --END-- [ RunTime:0.001000s ]
ERR: 无法加载控制器:List

[ 2017-05-17T07:23:06+08:00 ] 127.0.0.1 /list.html
INFO: [ app_init ] --START--
INFO: Run Behavior\BuildLiteBehavior [ RunTime:0.000000s ]
INFO: [ app_init ] --END-- [ RunTime:0.001000s ]
INFO: [ app_begin ] --START--
INFO: Run Behavior\ReadHtmlCacheBehavior [ RunTime:0.001000s ]
INFO: [ app_begin ] --END-- [ RunTime:0.001000s ]
ERR: 无法加载控制器:List

[ 2017-05-17T07:23:07+08:00 ] 127.0.0.1 /list.html
INFO: [ app_init ] --START--
INFO: Run Behavior\BuildLiteBehavior [ RunTime:0.000000s ]
INFO: [ app_init ] --END-- [ RunTime:0.001000s ]
INFO: [ app_begin ] --START--
INFO: Run Behavior\ReadHtmlCacheBehavior [ RunTime:0.000000s ]
INFO: [ app_begin ] --END-- [ RunTime:0.000000s ]
ERR: 无法加载控制器:List

[ 2017-05-17T07:33:38+08:00 ] 127.0.0.1 /Public/Css/images/bg.jpg
INFO: [ app_init ] --START--
INFO: Run Behavior\BuildLiteBehavior [ RunTime:0.000000s ]
INFO: [ app_init ] --END-- [ RunTime:0.000000s ]

[ 2017-05-17T07:36:25+08:00 ] 127.0.0.1 /Public/Css/images/bg.jpg
INFO: [ app_init ] --START--
INFO: Run Behavior\BuildLiteBehavior [ RunTime:0.000000s ]
INFO: [ app_init ] --END-- [ RunTime:0.001000s ]

[ 2017-05-17T07:40:58+08:00 ] 127.0.0.1 /Index/caseAll/caseType/1
INFO: [ app_init ] --START--
INFO: Run Behavior\BuildLiteBehavior [ RunTime:0.000000s ]
INFO: [ app_init ] --END-- [ RunTime:0.001000s ]
INFO: [ app_begin ] --START--
INFO: Run Behavior\ReadHtmlCacheBehavior [ RunTime:0.001000s ]
INFO: [ app_begin ] --END-- [ RunTime:0.001000s ]
SQL: SHOW COLUMNS FROM `asd_case` [ RunTime:0.0040s ]
SQL: SHOW COLUMNS FROM `asd_case` [ RunTime:0.0040s ]
SQL: SHOW COLUMNS FROM `asd_casearea` [ RunTime:0.0040s ]
SQL: SHOW COLUMNS FROM `asd_casetype` [ RunTime:0.0030s ]
SQL: SHOW COLUMNS FROM `asd_casesize` [ RunTime:0.0030s ]
NOTIC: [8] Undefined variable: sreach D:\phpStudy\WWW\asd\Application\Home\Model\CaseModel.class.php 第 67 行.
SQL: SELECT * FROM `asd_case` WHERE `caseType` = 1 AND `life` = 0  [ RunTime:0.0010s ]
SQL: SELECT * FROM `asd_case` WHERE `caseType` = 1 AND `life` = 0 LIMIT 0,9   [ RunTime:0.0000s ]
NOTIC: [8] Undefined variable: sreach D:\phpStudy\WWW\asd\Application\Home\Model\CaseModel.class.php 第 81 行.
SQL: SELECT * FROM `asd_casearea`  [ RunTime:0.0010s ]
SQL: SELECT * FROM `asd_casetype`  [ RunTime:0.0000s ]
SQL: SELECT * FROM `asd_casesize`  [ RunTime:0.0000s ]
NOTIC: [8] Undefined index: casetypeId D:\phpStudy\WWW\asd\Application\Home\Controller\IndexController.class.php 第 48 行.
SQL: SHOW COLUMNS FROM `asd_webinfo` [ RunTime:0.0030s ]
SQL: SHOW COLUMNS FROM `asd_webinfo` [ RunTime:0.0030s ]
SQL: SELECT * FROM `asd_webinfo` LIMIT 1   [ RunTime:0.0000s ]
SQL: SHOW COLUMNS FROM `asd_news` [ RunTime:0.0040s ]
SQL: SHOW COLUMNS FROM `asd_news` [ RunTime:0.0040s ]
SQL: SELECT `newsId`,`newsTitle`,`newsRelease`,`newsInfo` FROM `asd_news` WHERE ( newsType = 1 and life = 0 ) LIMIT 2   [ RunTime:0.0000s ]
SQL: SELECT `newsId`,`newsTitle`,`newsRelease`,`newsInfo` FROM `asd_news` WHERE ( newsType = 2 and life = 0 ) LIMIT 2   [ RunTime:0.0000s ]
SQL: SELECT `newsId`,`newsTitle`,`newsRelease`,`newsInfo` FROM `asd_news` WHERE ( newsType = 3 and life = 0 ) LIMIT 2   [ RunTime:0.0000s ]
INFO: [ view_parse ] --START--
INFO: [ template_filter ] --START--
INFO: Run Behavior\ContentReplaceBehavior [ RunTime:0.000000s ]
INFO: [ template_filter ] --END-- [ RunTime:0.000000s ]
NOTIC: [8] Undefined variable: rel D:\phpStudy\WWW\asd\Application\Runtime\Cache\Home\4cf0f5e7aaa9aa19d62e599d3a2477a7.php 第 111 行.
NOTIC: [8] Undefined index: webCompnayarea D:\phpStudy\WWW\asd\Application\Runtime\Cache\Home\4cf0f5e7aaa9aa19d62e599d3a2477a7.php 第 286 行.
NOTIC: [8] Undefined index: webCompnayaddr D:\phpStudy\WWW\asd\Application\Runtime\Cache\Home\4cf0f5e7aaa9aa19d62e599d3a2477a7.php 第 286 行.
INFO: Run Behavior\ParseTemplateBehavior [ RunTime:0.015000s ]
INFO: [ view_parse ] --END-- [ RunTime:0.015000s ]
INFO: [ view_filter ] --START--
INFO: Run Behavior\WriteHtmlCacheBehavior [ RunTime:0.001000s ]
INFO: [ view_filter ] --END-- [ RunTime:0.001000s ]
INFO: [ app_end ] --START--
INFO: Run Behavior\ShowPageTraceBehavior [ RunTime:0.001000s ]
INFO: [ app_end ] --END-- [ RunTime:0.001000s ]

[ 2017-05-17T07:41:01+08:00 ] 127.0.0.1 /Index/caseAll/caseArea/1/caseType/1
INFO: [ app_init ] --START--
INFO: Run Behavior\BuildLiteBehavior [ RunTime:0.000000s ]
INFO: [ app_init ] --END-- [ RunTime:0.001000s ]
INFO: [ app_begin ] --START--
INFO: Run Behavior\ReadHtmlCacheBehavior [ RunTime:0.001000s ]
INFO: [ app_begin ] --END-- [ RunTime:0.001000s ]
SQL: SHOW COLUMNS FROM `asd_case` [ RunTime:0.0040s ]
SQL: SHOW COLUMNS FROM `asd_case` [ RunTime:0.0040s ]
SQL: SHOW COLUMNS FROM `asd_casearea` [ RunTime:0.0050s ]
SQL: SHOW COLUMNS FROM `asd_casetype` [ RunTime:0.0080s ]
SQL: SHOW COLUMNS FROM `asd_casesize` [ RunTime:0.0080s ]
NOTIC: [8] Undefined variable: sreach D:\phpStudy\WWW\asd\Application\Home\Model\CaseModel.class.php 第 67 行.
SQL: SELECT * FROM `asd_case` WHERE `caseArea` = 1 AND `caseType` = 1 AND `life` = 0  [ RunTime:0.0000s ]
SQL: SELECT * FROM `asd_case` WHERE `caseArea` = 1 AND `caseType` = 1 AND `life` = 0 LIMIT 0,9   [ RunTime:0.0010s ]
NOTIC: [8] Undefined variable: sreach D:\phpStudy\WWW\asd\Application\Home\Model\CaseModel.class.php 第 81 行.
SQL: SELECT * FROM `asd_casearea`  [ RunTime:0.0010s ]
SQL: SELECT * FROM `asd_casetype`  [ RunTime:0.0000s ]
SQL: SELECT * FROM `asd_casesize`  [ RunTime:0.0000s ]
NOTIC: [8] Undefined index: casetypeId D:\phpStudy\WWW\asd\Application\Home\Controller\IndexController.class.php 第 48 行.
SQL: SHOW COLUMNS FROM `asd_webinfo` [ RunTime:0.0070s ]
SQL: SHOW COLUMNS FROM `asd_webinfo` [ RunTime:0.0060s ]
SQL: SELECT * FROM `asd_webinfo` LIMIT 1   [ RunTime:0.0000s ]
SQL: SHOW COLUMNS FROM `asd_news` [ RunTime:0.0050s ]
SQL: SHOW COLUMNS FROM `asd_news` [ RunTime:0.0050s ]
SQL: SELECT `newsId`,`newsTitle`,`newsRelease`,`newsInfo` FROM `asd_news` WHERE ( newsType = 1 and life = 0 ) LIMIT 2   [ RunTime:0.0000s ]
SQL: SELECT `newsId`,`newsTitle`,`newsRelease`,`newsInfo` FROM `asd_news` WHERE ( newsType = 2 and life = 0 ) LIMIT 2   [ RunTime:0.0010s ]
SQL: SELECT `newsId`,`newsTitle`,`newsRelease`,`newsInfo` FROM `asd_news` WHERE ( newsType = 3 and life = 0 ) LIMIT 2   [ RunTime:0.0000s ]
INFO: [ view_parse ] --START--
INFO: [ template_filter ] --START--
INFO: Run Behavior\ContentReplaceBehavior [ RunTime:0.001000s ]
INFO: [ template_filter ] --END-- [ RunTime:0.001000s ]
NOTIC: [8] Undefined variable: rel D:\phpStudy\WWW\asd\Application\Runtime\Cache\Home\4cf0f5e7aaa9aa19d62e599d3a2477a7.php 第 111 行.
NOTIC: [8] Undefined index: webCompnayarea D:\phpStudy\WWW\asd\Application\Runtime\Cache\Home\4cf0f5e7aaa9aa19d62e599d3a2477a7.php 第 286 行.
NOTIC: [8] Undefined index: webCompnayaddr D:\phpStudy\WWW\asd\Application\Runtime\Cache\Home\4cf0f5e7aaa9aa19d62e599d3a2477a7.php 第 286 行.
INFO: Run Behavior\ParseTemplateBehavior [ RunTime:0.020000s ]
INFO: [ view_parse ] --END-- [ RunTime:0.020000s ]
INFO: [ view_filter ] --START--
INFO: Run Behavior\WriteHtmlCacheBehavior [ RunTime:0.001000s ]
INFO: [ view_filter ] --END-- [ RunTime:0.001000s ]
INFO: [ app_end ] --START--
INFO: Run Behavior\ShowPageTraceBehavior [ RunTime:0.001000s ]
INFO: [ app_end ] --END-- [ RunTime:0.001000s ]

[ 2017-05-17T07:41:07+08:00 ] 127.0.0.1 /
INFO: [ app_init ] --START--
INFO: Run Behavior\BuildLiteBehavior [ RunTime:0.000000s ]
INFO: [ app_init ] --END-- [ RunTime:0.000000s ]
INFO: [ app_begin ] --START--
INFO: Run Behavior\ReadHtmlCacheBehavior [ RunTime:0.001000s ]
INFO: [ app_begin ] --END-- [ RunTime:0.001000s ]
SQL: SHOW COLUMNS FROM `asd_case` [ RunTime:0.0040s ]
SQL: SHOW COLUMNS FROM `asd_case` [ RunTime:0.0030s ]
SQL: SHOW COLUMNS FROM `asd_casetype` [ RunTime:0.0050s ]
SQL: SHOW COLUMNS FROM `asd_news` [ RunTime:0.0040s ]
SQL: SELECT * FROM `asd_case` WHERE ( caseRecentshow = 1 and life = 0 ) LIMIT 9   [ RunTime:0.0010s ]
SQL: SELECT * FROM `asd_casetype` WHERE ( caseTypeShow = 1 )  [ RunTime:0.0000s ]
SQL: SELECT * FROM `asd_news` WHERE ( newsType = 4 and  newsShow = 0 and life = 0 ) LIMIT 1   [ RunTime:0.0010s ]
SQL: SELECT * FROM `asd_news` WHERE ( newsType = 4 and  newsShow = 0 and life = 0 ) LIMIT 1,5   [ RunTime:0.0000s ]
SQL: SELECT * FROM `asd_news` WHERE ( newsType = 2 and  newsShow = 0 and life = 0 ) LIMIT 1   [ RunTime:0.0000s ]
SQL: SELECT * FROM `asd_news` WHERE ( newsType = 2 and  newsShow = 0 and life = 0 ) LIMIT 1,5   [ RunTime:0.0000s ]
SQL: SELECT * FROM `asd_news` WHERE ( newsType = 3 and  newsShow = 0 and life = 0 ) LIMIT 1   [ RunTime:0.0000s ]
SQL: SELECT * FROM `asd_news` WHERE ( newsType = 3 and  newsShow = 0 and life = 0 ) LIMIT 1,5   [ RunTime:0.0010s ]
SQL: SHOW COLUMNS FROM `asd_webinfo` [ RunTime:0.0040s ]
SQL: SHOW COLUMNS FROM `asd_webinfo` [ RunTime:0.0040s ]
SQL: SELECT * FROM `asd_webinfo` LIMIT 1   [ RunTime:0.0000s ]
SQL: SHOW COLUMNS FROM `asd_news` [ RunTime:0.0030s ]
SQL: SELECT `newsId`,`newsTitle`,`newsRelease`,`newsInfo` FROM `asd_news` WHERE ( newsType = 1 and life = 0 ) LIMIT 2   [ RunTime:0.0000s ]
SQL: SELECT `newsId`,`newsTitle`,`newsRelease`,`newsInfo` FROM `asd_news` WHERE ( newsType = 2 and life = 0 ) LIMIT 2   [ RunTime:0.0000s ]
SQL: SELECT `newsId`,`newsTitle`,`newsRelease`,`newsInfo` FROM `asd_news` WHERE ( newsType = 3 and life = 0 ) LIMIT 2   [ RunTime:0.0010s ]
INFO: [ view_parse ] --START--
INFO: [ template_filter ] --START--
INFO: Run Behavior\ContentReplaceBehavior [ RunTime:0.001000s ]
INFO: [ template_filter ] --END-- [ RunTime:0.001000s ]
NOTIC: [8] Undefined index: webCompnayarea D:\phpStudy\WWW\asd\Application\Runtime\Cache\Home\2a94b8bda04ff446dcedd42276fc99ee.php 第 763 行.
NOTIC: [8] Undefined index: webCompnayaddr D:\phpStudy\WWW\asd\Application\Runtime\Cache\Home\2a94b8bda04ff446dcedd42276fc99ee.php 第 763 行.
INFO: Run Behavior\ParseTemplateBehavior [ RunTime:0.022000s ]
INFO: [ view_parse ] --END-- [ RunTime:0.022000s ]
INFO: [ view_filter ] --START--
INFO: Run Behavior\WriteHtmlCacheBehavior [ RunTime:0.001000s ]
INFO: [ view_filter ] --END-- [ RunTime:0.001000s ]
INFO: [ app_end ] --START--
INFO: Run Behavior\ShowPageTraceBehavior [ RunTime:0.001000s ]
INFO: [ app_end ] --END-- [ RunTime:0.001000s ]

[ 2017-05-17T07:41:13+08:00 ] 127.0.0.1 /Index/caseAll/sreach/c
INFO: [ app_init ] --START--
INFO: Run Behavior\BuildLiteBehavior [ RunTime:0.000000s ]
INFO: [ app_init ] --END-- [ RunTime:0.001000s ]
INFO: [ app_begin ] --START--
INFO: Run Behavior\ReadHtmlCacheBehavior [ RunTime:0.001000s ]
INFO: [ app_begin ] --END-- [ RunTime:0.001000s ]
SQL: SHOW COLUMNS FROM `asd_case` [ RunTime:0.0040s ]
SQL: SHOW COLUMNS FROM `asd_case` [ RunTime:0.0040s ]
SQL: SHOW COLUMNS FROM `asd_casearea` [ RunTime:0.0030s ]
SQL: SHOW COLUMNS FROM `asd_casetype` [ RunTime:0.0040s ]
SQL: SHOW COLUMNS FROM `asd_casesize` [ RunTime:0.0030s ]
SQL: SELECT * FROM `asd_casetype` WHERE ( casetypeText like '%c%' ) LIMIT 1   [ RunTime:0.0000s ]
SQL: SELECT * FROM `asd_case` WHERE ( caseTitle like '%c%' and life = 0 )  [ RunTime:0.0000s ]
SQL: SELECT * FROM `asd_case` WHERE ( caseTitle like '%c%' and life = 0 ) LIMIT 0,9   [ RunTime:0.0000s ]
SQL: SELECT * FROM `asd_casearea`  [ RunTime:0.0000s ]
SQL: SELECT * FROM `asd_casetype`  [ RunTime:0.0000s ]
SQL: SELECT * FROM `asd_casesize`  [ RunTime:0.0000s ]
NOTIC: [8] Undefined index: casetypeId D:\phpStudy\WWW\asd\Application\Home\Controller\IndexController.class.php 第 48 行.
SQL: SHOW COLUMNS FROM `asd_webinfo` [ RunTime:0.0040s ]
SQL: SHOW COLUMNS FROM `asd_webinfo` [ RunTime:0.0040s ]
SQL: SELECT * FROM `asd_webinfo` LIMIT 1   [ RunTime:0.0000s ]
SQL: SHOW COLUMNS FROM `asd_news` [ RunTime:0.0040s ]
SQL: SHOW COLUMNS FROM `asd_news` [ RunTime:0.0030s ]
SQL: SELECT `newsId`,`newsTitle`,`newsRelease`,`newsInfo` FROM `asd_news` WHERE ( newsType = 1 and life = 0 ) LIMIT 2   [ RunTime:0.0000s ]
SQL: SELECT `newsId`,`newsTitle`,`newsRelease`,`newsInfo` FROM `asd_news` WHERE ( newsType = 2 and life = 0 ) LIMIT 2   [ RunTime:0.0000s ]
SQL: SELECT `newsId`,`newsTitle`,`newsRelease`,`newsInfo` FROM `asd_news` WHERE ( newsType = 3 and life = 0 ) LIMIT 2   [ RunTime:0.0000s ]
INFO: [ view_parse ] --START--
INFO: [ template_filter ] --START--
INFO: Run Behavior\ContentReplaceBehavior [ RunTime:0.000000s ]
INFO: [ template_filter ] --END-- [ RunTime:0.000000s ]
NOTIC: [8] Undefined variable: rel D:\phpStudy\WWW\asd\Application\Runtime\Cache\Home\4cf0f5e7aaa9aa19d62e599d3a2477a7.php 第 111 行.
NOTIC: [8] Undefined index: webCompnayarea D:\phpStudy\WWW\asd\Application\Runtime\Cache\Home\4cf0f5e7aaa9aa19d62e599d3a2477a7.php 第 286 行.
NOTIC: [8] Undefined index: webCompnayaddr D:\phpStudy\WWW\asd\Application\Runtime\Cache\Home\4cf0f5e7aaa9aa19d62e599d3a2477a7.php 第 286 行.
INFO: Run Behavior\ParseTemplateBehavior [ RunTime:0.016000s ]
INFO: [ view_parse ] --END-- [ RunTime:0.016000s ]
INFO: [ view_filter ] --START--
INFO: Run Behavior\WriteHtmlCacheBehavior [ RunTime:0.000000s ]
INFO: [ view_filter ] --END-- [ RunTime:0.000000s ]
INFO: [ app_end ] --START--
INFO: Run Behavior\ShowPageTraceBehavior [ RunTime:0.001000s ]
INFO: [ app_end ] --END-- [ RunTime:0.001000s ]

[ 2017-05-17T07:41:22+08:00 ] 127.0.0.1 /Index/caseAll/sreach/r
INFO: [ app_init ] --START--
INFO: Run Behavior\BuildLiteBehavior [ RunTime:0.000000s ]
INFO: [ app_init ] --END-- [ RunTime:0.001000s ]
INFO: [ app_begin ] --START--
INFO: Run Behavior\ReadHtmlCacheBehavior [ RunTime:0.001000s ]
INFO: [ app_begin ] --END-- [ RunTime:0.001000s ]
SQL: SHOW COLUMNS FROM `asd_case` [ RunTime:0.0030s ]
SQL: SHOW COLUMNS FROM `asd_case` [ RunTime:0.0030s ]
SQL: SHOW COLUMNS FROM `asd_casearea` [ RunTime:0.0030s ]
SQL: SHOW COLUMNS FROM `asd_casetype` [ RunTime:0.0040s ]
SQL: SHOW COLUMNS FROM `asd_casesize` [ RunTime:0.0040s ]
SQL: SELECT * FROM `asd_casetype` WHERE ( casetypeText like '%r%' ) LIMIT 1   [ RunTime:0.0000s ]
SQL: SELECT * FROM `asd_case` WHERE `caseType` = 4 AND `life` = 0  [ RunTime:0.0000s ]
SQL: SELECT * FROM `asd_case` WHERE `caseType` = 4 AND `life` = 0 LIMIT 0,9   [ RunTime:0.0000s ]
SQL: SELECT * FROM `asd_casearea`  [ RunTime:0.0010s ]
SQL: SELECT * FROM `asd_casetype`  [ RunTime:0.0000s ]
SQL: SELECT * FROM `asd_casesize`  [ RunTime:0.0000s ]
SQL: SHOW COLUMNS FROM `asd_webinfo` [ RunTime:0.0030s ]
SQL: SHOW COLUMNS FROM `asd_webinfo` [ RunTime:0.0040s ]
SQL: SELECT * FROM `asd_webinfo` LIMIT 1   [ RunTime:0.0000s ]
SQL: SHOW COLUMNS FROM `asd_news` [ RunTime:0.0040s ]
SQL: SHOW COLUMNS FROM `asd_news` [ RunTime:0.0030s ]
SQL: SELECT `newsId`,`newsTitle`,`newsRelease`,`newsInfo` FROM `asd_news` WHERE ( newsType = 1 and life = 0 ) LIMIT 2   [ RunTime:0.0000s ]
SQL: SELECT `newsId`,`newsTitle`,`newsRelease`,`newsInfo` FROM `asd_news` WHERE ( newsType = 2 and life = 0 ) LIMIT 2   [ RunTime:0.0000s ]
SQL: SELECT `newsId`,`newsTitle`,`newsRelease`,`newsInfo` FROM `asd_news` WHERE ( newsType = 3 and life = 0 ) LIMIT 2   [ RunTime:0.0000s ]
INFO: [ view_parse ] --START--
INFO: [ template_filter ] --START--
INFO: Run Behavior\ContentReplaceBehavior [ RunTime:0.001000s ]
INFO: [ template_filter ] --END-- [ RunTime:0.001000s ]
NOTIC: [8] Undefined variable: rel D:\phpStudy\WWW\asd\Application\Runtime\Cache\Home\4cf0f5e7aaa9aa19d62e599d3a2477a7.php 第 111 行.
NOTIC: [8] Undefined index: webCompnayarea D:\phpStudy\WWW\asd\Application\Runtime\Cache\Home\4cf0f5e7aaa9aa19d62e599d3a2477a7.php 第 286 行.
NOTIC: [8] Undefined index: webCompnayaddr D:\phpStudy\WWW\asd\Application\Runtime\Cache\Home\4cf0f5e7aaa9aa19d62e599d3a2477a7.php 第 286 行.
INFO: Run Behavior\ParseTemplateBehavior [ RunTime:0.015000s ]
INFO: [ view_parse ] --END-- [ RunTime:0.015000s ]
INFO: [ view_filter ] --START--
INFO: Run Behavior\WriteHtmlCacheBehavior [ RunTime:0.001000s ]
INFO: [ view_filter ] --END-- [ RunTime:0.001000s ]
INFO: [ app_end ] --START--
INFO: Run Behavior\ShowPageTraceBehavior [ RunTime:0.001000s ]
INFO: [ app_end ] --END-- [ RunTime:0.001000s ]

[ 2017-05-17T07:41:43+08:00 ] 127.0.0.1 /Index/caseAll/sreach/v
INFO: [ app_init ] --START--
INFO: Run Behavior\BuildLiteBehavior [ RunTime:0.000000s ]
INFO: [ app_init ] --END-- [ RunTime:0.000000s ]
INFO: [ app_begin ] --START--
INFO: Run Behavior\ReadHtmlCacheBehavior [ RunTime:0.001000s ]
INFO: [ app_begin ] --END-- [ RunTime:0.001000s ]
SQL: SHOW COLUMNS FROM `asd_case` [ RunTime:0.0050s ]
SQL: SHOW COLUMNS FROM `asd_case` [ RunTime:0.0040s ]
SQL: SHOW COLUMNS FROM `asd_casearea` [ RunTime:0.0040s ]
SQL: SHOW COLUMNS FROM `asd_casetype` [ RunTime:0.0030s ]
SQL: SHOW COLUMNS FROM `asd_casesize` [ RunTime:0.0040s ]
SQL: SELECT * FROM `asd_casetype` WHERE ( casetypeText like '%v%' ) LIMIT 1   [ RunTime:0.0000s ]
SQL: SELECT * FROM `asd_case` WHERE `caseType` = 4 AND `life` = 0  [ RunTime:0.0000s ]
SQL: SELECT * FROM `asd_case` WHERE `caseType` = 4 AND `life` = 0 LIMIT 0,9   [ RunTime:0.0010s ]
SQL: SELECT * FROM `asd_casearea`  [ RunTime:0.0000s ]
SQL: SELECT * FROM `asd_casetype`  [ RunTime:0.0000s ]
SQL: SELECT * FROM `asd_casesize`  [ RunTime:0.0000s ]
SQL: SHOW COLUMNS FROM `asd_webinfo` [ RunTime:0.0030s ]
SQL: SHOW COLUMNS FROM `asd_webinfo` [ RunTime:0.0040s ]
SQL: SELECT * FROM `asd_webinfo` LIMIT 1   [ RunTime:0.0000s ]
SQL: SHOW COLUMNS FROM `asd_news` [ RunTime:0.0040s ]
SQL: SHOW COLUMNS FROM `asd_news` [ RunTime:0.0030s ]
SQL: SELECT `newsId`,`newsTitle`,`newsRelease`,`newsInfo` FROM `asd_news` WHERE ( newsType = 1 and life = 0 ) LIMIT 2   [ RunTime:0.0000s ]
SQL: SELECT `newsId`,`newsTitle`,`newsRelease`,`newsInfo` FROM `asd_news` WHERE ( newsType = 2 and life = 0 ) LIMIT 2   [ RunTime:0.0000s ]
SQL: SELECT `newsId`,`newsTitle`,`newsRelease`,`newsInfo` FROM `asd_news` WHERE ( newsType = 3 and life = 0 ) LIMIT 2   [ RunTime:0.0000s ]
INFO: [ view_parse ] --START--
INFO: [ template_filter ] --START--
INFO: Run Behavior\ContentReplaceBehavior [ RunTime:0.000000s ]
INFO: [ template_filter ] --END-- [ RunTime:0.000000s ]
NOTIC: [8] Undefined variable: rel D:\phpStudy\WWW\asd\Application\Runtime\Cache\Home\4cf0f5e7aaa9aa19d62e599d3a2477a7.php 第 111 行.
NOTIC: [8] Undefined index: webCompnayarea D:\phpStudy\WWW\asd\Application\Runtime\Cache\Home\4cf0f5e7aaa9aa19d62e599d3a2477a7.php 第 286 行.
NOTIC: [8] Undefined index: webCompnayaddr D:\phpStudy\WWW\asd\Application\Runtime\Cache\Home\4cf0f5e7aaa9aa19d62e599d3a2477a7.php 第 286 行.
INFO: Run Behavior\ParseTemplateBehavior [ RunTime:0.015000s ]
INFO: [ view_parse ] --END-- [ RunTime:0.015000s ]
INFO: [ view_filter ] --START--
INFO: Run Behavior\WriteHtmlCacheBehavior [ RunTime:0.000000s ]
INFO: [ view_filter ] --END-- [ RunTime:0.000000s ]
INFO: [ app_end ] --START--
INFO: Run Behavior\ShowPageTraceBehavior [ RunTime:0.001000s ]
INFO: [ app_end ] --END-- [ RunTime:0.001000s ]

[ 2017-05-17T07:43:47+08:00 ] 127.0.0.1 /
INFO: [ app_init ] --START--
INFO: Run Behavior\BuildLiteBehavior [ RunTime:0.000000s ]
INFO: [ app_init ] --END-- [ RunTime:0.001000s ]
INFO: [ app_begin ] --START--
INFO: Run Behavior\ReadHtmlCacheBehavior [ RunTime:0.001000s ]
INFO: [ app_begin ] --END-- [ RunTime:0.001000s ]
SQL: SHOW COLUMNS FROM `asd_case` [ RunTime:0.0040s ]
SQL: SHOW COLUMNS FROM `asd_case` [ RunTime:0.0040s ]
SQL: SHOW COLUMNS FROM `asd_casetype` [ RunTime:0.0040s ]
SQL: SHOW COLUMNS FROM `asd_news` [ RunTime:0.0040s ]
SQL: SELECT * FROM `asd_case` WHERE ( caseRecentshow = 1 and life = 0 ) LIMIT 9   [ RunTime:0.0000s ]
SQL: SELECT * FROM `asd_casetype` WHERE ( caseTypeShow = 1 )  [ RunTime:0.0010s ]
SQL: SELECT * FROM `asd_news` WHERE ( newsType = 4 and  newsShow = 0 and life = 0 ) LIMIT 1   [ RunTime:0.0000s ]
SQL: SELECT * FROM `asd_news` WHERE ( newsType = 4 and  newsShow = 0 and life = 0 ) LIMIT 1,5   [ RunTime:0.0000s ]
SQL: SELECT * FROM `asd_news` WHERE ( newsType = 2 and  newsShow = 0 and life = 0 ) LIMIT 1   [ RunTime:0.0010s ]
SQL: SELECT * FROM `asd_news` WHERE ( newsType = 2 and  newsShow = 0 and life = 0 ) LIMIT 1,5   [ RunTime:0.0000s ]
SQL: SELECT * FROM `asd_news` WHERE ( newsType = 3 and  newsShow = 0 and life = 0 ) LIMIT 1   [ RunTime:0.0010s ]
SQL: SELECT * FROM `asd_news` WHERE ( newsType = 3 and  newsShow = 0 and life = 0 ) LIMIT 1,5   [ RunTime:0.0000s ]
SQL: SHOW COLUMNS FROM `asd_webinfo` [ RunTime:0.0030s ]
SQL: SHOW COLUMNS FROM `asd_webinfo` [ RunTime:0.0040s ]
SQL: SELECT * FROM `asd_webinfo` LIMIT 1   [ RunTime:0.0000s ]
SQL: SHOW COLUMNS FROM `asd_news` [ RunTime:0.0040s ]
SQL: SELECT `newsId`,`newsTitle`,`newsRelease`,`newsInfo` FROM `asd_news` WHERE ( newsType = 1 and life = 0 ) LIMIT 2   [ RunTime:0.0000s ]
SQL: SELECT `newsId`,`newsTitle`,`newsRelease`,`newsInfo` FROM `asd_news` WHERE ( newsType = 2 and life = 0 ) LIMIT 2   [ RunTime:0.0010s ]
SQL: SELECT `newsId`,`newsTitle`,`newsRelease`,`newsInfo` FROM `asd_news` WHERE ( newsType = 3 and life = 0 ) LIMIT 2   [ RunTime:0.0000s ]
INFO: [ view_parse ] --START--
INFO: [ template_filter ] --START--
INFO: Run Behavior\ContentReplaceBehavior [ RunTime:0.000000s ]
INFO: [ template_filter ] --END-- [ RunTime:0.000000s ]
NOTIC: [8] Undefined index: webCompnayarea D:\phpStudy\WWW\asd\Application\Runtime\Cache\Home\2a94b8bda04ff446dcedd42276fc99ee.php 第 763 行.
NOTIC: [8] Undefined index: webCompnayaddr D:\phpStudy\WWW\asd\Application\Runtime\Cache\Home\2a94b8bda04ff446dcedd42276fc99ee.php 第 763 行.
INFO: Run Behavior\ParseTemplateBehavior [ RunTime:0.022000s ]
INFO: [ view_parse ] --END-- [ RunTime:0.022000s ]
INFO: [ view_filter ] --START--
INFO: Run Behavior\WriteHtmlCacheBehavior [ RunTime:0.000000s ]
INFO: [ view_filter ] --END-- [ RunTime:0.001000s ]
INFO: [ app_end ] --START--
INFO: Run Behavior\ShowPageTraceBehavior [ RunTime:0.001000s ]
INFO: [ app_end ] --END-- [ RunTime:0.001000s ]

[ 2017-05-17T07:43:49+08:00 ] 127.0.0.1 /Index/caseAll/sreach/%E5%BF%A0%E5%8F%91
INFO: [ app_init ] --START--
INFO: Run Behavior\BuildLiteBehavior [ RunTime:0.000000s ]
INFO: [ app_init ] --END-- [ RunTime:0.001000s ]
INFO: [ app_begin ] --START--
INFO: Run Behavior\ReadHtmlCacheBehavior [ RunTime:0.001000s ]
INFO: [ app_begin ] --END-- [ RunTime:0.001000s ]
SQL: SHOW COLUMNS FROM `asd_case` [ RunTime:0.0040s ]
SQL: SHOW COLUMNS FROM `asd_case` [ RunTime:0.0040s ]
SQL: SHOW COLUMNS FROM `asd_casearea` [ RunTime:0.0030s ]
SQL: SHOW COLUMNS FROM `asd_casetype` [ RunTime:0.0040s ]
SQL: SHOW COLUMNS FROM `asd_casesize` [ RunTime:0.0030s ]
SQL: SELECT * FROM `asd_casetype` WHERE ( casetypeText like '%忠发%' ) LIMIT 1   [ RunTime:0.0000s ]
SQL: SELECT * FROM `asd_case` WHERE ( caseTitle like '%忠发%' and life = 0 )  [ RunTime:0.0000s ]
SQL: SELECT * FROM `asd_case` WHERE ( caseTitle like '%忠发%' and life = 0 ) LIMIT 0,9   [ RunTime:0.0000s ]
SQL: SELECT * FROM `asd_casearea`  [ RunTime:0.0000s ]
SQL: SELECT * FROM `asd_casetype`  [ RunTime:0.0000s ]
SQL: SELECT * FROM `asd_casesize`  [ RunTime:0.0000s ]
NOTIC: [8] Undefined index: casetypeId D:\phpStudy\WWW\asd\Application\Home\Controller\IndexController.class.php 第 48 行.
SQL: SHOW COLUMNS FROM `asd_webinfo` [ RunTime:0.0030s ]
SQL: SHOW COLUMNS FROM `asd_webinfo` [ RunTime:0.0030s ]
SQL: SELECT * FROM `asd_webinfo` LIMIT 1   [ RunTime:0.0010s ]
SQL: SHOW COLUMNS FROM `asd_news` [ RunTime:0.0040s ]
SQL: SHOW COLUMNS FROM `asd_news` [ RunTime:0.0030s ]
SQL: SELECT `newsId`,`newsTitle`,`newsRelease`,`newsInfo` FROM `asd_news` WHERE ( newsType = 1 and life = 0 ) LIMIT 2   [ RunTime:0.0000s ]
SQL: SELECT `newsId`,`newsTitle`,`newsRelease`,`newsInfo` FROM `asd_news` WHERE ( newsType = 2 and life = 0 ) LIMIT 2   [ RunTime:0.0000s ]
SQL: SELECT `newsId`,`newsTitle`,`newsRelease`,`newsInfo` FROM `asd_news` WHERE ( newsType = 3 and life = 0 ) LIMIT 2   [ RunTime:0.0010s ]
INFO: [ view_parse ] --START--
INFO: [ template_filter ] --START--
INFO: Run Behavior\ContentReplaceBehavior [ RunTime:0.000000s ]
INFO: [ template_filter ] --END-- [ RunTime:0.000000s ]
NOTIC: [8] Undefined variable: rel D:\phpStudy\WWW\asd\Application\Runtime\Cache\Home\4cf0f5e7aaa9aa19d62e599d3a2477a7.php 第 111 行.
NOTIC: [8] Undefined index: webCompnayarea D:\phpStudy\WWW\asd\Application\Runtime\Cache\Home\4cf0f5e7aaa9aa19d62e599d3a2477a7.php 第 286 行.
NOTIC: [8] Undefined index: webCompnayaddr D:\phpStudy\WWW\asd\Application\Runtime\Cache\Home\4cf0f5e7aaa9aa19d62e599d3a2477a7.php 第 286 行.
INFO: Run Behavior\ParseTemplateBehavior [ RunTime:0.016000s ]
INFO: [ view_parse ] --END-- [ RunTime:0.016000s ]
INFO: [ view_filter ] --START--
INFO: Run Behavior\WriteHtmlCacheBehavior [ RunTime:0.000000s ]
INFO: [ view_filter ] --END-- [ RunTime:0.000000s ]
INFO: [ app_end ] --START--
INFO: Run Behavior\ShowPageTraceBehavior [ RunTime:0.001000s ]
INFO: [ app_end ] --END-- [ RunTime:0.001000s ]

[ 2017-05-17T08:04:01+08:00 ] 127.0.0.1 /Public/Css/images/bg.jpg
INFO: [ app_init ] --START--
INFO: Run Behavior\BuildLiteBehavior [ RunTime:0.000000s ]
INFO: [ app_init ] --END-- [ RunTime:0.001000s ]

[ 2017-05-17T08:04:14+08:00 ] 127.0.0.1 /Public/Css/images/bg.jpg
INFO: [ app_init ] --START--
INFO: Run Behavior\BuildLiteBehavior [ RunTime:0.000000s ]
INFO: [ app_init ] --END-- [ RunTime:0.001000s ]

[ 2017-05-17T08:05:24+08:00 ] 127.0.0.1 /Public/Css/images/bg.jpg
INFO: [ app_init ] --START--
INFO: Run Behavior\BuildLiteBehavior [ RunTime:0.000000s ]
INFO: [ app_init ] --END-- [ RunTime:0.001000s ]

[ 2017-05-17T08:05:53+08:00 ] 127.0.0.1 /Public/Css/images/bg.jpg
INFO: [ app_init ] --START--
INFO: Run Behavior\BuildLiteBehavior [ RunTime:0.000000s ]
INFO: [ app_init ] --END-- [ RunTime:0.001000s ]

[ 2017-05-17T08:06:16+08:00 ] 127.0.0.1 /Public/Css/images/bg.jpg
INFO: [ app_init ] --START--
INFO: Run Behavior\BuildLiteBehavior [ RunTime:0.000000s ]
INFO: [ app_init ] --END-- [ RunTime:0.001000s ]

[ 2017-05-17T08:06:31+08:00 ] 127.0.0.1 /Public/Css/images/bg.jpg
INFO: [ app_init ] --START--
INFO: Run Behavior\BuildLiteBehavior [ RunTime:0.000000s ]
INFO: [ app_init ] --END-- [ RunTime:0.001000s ]

[ 2017-05-17T08:09:01+08:00 ] 127.0.0.1 /Public/Css/images/bg.jpg
INFO: [ app_init ] --START--
INFO: Run Behavior\BuildLiteBehavior [ RunTime:0.000000s ]
INFO: [ app_init ] --END-- [ RunTime:0.000000s ]

[ 2017-05-17T08:09:11+08:00 ] 127.0.0.1 /Public/Css/images/bg.jpg
INFO: [ app_init ] --START--
INFO: Run Behavior\BuildLiteBehavior [ RunTime:0.000000s ]
INFO: [ app_init ] --END-- [ RunTime:0.000000s ]

[ 2017-05-17T08:09:27+08:00 ] 127.0.0.1 /Public/Css/images/bg.jpg
INFO: [ app_init ] --START--
INFO: Run Behavior\BuildLiteBehavior [ RunTime:0.000000s ]
INFO: [ app_init ] --END-- [ RunTime:0.000000s ]

[ 2017-05-17T08:09:34+08:00 ] 127.0.0.1 /Public/Css/images/bg.jpg
INFO: [ app_init ] --START--
INFO: Run Behavior\BuildLiteBehavior [ RunTime:0.000000s ]
INFO: [ app_init ] --END-- [ RunTime:0.000000s ]

[ 2017-05-17T08:09:52+08:00 ] 127.0.0.1 /Public/Css/images/bg.jpg
INFO: [ app_init ] --START--
INFO: Run Behavior\BuildLiteBehavior [ RunTime:0.000000s ]
INFO: [ app_init ] --END-- [ RunTime:0.000000s ]

[ 2017-05-17T08:10:05+08:00 ] 127.0.0.1 /Public/Css/images/bg.jpg
INFO: [ app_init ] --START--
INFO: Run Behavior\BuildLiteBehavior [ RunTime:0.000000s ]
INFO: [ app_init ] --END-- [ RunTime:0.000000s ]

[ 2017-05-17T08:11:01+08:00 ] 127.0.0.1 /Public/Css/images/bg.jpg
INFO: [ app_init ] --START--
INFO: Run Behavior\BuildLiteBehavior [ RunTime:0.000000s ]
INFO: [ app_init ] --END-- [ RunTime:0.001000s ]

[ 2017-05-17T08:44:01+08:00 ] 127.0.0.1 /
INFO: [ app_init ] --START--
INFO: Run Behavior\BuildLiteBehavior [ RunTime:0.000000s ]
INFO: [ app_init ] --END-- [ RunTime:0.000000s ]
INFO: [ app_begin ] --START--
INFO: Run Behavior\ReadHtmlCacheBehavior [ RunTime:0.001000s ]
INFO: [ app_begin ] --END-- [ RunTime:0.001000s ]
SQL: SHOW COLUMNS FROM `asd_case` [ RunTime:0.0040s ]
SQL: SHOW COLUMNS FROM `asd_case` [ RunTime:0.0050s ]
SQL: SHOW COLUMNS FROM `asd_casetype` [ RunTime:0.0040s ]
SQL: SHOW COLUMNS FROM `asd_news` [ RunTime:0.0040s ]
SQL: SELECT * FROM `asd_case` WHERE ( caseRecentshow = 1 and life = 0 ) LIMIT 9   [ RunTime:0.0000s ]
SQL: SELECT * FROM `asd_casetype` WHERE ( caseTypeShow = 1 )  [ RunTime:0.0010s ]
SQL: SELECT * FROM `asd_news` WHERE ( newsType = 4 and  newsShow = 0 and life = 0 ) LIMIT 1   [ RunTime:0.0000s ]
SQL: SELECT * FROM `asd_news` WHERE ( newsType = 4 and  newsShow = 0 and life = 0 ) LIMIT 1,5   [ RunTime:0.0000s ]
SQL: SELECT * FROM `asd_news` WHERE ( newsType = 2 and  newsShow = 0 and life = 0 ) LIMIT 1   [ RunTime:0.0010s ]
SQL: SELECT * FROM `asd_news` WHERE ( newsType = 2 and  newsShow = 0 and life = 0 ) LIMIT 1,5   [ RunTime:0.0000s ]
SQL: SELECT * FROM `asd_news` WHERE ( newsType = 3 and  newsShow = 0 and life = 0 ) LIMIT 1   [ RunTime:0.0000s ]
SQL: SELECT * FROM `asd_news` WHERE ( newsType = 3 and  newsShow = 0 and life = 0 ) LIMIT 1,5   [ RunTime:0.0010s ]
SQL: SHOW COLUMNS FROM `asd_webinfo` [ RunTime:0.0050s ]
SQL: SHOW COLUMNS FROM `asd_webinfo` [ RunTime:0.0040s ]
SQL: SELECT * FROM `asd_webinfo` LIMIT 1   [ RunTime:0.0010s ]
SQL: SHOW COLUMNS FROM `asd_news` [ RunTime:0.0040s ]
SQL: SELECT `newsId`,`newsTitle`,`newsRelease`,`newsInfo` FROM `asd_news` WHERE ( newsType = 1 and life = 0 ) LIMIT 2   [ RunTime:0.0010s ]
SQL: SELECT `newsId`,`newsTitle`,`newsRelease`,`newsInfo` FROM `asd_news` WHERE ( newsType = 2 and life = 0 ) LIMIT 2   [ RunTime:0.0000s ]
SQL: SELECT `newsId`,`newsTitle`,`newsRelease`,`newsInfo` FROM `asd_news` WHERE ( newsType = 3 and life = 0 ) LIMIT 2   [ RunTime:0.0000s ]
INFO: [ view_parse ] --START--
INFO: [ template_filter ] --START--
INFO: Run Behavior\ContentReplaceBehavior [ RunTime:0.000000s ]
INFO: [ template_filter ] --END-- [ RunTime:0.000000s ]
NOTIC: [8] Undefined index: webCompnayarea D:\phpStudy\WWW\asd\Application\Runtime\Cache\Home\2a94b8bda04ff446dcedd42276fc99ee.php 第 763 行.
NOTIC: [8] Undefined index: webCompnayaddr D:\phpStudy\WWW\asd\Application\Runtime\Cache\Home\2a94b8bda04ff446dcedd42276fc99ee.php 第 763 行.
INFO: Run Behavior\ParseTemplateBehavior [ RunTime:0.022000s ]
INFO: [ view_parse ] --END-- [ RunTime:0.022000s ]
INFO: [ view_filter ] --START--
INFO: Run Behavior\WriteHtmlCacheBehavior [ RunTime:0.001000s ]
INFO: [ view_filter ] --END-- [ RunTime:0.001000s ]
INFO: [ app_end ] --START--
INFO: Run Behavior\ShowPageTraceBehavior [ RunTime:0.001000s ]
INFO: [ app_end ] --END-- [ RunTime:0.001000s ]

[ 2017-05-17T08:44:04+08:00 ] 127.0.0.1 /index.php
INFO: [ app_init ] --START--
INFO: Run Behavior\BuildLiteBehavior [ RunTime:0.000000s ]
INFO: [ app_init ] --END-- [ RunTime:0.000000s ]
INFO: [ app_begin ] --START--
INFO: Run Behavior\ReadHtmlCacheBehavior [ RunTime:0.001000s ]
INFO: [ app_begin ] --END-- [ RunTime:0.001000s ]
SQL: SHOW COLUMNS FROM `asd_case` [ RunTime:0.0050s ]
SQL: SHOW COLUMNS FROM `asd_case` [ RunTime:0.0050s ]
SQL: SHOW COLUMNS FROM `asd_casetype` [ RunTime:0.0040s ]
SQL: SHOW COLUMNS FROM `asd_news` [ RunTime:0.0040s ]
SQL: SELECT * FROM `asd_case` WHERE ( caseRecentshow = 1 and life = 0 ) LIMIT 9   [ RunTime:0.0010s ]
SQL: SELECT * FROM `asd_casetype` WHERE ( caseTypeShow = 1 )  [ RunTime:0.0000s ]
SQL: SELECT * FROM `asd_news` WHERE ( newsType = 4 and  newsShow = 0 and life = 0 ) LIMIT 1   [ RunTime:0.0000s ]
SQL: SELECT * FROM `asd_news` WHERE ( newsType = 4 and  newsShow = 0 and life = 0 ) LIMIT 1,5   [ RunTime:0.0000s ]
SQL: SELECT * FROM `asd_news` WHERE ( newsType = 2 and  newsShow = 0 and life = 0 ) LIMIT 1   [ RunTime:0.0000s ]
SQL: SELECT * FROM `asd_news` WHERE ( newsType = 2 and  newsShow = 0 and life = 0 ) LIMIT 1,5   [ RunTime:0.0010s ]
SQL: SELECT * FROM `asd_news` WHERE ( newsType = 3 and  newsShow = 0 and life = 0 ) LIMIT 1   [ RunTime:0.0000s ]
SQL: SELECT * FROM `asd_news` WHERE ( newsType = 3 and  newsShow = 0 and life = 0 ) LIMIT 1,5   [ RunTime:0.0000s ]
SQL: SHOW COLUMNS FROM `asd_webinfo` [ RunTime:0.0050s ]
SQL: SHOW COLUMNS FROM `asd_webinfo` [ RunTime:0.0030s ]
SQL: SELECT * FROM `asd_webinfo` LIMIT 1   [ RunTime:0.0000s ]
SQL: SHOW COLUMNS FROM `asd_news` [ RunTime:0.0040s ]
SQL: SELECT `newsId`,`newsTitle`,`newsRelease`,`newsInfo` FROM `asd_news` WHERE ( newsType = 1 and life = 0 ) LIMIT 2   [ RunTime:0.0000s ]
SQL: SELECT `newsId`,`newsTitle`,`newsRelease`,`newsInfo` FROM `asd_news` WHERE ( newsType = 2 and life = 0 ) LIMIT 2   [ RunTime:0.0000s ]
SQL: SELECT `newsId`,`newsTitle`,`newsRelease`,`newsInfo` FROM `asd_news` WHERE ( newsType = 3 and life = 0 ) LIMIT 2   [ RunTime:0.0000s ]
INFO: [ view_parse ] --START--
INFO: [ template_filter ] --START--
INFO: Run Behavior\ContentReplaceBehavior [ RunTime:0.000000s ]
INFO: [ template_filter ] --END-- [ RunTime:0.000000s ]
NOTIC: [8] Undefined index: webCompnayarea D:\phpStudy\WWW\asd\Application\Runtime\Cache\Home\2a94b8bda04ff446dcedd42276fc99ee.php 第 763 行.
NOTIC: [8] Undefined index: webCompnayaddr D:\phpStudy\WWW\asd\Application\Runtime\Cache\Home\2a94b8bda04ff446dcedd42276fc99ee.php 第 763 行.
INFO: Run Behavior\ParseTemplateBehavior [ RunTime:0.023000s ]
INFO: [ view_parse ] --END-- [ RunTime:0.023000s ]
INFO: [ view_filter ] --START--
INFO: Run Behavior\WriteHtmlCacheBehavior [ RunTime:0.000000s ]
INFO: [ view_filter ] --END-- [ RunTime:0.000000s ]
INFO: [ app_end ] --START--
INFO: Run Behavior\ShowPageTraceBehavior [ RunTime:0.001000s ]
INFO: [ app_end ] --END-- [ RunTime:0.001000s ]

[ 2017-05-17T08:44:10+08:00 ] 127.0.0.1 /
INFO: [ app_init ] --START--
INFO: Run Behavior\BuildLiteBehavior [ RunTime:0.000000s ]
INFO: [ app_init ] --END-- [ RunTime:0.001000s ]
INFO: [ app_begin ] --START--
INFO: Run Behavior\ReadHtmlCacheBehavior [ RunTime:0.001000s ]
INFO: [ app_begin ] --END-- [ RunTime:0.001000s ]
SQL: SHOW COLUMNS FROM `asd_case` [ RunTime:0.0040s ]
SQL: SHOW COLUMNS FROM `asd_case` [ RunTime:0.0050s ]
SQL: SHOW COLUMNS FROM `asd_casetype` [ RunTime:0.0040s ]
SQL: SHOW COLUMNS FROM `asd_news` [ RunTime:0.0040s ]
SQL: SELECT * FROM `asd_case` WHERE ( caseRecentshow = 1 and life = 0 ) LIMIT 9   [ RunTime:0.0000s ]
SQL: SELECT * FROM `asd_casetype` WHERE ( caseTypeShow = 1 )  [ RunTime:0.0010s ]
SQL: SELECT * FROM `asd_news` WHERE ( newsType = 4 and  newsShow = 0 and life = 0 ) LIMIT 1   [ RunTime:0.0000s ]
SQL: SELECT * FROM `asd_news` WHERE ( newsType = 4 and  newsShow = 0 and life = 0 ) LIMIT 1,5   [ RunTime:0.0000s ]
SQL: SELECT * FROM `asd_news` WHERE ( newsType = 2 and  newsShow = 0 and life = 0 ) LIMIT 1   [ RunTime:0.0000s ]
SQL: SELECT * FROM `asd_news` WHERE ( newsType = 2 and  newsShow = 0 and life = 0 ) LIMIT 1,5   [ RunTime:0.0000s ]
SQL: SELECT * FROM `asd_news` WHERE ( newsType = 3 and  newsShow = 0 and life = 0 ) LIMIT 1   [ RunTime:0.0000s ]
SQL: SELECT * FROM `asd_news` WHERE ( newsType = 3 and  newsShow = 0 and life = 0 ) LIMIT 1,5   [ RunTime:0.0000s ]
SQL: SHOW COLUMNS FROM `asd_webinfo` [ RunTime:0.0030s ]
SQL: SHOW COLUMNS FROM `asd_webinfo` [ RunTime:0.0040s ]
SQL: SELECT * FROM `asd_webinfo` LIMIT 1   [ RunTime:0.0000s ]
SQL: SHOW COLUMNS FROM `asd_news` [ RunTime:0.0040s ]
SQL: SELECT `newsId`,`newsTitle`,`newsRelease`,`newsInfo` FROM `asd_news` WHERE ( newsType = 1 and life = 0 ) LIMIT 2   [ RunTime:0.0010s ]
SQL: SELECT `newsId`,`newsTitle`,`newsRelease`,`newsInfo` FROM `asd_news` WHERE ( newsType = 2 and life = 0 ) LIMIT 2   [ RunTime:0.0000s ]
SQL: SELECT `newsId`,`newsTitle`,`newsRelease`,`newsInfo` FROM `asd_news` WHERE ( newsType = 3 and life = 0 ) LIMIT 2   [ RunTime:0.0000s ]
INFO: [ view_parse ] --START--
INFO: [ template_filter ] --START--
INFO: Run Behavior\ContentReplaceBehavior [ RunTime:0.000000s ]
INFO: [ template_filter ] --END-- [ RunTime:0.000000s ]
NOTIC: [8] Undefined index: webCompnayarea D:\phpStudy\WWW\asd\Application\Runtime\Cache\Home\2a94b8bda04ff446dcedd42276fc99ee.php 第 763 行.
NOTIC: [8] Undefined index: webCompnayaddr D:\phpStudy\WWW\asd\Application\Runtime\Cache\Home\2a94b8bda04ff446dcedd42276fc99ee.php 第 763 行.
INFO: Run Behavior\ParseTemplateBehavior [ RunTime:0.023000s ]
INFO: [ view_parse ] --END-- [ RunTime:0.023000s ]
INFO: [ view_filter ] --START--
INFO: Run Behavior\WriteHtmlCacheBehavior [ RunTime:0.001000s ]
INFO: [ view_filter ] --END-- [ RunTime:0.001000s ]
INFO: [ app_end ] --START--
INFO: Run Behavior\ShowPageTraceBehavior [ RunTime:0.001000s ]
INFO: [ app_end ] --END-- [ RunTime:0.001000s ]

[ 2017-05-17T08:46:32+08:00 ] 127.0.0.1 /Public/Css/images/bg.jpg
INFO: [ app_init ] --START--
INFO: Run Behavior\BuildLiteBehavior [ RunTime:0.000000s ]
INFO: [ app_init ] --END-- [ RunTime:0.001000s ]

