[ 2017-06-01T08:28:40+08:00 ] 127.0.0.1 /
INFO: [ app_init ] --START--
INFO: Run Behavior\BuildLiteBehavior [ RunTime:0.000000s ]
INFO: [ app_init ] --END-- [ RunTime:0.038000s ]
INFO: [ app_begin ] --START--
INFO: Run Behavior\ReadHtmlCacheBehavior [ RunTime:0.013000s ]
INFO: [ app_begin ] --END-- [ RunTime:0.014000s ]
SQL: SHOW COLUMNS FROM `asd_case` [ RunTime:0.0510s ]
SQL: SHOW COLUMNS FROM `asd_case` [ RunTime:0.0080s ]
SQL: SHOW COLUMNS FROM `asd_casetype` [ RunTime:0.0340s ]
SQL: SHOW COLUMNS FROM `asd_news` [ RunTime:0.0660s ]
SQL: SELECT * FROM `asd_case` WHERE ( caseRecentshow = 1 and life = 0 ) LIMIT 9   [ RunTime:0.0020s ]
SQL: SELECT * FROM `asd_casetype` WHERE ( caseTypeShow = 1 )  [ RunTime:0.0010s ]
SQL: SELECT * FROM `asd_news` WHERE ( newsType = 4 and  newsShow = 0 and life = 0 ) LIMIT 1   [ RunTime:0.0010s ]
SQL: SELECT * FROM `asd_news` WHERE ( newsType = 4 and  newsShow = 0 and life = 0 ) LIMIT 1,5   [ RunTime:0.0010s ]
SQL: SELECT * FROM `asd_news` WHERE ( newsType = 2 and  newsShow = 0 and life = 0 ) LIMIT 1   [ RunTime:0.0010s ]
SQL: SELECT * FROM `asd_news` WHERE ( newsType = 2 and  newsShow = 0 and life = 0 ) LIMIT 1,5   [ RunTime:0.0020s ]
SQL: SELECT * FROM `asd_news` WHERE ( newsType = 3 and  newsShow = 0 and life = 0 ) LIMIT 1   [ RunTime:0.0010s ]
SQL: SELECT * FROM `asd_news` WHERE ( newsType = 3 and  newsShow = 0 and life = 0 ) LIMIT 1,5   [ RunTime:0.0010s ]
SQL: SHOW COLUMNS FROM `asd_webinfo` [ RunTime:0.0340s ]
SQL: SHOW COLUMNS FROM `asd_webinfo` [ RunTime:0.0100s ]
SQL: SELECT * FROM `asd_webinfo` LIMIT 1   [ RunTime:0.0010s ]
SQL: SHOW COLUMNS FROM `asd_news` [ RunTime:0.0110s ]
SQL: SELECT `newsId`,`newsTitle`,`newsRelease`,`newsInfo` FROM `asd_news` WHERE ( newsType = 1 and life = 0 ) LIMIT 2   [ RunTime:0.0010s ]
SQL: SELECT `newsId`,`newsTitle`,`newsRelease`,`newsInfo` FROM `asd_news` WHERE ( newsType = 2 and life = 0 ) LIMIT 2   [ RunTime:0.0000s ]
SQL: SELECT `newsId`,`newsTitle`,`newsRelease`,`newsInfo` FROM `asd_news` WHERE ( newsType = 3 and life = 0 ) LIMIT 2   [ RunTime:0.0000s ]
INFO: [ view_parse ] --START--
INFO: [ template_filter ] --START--
INFO: Run Behavior\ContentReplaceBehavior [ RunTime:0.001000s ]
INFO: [ template_filter ] --END-- [ RunTime:0.001000s ]
NOTIC: [8] Undefined index: webCompnayarea D:\phpStudy\WWW\asd\Application\Runtime\Cache\Home\2a94b8bda04ff446dcedd42276fc99ee.php 第 763 行.
NOTIC: [8] Undefined index: webCompnayaddr D:\phpStudy\WWW\asd\Application\Runtime\Cache\Home\2a94b8bda04ff446dcedd42276fc99ee.php 第 763 行.
INFO: Run Behavior\ParseTemplateBehavior [ RunTime:0.116000s ]
INFO: [ view_parse ] --END-- [ RunTime:0.116000s ]
INFO: [ view_filter ] --START--
INFO: Run Behavior\WriteHtmlCacheBehavior [ RunTime:0.007000s ]
INFO: [ view_filter ] --END-- [ RunTime:0.007000s ]
INFO: [ app_end ] --START--
INFO: Run Behavior\ShowPageTraceBehavior [ RunTime:0.011000s ]
INFO: [ app_end ] --END-- [ RunTime:0.012000s ]

[ 2017-06-01T08:28:43+08:00 ] 127.0.0.1 /Index/caseAll
INFO: [ app_init ] --START--
INFO: Run Behavior\BuildLiteBehavior [ RunTime:0.000000s ]
INFO: [ app_init ] --END-- [ RunTime:0.000000s ]
INFO: [ app_begin ] --START--
INFO: Run Behavior\ReadHtmlCacheBehavior [ RunTime:0.001000s ]
INFO: [ app_begin ] --END-- [ RunTime:0.001000s ]
SQL: SHOW COLUMNS FROM `asd_case` [ RunTime:0.0030s ]
SQL: SHOW COLUMNS FROM `asd_case` [ RunTime:0.0030s ]
SQL: SHOW COLUMNS FROM `asd_casearea` [ RunTime:0.0370s ]
SQL: SHOW COLUMNS FROM `asd_casetype` [ RunTime:0.0040s ]
SQL: SHOW COLUMNS FROM `asd_casesize` [ RunTime:0.0270s ]
NOTIC: [8] Undefined variable: sreach D:\phpStudy\WWW\asd\Application\Home\Model\CaseModel.class.php 第 67 行.
SQL: SELECT * FROM `asd_case` WHERE `life` = 0  [ RunTime:0.0010s ]
SQL: SELECT * FROM `asd_case` WHERE `life` = 0 LIMIT 0,9   [ RunTime:0.0010s ]
NOTIC: [8] Undefined variable: sreach D:\phpStudy\WWW\asd\Application\Home\Model\CaseModel.class.php 第 81 行.
SQL: SELECT * FROM `asd_casearea`  [ RunTime:0.0010s ]
SQL: SELECT * FROM `asd_casetype`  [ RunTime:0.0000s ]
SQL: SELECT * FROM `asd_casesize`  [ RunTime:0.0000s ]
NOTIC: [8] Undefined index: casetypeId D:\phpStudy\WWW\asd\Application\Home\Controller\IndexController.class.php 第 48 行.
SQL: SHOW COLUMNS FROM `asd_webinfo` [ RunTime:0.0070s ]
SQL: SHOW COLUMNS FROM `asd_webinfo` [ RunTime:0.0060s ]
SQL: SELECT * FROM `asd_webinfo` LIMIT 1   [ RunTime:0.0010s ]
SQL: SHOW COLUMNS FROM `asd_news` [ RunTime:0.0070s ]
SQL: SHOW COLUMNS FROM `asd_news` [ RunTime:0.0070s ]
SQL: SELECT `newsId`,`newsTitle`,`newsRelease`,`newsInfo` FROM `asd_news` WHERE ( newsType = 1 and life = 0 ) LIMIT 2   [ RunTime:0.0000s ]
SQL: SELECT `newsId`,`newsTitle`,`newsRelease`,`newsInfo` FROM `asd_news` WHERE ( newsType = 2 and life = 0 ) LIMIT 2   [ RunTime:0.0010s ]
SQL: SELECT `newsId`,`newsTitle`,`newsRelease`,`newsInfo` FROM `asd_news` WHERE ( newsType = 3 and life = 0 ) LIMIT 2   [ RunTime:0.0010s ]
INFO: [ view_parse ] --START--
INFO: [ template_filter ] --START--
INFO: Run Behavior\ContentReplaceBehavior [ RunTime:0.001000s ]
INFO: [ template_filter ] --END-- [ RunTime:0.001000s ]
NOTIC: [8] Undefined variable: rel D:\phpStudy\WWW\asd\Application\Runtime\Cache\Home\4cf0f5e7aaa9aa19d62e599d3a2477a7.php 第 111 行.
NOTIC: [8] Undefined index: webCompnayarea D:\phpStudy\WWW\asd\Application\Runtime\Cache\Home\4cf0f5e7aaa9aa19d62e599d3a2477a7.php 第 286 行.
NOTIC: [8] Undefined index: webCompnayaddr D:\phpStudy\WWW\asd\Application\Runtime\Cache\Home\4cf0f5e7aaa9aa19d62e599d3a2477a7.php 第 286 行.
INFO: Run Behavior\ParseTemplateBehavior [ RunTime:0.034000s ]
INFO: [ view_parse ] --END-- [ RunTime:0.034000s ]
INFO: [ view_filter ] --START--
INFO: Run Behavior\WriteHtmlCacheBehavior [ RunTime:0.000000s ]
INFO: [ view_filter ] --END-- [ RunTime:0.000000s ]
INFO: [ app_end ] --START--
INFO: Run Behavior\ShowPageTraceBehavior [ RunTime:0.000000s ]
INFO: [ app_end ] --END-- [ RunTime:0.001000s ]

[ 2017-06-01T08:28:47+08:00 ] 127.0.0.1 /Index/caseDetail/caseId/1
INFO: [ app_init ] --START--
INFO: Run Behavior\BuildLiteBehavior [ RunTime:0.000000s ]
INFO: [ app_init ] --END-- [ RunTime:0.000000s ]
INFO: [ app_begin ] --START--
INFO: Run Behavior\ReadHtmlCacheBehavior [ RunTime:0.000000s ]
INFO: [ app_begin ] --END-- [ RunTime:0.000000s ]
SQL: SHOW COLUMNS FROM `asd_case` [ RunTime:0.0040s ]
SQL: SHOW COLUMNS FROM `asd_case` [ RunTime:0.0030s ]
SQL: SHOW COLUMNS FROM `asd_casesize` [ RunTime:0.0040s ]
SQL: SELECT * FROM `asd_case` WHERE ( caseId =1 ) LIMIT 1   [ RunTime:0.0010s ]
SQL: SELECT * FROM `asd_case` WHERE ( caseType =2 ) LIMIT 3   [ RunTime:0.0000s ]
SQL: SELECT * FROM `asd_casesize`  [ RunTime:0.0010s ]
NOTIC: [8] Undefined offset: 4 D:\phpStudy\WWW\asd\Application\Home\Model\CaseModel.class.php 第 119 行.
SQL: SHOW COLUMNS FROM `asd_webinfo` [ RunTime:0.0030s ]
SQL: SHOW COLUMNS FROM `asd_webinfo` [ RunTime:0.0030s ]
SQL: SELECT * FROM `asd_webinfo` LIMIT 1   [ RunTime:0.0000s ]
SQL: SHOW COLUMNS FROM `asd_news` [ RunTime:0.0030s ]
SQL: SHOW COLUMNS FROM `asd_news` [ RunTime:0.0030s ]
SQL: SELECT `newsId`,`newsTitle`,`newsRelease`,`newsInfo` FROM `asd_news` WHERE ( newsType = 1 and life = 0 ) LIMIT 2   [ RunTime:0.0000s ]
SQL: SELECT `newsId`,`newsTitle`,`newsRelease`,`newsInfo` FROM `asd_news` WHERE ( newsType = 2 and life = 0 ) LIMIT 2   [ RunTime:0.0000s ]
SQL: SELECT `newsId`,`newsTitle`,`newsRelease`,`newsInfo` FROM `asd_news` WHERE ( newsType = 3 and life = 0 ) LIMIT 2   [ RunTime:0.0010s ]
INFO: [ view_parse ] --START--
INFO: [ template_filter ] --START--
INFO: Run Behavior\ContentReplaceBehavior [ RunTime:0.000000s ]
INFO: [ template_filter ] --END-- [ RunTime:0.000000s ]
NOTIC: [8] Undefined index: webCompnayarea D:\phpStudy\WWW\asd\Application\Runtime\Cache\Home\d6b3ed125575ac794f287d1ffff25015.php 第 322 行.
NOTIC: [8] Undefined index: webCompnayaddr D:\phpStudy\WWW\asd\Application\Runtime\Cache\Home\d6b3ed125575ac794f287d1ffff25015.php 第 322 行.
INFO: Run Behavior\ParseTemplateBehavior [ RunTime:0.025000s ]
INFO: [ view_parse ] --END-- [ RunTime:0.025000s ]
INFO: [ view_filter ] --START--
INFO: Run Behavior\WriteHtmlCacheBehavior [ RunTime:0.001000s ]
INFO: [ view_filter ] --END-- [ RunTime:0.001000s ]
INFO: [ app_end ] --START--
INFO: Run Behavior\ShowPageTraceBehavior [ RunTime:0.000000s ]
INFO: [ app_end ] --END-- [ RunTime:0.000000s ]

[ 2017-06-01T08:29:25+08:00 ] 127.0.0.1 /Index/caseDetail/caseId/3
INFO: [ app_init ] --START--
INFO: Run Behavior\BuildLiteBehavior [ RunTime:0.000000s ]
INFO: [ app_init ] --END-- [ RunTime:0.000000s ]
INFO: [ app_begin ] --START--
INFO: Run Behavior\ReadHtmlCacheBehavior [ RunTime:0.001000s ]
INFO: [ app_begin ] --END-- [ RunTime:0.001000s ]
SQL: SHOW COLUMNS FROM `asd_case` [ RunTime:0.0030s ]
SQL: SHOW COLUMNS FROM `asd_case` [ RunTime:0.0040s ]
SQL: SHOW COLUMNS FROM `asd_casesize` [ RunTime:0.0020s ]
SQL: SELECT * FROM `asd_case` WHERE ( caseId =3 ) LIMIT 1   [ RunTime:0.0000s ]
SQL: SELECT * FROM `asd_case` WHERE ( caseType =5 ) LIMIT 3   [ RunTime:0.0000s ]
SQL: SELECT * FROM `asd_casesize`  [ RunTime:0.0010s ]
NOTIC: [8] Undefined offset: 5 D:\phpStudy\WWW\asd\Application\Home\Model\CaseModel.class.php 第 119 行.
SQL: SHOW COLUMNS FROM `asd_webinfo` [ RunTime:0.0030s ]
SQL: SHOW COLUMNS FROM `asd_webinfo` [ RunTime:0.0030s ]
SQL: SELECT * FROM `asd_webinfo` LIMIT 1   [ RunTime:0.0000s ]
SQL: SHOW COLUMNS FROM `asd_news` [ RunTime:0.0030s ]
SQL: SHOW COLUMNS FROM `asd_news` [ RunTime:0.0030s ]
SQL: SELECT `newsId`,`newsTitle`,`newsRelease`,`newsInfo` FROM `asd_news` WHERE ( newsType = 1 and life = 0 ) LIMIT 2   [ RunTime:0.0000s ]
SQL: SELECT `newsId`,`newsTitle`,`newsRelease`,`newsInfo` FROM `asd_news` WHERE ( newsType = 2 and life = 0 ) LIMIT 2   [ RunTime:0.0010s ]
SQL: SELECT `newsId`,`newsTitle`,`newsRelease`,`newsInfo` FROM `asd_news` WHERE ( newsType = 3 and life = 0 ) LIMIT 2   [ RunTime:0.0000s ]
INFO: [ view_parse ] --START--
INFO: [ template_filter ] --START--
INFO: Run Behavior\ContentReplaceBehavior [ RunTime:0.000000s ]
INFO: [ template_filter ] --END-- [ RunTime:0.000000s ]
NOTIC: [8] Undefined index: webCompnayarea D:\phpStudy\WWW\asd\Application\Runtime\Cache\Home\d6b3ed125575ac794f287d1ffff25015.php 第 322 行.
NOTIC: [8] Undefined index: webCompnayaddr D:\phpStudy\WWW\asd\Application\Runtime\Cache\Home\d6b3ed125575ac794f287d1ffff25015.php 第 322 行.
INFO: Run Behavior\ParseTemplateBehavior [ RunTime:0.014000s ]
INFO: [ view_parse ] --END-- [ RunTime:0.014000s ]
INFO: [ view_filter ] --START--
INFO: Run Behavior\WriteHtmlCacheBehavior [ RunTime:0.001000s ]
INFO: [ view_filter ] --END-- [ RunTime:0.001000s ]
INFO: [ app_end ] --START--
INFO: Run Behavior\ShowPageTraceBehavior [ RunTime:0.001000s ]
INFO: [ app_end ] --END-- [ RunTime:0.001000s ]

[ 2017-06-01T21:10:54+08:00 ] 127.0.0.1 /
INFO: [ app_init ] --START--
INFO: Run Behavior\BuildLiteBehavior [ RunTime:0.000000s ]
INFO: [ app_init ] --END-- [ RunTime:0.000000s ]
INFO: [ app_begin ] --START--
INFO: Run Behavior\ReadHtmlCacheBehavior [ RunTime:0.001000s ]
INFO: [ app_begin ] --END-- [ RunTime:0.001000s ]
SQL: SHOW COLUMNS FROM `asd_case` [ RunTime:0.0040s ]
SQL: SHOW COLUMNS FROM `asd_case` [ RunTime:0.0040s ]
SQL: SHOW COLUMNS FROM `asd_casetype` [ RunTime:0.0050s ]
SQL: SHOW COLUMNS FROM `asd_news` [ RunTime:0.0050s ]
SQL: SELECT * FROM `asd_case` WHERE ( caseRecentshow = 1 and life = 0 ) LIMIT 9   [ RunTime:0.0000s ]
SQL: SELECT * FROM `asd_casetype` WHERE ( caseTypeShow = 1 )  [ RunTime:0.0000s ]
SQL: SELECT * FROM `asd_news` WHERE ( newsType = 4 and  newsShow = 0 and life = 0 ) LIMIT 1   [ RunTime:0.0000s ]
SQL: SELECT * FROM `asd_news` WHERE ( newsType = 4 and  newsShow = 0 and life = 0 ) LIMIT 1,5   [ RunTime:0.0000s ]
SQL: SELECT * FROM `asd_news` WHERE ( newsType = 2 and  newsShow = 0 and life = 0 ) LIMIT 1   [ RunTime:0.0000s ]
SQL: SELECT * FROM `asd_news` WHERE ( newsType = 2 and  newsShow = 0 and life = 0 ) LIMIT 1,5   [ RunTime:0.0000s ]
SQL: SELECT * FROM `asd_news` WHERE ( newsType = 3 and  newsShow = 0 and life = 0 ) LIMIT 1   [ RunTime:0.0010s ]
SQL: SELECT * FROM `asd_news` WHERE ( newsType = 3 and  newsShow = 0 and life = 0 ) LIMIT 1,5   [ RunTime:0.0000s ]
SQL: SHOW COLUMNS FROM `asd_webinfo` [ RunTime:0.0040s ]
SQL: SHOW COLUMNS FROM `asd_webinfo` [ RunTime:0.0040s ]
SQL: SELECT * FROM `asd_webinfo` LIMIT 1   [ RunTime:0.0000s ]
SQL: SHOW COLUMNS FROM `asd_news` [ RunTime:0.0040s ]
SQL: SELECT `newsId`,`newsTitle`,`newsRelease`,`newsInfo` FROM `asd_news` WHERE ( newsType = 1 and life = 0 ) LIMIT 2   [ RunTime:0.0000s ]
SQL: SELECT `newsId`,`newsTitle`,`newsRelease`,`newsInfo` FROM `asd_news` WHERE ( newsType = 2 and life = 0 ) LIMIT 2   [ RunTime:0.0000s ]
SQL: SELECT `newsId`,`newsTitle`,`newsRelease`,`newsInfo` FROM `asd_news` WHERE ( newsType = 3 and life = 0 ) LIMIT 2   [ RunTime:0.0010s ]
INFO: [ view_parse ] --START--
INFO: [ template_filter ] --START--
INFO: Run Behavior\ContentReplaceBehavior [ RunTime:0.001000s ]
INFO: [ template_filter ] --END-- [ RunTime:0.001000s ]
NOTIC: [8] Undefined index: webCompnayarea D:\phpStudy\WWW\asd\Application\Runtime\Cache\Home\2a94b8bda04ff446dcedd42276fc99ee.php 第 763 行.
NOTIC: [8] Undefined index: webCompnayaddr D:\phpStudy\WWW\asd\Application\Runtime\Cache\Home\2a94b8bda04ff446dcedd42276fc99ee.php 第 763 行.
INFO: Run Behavior\ParseTemplateBehavior [ RunTime:0.021000s ]
INFO: [ view_parse ] --END-- [ RunTime:0.021000s ]
INFO: [ view_filter ] --START--
INFO: Run Behavior\WriteHtmlCacheBehavior [ RunTime:0.000000s ]
INFO: [ view_filter ] --END-- [ RunTime:0.000000s ]
INFO: [ app_end ] --START--
INFO: Run Behavior\ShowPageTraceBehavior [ RunTime:0.001000s ]
INFO: [ app_end ] --END-- [ RunTime:0.001000s ]

[ 2017-06-01T21:10:56+08:00 ] 127.0.0.1 /Index/caseAll
INFO: [ app_init ] --START--
INFO: Run Behavior\BuildLiteBehavior [ RunTime:0.000000s ]
INFO: [ app_init ] --END-- [ RunTime:0.001000s ]
INFO: [ app_begin ] --START--
INFO: Run Behavior\ReadHtmlCacheBehavior [ RunTime:0.001000s ]
INFO: [ app_begin ] --END-- [ RunTime:0.001000s ]
SQL: SHOW COLUMNS FROM `asd_case` [ RunTime:0.0040s ]
SQL: SHOW COLUMNS FROM `asd_case` [ RunTime:0.0030s ]
SQL: SHOW COLUMNS FROM `asd_casearea` [ RunTime:0.0030s ]
SQL: SHOW COLUMNS FROM `asd_casetype` [ RunTime:0.0040s ]
SQL: SHOW COLUMNS FROM `asd_casesize` [ RunTime:0.0050s ]
NOTIC: [8] Undefined variable: sreach D:\phpStudy\WWW\asd\Application\Home\Model\CaseModel.class.php 第 67 行.
SQL: SELECT * FROM `asd_case` WHERE `life` = 0  [ RunTime:0.0010s ]
SQL: SELECT * FROM `asd_case` WHERE `life` = 0 LIMIT 0,9   [ RunTime:0.0000s ]
NOTIC: [8] Undefined variable: sreach D:\phpStudy\WWW\asd\Application\Home\Model\CaseModel.class.php 第 81 行.
SQL: SELECT * FROM `asd_casearea`  [ RunTime:0.0000s ]
SQL: SELECT * FROM `asd_casetype`  [ RunTime:0.0010s ]
SQL: SELECT * FROM `asd_casesize`  [ RunTime:0.0000s ]
NOTIC: [8] Undefined index: casetypeId D:\phpStudy\WWW\asd\Application\Home\Controller\IndexController.class.php 第 48 行.
SQL: SHOW COLUMNS FROM `asd_webinfo` [ RunTime:0.0040s ]
SQL: SHOW COLUMNS FROM `asd_webinfo` [ RunTime:0.0040s ]
SQL: SELECT * FROM `asd_webinfo` LIMIT 1   [ RunTime:0.0000s ]
SQL: SHOW COLUMNS FROM `asd_news` [ RunTime:0.0050s ]
SQL: SHOW COLUMNS FROM `asd_news` [ RunTime:0.0040s ]
SQL: SELECT `newsId`,`newsTitle`,`newsRelease`,`newsInfo` FROM `asd_news` WHERE ( newsType = 1 and life = 0 ) LIMIT 2   [ RunTime:0.0000s ]
SQL: SELECT `newsId`,`newsTitle`,`newsRelease`,`newsInfo` FROM `asd_news` WHERE ( newsType = 2 and life = 0 ) LIMIT 2   [ RunTime:0.0010s ]
SQL: SELECT `newsId`,`newsTitle`,`newsRelease`,`newsInfo` FROM `asd_news` WHERE ( newsType = 3 and life = 0 ) LIMIT 2   [ RunTime:0.0000s ]
INFO: [ view_parse ] --START--
INFO: [ template_filter ] --START--
INFO: Run Behavior\ContentReplaceBehavior [ RunTime:0.000000s ]
INFO: [ template_filter ] --END-- [ RunTime:0.000000s ]
NOTIC: [8] Undefined variable: rel D:\phpStudy\WWW\asd\Application\Runtime\Cache\Home\4cf0f5e7aaa9aa19d62e599d3a2477a7.php 第 111 行.
NOTIC: [8] Undefined index: webCompnayarea D:\phpStudy\WWW\asd\Application\Runtime\Cache\Home\4cf0f5e7aaa9aa19d62e599d3a2477a7.php 第 286 行.
NOTIC: [8] Undefined index: webCompnayaddr D:\phpStudy\WWW\asd\Application\Runtime\Cache\Home\4cf0f5e7aaa9aa19d62e599d3a2477a7.php 第 286 行.
INFO: Run Behavior\ParseTemplateBehavior [ RunTime:0.015000s ]
INFO: [ view_parse ] --END-- [ RunTime:0.015000s ]
INFO: [ view_filter ] --START--
INFO: Run Behavior\WriteHtmlCacheBehavior [ RunTime:0.000000s ]
INFO: [ view_filter ] --END-- [ RunTime:0.000000s ]
INFO: [ app_end ] --START--
INFO: Run Behavior\ShowPageTraceBehavior [ RunTime:0.000000s ]
INFO: [ app_end ] --END-- [ RunTime:0.000000s ]

[ 2017-06-01T21:10:57+08:00 ] 127.0.0.1 /Index/news
INFO: [ app_init ] --START--
INFO: Run Behavior\BuildLiteBehavior [ RunTime:0.000000s ]
INFO: [ app_init ] --END-- [ RunTime:0.001000s ]
INFO: [ app_begin ] --START--
INFO: Run Behavior\ReadHtmlCacheBehavior [ RunTime:0.001000s ]
INFO: [ app_begin ] --END-- [ RunTime:0.001000s ]
SQL: SHOW COLUMNS FROM `asd_news` [ RunTime:0.0050s ]
NOTIC: [2] Missing argument 1 for Home\Model\NewsModel::news(), called in D:\phpStudy\WWW\asd\Application\Home\Controller\IndexController.class.php on line 94 and defined D:\phpStudy\WWW\asd\Application\Home\Model\NewsModel.class.php 第 39 行.
SQL: SHOW COLUMNS FROM `asd_news` [ RunTime:0.0050s ]
SQL: SELECT * FROM `asd_news` WHERE ( life = 0 )  [ RunTime:0.0010s ]
SQL: SELECT * FROM `asd_news` WHERE ( life = 0 ) LIMIT 0,9   [ RunTime:0.0010s ]
SQL: SHOW COLUMNS FROM `asd_webinfo` [ RunTime:0.0040s ]
SQL: SHOW COLUMNS FROM `asd_webinfo` [ RunTime:0.0050s ]
SQL: SELECT * FROM `asd_webinfo` LIMIT 1   [ RunTime:0.0000s ]
SQL: SELECT `newsId`,`newsTitle`,`newsRelease`,`newsInfo` FROM `asd_news` WHERE ( newsType = 1 and life = 0 ) LIMIT 2   [ RunTime:0.0010s ]
SQL: SELECT `newsId`,`newsTitle`,`newsRelease`,`newsInfo` FROM `asd_news` WHERE ( newsType = 2 and life = 0 ) LIMIT 2   [ RunTime:0.0000s ]
SQL: SELECT `newsId`,`newsTitle`,`newsRelease`,`newsInfo` FROM `asd_news` WHERE ( newsType = 3 and life = 0 ) LIMIT 2   [ RunTime:0.0000s ]
INFO: [ view_parse ] --START--
INFO: [ template_filter ] --START--
INFO: Run Behavior\ContentReplaceBehavior [ RunTime:0.000000s ]
INFO: [ template_filter ] --END-- [ RunTime:0.000000s ]
NOTIC: [8] Undefined index: webCompnayarea D:\phpStudy\WWW\asd\Application\Runtime\Cache\Home\cecb45903f8aa0e33f62e7ce7ef7b49f.php 第 202 行.
NOTIC: [8] Undefined index: webCompnayaddr D:\phpStudy\WWW\asd\Application\Runtime\Cache\Home\cecb45903f8aa0e33f62e7ce7ef7b49f.php 第 202 行.
INFO: Run Behavior\ParseTemplateBehavior [ RunTime:0.026000s ]
INFO: [ view_parse ] --END-- [ RunTime:0.026000s ]
INFO: [ view_filter ] --START--
INFO: Run Behavior\WriteHtmlCacheBehavior [ RunTime:0.000000s ]
INFO: [ view_filter ] --END-- [ RunTime:0.000000s ]
INFO: [ app_end ] --START--
INFO: Run Behavior\ShowPageTraceBehavior [ RunTime:0.000000s ]
INFO: [ app_end ] --END-- [ RunTime:0.000000s ]

[ 2017-06-01T21:10:58+08:00 ] 127.0.0.1 /Index/caseAll
INFO: [ app_init ] --START--
INFO: Run Behavior\BuildLiteBehavior [ RunTime:0.000000s ]
INFO: [ app_init ] --END-- [ RunTime:0.000000s ]
INFO: [ app_begin ] --START--
INFO: Run Behavior\ReadHtmlCacheBehavior [ RunTime:0.000000s ]
INFO: [ app_begin ] --END-- [ RunTime:0.000000s ]
SQL: SHOW COLUMNS FROM `asd_case` [ RunTime:0.0050s ]
SQL: SHOW COLUMNS FROM `asd_case` [ RunTime:0.0050s ]
SQL: SHOW COLUMNS FROM `asd_casearea` [ RunTime:0.0040s ]
SQL: SHOW COLUMNS FROM `asd_casetype` [ RunTime:0.0040s ]
SQL: SHOW COLUMNS FROM `asd_casesize` [ RunTime:0.0040s ]
NOTIC: [8] Undefined variable: sreach D:\phpStudy\WWW\asd\Application\Home\Model\CaseModel.class.php 第 67 行.
SQL: SELECT * FROM `asd_case` WHERE `life` = 0  [ RunTime:0.0010s ]
SQL: SELECT * FROM `asd_case` WHERE `life` = 0 LIMIT 0,9   [ RunTime:0.0000s ]
NOTIC: [8] Undefined variable: sreach D:\phpStudy\WWW\asd\Application\Home\Model\CaseModel.class.php 第 81 行.
SQL: SELECT * FROM `asd_casearea`  [ RunTime:0.0010s ]
SQL: SELECT * FROM `asd_casetype`  [ RunTime:0.0000s ]
SQL: SELECT * FROM `asd_casesize`  [ RunTime:0.0000s ]
NOTIC: [8] Undefined index: casetypeId D:\phpStudy\WWW\asd\Application\Home\Controller\IndexController.class.php 第 48 行.
SQL: SHOW COLUMNS FROM `asd_webinfo` [ RunTime:0.0040s ]
SQL: SHOW COLUMNS FROM `asd_webinfo` [ RunTime:0.0040s ]
SQL: SELECT * FROM `asd_webinfo` LIMIT 1   [ RunTime:0.0000s ]
SQL: SHOW COLUMNS FROM `asd_news` [ RunTime:0.0050s ]
SQL: SHOW COLUMNS FROM `asd_news` [ RunTime:0.0040s ]
SQL: SELECT `newsId`,`newsTitle`,`newsRelease`,`newsInfo` FROM `asd_news` WHERE ( newsType = 1 and life = 0 ) LIMIT 2   [ RunTime:0.0010s ]
SQL: SELECT `newsId`,`newsTitle`,`newsRelease`,`newsInfo` FROM `asd_news` WHERE ( newsType = 2 and life = 0 ) LIMIT 2   [ RunTime:0.0000s ]
SQL: SELECT `newsId`,`newsTitle`,`newsRelease`,`newsInfo` FROM `asd_news` WHERE ( newsType = 3 and life = 0 ) LIMIT 2   [ RunTime:0.0000s ]
INFO: [ view_parse ] --START--
INFO: [ template_filter ] --START--
INFO: Run Behavior\ContentReplaceBehavior [ RunTime:0.000000s ]
INFO: [ template_filter ] --END-- [ RunTime:0.000000s ]
NOTIC: [8] Undefined variable: rel D:\phpStudy\WWW\asd\Application\Runtime\Cache\Home\4cf0f5e7aaa9aa19d62e599d3a2477a7.php 第 111 行.
NOTIC: [8] Undefined index: webCompnayarea D:\phpStudy\WWW\asd\Application\Runtime\Cache\Home\4cf0f5e7aaa9aa19d62e599d3a2477a7.php 第 286 行.
NOTIC: [8] Undefined index: webCompnayaddr D:\phpStudy\WWW\asd\Application\Runtime\Cache\Home\4cf0f5e7aaa9aa19d62e599d3a2477a7.php 第 286 行.
INFO: Run Behavior\ParseTemplateBehavior [ RunTime:0.014000s ]
INFO: [ view_parse ] --END-- [ RunTime:0.014000s ]
INFO: [ view_filter ] --START--
INFO: Run Behavior\WriteHtmlCacheBehavior [ RunTime:0.000000s ]
INFO: [ view_filter ] --END-- [ RunTime:0.001000s ]
INFO: [ app_end ] --START--
INFO: Run Behavior\ShowPageTraceBehavior [ RunTime:0.000000s ]
INFO: [ app_end ] --END-- [ RunTime:0.000000s ]

[ 2017-06-01T21:10:58+08:00 ] 127.0.0.1 /
INFO: [ app_init ] --START--
INFO: Run Behavior\BuildLiteBehavior [ RunTime:0.000000s ]
INFO: [ app_init ] --END-- [ RunTime:0.000000s ]
INFO: [ app_begin ] --START--
INFO: Run Behavior\ReadHtmlCacheBehavior [ RunTime:0.001000s ]
INFO: [ app_begin ] --END-- [ RunTime:0.001000s ]
SQL: SHOW COLUMNS FROM `asd_case` [ RunTime:0.0040s ]
SQL: SHOW COLUMNS FROM `asd_case` [ RunTime:0.0040s ]
SQL: SHOW COLUMNS FROM `asd_casetype` [ RunTime:0.0030s ]
SQL: SHOW COLUMNS FROM `asd_news` [ RunTime:0.0040s ]
SQL: SELECT * FROM `asd_case` WHERE ( caseRecentshow = 1 and life = 0 ) LIMIT 9   [ RunTime:0.0010s ]
SQL: SELECT * FROM `asd_casetype` WHERE ( caseTypeShow = 1 )  [ RunTime:0.0000s ]
SQL: SELECT * FROM `asd_news` WHERE ( newsType = 4 and  newsShow = 0 and life = 0 ) LIMIT 1   [ RunTime:0.0000s ]
SQL: SELECT * FROM `asd_news` WHERE ( newsType = 4 and  newsShow = 0 and life = 0 ) LIMIT 1,5   [ RunTime:0.0000s ]
SQL: SELECT * FROM `asd_news` WHERE ( newsType = 2 and  newsShow = 0 and life = 0 ) LIMIT 1   [ RunTime:0.0000s ]
SQL: SELECT * FROM `asd_news` WHERE ( newsType = 2 and  newsShow = 0 and life = 0 ) LIMIT 1,5   [ RunTime:0.0000s ]
SQL: SELECT * FROM `asd_news` WHERE ( newsType = 3 and  newsShow = 0 and life = 0 ) LIMIT 1   [ RunTime:0.0000s ]
SQL: SELECT * FROM `asd_news` WHERE ( newsType = 3 and  newsShow = 0 and life = 0 ) LIMIT 1,5   [ RunTime:0.0000s ]
SQL: SHOW COLUMNS FROM `asd_webinfo` [ RunTime:0.0040s ]
SQL: SHOW COLUMNS FROM `asd_webinfo` [ RunTime:0.0030s ]
SQL: SELECT * FROM `asd_webinfo` LIMIT 1   [ RunTime:0.0000s ]
SQL: SHOW COLUMNS FROM `asd_news` [ RunTime:0.0050s ]
SQL: SELECT `newsId`,`newsTitle`,`newsRelease`,`newsInfo` FROM `asd_news` WHERE ( newsType = 1 and life = 0 ) LIMIT 2   [ RunTime:0.0000s ]
SQL: SELECT `newsId`,`newsTitle`,`newsRelease`,`newsInfo` FROM `asd_news` WHERE ( newsType = 2 and life = 0 ) LIMIT 2   [ RunTime:0.0000s ]
SQL: SELECT `newsId`,`newsTitle`,`newsRelease`,`newsInfo` FROM `asd_news` WHERE ( newsType = 3 and life = 0 ) LIMIT 2   [ RunTime:0.0010s ]
INFO: [ view_parse ] --START--
INFO: [ template_filter ] --START--
INFO: Run Behavior\ContentReplaceBehavior [ RunTime:0.000000s ]
INFO: [ template_filter ] --END-- [ RunTime:0.000000s ]
NOTIC: [8] Undefined index: webCompnayarea D:\phpStudy\WWW\asd\Application\Runtime\Cache\Home\2a94b8bda04ff446dcedd42276fc99ee.php 第 763 行.
NOTIC: [8] Undefined index: webCompnayaddr D:\phpStudy\WWW\asd\Application\Runtime\Cache\Home\2a94b8bda04ff446dcedd42276fc99ee.php 第 763 行.
INFO: Run Behavior\ParseTemplateBehavior [ RunTime:0.023000s ]
INFO: [ view_parse ] --END-- [ RunTime:0.023000s ]
INFO: [ view_filter ] --START--
INFO: Run Behavior\WriteHtmlCacheBehavior [ RunTime:0.001000s ]
INFO: [ view_filter ] --END-- [ RunTime:0.001000s ]
INFO: [ app_end ] --START--
INFO: Run Behavior\ShowPageTraceBehavior [ RunTime:0.001000s ]
INFO: [ app_end ] --END-- [ RunTime:0.001000s ]

[ 2017-06-01T21:10:59+08:00 ] 127.0.0.1 /Index/caseAll
INFO: [ app_init ] --START--
INFO: Run Behavior\BuildLiteBehavior [ RunTime:0.000000s ]
INFO: [ app_init ] --END-- [ RunTime:0.001000s ]
INFO: [ app_begin ] --START--
INFO: Run Behavior\ReadHtmlCacheBehavior [ RunTime:0.001000s ]
INFO: [ app_begin ] --END-- [ RunTime:0.001000s ]
SQL: SHOW COLUMNS FROM `asd_case` [ RunTime:0.0040s ]
SQL: SHOW COLUMNS FROM `asd_case` [ RunTime:0.0040s ]
SQL: SHOW COLUMNS FROM `asd_casearea` [ RunTime:0.0040s ]
SQL: SHOW COLUMNS FROM `asd_casetype` [ RunTime:0.0040s ]
SQL: SHOW COLUMNS FROM `asd_casesize` [ RunTime:0.0040s ]
NOTIC: [8] Undefined variable: sreach D:\phpStudy\WWW\asd\Application\Home\Model\CaseModel.class.php 第 67 行.
SQL: SELECT * FROM `asd_case` WHERE `life` = 0  [ RunTime:0.0000s ]
SQL: SELECT * FROM `asd_case` WHERE `life` = 0 LIMIT 0,9   [ RunTime:0.0000s ]
NOTIC: [8] Undefined variable: sreach D:\phpStudy\WWW\asd\Application\Home\Model\CaseModel.class.php 第 81 行.
SQL: SELECT * FROM `asd_casearea`  [ RunTime:0.0010s ]
SQL: SELECT * FROM `asd_casetype`  [ RunTime:0.0000s ]
SQL: SELECT * FROM `asd_casesize`  [ RunTime:0.0000s ]
NOTIC: [8] Undefined index: casetypeId D:\phpStudy\WWW\asd\Application\Home\Controller\IndexController.class.php 第 48 行.
SQL: SHOW COLUMNS FROM `asd_webinfo` [ RunTime:0.0040s ]
SQL: SHOW COLUMNS FROM `asd_webinfo` [ RunTime:0.0040s ]
SQL: SELECT * FROM `asd_webinfo` LIMIT 1   [ RunTime:0.0000s ]
SQL: SHOW COLUMNS FROM `asd_news` [ RunTime:0.0040s ]
SQL: SHOW COLUMNS FROM `asd_news` [ RunTime:0.0040s ]
SQL: SELECT `newsId`,`newsTitle`,`newsRelease`,`newsInfo` FROM `asd_news` WHERE ( newsType = 1 and life = 0 ) LIMIT 2   [ RunTime:0.0000s ]
SQL: SELECT `newsId`,`newsTitle`,`newsRelease`,`newsInfo` FROM `asd_news` WHERE ( newsType = 2 and life = 0 ) LIMIT 2   [ RunTime:0.0010s ]
SQL: SELECT `newsId`,`newsTitle`,`newsRelease`,`newsInfo` FROM `asd_news` WHERE ( newsType = 3 and life = 0 ) LIMIT 2   [ RunTime:0.0000s ]
INFO: [ view_parse ] --START--
INFO: [ template_filter ] --START--
INFO: Run Behavior\ContentReplaceBehavior [ RunTime:0.000000s ]
INFO: [ template_filter ] --END-- [ RunTime:0.000000s ]
NOTIC: [8] Undefined variable: rel D:\phpStudy\WWW\asd\Application\Runtime\Cache\Home\4cf0f5e7aaa9aa19d62e599d3a2477a7.php 第 111 行.
NOTIC: [8] Undefined index: webCompnayarea D:\phpStudy\WWW\asd\Application\Runtime\Cache\Home\4cf0f5e7aaa9aa19d62e599d3a2477a7.php 第 286 行.
NOTIC: [8] Undefined index: webCompnayaddr D:\phpStudy\WWW\asd\Application\Runtime\Cache\Home\4cf0f5e7aaa9aa19d62e599d3a2477a7.php 第 286 行.
INFO: Run Behavior\ParseTemplateBehavior [ RunTime:0.014000s ]
INFO: [ view_parse ] --END-- [ RunTime:0.014000s ]
INFO: [ view_filter ] --START--
INFO: Run Behavior\WriteHtmlCacheBehavior [ RunTime:0.001000s ]
INFO: [ view_filter ] --END-- [ RunTime:0.001000s ]
INFO: [ app_end ] --START--
INFO: Run Behavior\ShowPageTraceBehavior [ RunTime:0.000000s ]
INFO: [ app_end ] --END-- [ RunTime:0.000000s ]

[ 2017-06-01T21:11:00+08:00 ] 127.0.0.1 /
INFO: [ app_init ] --START--
INFO: Run Behavior\BuildLiteBehavior [ RunTime:0.000000s ]
INFO: [ app_init ] --END-- [ RunTime:0.000000s ]
INFO: [ app_begin ] --START--
INFO: Run Behavior\ReadHtmlCacheBehavior [ RunTime:0.001000s ]
INFO: [ app_begin ] --END-- [ RunTime:0.001000s ]
SQL: SHOW COLUMNS FROM `asd_case` [ RunTime:0.0050s ]
SQL: SHOW COLUMNS FROM `asd_case` [ RunTime:0.0040s ]
SQL: SHOW COLUMNS FROM `asd_casetype` [ RunTime:0.0040s ]
SQL: SHOW COLUMNS FROM `asd_news` [ RunTime:0.0050s ]
SQL: SELECT * FROM `asd_case` WHERE ( caseRecentshow = 1 and life = 0 ) LIMIT 9   [ RunTime:0.0000s ]
SQL: SELECT * FROM `asd_casetype` WHERE ( caseTypeShow = 1 )  [ RunTime:0.0000s ]
SQL: SELECT * FROM `asd_news` WHERE ( newsType = 4 and  newsShow = 0 and life = 0 ) LIMIT 1   [ RunTime:0.0000s ]
SQL: SELECT * FROM `asd_news` WHERE ( newsType = 4 and  newsShow = 0 and life = 0 ) LIMIT 1,5   [ RunTime:0.0010s ]
SQL: SELECT * FROM `asd_news` WHERE ( newsType = 2 and  newsShow = 0 and life = 0 ) LIMIT 1   [ RunTime:0.0000s ]
SQL: SELECT * FROM `asd_news` WHERE ( newsType = 2 and  newsShow = 0 and life = 0 ) LIMIT 1,5   [ RunTime:0.0010s ]
SQL: SELECT * FROM `asd_news` WHERE ( newsType = 3 and  newsShow = 0 and life = 0 ) LIMIT 1   [ RunTime:0.0000s ]
SQL: SELECT * FROM `asd_news` WHERE ( newsType = 3 and  newsShow = 0 and life = 0 ) LIMIT 1,5   [ RunTime:0.0000s ]
SQL: SHOW COLUMNS FROM `asd_webinfo` [ RunTime:0.0040s ]
SQL: SHOW COLUMNS FROM `asd_webinfo` [ RunTime:0.0030s ]
SQL: SELECT * FROM `asd_webinfo` LIMIT 1   [ RunTime:0.0000s ]
SQL: SHOW COLUMNS FROM `asd_news` [ RunTime:0.0040s ]
SQL: SELECT `newsId`,`newsTitle`,`newsRelease`,`newsInfo` FROM `asd_news` WHERE ( newsType = 1 and life = 0 ) LIMIT 2   [ RunTime:0.0000s ]
SQL: SELECT `newsId`,`newsTitle`,`newsRelease`,`newsInfo` FROM `asd_news` WHERE ( newsType = 2 and life = 0 ) LIMIT 2   [ RunTime:0.0000s ]
SQL: SELECT `newsId`,`newsTitle`,`newsRelease`,`newsInfo` FROM `asd_news` WHERE ( newsType = 3 and life = 0 ) LIMIT 2   [ RunTime:0.0010s ]
INFO: [ view_parse ] --START--
INFO: [ template_filter ] --START--
INFO: Run Behavior\ContentReplaceBehavior [ RunTime:0.001000s ]
INFO: [ template_filter ] --END-- [ RunTime:0.001000s ]
NOTIC: [8] Undefined index: webCompnayarea D:\phpStudy\WWW\asd\Application\Runtime\Cache\Home\2a94b8bda04ff446dcedd42276fc99ee.php 第 763 行.
NOTIC: [8] Undefined index: webCompnayaddr D:\phpStudy\WWW\asd\Application\Runtime\Cache\Home\2a94b8bda04ff446dcedd42276fc99ee.php 第 763 行.
INFO: Run Behavior\ParseTemplateBehavior [ RunTime:0.021000s ]
INFO: [ view_parse ] --END-- [ RunTime:0.021000s ]
INFO: [ view_filter ] --START--
INFO: Run Behavior\WriteHtmlCacheBehavior [ RunTime:0.001000s ]
INFO: [ view_filter ] --END-- [ RunTime:0.001000s ]
INFO: [ app_end ] --START--
INFO: Run Behavior\ShowPageTraceBehavior [ RunTime:0.000000s ]
INFO: [ app_end ] --END-- [ RunTime:0.000000s ]

[ 2017-06-01T21:42:37+08:00 ] 127.0.0.1 /Public/Css/images/bg.jpg
INFO: [ app_init ] --START--
INFO: Run Behavior\BuildLiteBehavior [ RunTime:0.000000s ]
INFO: [ app_init ] --END-- [ RunTime:0.000000s ]

[ 2017-06-01T21:42:41+08:00 ] 127.0.0.1 /Home/Index/path
INFO: [ app_init ] --START--
INFO: Run Behavior\BuildLiteBehavior [ RunTime:0.000000s ]
INFO: [ app_init ] --END-- [ RunTime:0.001000s ]
INFO: [ app_begin ] --START--
INFO: Run Behavior\ReadHtmlCacheBehavior [ RunTime:0.001000s ]
INFO: [ app_begin ] --END-- [ RunTime:0.001000s ]
ERR: 非法操作:path

[ 2017-06-01T21:42:50+08:00 ] 127.0.0.1 /Home/Index/path
INFO: [ app_init ] --START--
INFO: Run Behavior\BuildLiteBehavior [ RunTime:0.000000s ]
INFO: [ app_init ] --END-- [ RunTime:0.001000s ]
INFO: [ app_begin ] --START--
INFO: Run Behavior\ReadHtmlCacheBehavior [ RunTime:0.000000s ]
INFO: [ app_begin ] --END-- [ RunTime:0.000000s ]
ERR: 非法操作:path

[ 2017-06-01T21:42:53+08:00 ] 127.0.0.1 /Home/Index/path
INFO: [ app_init ] --START--
INFO: Run Behavior\BuildLiteBehavior [ RunTime:0.000000s ]
INFO: [ app_init ] --END-- [ RunTime:0.001000s ]
INFO: [ app_begin ] --START--
INFO: Run Behavior\ReadHtmlCacheBehavior [ RunTime:0.001000s ]
INFO: [ app_begin ] --END-- [ RunTime:0.001000s ]
ERR: 非法操作:path

[ 2017-06-01T21:42:53+08:00 ] 127.0.0.1 /Home/Index/path
INFO: [ app_init ] --START--
INFO: Run Behavior\BuildLiteBehavior [ RunTime:0.000000s ]
INFO: [ app_init ] --END-- [ RunTime:0.001000s ]
INFO: [ app_begin ] --START--
INFO: Run Behavior\ReadHtmlCacheBehavior [ RunTime:0.001000s ]
INFO: [ app_begin ] --END-- [ RunTime:0.001000s ]
ERR: 非法操作:path

[ 2017-06-01T21:42:53+08:00 ] 127.0.0.1 /Home/Index/path
INFO: [ app_init ] --START--
INFO: Run Behavior\BuildLiteBehavior [ RunTime:0.000000s ]
INFO: [ app_init ] --END-- [ RunTime:0.001000s ]
INFO: [ app_begin ] --START--
INFO: Run Behavior\ReadHtmlCacheBehavior [ RunTime:0.001000s ]
INFO: [ app_begin ] --END-- [ RunTime:0.001000s ]
ERR: 非法操作:path

[ 2017-06-01T21:42:53+08:00 ] 127.0.0.1 /Home/Index/path
INFO: [ app_init ] --START--
INFO: Run Behavior\BuildLiteBehavior [ RunTime:0.000000s ]
INFO: [ app_init ] --END-- [ RunTime:0.000000s ]
INFO: [ app_begin ] --START--
INFO: Run Behavior\ReadHtmlCacheBehavior [ RunTime:0.000000s ]
INFO: [ app_begin ] --END-- [ RunTime:0.000000s ]
ERR: 非法操作:path

[ 2017-06-01T21:42:53+08:00 ] 127.0.0.1 /Home/Index/path
INFO: [ app_init ] --START--
INFO: Run Behavior\BuildLiteBehavior [ RunTime:0.000000s ]
INFO: [ app_init ] --END-- [ RunTime:0.000000s ]
INFO: [ app_begin ] --START--
INFO: Run Behavior\ReadHtmlCacheBehavior [ RunTime:0.000000s ]
INFO: [ app_begin ] --END-- [ RunTime:0.000000s ]
ERR: 非法操作:path

[ 2017-06-01T21:42:53+08:00 ] 127.0.0.1 /Home/Index/path
INFO: [ app_init ] --START--
INFO: Run Behavior\BuildLiteBehavior [ RunTime:0.000000s ]
INFO: [ app_init ] --END-- [ RunTime:0.000000s ]
INFO: [ app_begin ] --START--
INFO: Run Behavior\ReadHtmlCacheBehavior [ RunTime:0.000000s ]
INFO: [ app_begin ] --END-- [ RunTime:0.001000s ]
ERR: 非法操作:path

[ 2017-06-01T21:42:53+08:00 ] 127.0.0.1 /Home/Index/path
INFO: [ app_init ] --START--
INFO: Run Behavior\BuildLiteBehavior [ RunTime:0.000000s ]
INFO: [ app_init ] --END-- [ RunTime:0.001000s ]
INFO: [ app_begin ] --START--
INFO: Run Behavior\ReadHtmlCacheBehavior [ RunTime:0.001000s ]
INFO: [ app_begin ] --END-- [ RunTime:0.001000s ]
ERR: 非法操作:path

[ 2017-06-01T21:42:53+08:00 ] 127.0.0.1 /Home/Index/path
INFO: [ app_init ] --START--
INFO: Run Behavior\BuildLiteBehavior [ RunTime:0.000000s ]
INFO: [ app_init ] --END-- [ RunTime:0.000000s ]
INFO: [ app_begin ] --START--
INFO: Run Behavior\ReadHtmlCacheBehavior [ RunTime:0.000000s ]
INFO: [ app_begin ] --END-- [ RunTime:0.000000s ]
ERR: 非法操作:path

[ 2017-06-01T21:42:53+08:00 ] 127.0.0.1 /Home/Index/path
INFO: [ app_init ] --START--
INFO: Run Behavior\BuildLiteBehavior [ RunTime:0.000000s ]
INFO: [ app_init ] --END-- [ RunTime:0.001000s ]
INFO: [ app_begin ] --START--
INFO: Run Behavior\ReadHtmlCacheBehavior [ RunTime:0.000000s ]
INFO: [ app_begin ] --END-- [ RunTime:0.000000s ]
ERR: 非法操作:path

[ 2017-06-01T21:42:59+08:00 ] 127.0.0.1 /Home/Index/path
INFO: [ app_init ] --START--
INFO: Run Behavior\BuildLiteBehavior [ RunTime:0.000000s ]
INFO: [ app_init ] --END-- [ RunTime:0.000000s ]
INFO: [ app_begin ] --START--
INFO: Run Behavior\ReadHtmlCacheBehavior [ RunTime:0.000000s ]
INFO: [ app_begin ] --END-- [ RunTime:0.000000s ]
ERR: 非法操作:path

[ 2017-06-01T21:42:59+08:00 ] 127.0.0.1 /Home/Index/path
INFO: [ app_init ] --START--
INFO: Run Behavior\BuildLiteBehavior [ RunTime:0.000000s ]
INFO: [ app_init ] --END-- [ RunTime:0.001000s ]
INFO: [ app_begin ] --START--
INFO: Run Behavior\ReadHtmlCacheBehavior [ RunTime:0.001000s ]
INFO: [ app_begin ] --END-- [ RunTime:0.001000s ]
ERR: 非法操作:path

[ 2017-06-01T21:42:59+08:00 ] 127.0.0.1 /Home/Index/path
INFO: [ app_init ] --START--
INFO: Run Behavior\BuildLiteBehavior [ RunTime:0.000000s ]
INFO: [ app_init ] --END-- [ RunTime:0.000000s ]
INFO: [ app_begin ] --START--
INFO: Run Behavior\ReadHtmlCacheBehavior [ RunTime:0.000000s ]
INFO: [ app_begin ] --END-- [ RunTime:0.000000s ]
ERR: 非法操作:path

[ 2017-06-01T21:42:59+08:00 ] 127.0.0.1 /Home/Index/path
INFO: [ app_init ] --START--
INFO: Run Behavior\BuildLiteBehavior [ RunTime:0.000000s ]
INFO: [ app_init ] --END-- [ RunTime:0.001000s ]
INFO: [ app_begin ] --START--
INFO: Run Behavior\ReadHtmlCacheBehavior [ RunTime:0.001000s ]
INFO: [ app_begin ] --END-- [ RunTime:0.001000s ]
ERR: 非法操作:path

[ 2017-06-01T21:42:59+08:00 ] 127.0.0.1 /Home/Index/path
INFO: [ app_init ] --START--
INFO: Run Behavior\BuildLiteBehavior [ RunTime:0.000000s ]
INFO: [ app_init ] --END-- [ RunTime:0.001000s ]
INFO: [ app_begin ] --START--
INFO: Run Behavior\ReadHtmlCacheBehavior [ RunTime:0.000000s ]
INFO: [ app_begin ] --END-- [ RunTime:0.001000s ]
ERR: 非法操作:path

[ 2017-06-01T21:42:59+08:00 ] 127.0.0.1 /Home/Index/path
INFO: [ app_init ] --START--
INFO: Run Behavior\BuildLiteBehavior [ RunTime:0.000000s ]
INFO: [ app_init ] --END-- [ RunTime:0.001000s ]
INFO: [ app_begin ] --START--
INFO: Run Behavior\ReadHtmlCacheBehavior [ RunTime:0.000000s ]
INFO: [ app_begin ] --END-- [ RunTime:0.000000s ]
ERR: 非法操作:path

[ 2017-06-01T21:42:59+08:00 ] 127.0.0.1 /Home/Index/path
INFO: [ app_init ] --START--
INFO: Run Behavior\BuildLiteBehavior [ RunTime:0.000000s ]
INFO: [ app_init ] --END-- [ RunTime:0.000000s ]
INFO: [ app_begin ] --START--
INFO: Run Behavior\ReadHtmlCacheBehavior [ RunTime:0.001000s ]
INFO: [ app_begin ] --END-- [ RunTime:0.001000s ]
ERR: 非法操作:path

[ 2017-06-01T21:42:59+08:00 ] 127.0.0.1 /Home/Index/path
INFO: [ app_init ] --START--
INFO: Run Behavior\BuildLiteBehavior [ RunTime:0.000000s ]
INFO: [ app_init ] --END-- [ RunTime:0.000000s ]
INFO: [ app_begin ] --START--
INFO: Run Behavior\ReadHtmlCacheBehavior [ RunTime:0.001000s ]
INFO: [ app_begin ] --END-- [ RunTime:0.001000s ]
ERR: 非法操作:path

[ 2017-06-01T21:42:59+08:00 ] 127.0.0.1 /Home/Index/path
INFO: [ app_init ] --START--
INFO: Run Behavior\BuildLiteBehavior [ RunTime:0.000000s ]
INFO: [ app_init ] --END-- [ RunTime:0.000000s ]
INFO: [ app_begin ] --START--
INFO: Run Behavior\ReadHtmlCacheBehavior [ RunTime:0.000000s ]
INFO: [ app_begin ] --END-- [ RunTime:0.000000s ]
ERR: 非法操作:path

[ 2017-06-01T21:43:11+08:00 ] 127.0.0.1 /Home/Index/path
INFO: [ app_init ] --START--
INFO: Run Behavior\BuildLiteBehavior [ RunTime:0.000000s ]
INFO: [ app_init ] --END-- [ RunTime:0.000000s ]
INFO: [ app_begin ] --START--
INFO: Run Behavior\ReadHtmlCacheBehavior [ RunTime:0.000000s ]
INFO: [ app_begin ] --END-- [ RunTime:0.000000s ]
ERR: 非法操作:path

[ 2017-06-01T22:17:04+08:00 ] 127.0.0.1 /Home/Index/path
INFO: [ app_init ] --START--
INFO: Run Behavior\BuildLiteBehavior [ RunTime:0.000000s ]
INFO: [ app_init ] --END-- [ RunTime:0.001000s ]
INFO: [ app_begin ] --START--
INFO: Run Behavior\ReadHtmlCacheBehavior [ RunTime:0.001000s ]
INFO: [ app_begin ] --END-- [ RunTime:0.001000s ]
ERR: 非法操作:path

[ 2017-06-01T22:17:14+08:00 ] 127.0.0.1 /Home/Index/path
INFO: [ app_init ] --START--
INFO: Run Behavior\BuildLiteBehavior [ RunTime:0.000000s ]
INFO: [ app_init ] --END-- [ RunTime:0.001000s ]
INFO: [ app_begin ] --START--
INFO: Run Behavior\ReadHtmlCacheBehavior [ RunTime:0.001000s ]
INFO: [ app_begin ] --END-- [ RunTime:0.001000s ]
ERR: 非法操作:path

[ 2017-06-01T22:17:19+08:00 ] 127.0.0.1 /Home/Index/path
INFO: [ app_init ] --START--
INFO: Run Behavior\BuildLiteBehavior [ RunTime:0.000000s ]
INFO: [ app_init ] --END-- [ RunTime:0.000000s ]
INFO: [ app_begin ] --START--
INFO: Run Behavior\ReadHtmlCacheBehavior [ RunTime:0.000000s ]
INFO: [ app_begin ] --END-- [ RunTime:0.000000s ]
ERR: 非法操作:path

[ 2017-06-01T22:18:17+08:00 ] 127.0.0.1 /Public/Case/1/undefined.jpg
INFO: [ app_init ] --START--
INFO: Run Behavior\BuildLiteBehavior [ RunTime:0.000000s ]
INFO: [ app_init ] --END-- [ RunTime:0.000000s ]

[ 2017-06-01T22:18:17+08:00 ] 127.0.0.1 /Home/Index/path
INFO: [ app_init ] --START--
INFO: Run Behavior\BuildLiteBehavior [ RunTime:0.000000s ]
INFO: [ app_init ] --END-- [ RunTime:0.001000s ]
INFO: [ app_begin ] --START--
INFO: Run Behavior\ReadHtmlCacheBehavior [ RunTime:0.000000s ]
INFO: [ app_begin ] --END-- [ RunTime:0.000000s ]
ERR: 非法操作:path

[ 2017-06-01T22:20:32+08:00 ] 127.0.0.1 /Home/Index/path
INFO: [ app_init ] --START--
INFO: Run Behavior\BuildLiteBehavior [ RunTime:0.000000s ]
INFO: [ app_init ] --END-- [ RunTime:0.001000s ]
INFO: [ app_begin ] --START--
INFO: Run Behavior\ReadHtmlCacheBehavior [ RunTime:0.000000s ]
INFO: [ app_begin ] --END-- [ RunTime:0.000000s ]
ERR: 非法操作:path

[ 2017-06-01T22:20:32+08:00 ] 127.0.0.1 /Public/Case/1/undefined.jpg
INFO: [ app_init ] --START--
INFO: Run Behavior\BuildLiteBehavior [ RunTime:0.000000s ]
INFO: [ app_init ] --END-- [ RunTime:0.001000s ]

[ 2017-06-01T22:21:16+08:00 ] 127.0.0.1 /Public/Case/1/undefined.jpg
INFO: [ app_init ] --START--
INFO: Run Behavior\BuildLiteBehavior [ RunTime:0.000000s ]
INFO: [ app_init ] --END-- [ RunTime:0.000000s ]

[ 2017-06-01T22:21:16+08:00 ] 127.0.0.1 /Home/Index/path
INFO: [ app_init ] --START--
INFO: Run Behavior\BuildLiteBehavior [ RunTime:0.000000s ]
INFO: [ app_init ] --END-- [ RunTime:0.001000s ]
INFO: [ app_begin ] --START--
INFO: Run Behavior\ReadHtmlCacheBehavior [ RunTime:0.001000s ]
INFO: [ app_begin ] --END-- [ RunTime:0.001000s ]
ERR: 非法操作:path

[ 2017-06-01T22:21:46+08:00 ] 127.0.0.1 /Home/Index/path
INFO: [ app_init ] --START--
INFO: Run Behavior\BuildLiteBehavior [ RunTime:0.000000s ]
INFO: [ app_init ] --END-- [ RunTime:0.001000s ]
INFO: [ app_begin ] --START--
INFO: Run Behavior\ReadHtmlCacheBehavior [ RunTime:0.000000s ]
INFO: [ app_begin ] --END-- [ RunTime:0.000000s ]
ERR: 非法操作:path

[ 2017-06-01T22:22:11+08:00 ] 127.0.0.1 /Home/Index/path
INFO: [ app_init ] --START--
INFO: Run Behavior\BuildLiteBehavior [ RunTime:0.000000s ]
INFO: [ app_init ] --END-- [ RunTime:0.001000s ]
INFO: [ app_begin ] --START--
INFO: Run Behavior\ReadHtmlCacheBehavior [ RunTime:0.000000s ]
INFO: [ app_begin ] --END-- [ RunTime:0.000000s ]
ERR: 非法操作:path

[ 2017-06-01T22:22:41+08:00 ] 127.0.0.1 /Home/Index/path
INFO: [ app_init ] --START--
INFO: Run Behavior\BuildLiteBehavior [ RunTime:0.000000s ]
INFO: [ app_init ] --END-- [ RunTime:0.001000s ]
INFO: [ app_begin ] --START--
INFO: Run Behavior\ReadHtmlCacheBehavior [ RunTime:0.000000s ]
INFO: [ app_begin ] --END-- [ RunTime:0.000000s ]
ERR: 非法操作:path

[ 2017-06-01T22:22:50+08:00 ] 127.0.0.1 /Home/Index/path
INFO: [ app_init ] --START--
INFO: Run Behavior\BuildLiteBehavior [ RunTime:0.000000s ]
INFO: [ app_init ] --END-- [ RunTime:0.001000s ]
INFO: [ app_begin ] --START--
INFO: Run Behavior\ReadHtmlCacheBehavior [ RunTime:0.001000s ]
INFO: [ app_begin ] --END-- [ RunTime:0.001000s ]
ERR: 非法操作:path

[ 2017-06-01T22:23:10+08:00 ] 127.0.0.1 /Home/Index/path
INFO: [ app_init ] --START--
INFO: Run Behavior\BuildLiteBehavior [ RunTime:0.000000s ]
INFO: [ app_init ] --END-- [ RunTime:0.001000s ]
INFO: [ app_begin ] --START--
INFO: Run Behavior\ReadHtmlCacheBehavior [ RunTime:0.000000s ]
INFO: [ app_begin ] --END-- [ RunTime:0.000000s ]
ERR: 非法操作:path

[ 2017-06-01T22:23:25+08:00 ] 127.0.0.1 /Home/Index/path
INFO: [ app_init ] --START--
INFO: Run Behavior\BuildLiteBehavior [ RunTime:0.000000s ]
INFO: [ app_init ] --END-- [ RunTime:0.001000s ]
INFO: [ app_begin ] --START--
INFO: Run Behavior\ReadHtmlCacheBehavior [ RunTime:0.000000s ]
INFO: [ app_begin ] --END-- [ RunTime:0.000000s ]
ERR: 非法操作:path

[ 2017-06-01T22:23:43+08:00 ] 127.0.0.1 /Home/Index/path
INFO: [ app_init ] --START--
INFO: Run Behavior\BuildLiteBehavior [ RunTime:0.000000s ]
INFO: [ app_init ] --END-- [ RunTime:0.000000s ]
INFO: [ app_begin ] --START--
INFO: Run Behavior\ReadHtmlCacheBehavior [ RunTime:0.001000s ]
INFO: [ app_begin ] --END-- [ RunTime:0.001000s ]
ERR: 非法操作:path

[ 2017-06-01T23:28:21+08:00 ] 127.0.0.1 /
INFO: [ app_init ] --START--
INFO: Run Behavior\BuildLiteBehavior [ RunTime:0.000000s ]
INFO: [ app_init ] --END-- [ RunTime:0.000000s ]
INFO: [ app_begin ] --START--
INFO: Run Behavior\ReadHtmlCacheBehavior [ RunTime:0.000000s ]
INFO: [ app_begin ] --END-- [ RunTime:0.000000s ]
SQL: SHOW COLUMNS FROM `asd_case` [ RunTime:0.0040s ]
SQL: SHOW COLUMNS FROM `asd_case` [ RunTime:0.0040s ]
SQL: SHOW COLUMNS FROM `asd_casetype` [ RunTime:0.0040s ]
SQL: SHOW COLUMNS FROM `asd_news` [ RunTime:0.0040s ]
SQL: SELECT * FROM `asd_case` WHERE ( caseRecentshow = 1 and life = 0 ) LIMIT 9   [ RunTime:0.0000s ]
SQL: SELECT * FROM `asd_casetype` WHERE ( caseTypeShow = 1 )  [ RunTime:0.0000s ]
SQL: SELECT * FROM `asd_news` WHERE ( newsType = 4 and  newsShow = 0 and life = 0 ) LIMIT 1   [ RunTime:0.0000s ]
SQL: SELECT * FROM `asd_news` WHERE ( newsType = 4 and  newsShow = 0 and life = 0 ) LIMIT 1,5   [ RunTime:0.0000s ]
SQL: SELECT * FROM `asd_news` WHERE ( newsType = 2 and  newsShow = 0 and life = 0 ) LIMIT 1   [ RunTime:0.0010s ]
SQL: SELECT * FROM `asd_news` WHERE ( newsType = 2 and  newsShow = 0 and life = 0 ) LIMIT 1,5   [ RunTime:0.0000s ]
SQL: SELECT * FROM `asd_news` WHERE ( newsType = 3 and  newsShow = 0 and life = 0 ) LIMIT 1   [ RunTime:0.0000s ]
SQL: SELECT * FROM `asd_news` WHERE ( newsType = 3 and  newsShow = 0 and life = 0 ) LIMIT 1,5   [ RunTime:0.0010s ]
SQL: SHOW COLUMNS FROM `asd_webinfo` [ RunTime:0.0420s ]
SQL: SHOW COLUMNS FROM `asd_webinfo` [ RunTime:0.0050s ]
SQL: SELECT * FROM `asd_webinfo` LIMIT 1   [ RunTime:0.0150s ]
SQL: SHOW COLUMNS FROM `asd_news` [ RunTime:0.0050s ]
SQL: SELECT `newsId`,`newsTitle`,`newsRelease`,`newsInfo` FROM `asd_news` WHERE ( newsType = 1 and life = 0 ) LIMIT 2   [ RunTime:0.0010s ]
SQL: SELECT `newsId`,`newsTitle`,`newsRelease`,`newsInfo` FROM `asd_news` WHERE ( newsType = 2 and life = 0 ) LIMIT 2   [ RunTime:0.0000s ]
SQL: SELECT `newsId`,`newsTitle`,`newsRelease`,`newsInfo` FROM `asd_news` WHERE ( newsType = 3 and life = 0 ) LIMIT 2   [ RunTime:0.0010s ]
INFO: [ view_parse ] --START--
INFO: [ template_filter ] --START--
INFO: Run Behavior\ContentReplaceBehavior [ RunTime:0.001000s ]
INFO: [ template_filter ] --END-- [ RunTime:0.001000s ]
NOTIC: [8] Undefined index: webCompnayarea D:\phpStudy\WWW\asd\Application\Runtime\Cache\Home\2a94b8bda04ff446dcedd42276fc99ee.php 第 763 行.
NOTIC: [8] Undefined index: webCompnayaddr D:\phpStudy\WWW\asd\Application\Runtime\Cache\Home\2a94b8bda04ff446dcedd42276fc99ee.php 第 763 行.
INFO: Run Behavior\ParseTemplateBehavior [ RunTime:0.078000s ]
INFO: [ view_parse ] --END-- [ RunTime:0.078000s ]
INFO: [ view_filter ] --START--
INFO: Run Behavior\WriteHtmlCacheBehavior [ RunTime:0.001000s ]
INFO: [ view_filter ] --END-- [ RunTime:0.001000s ]
INFO: [ app_end ] --START--
INFO: Run Behavior\ShowPageTraceBehavior [ RunTime:0.001000s ]
INFO: [ app_end ] --END-- [ RunTime:0.001000s ]

[ 2017-06-01T23:28:21+08:00 ] 127.0.0.1 /Home/Index/path
INFO: [ app_init ] --START--
INFO: Run Behavior\BuildLiteBehavior [ RunTime:0.000000s ]
INFO: [ app_init ] --END-- [ RunTime:0.000000s ]
INFO: [ app_begin ] --START--
INFO: Run Behavior\ReadHtmlCacheBehavior [ RunTime:0.001000s ]
INFO: [ app_begin ] --END-- [ RunTime:0.001000s ]
ERR: 非法操作:path

[ 2017-06-01T23:28:21+08:00 ] 127.0.0.1 /Home/Index/path
INFO: [ app_init ] --START--
INFO: Run Behavior\BuildLiteBehavior [ RunTime:0.000000s ]
INFO: [ app_init ] --END-- [ RunTime:0.001000s ]
INFO: [ app_begin ] --START--
INFO: Run Behavior\ReadHtmlCacheBehavior [ RunTime:0.001000s ]
INFO: [ app_begin ] --END-- [ RunTime:0.001000s ]
ERR: 非法操作:path

[ 2017-06-01T23:28:21+08:00 ] 127.0.0.1 /Home/Index/path
INFO: [ app_init ] --START--
INFO: Run Behavior\BuildLiteBehavior [ RunTime:0.000000s ]
INFO: [ app_init ] --END-- [ RunTime:0.003000s ]
INFO: [ app_begin ] --START--
INFO: Run Behavior\ReadHtmlCacheBehavior [ RunTime:0.001000s ]
INFO: [ app_begin ] --END-- [ RunTime:0.001000s ]
ERR: 非法操作:path

[ 2017-06-01T23:28:21+08:00 ] 127.0.0.1 /Home/Index/path
INFO: [ app_init ] --START--
INFO: Run Behavior\BuildLiteBehavior [ RunTime:0.000000s ]
INFO: [ app_init ] --END-- [ RunTime:0.000000s ]
INFO: [ app_begin ] --START--
INFO: Run Behavior\ReadHtmlCacheBehavior [ RunTime:0.001000s ]
INFO: [ app_begin ] --END-- [ RunTime:0.001000s ]
ERR: 非法操作:path

[ 2017-06-01T23:28:21+08:00 ] 127.0.0.1 /Home/Index/path
INFO: [ app_init ] --START--
INFO: Run Behavior\BuildLiteBehavior [ RunTime:0.000000s ]
INFO: [ app_init ] --END-- [ RunTime:0.001000s ]
INFO: [ app_begin ] --START--
INFO: Run Behavior\ReadHtmlCacheBehavior [ RunTime:0.001000s ]
INFO: [ app_begin ] --END-- [ RunTime:0.001000s ]
ERR: 非法操作:path

[ 2017-06-01T23:28:21+08:00 ] 127.0.0.1 /Home/Index/path
INFO: [ app_init ] --START--
INFO: Run Behavior\BuildLiteBehavior [ RunTime:0.000000s ]
INFO: [ app_init ] --END-- [ RunTime:0.000000s ]
INFO: [ app_begin ] --START--
INFO: Run Behavior\ReadHtmlCacheBehavior [ RunTime:0.000000s ]
INFO: [ app_begin ] --END-- [ RunTime:0.000000s ]
ERR: 非法操作:path

[ 2017-06-01T23:28:21+08:00 ] 127.0.0.1 /Home/Index/path
INFO: [ app_init ] --START--
INFO: Run Behavior\BuildLiteBehavior [ RunTime:0.000000s ]
INFO: [ app_init ] --END-- [ RunTime:0.001000s ]
INFO: [ app_begin ] --START--
INFO: Run Behavior\ReadHtmlCacheBehavior [ RunTime:0.000000s ]
INFO: [ app_begin ] --END-- [ RunTime:0.001000s ]
ERR: 非法操作:path

[ 2017-06-01T23:28:21+08:00 ] 127.0.0.1 /Home/Index/path
INFO: [ app_init ] --START--
INFO: Run Behavior\BuildLiteBehavior [ RunTime:0.000000s ]
INFO: [ app_init ] --END-- [ RunTime:0.000000s ]
INFO: [ app_begin ] --START--
INFO: Run Behavior\ReadHtmlCacheBehavior [ RunTime:0.000000s ]
INFO: [ app_begin ] --END-- [ RunTime:0.000000s ]
ERR: 非法操作:path

[ 2017-06-01T23:28:21+08:00 ] 127.0.0.1 /Home/Index/path
INFO: [ app_init ] --START--
INFO: Run Behavior\BuildLiteBehavior [ RunTime:0.000000s ]
INFO: [ app_init ] --END-- [ RunTime:0.000000s ]
INFO: [ app_begin ] --START--
INFO: Run Behavior\ReadHtmlCacheBehavior [ RunTime:0.001000s ]
INFO: [ app_begin ] --END-- [ RunTime:0.001000s ]
ERR: 非法操作:path

[ 2017-06-01T23:52:48+08:00 ] 127.0.0.1 /Home/Index/path
INFO: [ app_init ] --START--
INFO: Run Behavior\BuildLiteBehavior [ RunTime:0.000000s ]
INFO: [ app_init ] --END-- [ RunTime:0.000000s ]
INFO: [ app_begin ] --START--
INFO: Run Behavior\ReadHtmlCacheBehavior [ RunTime:0.000000s ]
INFO: [ app_begin ] --END-- [ RunTime:0.000000s ]
ERR: 非法操作:path

[ 2017-06-01T23:52:48+08:00 ] 127.0.0.1 /Home/Index/path
INFO: [ app_init ] --START--
INFO: Run Behavior\BuildLiteBehavior [ RunTime:0.000000s ]
INFO: [ app_init ] --END-- [ RunTime:0.001000s ]
INFO: [ app_begin ] --START--
INFO: Run Behavior\ReadHtmlCacheBehavior [ RunTime:0.001000s ]
INFO: [ app_begin ] --END-- [ RunTime:0.001000s ]
ERR: 非法操作:path

[ 2017-06-01T23:52:48+08:00 ] 127.0.0.1 /Home/Index/path
INFO: [ app_init ] --START--
INFO: Run Behavior\BuildLiteBehavior [ RunTime:0.000000s ]
INFO: [ app_init ] --END-- [ RunTime:0.000000s ]
INFO: [ app_begin ] --START--
INFO: Run Behavior\ReadHtmlCacheBehavior [ RunTime:0.000000s ]
INFO: [ app_begin ] --END-- [ RunTime:0.000000s ]
ERR: 非法操作:path

[ 2017-06-01T23:52:48+08:00 ] 127.0.0.1 /
INFO: [ app_init ] --START--
INFO: Run Behavior\BuildLiteBehavior [ RunTime:0.000000s ]
INFO: [ app_init ] --END-- [ RunTime:0.000000s ]
INFO: [ app_begin ] --START--
INFO: Run Behavior\ReadHtmlCacheBehavior [ RunTime:0.000000s ]
INFO: [ app_begin ] --END-- [ RunTime:0.000000s ]
SQL: SHOW COLUMNS FROM `asd_case` [ RunTime:0.0050s ]
SQL: SHOW COLUMNS FROM `asd_case` [ RunTime:0.0050s ]
SQL: SHOW COLUMNS FROM `asd_casetype` [ RunTime:0.0040s ]
SQL: SHOW COLUMNS FROM `asd_news` [ RunTime:0.0040s ]
SQL: SELECT * FROM `asd_case` WHERE ( caseRecentshow = 1 and life = 0 ) LIMIT 9   [ RunTime:0.0000s ]
SQL: SELECT * FROM `asd_casetype` WHERE ( caseTypeShow = 1 )  [ RunTime:0.0010s ]
SQL: SELECT * FROM `asd_news` WHERE ( newsType = 4 and  newsShow = 0 and life = 0 ) LIMIT 1   [ RunTime:0.0000s ]
SQL: SELECT * FROM `asd_news` WHERE ( newsType = 4 and  newsShow = 0 and life = 0 ) LIMIT 1,5   [ RunTime:0.0000s ]
SQL: SELECT * FROM `asd_news` WHERE ( newsType = 2 and  newsShow = 0 and life = 0 ) LIMIT 1   [ RunTime:0.0000s ]
SQL: SELECT * FROM `asd_news` WHERE ( newsType = 2 and  newsShow = 0 and life = 0 ) LIMIT 1,5   [ RunTime:0.0000s ]
SQL: SELECT * FROM `asd_news` WHERE ( newsType = 3 and  newsShow = 0 and life = 0 ) LIMIT 1   [ RunTime:0.0000s ]
SQL: SELECT * FROM `asd_news` WHERE ( newsType = 3 and  newsShow = 0 and life = 0 ) LIMIT 1,5   [ RunTime:0.0010s ]
SQL: SHOW COLUMNS FROM `asd_webinfo` [ RunTime:0.0050s ]
SQL: SHOW COLUMNS FROM `asd_webinfo` [ RunTime:0.0050s ]
SQL: SELECT * FROM `asd_webinfo` LIMIT 1   [ RunTime:0.0000s ]
SQL: SHOW COLUMNS FROM `asd_news` [ RunTime:0.0050s ]
SQL: SELECT `newsId`,`newsTitle`,`newsRelease`,`newsInfo` FROM `asd_news` WHERE ( newsType = 1 and life = 0 ) LIMIT 2   [ RunTime:0.0000s ]
SQL: SELECT `newsId`,`newsTitle`,`newsRelease`,`newsInfo` FROM `asd_news` WHERE ( newsType = 2 and life = 0 ) LIMIT 2   [ RunTime:0.0000s ]
SQL: SELECT `newsId`,`newsTitle`,`newsRelease`,`newsInfo` FROM `asd_news` WHERE ( newsType = 3 and life = 0 ) LIMIT 2   [ RunTime:0.0000s ]
INFO: [ view_parse ] --START--
INFO: [ template_filter ] --START--
INFO: Run Behavior\ContentReplaceBehavior [ RunTime:0.000000s ]
INFO: [ template_filter ] --END-- [ RunTime:0.001000s ]
NOTIC: [8] Undefined index: webCompnayarea D:\phpStudy\WWW\asd\Application\Runtime\Cache\Home\2a94b8bda04ff446dcedd42276fc99ee.php 第 763 行.
NOTIC: [8] Undefined index: webCompnayaddr D:\phpStudy\WWW\asd\Application\Runtime\Cache\Home\2a94b8bda04ff446dcedd42276fc99ee.php 第 763 行.
INFO: Run Behavior\ParseTemplateBehavior [ RunTime:0.021000s ]
INFO: [ view_parse ] --END-- [ RunTime:0.021000s ]
INFO: [ view_filter ] --START--
INFO: Run Behavior\WriteHtmlCacheBehavior [ RunTime:0.000000s ]
INFO: [ view_filter ] --END-- [ RunTime:0.000000s ]
INFO: [ app_end ] --START--
INFO: Run Behavior\ShowPageTraceBehavior [ RunTime:0.000000s ]
INFO: [ app_end ] --END-- [ RunTime:0.000000s ]

[ 2017-06-01T23:52:48+08:00 ] 127.0.0.1 /Home/Index/path
INFO: [ app_init ] --START--
INFO: Run Behavior\BuildLiteBehavior [ RunTime:0.000000s ]
INFO: [ app_init ] --END-- [ RunTime:0.000000s ]
INFO: [ app_begin ] --START--
INFO: Run Behavior\ReadHtmlCacheBehavior [ RunTime:0.000000s ]
INFO: [ app_begin ] --END-- [ RunTime:0.000000s ]
ERR: 非法操作:path

[ 2017-06-01T23:52:48+08:00 ] 127.0.0.1 /Home/Index/path
INFO: [ app_init ] --START--
INFO: Run Behavior\BuildLiteBehavior [ RunTime:0.000000s ]
INFO: [ app_init ] --END-- [ RunTime:0.000000s ]
INFO: [ app_begin ] --START--
INFO: Run Behavior\ReadHtmlCacheBehavior [ RunTime:0.000000s ]
INFO: [ app_begin ] --END-- [ RunTime:0.000000s ]
ERR: 非法操作:path

[ 2017-06-01T23:52:48+08:00 ] 127.0.0.1 /Home/Index/path
INFO: [ app_init ] --START--
INFO: Run Behavior\BuildLiteBehavior [ RunTime:0.000000s ]
INFO: [ app_init ] --END-- [ RunTime:0.001000s ]
INFO: [ app_begin ] --START--
INFO: Run Behavior\ReadHtmlCacheBehavior [ RunTime:0.000000s ]
INFO: [ app_begin ] --END-- [ RunTime:0.000000s ]
ERR: 非法操作:path

[ 2017-06-01T23:52:48+08:00 ] 127.0.0.1 /Home/Index/path
INFO: [ app_init ] --START--
INFO: Run Behavior\BuildLiteBehavior [ RunTime:0.000000s ]
INFO: [ app_init ] --END-- [ RunTime:0.000000s ]
INFO: [ app_begin ] --START--
INFO: Run Behavior\ReadHtmlCacheBehavior [ RunTime:0.001000s ]
INFO: [ app_begin ] --END-- [ RunTime:0.001000s ]
ERR: 非法操作:path

[ 2017-06-01T23:52:48+08:00 ] 127.0.0.1 /Home/Index/path
INFO: [ app_init ] --START--
INFO: Run Behavior\BuildLiteBehavior [ RunTime:0.000000s ]
INFO: [ app_init ] --END-- [ RunTime:0.000000s ]
INFO: [ app_begin ] --START--
INFO: Run Behavior\ReadHtmlCacheBehavior [ RunTime:0.001000s ]
INFO: [ app_begin ] --END-- [ RunTime:0.001000s ]
ERR: 非法操作:path

[ 2017-06-01T23:52:48+08:00 ] 127.0.0.1 /Home/Index/path
INFO: [ app_init ] --START--
INFO: Run Behavior\BuildLiteBehavior [ RunTime:0.000000s ]
INFO: [ app_init ] --END-- [ RunTime:0.001000s ]
INFO: [ app_begin ] --START--
INFO: Run Behavior\ReadHtmlCacheBehavior [ RunTime:0.000000s ]
INFO: [ app_begin ] --END-- [ RunTime:0.000000s ]
ERR: 非法操作:path

