[ 2017-05-06T02:27:16+08:00 ] 220.181.108.105 /
INFO: [ app_init ] --START--
INFO: Run Behavior\BuildLiteBehavior [ RunTime:0.000000s ]
INFO: [ app_init ] --END-- [ RunTime:0.000000s ]
INFO: [ app_begin ] --START--
INFO: Run Behavior\ReadHtmlCacheBehavior [ RunTime:0.015625s ]
INFO: [ app_begin ] --END-- [ RunTime:0.015625s ]
SQL: SHOW COLUMNS FROM `asd_case` [ RunTime:0.0000s ]
SQL: SHOW COLUMNS FROM `asd_case` [ RunTime:0.0000s ]
SQL: SHOW COLUMNS FROM `asd_casetype` [ RunTime:0.0000s ]
SQL: SHOW COLUMNS FROM `asd_news` [ RunTime:0.0000s ]
SQL: SELECT * FROM `asd_case` WHERE ( caseRecentshow = 1 and life = 0 ) LIMIT 9   [ RunTime:0.0156s ]
SQL: SELECT * FROM `asd_casetype` WHERE ( caseTypeShow = 1 )  [ RunTime:0.0000s ]
SQL: SELECT * FROM `asd_news` WHERE ( newsType = 4 and  newsShow = 0 and life = 0 ) LIMIT 1   [ RunTime:0.0000s ]
SQL: SELECT * FROM `asd_news` WHERE ( newsType = 4 and  newsShow = 0 and life = 0 ) LIMIT 1,5   [ RunTime:0.0000s ]
SQL: SELECT * FROM `asd_news` WHERE ( newsType = 2 and  newsShow = 0 and life = 0 ) LIMIT 1   [ RunTime:0.0000s ]
SQL: SELECT * FROM `asd_news` WHERE ( newsType = 2 and  newsShow = 0 and life = 0 ) LIMIT 1,5   [ RunTime:0.0000s ]
SQL: SELECT * FROM `asd_news` WHERE ( newsType = 3 and  newsShow = 0 and life = 0 ) LIMIT 1   [ RunTime:0.0000s ]
SQL: SELECT * FROM `asd_news` WHERE ( newsType = 3 and  newsShow = 0 and life = 0 ) LIMIT 1,5   [ RunTime:0.0000s ]
SQL: SHOW COLUMNS FROM `asd_webinfo` [ RunTime:0.0000s ]
SQL: SHOW COLUMNS FROM `asd_webinfo` [ RunTime:0.0000s ]
SQL: SELECT * FROM `asd_webinfo` LIMIT 1   [ RunTime:0.0000s ]
SQL: SHOW COLUMNS FROM `asd_news` [ RunTime:0.0000s ]
SQL: SELECT `newsId`,`newsTitle`,`newsRelease`,`newsInfo` FROM `asd_news` WHERE ( newsType = 1 and life = 0 ) LIMIT 2   [ RunTime:0.0000s ]
SQL: SELECT `newsId`,`newsTitle`,`newsRelease`,`newsInfo` FROM `asd_news` WHERE ( newsType = 2 and life = 0 ) LIMIT 2   [ RunTime:0.0000s ]
SQL: SELECT `newsId`,`newsTitle`,`newsRelease`,`newsInfo` FROM `asd_news` WHERE ( newsType = 3 and life = 0 ) LIMIT 2   [ RunTime:0.0000s ]
INFO: [ view_parse ] --START--
INFO: [ template_filter ] --START--
INFO: Run Behavior\ContentReplaceBehavior [ RunTime:0.000000s ]
INFO: [ template_filter ] --END-- [ RunTime:0.000000s ]
NOTIC: [8] Undefined index: webCompnayarea C:\Tool\phpStudy\WWW\aoshade\Application\Runtime\Cache\Home\2a94b8bda04ff446dcedd42276fc99ee.php 第 763 行.
NOTIC: [8] Undefined index: webCompnayaddr C:\Tool\phpStudy\WWW\aoshade\Application\Runtime\Cache\Home\2a94b8bda04ff446dcedd42276fc99ee.php 第 763 行.
INFO: Run Behavior\ParseTemplateBehavior [ RunTime:0.015625s ]
INFO: [ view_parse ] --END-- [ RunTime:0.015625s ]
INFO: [ view_filter ] --START--
INFO: Run Behavior\WriteHtmlCacheBehavior [ RunTime:0.015625s ]
INFO: [ view_filter ] --END-- [ RunTime:0.015625s ]
INFO: [ app_end ] --START--
INFO: Run Behavior\ShowPageTraceBehavior [ RunTime:0.000000s ]
INFO: [ app_end ] --END-- [ RunTime:0.000000s ]

[ 2017-05-06T08:18:57+08:00 ] 123.125.71.80 /Index/caseAll/caseSize/4
INFO: [ app_init ] --START--
INFO: Run Behavior\BuildLiteBehavior [ RunTime:0.000000s ]
INFO: [ app_init ] --END-- [ RunTime:0.000000s ]
INFO: [ app_begin ] --START--
INFO: Run Behavior\ReadHtmlCacheBehavior [ RunTime:0.000000s ]
INFO: [ app_begin ] --END-- [ RunTime:0.000000s ]
SQL: SHOW COLUMNS FROM `asd_case` [ RunTime:0.0156s ]
SQL: SHOW COLUMNS FROM `asd_case` [ RunTime:0.0000s ]
SQL: SHOW COLUMNS FROM `asd_casearea` [ RunTime:0.0000s ]
SQL: SHOW COLUMNS FROM `asd_casetype` [ RunTime:0.0000s ]
SQL: SHOW COLUMNS FROM `asd_casesize` [ RunTime:0.0000s ]
NOTIC: [8] Undefined variable: sreach C:\Tool\phpStudy\WWW\aoshade\Application\Home\Model\CaseModel.class.php 第 67 行.
SQL: SELECT * FROM `asd_case` WHERE `caseSize` = 4 AND `life` = 0  [ RunTime:0.0000s ]
SQL: SELECT * FROM `asd_case` WHERE `caseSize` = 4 AND `life` = 0 LIMIT 0,9   [ RunTime:0.0000s ]
NOTIC: [8] Undefined variable: sreach C:\Tool\phpStudy\WWW\aoshade\Application\Home\Model\CaseModel.class.php 第 81 行.
SQL: SELECT * FROM `asd_casearea`  [ RunTime:0.0000s ]
SQL: SELECT * FROM `asd_casetype`  [ RunTime:0.0000s ]
SQL: SELECT * FROM `asd_casesize`  [ RunTime:0.0000s ]
NOTIC: [8] Undefined index: casetypeId C:\Tool\phpStudy\WWW\aoshade\Application\Home\Controller\IndexController.class.php 第 48 行.
SQL: SHOW COLUMNS FROM `asd_webinfo` [ RunTime:0.0000s ]
SQL: SHOW COLUMNS FROM `asd_webinfo` [ RunTime:0.0000s ]
SQL: SELECT * FROM `asd_webinfo` LIMIT 1   [ RunTime:0.0000s ]
SQL: SHOW COLUMNS FROM `asd_news` [ RunTime:0.0000s ]
SQL: SHOW COLUMNS FROM `asd_news` [ RunTime:0.0000s ]
SQL: SELECT `newsId`,`newsTitle`,`newsRelease`,`newsInfo` FROM `asd_news` WHERE ( newsType = 1 and life = 0 ) LIMIT 2   [ RunTime:0.0000s ]
SQL: SELECT `newsId`,`newsTitle`,`newsRelease`,`newsInfo` FROM `asd_news` WHERE ( newsType = 2 and life = 0 ) LIMIT 2   [ RunTime:0.0000s ]
SQL: SELECT `newsId`,`newsTitle`,`newsRelease`,`newsInfo` FROM `asd_news` WHERE ( newsType = 3 and life = 0 ) LIMIT 2   [ RunTime:0.0000s ]
INFO: [ view_parse ] --START--
INFO: [ template_filter ] --START--
INFO: Run Behavior\ContentReplaceBehavior [ RunTime:0.000000s ]
INFO: [ template_filter ] --END-- [ RunTime:0.000000s ]
NOTIC: [8] Undefined variable: rel C:\Tool\phpStudy\WWW\aoshade\Application\Runtime\Cache\Home\4cf0f5e7aaa9aa19d62e599d3a2477a7.php 第 111 行.
NOTIC: [8] Undefined index: webCompnayarea C:\Tool\phpStudy\WWW\aoshade\Application\Runtime\Cache\Home\4cf0f5e7aaa9aa19d62e599d3a2477a7.php 第 286 行.
NOTIC: [8] Undefined index: webCompnayaddr C:\Tool\phpStudy\WWW\aoshade\Application\Runtime\Cache\Home\4cf0f5e7aaa9aa19d62e599d3a2477a7.php 第 286 行.
INFO: Run Behavior\ParseTemplateBehavior [ RunTime:0.000000s ]
INFO: [ view_parse ] --END-- [ RunTime:0.000000s ]
INFO: [ view_filter ] --START--
INFO: Run Behavior\WriteHtmlCacheBehavior [ RunTime:0.000000s ]
INFO: [ view_filter ] --END-- [ RunTime:0.015624s ]
INFO: [ app_end ] --START--
INFO: Run Behavior\ShowPageTraceBehavior [ RunTime:0.000000s ]
INFO: [ app_end ] --END-- [ RunTime:0.000000s ]

[ 2017-05-06T08:52:17+08:00 ] 220.181.108.105 /Index/caseAll/caseType/3/caseSize/4
INFO: [ app_init ] --START--
INFO: Run Behavior\BuildLiteBehavior [ RunTime:0.000000s ]
INFO: [ app_init ] --END-- [ RunTime:0.000000s ]
INFO: [ app_begin ] --START--
INFO: Run Behavior\ReadHtmlCacheBehavior [ RunTime:0.000000s ]
INFO: [ app_begin ] --END-- [ RunTime:0.000000s ]
SQL: SHOW COLUMNS FROM `asd_case` [ RunTime:0.0000s ]
SQL: SHOW COLUMNS FROM `asd_case` [ RunTime:0.0000s ]
SQL: SHOW COLUMNS FROM `asd_casearea` [ RunTime:0.0000s ]
SQL: SHOW COLUMNS FROM `asd_casetype` [ RunTime:0.0000s ]
SQL: SHOW COLUMNS FROM `asd_casesize` [ RunTime:0.0000s ]
NOTIC: [8] Undefined variable: sreach C:\Tool\phpStudy\WWW\aoshade\Application\Home\Model\CaseModel.class.php 第 67 行.
SQL: SELECT * FROM `asd_case` WHERE `caseType` = 3 AND `caseSize` = 4 AND `life` = 0  [ RunTime:0.0000s ]
SQL: SELECT * FROM `asd_case` WHERE `caseType` = 3 AND `caseSize` = 4 AND `life` = 0 LIMIT 0,9   [ RunTime:0.0000s ]
NOTIC: [8] Undefined variable: sreach C:\Tool\phpStudy\WWW\aoshade\Application\Home\Model\CaseModel.class.php 第 81 行.
SQL: SELECT * FROM `asd_casearea`  [ RunTime:0.0000s ]
SQL: SELECT * FROM `asd_casetype`  [ RunTime:0.0000s ]
SQL: SELECT * FROM `asd_casesize`  [ RunTime:0.0000s ]
NOTIC: [8] Undefined index: casetypeId C:\Tool\phpStudy\WWW\aoshade\Application\Home\Controller\IndexController.class.php 第 48 行.
SQL: SHOW COLUMNS FROM `asd_webinfo` [ RunTime:0.0156s ]
SQL: SHOW COLUMNS FROM `asd_webinfo` [ RunTime:0.0000s ]
SQL: SELECT * FROM `asd_webinfo` LIMIT 1   [ RunTime:0.0000s ]
SQL: SHOW COLUMNS FROM `asd_news` [ RunTime:0.0000s ]
SQL: SHOW COLUMNS FROM `asd_news` [ RunTime:0.0000s ]
SQL: SELECT `newsId`,`newsTitle`,`newsRelease`,`newsInfo` FROM `asd_news` WHERE ( newsType = 1 and life = 0 ) LIMIT 2   [ RunTime:0.0000s ]
SQL: SELECT `newsId`,`newsTitle`,`newsRelease`,`newsInfo` FROM `asd_news` WHERE ( newsType = 2 and life = 0 ) LIMIT 2   [ RunTime:0.0000s ]
SQL: SELECT `newsId`,`newsTitle`,`newsRelease`,`newsInfo` FROM `asd_news` WHERE ( newsType = 3 and life = 0 ) LIMIT 2   [ RunTime:0.0000s ]
INFO: [ view_parse ] --START--
INFO: [ template_filter ] --START--
INFO: Run Behavior\ContentReplaceBehavior [ RunTime:0.000000s ]
INFO: [ template_filter ] --END-- [ RunTime:0.000000s ]
NOTIC: [8] Undefined variable: rel C:\Tool\phpStudy\WWW\aoshade\Application\Runtime\Cache\Home\4cf0f5e7aaa9aa19d62e599d3a2477a7.php 第 111 行.
NOTIC: [8] Undefined index: webCompnayarea C:\Tool\phpStudy\WWW\aoshade\Application\Runtime\Cache\Home\4cf0f5e7aaa9aa19d62e599d3a2477a7.php 第 286 行.
NOTIC: [8] Undefined index: webCompnayaddr C:\Tool\phpStudy\WWW\aoshade\Application\Runtime\Cache\Home\4cf0f5e7aaa9aa19d62e599d3a2477a7.php 第 286 行.
INFO: Run Behavior\ParseTemplateBehavior [ RunTime:0.015625s ]
INFO: [ view_parse ] --END-- [ RunTime:0.015625s ]
INFO: [ view_filter ] --START--
INFO: Run Behavior\WriteHtmlCacheBehavior [ RunTime:0.000000s ]
INFO: [ view_filter ] --END-- [ RunTime:0.000000s ]
INFO: [ app_end ] --START--
INFO: Run Behavior\ShowPageTraceBehavior [ RunTime:0.000000s ]
INFO: [ app_end ] --END-- [ RunTime:0.000000s ]

[ 2017-05-06T08:52:18+08:00 ] 127.0.0.1 HTTP://www.osd-asia.com/
INFO: [ app_init ] --START--
INFO: Run Behavior\BuildLiteBehavior [ RunTime:0.000000s ]
INFO: [ app_init ] --END-- [ RunTime:0.000000s ]
INFO: [ app_begin ] --START--
INFO: Run Behavior\ReadHtmlCacheBehavior [ RunTime:0.000000s ]
INFO: [ app_begin ] --END-- [ RunTime:0.000000s ]
SQL: SHOW COLUMNS FROM `asd_case` [ RunTime:0.0000s ]
SQL: SHOW COLUMNS FROM `asd_case` [ RunTime:0.0000s ]
SQL: SHOW COLUMNS FROM `asd_casetype` [ RunTime:0.0000s ]
SQL: SHOW COLUMNS FROM `asd_news` [ RunTime:0.0000s ]
SQL: SELECT * FROM `asd_case` WHERE ( caseRecentshow = 1 and life = 0 ) LIMIT 9   [ RunTime:0.0000s ]
SQL: SELECT * FROM `asd_casetype` WHERE ( caseTypeShow = 1 )  [ RunTime:0.0000s ]
SQL: SELECT * FROM `asd_news` WHERE ( newsType = 4 and  newsShow = 0 and life = 0 ) LIMIT 1   [ RunTime:0.0000s ]
SQL: SELECT * FROM `asd_news` WHERE ( newsType = 4 and  newsShow = 0 and life = 0 ) LIMIT 1,5   [ RunTime:0.0000s ]
SQL: SELECT * FROM `asd_news` WHERE ( newsType = 2 and  newsShow = 0 and life = 0 ) LIMIT 1   [ RunTime:0.0000s ]
SQL: SELECT * FROM `asd_news` WHERE ( newsType = 2 and  newsShow = 0 and life = 0 ) LIMIT 1,5   [ RunTime:0.0000s ]
SQL: SELECT * FROM `asd_news` WHERE ( newsType = 3 and  newsShow = 0 and life = 0 ) LIMIT 1   [ RunTime:0.0000s ]
SQL: SELECT * FROM `asd_news` WHERE ( newsType = 3 and  newsShow = 0 and life = 0 ) LIMIT 1,5   [ RunTime:0.0000s ]
SQL: SHOW COLUMNS FROM `asd_webinfo` [ RunTime:0.0000s ]
SQL: SHOW COLUMNS FROM `asd_webinfo` [ RunTime:0.0000s ]
SQL: SELECT * FROM `asd_webinfo` LIMIT 1   [ RunTime:0.0000s ]
SQL: SHOW COLUMNS FROM `asd_news` [ RunTime:0.0000s ]
SQL: SELECT `newsId`,`newsTitle`,`newsRelease`,`newsInfo` FROM `asd_news` WHERE ( newsType = 1 and life = 0 ) LIMIT 2   [ RunTime:0.0000s ]
SQL: SELECT `newsId`,`newsTitle`,`newsRelease`,`newsInfo` FROM `asd_news` WHERE ( newsType = 2 and life = 0 ) LIMIT 2   [ RunTime:0.0000s ]
SQL: SELECT `newsId`,`newsTitle`,`newsRelease`,`newsInfo` FROM `asd_news` WHERE ( newsType = 3 and life = 0 ) LIMIT 2   [ RunTime:0.0000s ]
INFO: [ view_parse ] --START--
INFO: [ template_filter ] --START--
INFO: Run Behavior\ContentReplaceBehavior [ RunTime:0.000000s ]
INFO: [ template_filter ] --END-- [ RunTime:0.000000s ]
NOTIC: [8] Undefined index: webCompnayarea C:\Tool\phpStudy\WWW\aoshade\Application\Runtime\Cache\Home\2a94b8bda04ff446dcedd42276fc99ee.php 第 763 行.
NOTIC: [8] Undefined index: webCompnayaddr C:\Tool\phpStudy\WWW\aoshade\Application\Runtime\Cache\Home\2a94b8bda04ff446dcedd42276fc99ee.php 第 763 行.
INFO: Run Behavior\ParseTemplateBehavior [ RunTime:0.015625s ]
INFO: [ view_parse ] --END-- [ RunTime:0.015625s ]
INFO: [ view_filter ] --START--
INFO: Run Behavior\WriteHtmlCacheBehavior [ RunTime:0.000000s ]
INFO: [ view_filter ] --END-- [ RunTime:0.000000s ]
INFO: [ app_end ] --START--
INFO: Run Behavior\ShowPageTraceBehavior [ RunTime:0.015625s ]
INFO: [ app_end ] --END-- [ RunTime:0.015625s ]

[ 2017-05-06T08:52:19+08:00 ] 119.23.46.184 /index.php
INFO: [ app_init ] --START--
INFO: Run Behavior\BuildLiteBehavior [ RunTime:0.000000s ]
INFO: [ app_init ] --END-- [ RunTime:0.000000s ]
INFO: [ app_begin ] --START--
INFO: Run Behavior\ReadHtmlCacheBehavior [ RunTime:0.000000s ]
INFO: [ app_begin ] --END-- [ RunTime:0.000000s ]
SQL: SHOW COLUMNS FROM `asd_case` [ RunTime:0.0000s ]
SQL: SHOW COLUMNS FROM `asd_case` [ RunTime:0.0000s ]
SQL: SHOW COLUMNS FROM `asd_casetype` [ RunTime:0.0000s ]
SQL: SHOW COLUMNS FROM `asd_news` [ RunTime:0.0000s ]
SQL: SELECT * FROM `asd_case` WHERE ( caseRecentshow = 1 and life = 0 ) LIMIT 9   [ RunTime:0.0000s ]
SQL: SELECT * FROM `asd_casetype` WHERE ( caseTypeShow = 1 )  [ RunTime:0.0000s ]
SQL: SELECT * FROM `asd_news` WHERE ( newsType = 4 and  newsShow = 0 and life = 0 ) LIMIT 1   [ RunTime:0.0000s ]
SQL: SELECT * FROM `asd_news` WHERE ( newsType = 4 and  newsShow = 0 and life = 0 ) LIMIT 1,5   [ RunTime:0.0000s ]
SQL: SELECT * FROM `asd_news` WHERE ( newsType = 2 and  newsShow = 0 and life = 0 ) LIMIT 1   [ RunTime:0.0000s ]
SQL: SELECT * FROM `asd_news` WHERE ( newsType = 2 and  newsShow = 0 and life = 0 ) LIMIT 1,5   [ RunTime:0.0000s ]
SQL: SELECT * FROM `asd_news` WHERE ( newsType = 3 and  newsShow = 0 and life = 0 ) LIMIT 1   [ RunTime:0.0000s ]
SQL: SELECT * FROM `asd_news` WHERE ( newsType = 3 and  newsShow = 0 and life = 0 ) LIMIT 1,5   [ RunTime:0.0000s ]
SQL: SHOW COLUMNS FROM `asd_webinfo` [ RunTime:0.0000s ]
SQL: SHOW COLUMNS FROM `asd_webinfo` [ RunTime:0.0000s ]
SQL: SELECT * FROM `asd_webinfo` LIMIT 1   [ RunTime:0.0000s ]
SQL: SHOW COLUMNS FROM `asd_news` [ RunTime:0.0000s ]
SQL: SELECT `newsId`,`newsTitle`,`newsRelease`,`newsInfo` FROM `asd_news` WHERE ( newsType = 1 and life = 0 ) LIMIT 2   [ RunTime:0.0000s ]
SQL: SELECT `newsId`,`newsTitle`,`newsRelease`,`newsInfo` FROM `asd_news` WHERE ( newsType = 2 and life = 0 ) LIMIT 2   [ RunTime:0.0000s ]
SQL: SELECT `newsId`,`newsTitle`,`newsRelease`,`newsInfo` FROM `asd_news` WHERE ( newsType = 3 and life = 0 ) LIMIT 2   [ RunTime:0.0000s ]
INFO: [ view_parse ] --START--
INFO: [ template_filter ] --START--
INFO: Run Behavior\ContentReplaceBehavior [ RunTime:0.000000s ]
INFO: [ template_filter ] --END-- [ RunTime:0.000000s ]
NOTIC: [8] Undefined index: webCompnayarea C:\Tool\phpStudy\WWW\aoshade\Application\Runtime\Cache\Home\2a94b8bda04ff446dcedd42276fc99ee.php 第 763 行.
NOTIC: [8] Undefined index: webCompnayaddr C:\Tool\phpStudy\WWW\aoshade\Application\Runtime\Cache\Home\2a94b8bda04ff446dcedd42276fc99ee.php 第 763 行.
INFO: Run Behavior\ParseTemplateBehavior [ RunTime:0.015625s ]
INFO: [ view_parse ] --END-- [ RunTime:0.015625s ]
INFO: [ view_filter ] --START--
INFO: Run Behavior\WriteHtmlCacheBehavior [ RunTime:0.000000s ]
INFO: [ view_filter ] --END-- [ RunTime:0.000000s ]
INFO: [ app_end ] --START--
INFO: Run Behavior\ShowPageTraceBehavior [ RunTime:0.000000s ]
INFO: [ app_end ] --END-- [ RunTime:0.000000s ]

[ 2017-05-06T09:25:37+08:00 ] 220.181.108.182 /Index/caseDetail/caseId/11
INFO: [ app_init ] --START--
INFO: Run Behavior\BuildLiteBehavior [ RunTime:0.000000s ]
INFO: [ app_init ] --END-- [ RunTime:0.000000s ]
INFO: [ app_begin ] --START--
INFO: Run Behavior\ReadHtmlCacheBehavior [ RunTime:0.000000s ]
INFO: [ app_begin ] --END-- [ RunTime:0.000000s ]
SQL: SHOW COLUMNS FROM `asd_case` [ RunTime:0.0000s ]
SQL: SHOW COLUMNS FROM `asd_case` [ RunTime:0.0000s ]
SQL: SHOW COLUMNS FROM `asd_casesize` [ RunTime:0.0000s ]
SQL: SELECT * FROM `asd_case` WHERE ( caseId =11 ) LIMIT 1   [ RunTime:0.0000s ]
SQL: SELECT * FROM `asd_case` WHERE ( caseType =4 ) LIMIT 3   [ RunTime:0.0000s ]
SQL: SELECT * FROM `asd_casesize`  [ RunTime:0.0000s ]
NOTIC: [8] Undefined offset: 4 C:\Tool\phpStudy\WWW\aoshade\Application\Home\Model\CaseModel.class.php 第 119 行.
SQL: SHOW COLUMNS FROM `asd_webinfo` [ RunTime:0.0000s ]
SQL: SHOW COLUMNS FROM `asd_webinfo` [ RunTime:0.0000s ]
SQL: SELECT * FROM `asd_webinfo` LIMIT 1   [ RunTime:0.0000s ]
SQL: SHOW COLUMNS FROM `asd_news` [ RunTime:0.0000s ]
SQL: SHOW COLUMNS FROM `asd_news` [ RunTime:0.0000s ]
SQL: SELECT `newsId`,`newsTitle`,`newsRelease`,`newsInfo` FROM `asd_news` WHERE ( newsType = 1 and life = 0 ) LIMIT 2   [ RunTime:0.0000s ]
SQL: SELECT `newsId`,`newsTitle`,`newsRelease`,`newsInfo` FROM `asd_news` WHERE ( newsType = 2 and life = 0 ) LIMIT 2   [ RunTime:0.0000s ]
SQL: SELECT `newsId`,`newsTitle`,`newsRelease`,`newsInfo` FROM `asd_news` WHERE ( newsType = 3 and life = 0 ) LIMIT 2   [ RunTime:0.0000s ]
INFO: [ view_parse ] --START--
INFO: [ template_filter ] --START--
INFO: Run Behavior\ContentReplaceBehavior [ RunTime:0.000000s ]
INFO: [ template_filter ] --END-- [ RunTime:0.000000s ]
NOTIC: [8] Undefined index: webCompnayarea C:\Tool\phpStudy\WWW\aoshade\Application\Runtime\Cache\Home\d6b3ed125575ac794f287d1ffff25015.php 第 322 行.
NOTIC: [8] Undefined index: webCompnayaddr C:\Tool\phpStudy\WWW\aoshade\Application\Runtime\Cache\Home\d6b3ed125575ac794f287d1ffff25015.php 第 322 行.
INFO: Run Behavior\ParseTemplateBehavior [ RunTime:0.015625s ]
INFO: [ view_parse ] --END-- [ RunTime:0.015625s ]
INFO: [ view_filter ] --START--
INFO: Run Behavior\WriteHtmlCacheBehavior [ RunTime:0.000000s ]
INFO: [ view_filter ] --END-- [ RunTime:0.000000s ]
INFO: [ app_end ] --START--
INFO: Run Behavior\ShowPageTraceBehavior [ RunTime:0.000000s ]
INFO: [ app_end ] --END-- [ RunTime:0.000000s ]

[ 2017-05-06T09:58:57+08:00 ] 123.125.71.40 /Index/caseAll/caseArea/4/caseSize/4
INFO: [ app_init ] --START--
INFO: Run Behavior\BuildLiteBehavior [ RunTime:0.000000s ]
INFO: [ app_init ] --END-- [ RunTime:0.000000s ]
INFO: [ app_begin ] --START--
INFO: Run Behavior\ReadHtmlCacheBehavior [ RunTime:0.000000s ]
INFO: [ app_begin ] --END-- [ RunTime:0.000000s ]
SQL: SHOW COLUMNS FROM `asd_case` [ RunTime:0.0000s ]
SQL: SHOW COLUMNS FROM `asd_case` [ RunTime:0.0000s ]
SQL: SHOW COLUMNS FROM `asd_casearea` [ RunTime:0.0000s ]
SQL: SHOW COLUMNS FROM `asd_casetype` [ RunTime:0.0000s ]
SQL: SHOW COLUMNS FROM `asd_casesize` [ RunTime:0.0000s ]
NOTIC: [8] Undefined variable: sreach C:\Tool\phpStudy\WWW\aoshade\Application\Home\Model\CaseModel.class.php 第 67 行.
SQL: SELECT * FROM `asd_case` WHERE `caseArea` = 4 AND `caseSize` = 4 AND `life` = 0  [ RunTime:0.0000s ]
SQL: SELECT * FROM `asd_case` WHERE `caseArea` = 4 AND `caseSize` = 4 AND `life` = 0 LIMIT 0,9   [ RunTime:0.0000s ]
NOTIC: [8] Undefined variable: sreach C:\Tool\phpStudy\WWW\aoshade\Application\Home\Model\CaseModel.class.php 第 81 行.
SQL: SELECT * FROM `asd_casearea`  [ RunTime:0.0000s ]
SQL: SELECT * FROM `asd_casetype`  [ RunTime:0.0000s ]
SQL: SELECT * FROM `asd_casesize`  [ RunTime:0.0000s ]
NOTIC: [8] Undefined index: casetypeId C:\Tool\phpStudy\WWW\aoshade\Application\Home\Controller\IndexController.class.php 第 48 行.
SQL: SHOW COLUMNS FROM `asd_webinfo` [ RunTime:0.0000s ]
SQL: SHOW COLUMNS FROM `asd_webinfo` [ RunTime:0.0000s ]
SQL: SELECT * FROM `asd_webinfo` LIMIT 1   [ RunTime:0.0000s ]
SQL: SHOW COLUMNS FROM `asd_news` [ RunTime:0.0156s ]
SQL: SHOW COLUMNS FROM `asd_news` [ RunTime:0.0000s ]
SQL: SELECT `newsId`,`newsTitle`,`newsRelease`,`newsInfo` FROM `asd_news` WHERE ( newsType = 1 and life = 0 ) LIMIT 2   [ RunTime:0.0000s ]
SQL: SELECT `newsId`,`newsTitle`,`newsRelease`,`newsInfo` FROM `asd_news` WHERE ( newsType = 2 and life = 0 ) LIMIT 2   [ RunTime:0.0000s ]
SQL: SELECT `newsId`,`newsTitle`,`newsRelease`,`newsInfo` FROM `asd_news` WHERE ( newsType = 3 and life = 0 ) LIMIT 2   [ RunTime:0.0000s ]
INFO: [ view_parse ] --START--
INFO: [ template_filter ] --START--
INFO: Run Behavior\ContentReplaceBehavior [ RunTime:0.000000s ]
INFO: [ template_filter ] --END-- [ RunTime:0.000000s ]
NOTIC: [8] Undefined variable: rel C:\Tool\phpStudy\WWW\aoshade\Application\Runtime\Cache\Home\4cf0f5e7aaa9aa19d62e599d3a2477a7.php 第 111 行.
NOTIC: [8] Undefined index: webCompnayarea C:\Tool\phpStudy\WWW\aoshade\Application\Runtime\Cache\Home\4cf0f5e7aaa9aa19d62e599d3a2477a7.php 第 286 行.
NOTIC: [8] Undefined index: webCompnayaddr C:\Tool\phpStudy\WWW\aoshade\Application\Runtime\Cache\Home\4cf0f5e7aaa9aa19d62e599d3a2477a7.php 第 286 行.
INFO: Run Behavior\ParseTemplateBehavior [ RunTime:0.015625s ]
INFO: [ view_parse ] --END-- [ RunTime:0.015625s ]
INFO: [ view_filter ] --START--
INFO: Run Behavior\WriteHtmlCacheBehavior [ RunTime:0.000000s ]
INFO: [ view_filter ] --END-- [ RunTime:0.000000s ]
INFO: [ app_end ] --START--
INFO: Run Behavior\ShowPageTraceBehavior [ RunTime:0.000000s ]
INFO: [ app_end ] --END-- [ RunTime:0.000000s ]

[ 2017-05-06T10:32:17+08:00 ] 123.125.71.53 /Index/caseAll/caseType/4/caseSize/4
INFO: [ app_init ] --START--
INFO: Run Behavior\BuildLiteBehavior [ RunTime:0.000000s ]
INFO: [ app_init ] --END-- [ RunTime:0.000000s ]
INFO: [ app_begin ] --START--
INFO: Run Behavior\ReadHtmlCacheBehavior [ RunTime:0.000000s ]
INFO: [ app_begin ] --END-- [ RunTime:0.000000s ]
SQL: SHOW COLUMNS FROM `asd_case` [ RunTime:0.0000s ]
SQL: SHOW COLUMNS FROM `asd_case` [ RunTime:0.0000s ]
SQL: SHOW COLUMNS FROM `asd_casearea` [ RunTime:0.0000s ]
SQL: SHOW COLUMNS FROM `asd_casetype` [ RunTime:0.0000s ]
SQL: SHOW COLUMNS FROM `asd_casesize` [ RunTime:0.0000s ]
NOTIC: [8] Undefined variable: sreach C:\Tool\phpStudy\WWW\aoshade\Application\Home\Model\CaseModel.class.php 第 67 行.
SQL: SELECT * FROM `asd_case` WHERE `caseType` = 4 AND `caseSize` = 4 AND `life` = 0  [ RunTime:0.0000s ]
SQL: SELECT * FROM `asd_case` WHERE `caseType` = 4 AND `caseSize` = 4 AND `life` = 0 LIMIT 0,9   [ RunTime:0.0000s ]
NOTIC: [8] Undefined variable: sreach C:\Tool\phpStudy\WWW\aoshade\Application\Home\Model\CaseModel.class.php 第 81 行.
SQL: SELECT * FROM `asd_casearea`  [ RunTime:0.0000s ]
SQL: SELECT * FROM `asd_casetype`  [ RunTime:0.0000s ]
SQL: SELECT * FROM `asd_casesize`  [ RunTime:0.0000s ]
NOTIC: [8] Undefined index: casetypeId C:\Tool\phpStudy\WWW\aoshade\Application\Home\Controller\IndexController.class.php 第 48 行.
SQL: SHOW COLUMNS FROM `asd_webinfo` [ RunTime:0.0000s ]
SQL: SHOW COLUMNS FROM `asd_webinfo` [ RunTime:0.0000s ]
SQL: SELECT * FROM `asd_webinfo` LIMIT 1   [ RunTime:0.0000s ]
SQL: SHOW COLUMNS FROM `asd_news` [ RunTime:0.0156s ]
SQL: SHOW COLUMNS FROM `asd_news` [ RunTime:0.0000s ]
SQL: SELECT `newsId`,`newsTitle`,`newsRelease`,`newsInfo` FROM `asd_news` WHERE ( newsType = 1 and life = 0 ) LIMIT 2   [ RunTime:0.0000s ]
SQL: SELECT `newsId`,`newsTitle`,`newsRelease`,`newsInfo` FROM `asd_news` WHERE ( newsType = 2 and life = 0 ) LIMIT 2   [ RunTime:0.0000s ]
SQL: SELECT `newsId`,`newsTitle`,`newsRelease`,`newsInfo` FROM `asd_news` WHERE ( newsType = 3 and life = 0 ) LIMIT 2   [ RunTime:0.0000s ]
INFO: [ view_parse ] --START--
INFO: [ template_filter ] --START--
INFO: Run Behavior\ContentReplaceBehavior [ RunTime:0.000000s ]
INFO: [ template_filter ] --END-- [ RunTime:0.000000s ]
NOTIC: [8] Undefined variable: rel C:\Tool\phpStudy\WWW\aoshade\Application\Runtime\Cache\Home\4cf0f5e7aaa9aa19d62e599d3a2477a7.php 第 111 行.
NOTIC: [8] Undefined index: webCompnayarea C:\Tool\phpStudy\WWW\aoshade\Application\Runtime\Cache\Home\4cf0f5e7aaa9aa19d62e599d3a2477a7.php 第 286 行.
NOTIC: [8] Undefined index: webCompnayaddr C:\Tool\phpStudy\WWW\aoshade\Application\Runtime\Cache\Home\4cf0f5e7aaa9aa19d62e599d3a2477a7.php 第 286 行.
INFO: Run Behavior\ParseTemplateBehavior [ RunTime:0.015624s ]
INFO: [ view_parse ] --END-- [ RunTime:0.015624s ]
INFO: [ view_filter ] --START--
INFO: Run Behavior\WriteHtmlCacheBehavior [ RunTime:0.000000s ]
INFO: [ view_filter ] --END-- [ RunTime:0.000000s ]
INFO: [ app_end ] --START--
INFO: Run Behavior\ShowPageTraceBehavior [ RunTime:0.000000s ]
INFO: [ app_end ] --END-- [ RunTime:0.000000s ]

[ 2017-05-06T10:57:41+08:00 ] 140.205.205.2 /
INFO: [ app_init ] --START--
INFO: Run Behavior\BuildLiteBehavior [ RunTime:0.000000s ]
INFO: [ app_init ] --END-- [ RunTime:0.000000s ]
INFO: [ app_begin ] --START--
INFO: Run Behavior\ReadHtmlCacheBehavior [ RunTime:0.000000s ]
INFO: [ app_begin ] --END-- [ RunTime:0.000000s ]
SQL: SHOW COLUMNS FROM `asd_case` [ RunTime:0.0000s ]
SQL: SHOW COLUMNS FROM `asd_case` [ RunTime:0.0000s ]
SQL: SHOW COLUMNS FROM `asd_casetype` [ RunTime:0.0000s ]
SQL: SHOW COLUMNS FROM `asd_news` [ RunTime:0.0000s ]
SQL: SELECT * FROM `asd_case` WHERE ( caseRecentshow = 1 and life = 0 ) LIMIT 9   [ RunTime:0.0000s ]
SQL: SELECT * FROM `asd_casetype` WHERE ( caseTypeShow = 1 )  [ RunTime:0.0000s ]
SQL: SELECT * FROM `asd_news` WHERE ( newsType = 4 and  newsShow = 0 and life = 0 ) LIMIT 1   [ RunTime:0.0000s ]
SQL: SELECT * FROM `asd_news` WHERE ( newsType = 4 and  newsShow = 0 and life = 0 ) LIMIT 1,5   [ RunTime:0.0000s ]
SQL: SELECT * FROM `asd_news` WHERE ( newsType = 2 and  newsShow = 0 and life = 0 ) LIMIT 1   [ RunTime:0.0000s ]
SQL: SELECT * FROM `asd_news` WHERE ( newsType = 2 and  newsShow = 0 and life = 0 ) LIMIT 1,5   [ RunTime:0.0000s ]
SQL: SELECT * FROM `asd_news` WHERE ( newsType = 3 and  newsShow = 0 and life = 0 ) LIMIT 1   [ RunTime:0.0000s ]
SQL: SELECT * FROM `asd_news` WHERE ( newsType = 3 and  newsShow = 0 and life = 0 ) LIMIT 1,5   [ RunTime:0.0000s ]
SQL: SHOW COLUMNS FROM `asd_webinfo` [ RunTime:0.0000s ]
SQL: SHOW COLUMNS FROM `asd_webinfo` [ RunTime:0.0000s ]
SQL: SELECT * FROM `asd_webinfo` LIMIT 1   [ RunTime:0.0000s ]
SQL: SHOW COLUMNS FROM `asd_news` [ RunTime:0.0000s ]
SQL: SELECT `newsId`,`newsTitle`,`newsRelease`,`newsInfo` FROM `asd_news` WHERE ( newsType = 1 and life = 0 ) LIMIT 2   [ RunTime:0.0000s ]
SQL: SELECT `newsId`,`newsTitle`,`newsRelease`,`newsInfo` FROM `asd_news` WHERE ( newsType = 2 and life = 0 ) LIMIT 2   [ RunTime:0.0000s ]
SQL: SELECT `newsId`,`newsTitle`,`newsRelease`,`newsInfo` FROM `asd_news` WHERE ( newsType = 3 and life = 0 ) LIMIT 2   [ RunTime:0.0000s ]
INFO: [ view_parse ] --START--
INFO: [ template_filter ] --START--
INFO: Run Behavior\ContentReplaceBehavior [ RunTime:0.000000s ]
INFO: [ template_filter ] --END-- [ RunTime:0.000000s ]
NOTIC: [8] Undefined index: webCompnayarea C:\Tool\phpStudy\WWW\aoshade\Application\Runtime\Cache\Home\2a94b8bda04ff446dcedd42276fc99ee.php 第 763 行.
NOTIC: [8] Undefined index: webCompnayaddr C:\Tool\phpStudy\WWW\aoshade\Application\Runtime\Cache\Home\2a94b8bda04ff446dcedd42276fc99ee.php 第 763 行.
INFO: Run Behavior\ParseTemplateBehavior [ RunTime:0.031250s ]
INFO: [ view_parse ] --END-- [ RunTime:0.031250s ]
INFO: [ view_filter ] --START--
INFO: Run Behavior\WriteHtmlCacheBehavior [ RunTime:0.000000s ]
INFO: [ view_filter ] --END-- [ RunTime:0.000000s ]
INFO: [ app_end ] --START--
INFO: Run Behavior\ShowPageTraceBehavior [ RunTime:0.000000s ]
INFO: [ app_end ] --END-- [ RunTime:0.000000s ]

[ 2017-05-06T10:57:42+08:00 ] 119.23.46.184 /index.php
INFO: [ app_init ] --START--
INFO: Run Behavior\BuildLiteBehavior [ RunTime:0.000000s ]
INFO: [ app_init ] --END-- [ RunTime:0.000000s ]
INFO: [ app_begin ] --START--
INFO: Run Behavior\ReadHtmlCacheBehavior [ RunTime:0.000000s ]
INFO: [ app_begin ] --END-- [ RunTime:0.000000s ]
SQL: SHOW COLUMNS FROM `asd_case` [ RunTime:0.0000s ]
SQL: SHOW COLUMNS FROM `asd_case` [ RunTime:0.0000s ]
SQL: SHOW COLUMNS FROM `asd_casetype` [ RunTime:0.0000s ]
SQL: SHOW COLUMNS FROM `asd_news` [ RunTime:0.0000s ]
SQL: SELECT * FROM `asd_case` WHERE ( caseRecentshow = 1 and life = 0 ) LIMIT 9   [ RunTime:0.0000s ]
SQL: SELECT * FROM `asd_casetype` WHERE ( caseTypeShow = 1 )  [ RunTime:0.0000s ]
SQL: SELECT * FROM `asd_news` WHERE ( newsType = 4 and  newsShow = 0 and life = 0 ) LIMIT 1   [ RunTime:0.0000s ]
SQL: SELECT * FROM `asd_news` WHERE ( newsType = 4 and  newsShow = 0 and life = 0 ) LIMIT 1,5   [ RunTime:0.0000s ]
SQL: SELECT * FROM `asd_news` WHERE ( newsType = 2 and  newsShow = 0 and life = 0 ) LIMIT 1   [ RunTime:0.0000s ]
SQL: SELECT * FROM `asd_news` WHERE ( newsType = 2 and  newsShow = 0 and life = 0 ) LIMIT 1,5   [ RunTime:0.0000s ]
SQL: SELECT * FROM `asd_news` WHERE ( newsType = 3 and  newsShow = 0 and life = 0 ) LIMIT 1   [ RunTime:0.0000s ]
SQL: SELECT * FROM `asd_news` WHERE ( newsType = 3 and  newsShow = 0 and life = 0 ) LIMIT 1,5   [ RunTime:0.0000s ]
SQL: SHOW COLUMNS FROM `asd_webinfo` [ RunTime:0.0156s ]
SQL: SHOW COLUMNS FROM `asd_webinfo` [ RunTime:0.0000s ]
SQL: SELECT * FROM `asd_webinfo` LIMIT 1   [ RunTime:0.0000s ]
SQL: SHOW COLUMNS FROM `asd_news` [ RunTime:0.0000s ]
SQL: SELECT `newsId`,`newsTitle`,`newsRelease`,`newsInfo` FROM `asd_news` WHERE ( newsType = 1 and life = 0 ) LIMIT 2   [ RunTime:0.0000s ]
SQL: SELECT `newsId`,`newsTitle`,`newsRelease`,`newsInfo` FROM `asd_news` WHERE ( newsType = 2 and life = 0 ) LIMIT 2   [ RunTime:0.0000s ]
SQL: SELECT `newsId`,`newsTitle`,`newsRelease`,`newsInfo` FROM `asd_news` WHERE ( newsType = 3 and life = 0 ) LIMIT 2   [ RunTime:0.0000s ]
INFO: [ view_parse ] --START--
INFO: [ template_filter ] --START--
INFO: Run Behavior\ContentReplaceBehavior [ RunTime:0.000000s ]
INFO: [ template_filter ] --END-- [ RunTime:0.000000s ]
NOTIC: [8] Undefined index: webCompnayarea C:\Tool\phpStudy\WWW\aoshade\Application\Runtime\Cache\Home\2a94b8bda04ff446dcedd42276fc99ee.php 第 763 行.
NOTIC: [8] Undefined index: webCompnayaddr C:\Tool\phpStudy\WWW\aoshade\Application\Runtime\Cache\Home\2a94b8bda04ff446dcedd42276fc99ee.php 第 763 行.
INFO: Run Behavior\ParseTemplateBehavior [ RunTime:0.015625s ]
INFO: [ view_parse ] --END-- [ RunTime:0.015625s ]
INFO: [ view_filter ] --START--
INFO: Run Behavior\WriteHtmlCacheBehavior [ RunTime:0.000000s ]
INFO: [ view_filter ] --END-- [ RunTime:0.000000s ]
INFO: [ app_end ] --START--
INFO: Run Behavior\ShowPageTraceBehavior [ RunTime:0.000000s ]
INFO: [ app_end ] --END-- [ RunTime:0.000000s ]

[ 2017-05-06T11:05:37+08:00 ] 220.181.108.139 /Index/caseAll/caseType/1/caseSize/4
INFO: [ app_init ] --START--
INFO: Run Behavior\BuildLiteBehavior [ RunTime:0.000000s ]
INFO: [ app_init ] --END-- [ RunTime:0.000000s ]
INFO: [ app_begin ] --START--
INFO: Run Behavior\ReadHtmlCacheBehavior [ RunTime:0.000000s ]
INFO: [ app_begin ] --END-- [ RunTime:0.000000s ]
SQL: SHOW COLUMNS FROM `asd_case` [ RunTime:0.0000s ]
SQL: SHOW COLUMNS FROM `asd_case` [ RunTime:0.0000s ]
SQL: SHOW COLUMNS FROM `asd_casearea` [ RunTime:0.0000s ]
SQL: SHOW COLUMNS FROM `asd_casetype` [ RunTime:0.0000s ]
SQL: SHOW COLUMNS FROM `asd_casesize` [ RunTime:0.0000s ]
NOTIC: [8] Undefined variable: sreach C:\Tool\phpStudy\WWW\aoshade\Application\Home\Model\CaseModel.class.php 第 67 行.
SQL: SELECT * FROM `asd_case` WHERE `caseType` = 1 AND `caseSize` = 4 AND `life` = 0  [ RunTime:0.0000s ]
SQL: SELECT * FROM `asd_case` WHERE `caseType` = 1 AND `caseSize` = 4 AND `life` = 0 LIMIT 0,9   [ RunTime:0.0000s ]
NOTIC: [8] Undefined variable: sreach C:\Tool\phpStudy\WWW\aoshade\Application\Home\Model\CaseModel.class.php 第 81 行.
SQL: SELECT * FROM `asd_casearea`  [ RunTime:0.0156s ]
SQL: SELECT * FROM `asd_casetype`  [ RunTime:0.0000s ]
SQL: SELECT * FROM `asd_casesize`  [ RunTime:0.0000s ]
NOTIC: [8] Undefined index: casetypeId C:\Tool\phpStudy\WWW\aoshade\Application\Home\Controller\IndexController.class.php 第 48 行.
SQL: SHOW COLUMNS FROM `asd_webinfo` [ RunTime:0.0000s ]
SQL: SHOW COLUMNS FROM `asd_webinfo` [ RunTime:0.0000s ]
SQL: SELECT * FROM `asd_webinfo` LIMIT 1   [ RunTime:0.0000s ]
SQL: SHOW COLUMNS FROM `asd_news` [ RunTime:0.0000s ]
SQL: SHOW COLUMNS FROM `asd_news` [ RunTime:0.0000s ]
SQL: SELECT `newsId`,`newsTitle`,`newsRelease`,`newsInfo` FROM `asd_news` WHERE ( newsType = 1 and life = 0 ) LIMIT 2   [ RunTime:0.0000s ]
SQL: SELECT `newsId`,`newsTitle`,`newsRelease`,`newsInfo` FROM `asd_news` WHERE ( newsType = 2 and life = 0 ) LIMIT 2   [ RunTime:0.0000s ]
SQL: SELECT `newsId`,`newsTitle`,`newsRelease`,`newsInfo` FROM `asd_news` WHERE ( newsType = 3 and life = 0 ) LIMIT 2   [ RunTime:0.0000s ]
INFO: [ view_parse ] --START--
INFO: [ template_filter ] --START--
INFO: Run Behavior\ContentReplaceBehavior [ RunTime:0.000000s ]
INFO: [ template_filter ] --END-- [ RunTime:0.000000s ]
NOTIC: [8] Undefined variable: rel C:\Tool\phpStudy\WWW\aoshade\Application\Runtime\Cache\Home\4cf0f5e7aaa9aa19d62e599d3a2477a7.php 第 111 行.
NOTIC: [8] Undefined index: webCompnayarea C:\Tool\phpStudy\WWW\aoshade\Application\Runtime\Cache\Home\4cf0f5e7aaa9aa19d62e599d3a2477a7.php 第 286 行.
NOTIC: [8] Undefined index: webCompnayaddr C:\Tool\phpStudy\WWW\aoshade\Application\Runtime\Cache\Home\4cf0f5e7aaa9aa19d62e599d3a2477a7.php 第 286 行.
INFO: Run Behavior\ParseTemplateBehavior [ RunTime:0.015625s ]
INFO: [ view_parse ] --END-- [ RunTime:0.015625s ]
INFO: [ view_filter ] --START--
INFO: Run Behavior\WriteHtmlCacheBehavior [ RunTime:0.000000s ]
INFO: [ view_filter ] --END-- [ RunTime:0.000000s ]
INFO: [ app_end ] --START--
INFO: Run Behavior\ShowPageTraceBehavior [ RunTime:0.000000s ]
INFO: [ app_end ] --END-- [ RunTime:0.000000s ]

[ 2017-05-06T11:38:57+08:00 ] 220.181.108.163 /Index/caseAll/caseArea/2/caseSize/4
INFO: [ app_init ] --START--
INFO: Run Behavior\BuildLiteBehavior [ RunTime:0.000000s ]
INFO: [ app_init ] --END-- [ RunTime:0.000000s ]
INFO: [ app_begin ] --START--
INFO: Run Behavior\ReadHtmlCacheBehavior [ RunTime:0.000000s ]
INFO: [ app_begin ] --END-- [ RunTime:0.000000s ]
SQL: SHOW COLUMNS FROM `asd_case` [ RunTime:0.0000s ]
SQL: SHOW COLUMNS FROM `asd_case` [ RunTime:0.0000s ]
SQL: SHOW COLUMNS FROM `asd_casearea` [ RunTime:0.0000s ]
SQL: SHOW COLUMNS FROM `asd_casetype` [ RunTime:0.0000s ]
SQL: SHOW COLUMNS FROM `asd_casesize` [ RunTime:0.0000s ]
NOTIC: [8] Undefined variable: sreach C:\Tool\phpStudy\WWW\aoshade\Application\Home\Model\CaseModel.class.php 第 67 行.
SQL: SELECT * FROM `asd_case` WHERE `caseArea` = 2 AND `caseSize` = 4 AND `life` = 0  [ RunTime:0.0000s ]
SQL: SELECT * FROM `asd_case` WHERE `caseArea` = 2 AND `caseSize` = 4 AND `life` = 0 LIMIT 0,9   [ RunTime:0.0000s ]
NOTIC: [8] Undefined variable: sreach C:\Tool\phpStudy\WWW\aoshade\Application\Home\Model\CaseModel.class.php 第 81 行.
SQL: SELECT * FROM `asd_casearea`  [ RunTime:0.0000s ]
SQL: SELECT * FROM `asd_casetype`  [ RunTime:0.0000s ]
SQL: SELECT * FROM `asd_casesize`  [ RunTime:0.0000s ]
NOTIC: [8] Undefined index: casetypeId C:\Tool\phpStudy\WWW\aoshade\Application\Home\Controller\IndexController.class.php 第 48 行.
SQL: SHOW COLUMNS FROM `asd_webinfo` [ RunTime:0.0156s ]
SQL: SHOW COLUMNS FROM `asd_webinfo` [ RunTime:0.0000s ]
SQL: SELECT * FROM `asd_webinfo` LIMIT 1   [ RunTime:0.0000s ]
SQL: SHOW COLUMNS FROM `asd_news` [ RunTime:0.0000s ]
SQL: SHOW COLUMNS FROM `asd_news` [ RunTime:0.0000s ]
SQL: SELECT `newsId`,`newsTitle`,`newsRelease`,`newsInfo` FROM `asd_news` WHERE ( newsType = 1 and life = 0 ) LIMIT 2   [ RunTime:0.0000s ]
SQL: SELECT `newsId`,`newsTitle`,`newsRelease`,`newsInfo` FROM `asd_news` WHERE ( newsType = 2 and life = 0 ) LIMIT 2   [ RunTime:0.0000s ]
SQL: SELECT `newsId`,`newsTitle`,`newsRelease`,`newsInfo` FROM `asd_news` WHERE ( newsType = 3 and life = 0 ) LIMIT 2   [ RunTime:0.0000s ]
INFO: [ view_parse ] --START--
INFO: [ template_filter ] --START--
INFO: Run Behavior\ContentReplaceBehavior [ RunTime:0.000000s ]
INFO: [ template_filter ] --END-- [ RunTime:0.000000s ]
NOTIC: [8] Undefined variable: rel C:\Tool\phpStudy\WWW\aoshade\Application\Runtime\Cache\Home\4cf0f5e7aaa9aa19d62e599d3a2477a7.php 第 111 行.
NOTIC: [8] Undefined index: webCompnayarea C:\Tool\phpStudy\WWW\aoshade\Application\Runtime\Cache\Home\4cf0f5e7aaa9aa19d62e599d3a2477a7.php 第 286 行.
NOTIC: [8] Undefined index: webCompnayaddr C:\Tool\phpStudy\WWW\aoshade\Application\Runtime\Cache\Home\4cf0f5e7aaa9aa19d62e599d3a2477a7.php 第 286 行.
INFO: Run Behavior\ParseTemplateBehavior [ RunTime:0.015625s ]
INFO: [ view_parse ] --END-- [ RunTime:0.015625s ]
INFO: [ view_filter ] --START--
INFO: Run Behavior\WriteHtmlCacheBehavior [ RunTime:0.000000s ]
INFO: [ view_filter ] --END-- [ RunTime:0.000000s ]
INFO: [ app_end ] --START--
INFO: Run Behavior\ShowPageTraceBehavior [ RunTime:0.000000s ]
INFO: [ app_end ] --END-- [ RunTime:0.000000s ]

[ 2017-05-06T11:59:55+08:00 ] 42.236.10.83 /Index/caseDetail/caseId/7
INFO: [ app_init ] --START--
INFO: Run Behavior\BuildLiteBehavior [ RunTime:0.000000s ]
INFO: [ app_init ] --END-- [ RunTime:0.000000s ]
INFO: [ app_begin ] --START--
INFO: Run Behavior\ReadHtmlCacheBehavior [ RunTime:0.000000s ]
INFO: [ app_begin ] --END-- [ RunTime:0.000000s ]
SQL: SHOW COLUMNS FROM `asd_case` [ RunTime:0.0000s ]
SQL: SHOW COLUMNS FROM `asd_case` [ RunTime:0.0000s ]
SQL: SHOW COLUMNS FROM `asd_casesize` [ RunTime:0.0000s ]
SQL: SELECT * FROM `asd_case` WHERE ( caseId =7 ) LIMIT 1   [ RunTime:0.0000s ]
SQL: SELECT * FROM `asd_case` WHERE ( caseType =3 ) LIMIT 3   [ RunTime:0.0000s ]
SQL: SELECT * FROM `asd_casesize`  [ RunTime:0.0000s ]
SQL: SHOW COLUMNS FROM `asd_webinfo` [ RunTime:0.0000s ]
SQL: SHOW COLUMNS FROM `asd_webinfo` [ RunTime:0.0000s ]
SQL: SELECT * FROM `asd_webinfo` LIMIT 1   [ RunTime:0.0000s ]
SQL: SHOW COLUMNS FROM `asd_news` [ RunTime:0.0000s ]
SQL: SHOW COLUMNS FROM `asd_news` [ RunTime:0.0156s ]
SQL: SELECT `newsId`,`newsTitle`,`newsRelease`,`newsInfo` FROM `asd_news` WHERE ( newsType = 1 and life = 0 ) LIMIT 2   [ RunTime:0.0000s ]
SQL: SELECT `newsId`,`newsTitle`,`newsRelease`,`newsInfo` FROM `asd_news` WHERE ( newsType = 2 and life = 0 ) LIMIT 2   [ RunTime:0.0000s ]
SQL: SELECT `newsId`,`newsTitle`,`newsRelease`,`newsInfo` FROM `asd_news` WHERE ( newsType = 3 and life = 0 ) LIMIT 2   [ RunTime:0.0000s ]
INFO: [ view_parse ] --START--
INFO: [ template_filter ] --START--
INFO: Run Behavior\ContentReplaceBehavior [ RunTime:0.000000s ]
INFO: [ template_filter ] --END-- [ RunTime:0.000000s ]
NOTIC: [8] Undefined index: webCompnayarea C:\Tool\phpStudy\WWW\aoshade\Application\Runtime\Cache\Home\d6b3ed125575ac794f287d1ffff25015.php 第 322 行.
NOTIC: [8] Undefined index: webCompnayaddr C:\Tool\phpStudy\WWW\aoshade\Application\Runtime\Cache\Home\d6b3ed125575ac794f287d1ffff25015.php 第 322 行.
INFO: Run Behavior\ParseTemplateBehavior [ RunTime:0.015625s ]
INFO: [ view_parse ] --END-- [ RunTime:0.015625s ]
INFO: [ view_filter ] --START--
INFO: Run Behavior\WriteHtmlCacheBehavior [ RunTime:0.000000s ]
INFO: [ view_filter ] --END-- [ RunTime:0.000000s ]
INFO: [ app_end ] --START--
INFO: Run Behavior\ShowPageTraceBehavior [ RunTime:0.000000s ]
INFO: [ app_end ] --END-- [ RunTime:0.000000s ]

[ 2017-05-06T11:59:55+08:00 ] 42.236.99.154 /Index/designer
INFO: [ app_init ] --START--
INFO: Run Behavior\BuildLiteBehavior [ RunTime:0.000000s ]
INFO: [ app_init ] --END-- [ RunTime:0.000000s ]
INFO: [ app_begin ] --START--
INFO: Run Behavior\ReadHtmlCacheBehavior [ RunTime:0.000000s ]
INFO: [ app_begin ] --END-- [ RunTime:0.000000s ]
SQL: SHOW COLUMNS FROM `asd_webinfo` [ RunTime:0.0000s ]
SQL: SHOW COLUMNS FROM `asd_webinfo` [ RunTime:0.0000s ]
SQL: SELECT * FROM `asd_webinfo` LIMIT 1   [ RunTime:0.0000s ]
SQL: SHOW COLUMNS FROM `asd_news` [ RunTime:0.0000s ]
SQL: SHOW COLUMNS FROM `asd_news` [ RunTime:0.0000s ]
SQL: SELECT `newsId`,`newsTitle`,`newsRelease`,`newsInfo` FROM `asd_news` WHERE ( newsType = 1 and life = 0 ) LIMIT 2   [ RunTime:0.0000s ]
SQL: SELECT `newsId`,`newsTitle`,`newsRelease`,`newsInfo` FROM `asd_news` WHERE ( newsType = 2 and life = 0 ) LIMIT 2   [ RunTime:0.0000s ]
SQL: SELECT `newsId`,`newsTitle`,`newsRelease`,`newsInfo` FROM `asd_news` WHERE ( newsType = 3 and life = 0 ) LIMIT 2   [ RunTime:0.0000s ]
INFO: [ view_parse ] --START--
INFO: [ template_filter ] --START--
INFO: Run Behavior\ContentReplaceBehavior [ RunTime:0.000000s ]
INFO: [ template_filter ] --END-- [ RunTime:0.000000s ]
NOTIC: [8] Undefined index: webCompnayarea C:\Tool\phpStudy\WWW\aoshade\Application\Runtime\Cache\Home\b80ac81553007b0f18c475bb4f546667.php 第 267 行.
NOTIC: [8] Undefined index: webCompnayaddr C:\Tool\phpStudy\WWW\aoshade\Application\Runtime\Cache\Home\b80ac81553007b0f18c475bb4f546667.php 第 267 行.
INFO: Run Behavior\ParseTemplateBehavior [ RunTime:0.015625s ]
INFO: [ view_parse ] --END-- [ RunTime:0.015625s ]
INFO: [ view_filter ] --START--
INFO: Run Behavior\WriteHtmlCacheBehavior [ RunTime:0.000000s ]
INFO: [ view_filter ] --END-- [ RunTime:0.000000s ]
INFO: [ app_end ] --START--
INFO: Run Behavior\ShowPageTraceBehavior [ RunTime:0.000000s ]
INFO: [ app_end ] --END-- [ RunTime:0.000000s ]

[ 2017-05-06T11:59:55+08:00 ] 42.236.99.86 /Index/caseDetail
INFO: [ app_init ] --START--
INFO: Run Behavior\BuildLiteBehavior [ RunTime:0.000000s ]
INFO: [ app_init ] --END-- [ RunTime:0.000000s ]
INFO: [ app_begin ] --START--
INFO: Run Behavior\ReadHtmlCacheBehavior [ RunTime:0.000000s ]
INFO: [ app_begin ] --END-- [ RunTime:0.000000s ]
SQL: SHOW COLUMNS FROM `asd_case` [ RunTime:0.0156s ]
SQL: SHOW COLUMNS FROM `asd_case` [ RunTime:0.0000s ]
SQL: SHOW COLUMNS FROM `asd_casesize` [ RunTime:0.0000s ]

[ 2017-05-06T11:59:55+08:00 ] 42.236.99.154 /
INFO: [ app_init ] --START--
INFO: Run Behavior\BuildLiteBehavior [ RunTime:0.000000s ]
INFO: [ app_init ] --END-- [ RunTime:0.000000s ]
INFO: [ app_begin ] --START--
INFO: Run Behavior\ReadHtmlCacheBehavior [ RunTime:0.000000s ]
INFO: [ app_begin ] --END-- [ RunTime:0.000000s ]
SQL: SHOW COLUMNS FROM `asd_case` [ RunTime:0.0000s ]
SQL: SHOW COLUMNS FROM `asd_case` [ RunTime:0.0000s ]
SQL: SHOW COLUMNS FROM `asd_casetype` [ RunTime:0.0000s ]
SQL: SHOW COLUMNS FROM `asd_news` [ RunTime:0.0000s ]
SQL: SELECT * FROM `asd_case` WHERE ( caseRecentshow = 1 and life = 0 ) LIMIT 9   [ RunTime:0.0000s ]
SQL: SELECT * FROM `asd_casetype` WHERE ( caseTypeShow = 1 )  [ RunTime:0.0000s ]
SQL: SELECT * FROM `asd_news` WHERE ( newsType = 4 and  newsShow = 0 and life = 0 ) LIMIT 1   [ RunTime:0.0000s ]
SQL: SELECT * FROM `asd_news` WHERE ( newsType = 4 and  newsShow = 0 and life = 0 ) LIMIT 1,5   [ RunTime:0.0000s ]
SQL: SELECT * FROM `asd_news` WHERE ( newsType = 2 and  newsShow = 0 and life = 0 ) LIMIT 1   [ RunTime:0.0000s ]
SQL: SELECT * FROM `asd_news` WHERE ( newsType = 2 and  newsShow = 0 and life = 0 ) LIMIT 1,5   [ RunTime:0.0000s ]
SQL: SELECT * FROM `asd_news` WHERE ( newsType = 3 and  newsShow = 0 and life = 0 ) LIMIT 1   [ RunTime:0.0000s ]
SQL: SELECT * FROM `asd_news` WHERE ( newsType = 3 and  newsShow = 0 and life = 0 ) LIMIT 1,5   [ RunTime:0.0000s ]
SQL: SHOW COLUMNS FROM `asd_webinfo` [ RunTime:0.0156s ]
SQL: SHOW COLUMNS FROM `asd_webinfo` [ RunTime:0.0000s ]
SQL: SELECT * FROM `asd_webinfo` LIMIT 1   [ RunTime:0.0000s ]
SQL: SHOW COLUMNS FROM `asd_news` [ RunTime:0.0000s ]
SQL: SELECT `newsId`,`newsTitle`,`newsRelease`,`newsInfo` FROM `asd_news` WHERE ( newsType = 1 and life = 0 ) LIMIT 2   [ RunTime:0.0000s ]
SQL: SELECT `newsId`,`newsTitle`,`newsRelease`,`newsInfo` FROM `asd_news` WHERE ( newsType = 2 and life = 0 ) LIMIT 2   [ RunTime:0.0000s ]
SQL: SELECT `newsId`,`newsTitle`,`newsRelease`,`newsInfo` FROM `asd_news` WHERE ( newsType = 3 and life = 0 ) LIMIT 2   [ RunTime:0.0000s ]
INFO: [ view_parse ] --START--
INFO: [ template_filter ] --START--
INFO: Run Behavior\ContentReplaceBehavior [ RunTime:0.000000s ]
INFO: [ template_filter ] --END-- [ RunTime:0.000000s ]
NOTIC: [8] Undefined index: webCompnayarea C:\Tool\phpStudy\WWW\aoshade\Application\Runtime\Cache\Home\2a94b8bda04ff446dcedd42276fc99ee.php 第 763 行.
NOTIC: [8] Undefined index: webCompnayaddr C:\Tool\phpStudy\WWW\aoshade\Application\Runtime\Cache\Home\2a94b8bda04ff446dcedd42276fc99ee.php 第 763 行.
INFO: Run Behavior\ParseTemplateBehavior [ RunTime:0.015625s ]
INFO: [ view_parse ] --END-- [ RunTime:0.015625s ]
INFO: [ view_filter ] --START--
INFO: Run Behavior\WriteHtmlCacheBehavior [ RunTime:0.000000s ]
INFO: [ view_filter ] --END-- [ RunTime:0.000000s ]
INFO: [ app_end ] --START--
INFO: Run Behavior\ShowPageTraceBehavior [ RunTime:0.000000s ]
INFO: [ app_end ] --END-- [ RunTime:0.000000s ]

[ 2017-05-06T11:59:56+08:00 ] 42.236.10.81 /Index/caseDetail/caseId/5
INFO: [ app_init ] --START--
INFO: Run Behavior\BuildLiteBehavior [ RunTime:0.000000s ]
INFO: [ app_init ] --END-- [ RunTime:0.000000s ]
INFO: [ app_begin ] --START--
INFO: Run Behavior\ReadHtmlCacheBehavior [ RunTime:0.000000s ]
INFO: [ app_begin ] --END-- [ RunTime:0.000000s ]
SQL: SHOW COLUMNS FROM `asd_case` [ RunTime:0.0000s ]
SQL: SHOW COLUMNS FROM `asd_case` [ RunTime:0.0000s ]
SQL: SHOW COLUMNS FROM `asd_casesize` [ RunTime:0.0000s ]
SQL: SELECT * FROM `asd_case` WHERE ( caseId =5 ) LIMIT 1   [ RunTime:0.0000s ]
SQL: SELECT * FROM `asd_case` WHERE ( caseType =2 ) LIMIT 3   [ RunTime:0.0000s ]
SQL: SELECT * FROM `asd_casesize`  [ RunTime:0.0000s ]
NOTIC: [8] Undefined offset: 4 C:\Tool\phpStudy\WWW\aoshade\Application\Home\Model\CaseModel.class.php 第 119 行.
SQL: SHOW COLUMNS FROM `asd_webinfo` [ RunTime:0.0000s ]
SQL: SHOW COLUMNS FROM `asd_webinfo` [ RunTime:0.0156s ]
SQL: SELECT * FROM `asd_webinfo` LIMIT 1   [ RunTime:0.0000s ]
SQL: SHOW COLUMNS FROM `asd_news` [ RunTime:0.0000s ]
SQL: SHOW COLUMNS FROM `asd_news` [ RunTime:0.0000s ]
SQL: SELECT `newsId`,`newsTitle`,`newsRelease`,`newsInfo` FROM `asd_news` WHERE ( newsType = 1 and life = 0 ) LIMIT 2   [ RunTime:0.0000s ]
SQL: SELECT `newsId`,`newsTitle`,`newsRelease`,`newsInfo` FROM `asd_news` WHERE ( newsType = 2 and life = 0 ) LIMIT 2   [ RunTime:0.0000s ]
SQL: SELECT `newsId`,`newsTitle`,`newsRelease`,`newsInfo` FROM `asd_news` WHERE ( newsType = 3 and life = 0 ) LIMIT 2   [ RunTime:0.0000s ]
INFO: [ view_parse ] --START--
INFO: [ template_filter ] --START--
INFO: Run Behavior\ContentReplaceBehavior [ RunTime:0.000000s ]
INFO: [ template_filter ] --END-- [ RunTime:0.000000s ]
NOTIC: [8] Undefined index: webCompnayarea C:\Tool\phpStudy\WWW\aoshade\Application\Runtime\Cache\Home\d6b3ed125575ac794f287d1ffff25015.php 第 322 行.
NOTIC: [8] Undefined index: webCompnayaddr C:\Tool\phpStudy\WWW\aoshade\Application\Runtime\Cache\Home\d6b3ed125575ac794f287d1ffff25015.php 第 322 行.
INFO: Run Behavior\ParseTemplateBehavior [ RunTime:0.015625s ]
INFO: [ view_parse ] --END-- [ RunTime:0.015625s ]
INFO: [ view_filter ] --START--
INFO: Run Behavior\WriteHtmlCacheBehavior [ RunTime:0.000000s ]
INFO: [ view_filter ] --END-- [ RunTime:0.000000s ]
INFO: [ app_end ] --START--
INFO: Run Behavior\ShowPageTraceBehavior [ RunTime:0.000000s ]
INFO: [ app_end ] --END-- [ RunTime:0.000000s ]

[ 2017-05-06T11:59:56+08:00 ] 42.236.10.77 /Index/osdexpo@163.com
INFO: [ app_init ] --START--
INFO: Run Behavior\BuildLiteBehavior [ RunTime:0.000000s ]
INFO: [ app_init ] --END-- [ RunTime:0.000000s ]
INFO: [ app_begin ] --START--
INFO: Run Behavior\ReadHtmlCacheBehavior [ RunTime:0.000000s ]
INFO: [ app_begin ] --END-- [ RunTime:0.000000s ]
ERR: 非法操作:osdexpo@163

[ 2017-05-06T11:59:56+08:00 ] 42.236.99.37 /Index/news
INFO: [ app_init ] --START--
INFO: Run Behavior\BuildLiteBehavior [ RunTime:0.000000s ]
INFO: [ app_init ] --END-- [ RunTime:0.000000s ]
INFO: [ app_begin ] --START--
INFO: Run Behavior\ReadHtmlCacheBehavior [ RunTime:0.000000s ]
INFO: [ app_begin ] --END-- [ RunTime:0.000000s ]
SQL: SHOW COLUMNS FROM `asd_news` [ RunTime:0.0000s ]
NOTIC: [2] Missing argument 1 for Home\Model\NewsModel::news(), called in C:\Tool\phpStudy\WWW\aoshade\Application\Home\Controller\IndexController.class.php on line 94 and defined C:\Tool\phpStudy\WWW\aoshade\Application\Home\Model\NewsModel.class.php 第 39 行.
SQL: SHOW COLUMNS FROM `asd_news` [ RunTime:0.0000s ]
SQL: SELECT * FROM `asd_news` WHERE ( life = 0 )  [ RunTime:0.0000s ]
SQL: SELECT * FROM `asd_news` WHERE ( life = 0 ) LIMIT 0,9   [ RunTime:0.0000s ]
SQL: SHOW COLUMNS FROM `asd_webinfo` [ RunTime:0.0000s ]
SQL: SHOW COLUMNS FROM `asd_webinfo` [ RunTime:0.0000s ]
SQL: SELECT * FROM `asd_webinfo` LIMIT 1   [ RunTime:0.0000s ]
SQL: SELECT `newsId`,`newsTitle`,`newsRelease`,`newsInfo` FROM `asd_news` WHERE ( newsType = 1 and life = 0 ) LIMIT 2   [ RunTime:0.0000s ]
SQL: SELECT `newsId`,`newsTitle`,`newsRelease`,`newsInfo` FROM `asd_news` WHERE ( newsType = 2 and life = 0 ) LIMIT 2   [ RunTime:0.0000s ]
SQL: SELECT `newsId`,`newsTitle`,`newsRelease`,`newsInfo` FROM `asd_news` WHERE ( newsType = 3 and life = 0 ) LIMIT 2   [ RunTime:0.0000s ]
INFO: [ view_parse ] --START--
INFO: [ template_filter ] --START--
INFO: Run Behavior\ContentReplaceBehavior [ RunTime:0.000000s ]
INFO: [ template_filter ] --END-- [ RunTime:0.000000s ]
NOTIC: [8] Undefined index: webCompnayarea C:\Tool\phpStudy\WWW\aoshade\Application\Runtime\Cache\Home\cecb45903f8aa0e33f62e7ce7ef7b49f.php 第 202 行.
NOTIC: [8] Undefined index: webCompnayaddr C:\Tool\phpStudy\WWW\aoshade\Application\Runtime\Cache\Home\cecb45903f8aa0e33f62e7ce7ef7b49f.php 第 202 行.
INFO: Run Behavior\ParseTemplateBehavior [ RunTime:0.000000s ]
INFO: [ view_parse ] --END-- [ RunTime:0.000000s ]
INFO: [ view_filter ] --START--
INFO: Run Behavior\WriteHtmlCacheBehavior [ RunTime:0.000000s ]
INFO: [ view_filter ] --END-- [ RunTime:0.000000s ]
INFO: [ app_end ] --START--
INFO: Run Behavior\ShowPageTraceBehavior [ RunTime:0.000000s ]
INFO: [ app_end ] --END-- [ RunTime:0.000000s ]

[ 2017-05-06T12:12:17+08:00 ] 220.181.108.185 /Index/caseAll/caseType/5/caseSize/4
INFO: [ app_init ] --START--
INFO: Run Behavior\BuildLiteBehavior [ RunTime:0.000000s ]
INFO: [ app_init ] --END-- [ RunTime:0.000000s ]
INFO: [ app_begin ] --START--
INFO: Run Behavior\ReadHtmlCacheBehavior [ RunTime:0.000000s ]
INFO: [ app_begin ] --END-- [ RunTime:0.000000s ]
SQL: SHOW COLUMNS FROM `asd_case` [ RunTime:0.0000s ]
SQL: SHOW COLUMNS FROM `asd_case` [ RunTime:0.0000s ]
SQL: SHOW COLUMNS FROM `asd_casearea` [ RunTime:0.0156s ]
SQL: SHOW COLUMNS FROM `asd_casetype` [ RunTime:0.0000s ]
SQL: SHOW COLUMNS FROM `asd_casesize` [ RunTime:0.0000s ]
NOTIC: [8] Undefined variable: sreach C:\Tool\phpStudy\WWW\aoshade\Application\Home\Model\CaseModel.class.php 第 67 行.
SQL: SELECT * FROM `asd_case` WHERE `caseType` = 5 AND `caseSize` = 4 AND `life` = 0  [ RunTime:0.0000s ]
SQL: SELECT * FROM `asd_case` WHERE `caseType` = 5 AND `caseSize` = 4 AND `life` = 0 LIMIT 0,9   [ RunTime:0.0000s ]
NOTIC: [8] Undefined variable: sreach C:\Tool\phpStudy\WWW\aoshade\Application\Home\Model\CaseModel.class.php 第 81 行.
SQL: SELECT * FROM `asd_casearea`  [ RunTime:0.0000s ]
SQL: SELECT * FROM `asd_casetype`  [ RunTime:0.0000s ]
SQL: SELECT * FROM `asd_casesize`  [ RunTime:0.0000s ]
NOTIC: [8] Undefined index: casetypeId C:\Tool\phpStudy\WWW\aoshade\Application\Home\Controller\IndexController.class.php 第 48 行.
SQL: SHOW COLUMNS FROM `asd_webinfo` [ RunTime:0.0000s ]
SQL: SHOW COLUMNS FROM `asd_webinfo` [ RunTime:0.0000s ]
SQL: SELECT * FROM `asd_webinfo` LIMIT 1   [ RunTime:0.0000s ]
SQL: SHOW COLUMNS FROM `asd_news` [ RunTime:0.0000s ]
SQL: SHOW COLUMNS FROM `asd_news` [ RunTime:0.0000s ]
SQL: SELECT `newsId`,`newsTitle`,`newsRelease`,`newsInfo` FROM `asd_news` WHERE ( newsType = 1 and life = 0 ) LIMIT 2   [ RunTime:0.0000s ]
SQL: SELECT `newsId`,`newsTitle`,`newsRelease`,`newsInfo` FROM `asd_news` WHERE ( newsType = 2 and life = 0 ) LIMIT 2   [ RunTime:0.0000s ]
SQL: SELECT `newsId`,`newsTitle`,`newsRelease`,`newsInfo` FROM `asd_news` WHERE ( newsType = 3 and life = 0 ) LIMIT 2   [ RunTime:0.0000s ]
INFO: [ view_parse ] --START--
INFO: [ template_filter ] --START--
INFO: Run Behavior\ContentReplaceBehavior [ RunTime:0.000000s ]
INFO: [ template_filter ] --END-- [ RunTime:0.000000s ]
NOTIC: [8] Undefined variable: rel C:\Tool\phpStudy\WWW\aoshade\Application\Runtime\Cache\Home\4cf0f5e7aaa9aa19d62e599d3a2477a7.php 第 111 行.
NOTIC: [8] Undefined index: webCompnayarea C:\Tool\phpStudy\WWW\aoshade\Application\Runtime\Cache\Home\4cf0f5e7aaa9aa19d62e599d3a2477a7.php 第 286 行.
NOTIC: [8] Undefined index: webCompnayaddr C:\Tool\phpStudy\WWW\aoshade\Application\Runtime\Cache\Home\4cf0f5e7aaa9aa19d62e599d3a2477a7.php 第 286 行.
INFO: Run Behavior\ParseTemplateBehavior [ RunTime:0.015625s ]
INFO: [ view_parse ] --END-- [ RunTime:0.015625s ]
INFO: [ view_filter ] --START--
INFO: Run Behavior\WriteHtmlCacheBehavior [ RunTime:0.000000s ]
INFO: [ view_filter ] --END-- [ RunTime:0.000000s ]
INFO: [ app_end ] --START--
INFO: Run Behavior\ShowPageTraceBehavior [ RunTime:0.000000s ]
INFO: [ app_end ] --END-- [ RunTime:0.000000s ]

[ 2017-05-06T12:26:25+08:00 ] 220.181.108.117 /Index/caseAll/caseType/2/caseSize/4
INFO: [ app_init ] --START--
INFO: Run Behavior\BuildLiteBehavior [ RunTime:0.000000s ]
INFO: [ app_init ] --END-- [ RunTime:0.000000s ]
INFO: [ app_begin ] --START--
INFO: Run Behavior\ReadHtmlCacheBehavior [ RunTime:0.000000s ]
INFO: [ app_begin ] --END-- [ RunTime:0.000000s ]
SQL: SHOW COLUMNS FROM `asd_case` [ RunTime:0.0000s ]
SQL: SHOW COLUMNS FROM `asd_case` [ RunTime:0.0000s ]
SQL: SHOW COLUMNS FROM `asd_casearea` [ RunTime:0.0000s ]
SQL: SHOW COLUMNS FROM `asd_casetype` [ RunTime:0.0000s ]
SQL: SHOW COLUMNS FROM `asd_casesize` [ RunTime:0.0000s ]
NOTIC: [8] Undefined variable: sreach C:\Tool\phpStudy\WWW\aoshade\Application\Home\Model\CaseModel.class.php 第 67 行.
SQL: SELECT * FROM `asd_case` WHERE `caseType` = 2 AND `caseSize` = 4 AND `life` = 0  [ RunTime:0.0000s ]
SQL: SELECT * FROM `asd_case` WHERE `caseType` = 2 AND `caseSize` = 4 AND `life` = 0 LIMIT 0,9   [ RunTime:0.0000s ]
NOTIC: [8] Undefined variable: sreach C:\Tool\phpStudy\WWW\aoshade\Application\Home\Model\CaseModel.class.php 第 81 行.
SQL: SELECT * FROM `asd_casearea`  [ RunTime:0.0000s ]
SQL: SELECT * FROM `asd_casetype`  [ RunTime:0.0000s ]
SQL: SELECT * FROM `asd_casesize`  [ RunTime:0.0000s ]
NOTIC: [8] Undefined index: casetypeId C:\Tool\phpStudy\WWW\aoshade\Application\Home\Controller\IndexController.class.php 第 48 行.
SQL: SHOW COLUMNS FROM `asd_webinfo` [ RunTime:0.0000s ]
SQL: SHOW COLUMNS FROM `asd_webinfo` [ RunTime:0.0000s ]
SQL: SELECT * FROM `asd_webinfo` LIMIT 1   [ RunTime:0.0000s ]
SQL: SHOW COLUMNS FROM `asd_news` [ RunTime:0.0000s ]
SQL: SHOW COLUMNS FROM `asd_news` [ RunTime:0.0156s ]
SQL: SELECT `newsId`,`newsTitle`,`newsRelease`,`newsInfo` FROM `asd_news` WHERE ( newsType = 1 and life = 0 ) LIMIT 2   [ RunTime:0.0000s ]
SQL: SELECT `newsId`,`newsTitle`,`newsRelease`,`newsInfo` FROM `asd_news` WHERE ( newsType = 2 and life = 0 ) LIMIT 2   [ RunTime:0.0000s ]
SQL: SELECT `newsId`,`newsTitle`,`newsRelease`,`newsInfo` FROM `asd_news` WHERE ( newsType = 3 and life = 0 ) LIMIT 2   [ RunTime:0.0000s ]
INFO: [ view_parse ] --START--
INFO: [ template_filter ] --START--
INFO: Run Behavior\ContentReplaceBehavior [ RunTime:0.000000s ]
INFO: [ template_filter ] --END-- [ RunTime:0.000000s ]
NOTIC: [8] Undefined variable: rel C:\Tool\phpStudy\WWW\aoshade\Application\Runtime\Cache\Home\4cf0f5e7aaa9aa19d62e599d3a2477a7.php 第 111 行.
NOTIC: [8] Undefined index: webCompnayarea C:\Tool\phpStudy\WWW\aoshade\Application\Runtime\Cache\Home\4cf0f5e7aaa9aa19d62e599d3a2477a7.php 第 286 行.
NOTIC: [8] Undefined index: webCompnayaddr C:\Tool\phpStudy\WWW\aoshade\Application\Runtime\Cache\Home\4cf0f5e7aaa9aa19d62e599d3a2477a7.php 第 286 行.
INFO: Run Behavior\ParseTemplateBehavior [ RunTime:0.015625s ]
INFO: [ view_parse ] --END-- [ RunTime:0.015625s ]
INFO: [ view_filter ] --START--
INFO: Run Behavior\WriteHtmlCacheBehavior [ RunTime:0.000000s ]
INFO: [ view_filter ] --END-- [ RunTime:0.000000s ]
INFO: [ app_end ] --START--
INFO: Run Behavior\ShowPageTraceBehavior [ RunTime:0.000000s ]
INFO: [ app_end ] --END-- [ RunTime:0.000000s ]

[ 2017-05-06T12:40:34+08:00 ] 123.125.71.38 /Index/caseAll/caseArea/3/caseSize/4
INFO: [ app_init ] --START--
INFO: Run Behavior\BuildLiteBehavior [ RunTime:0.000000s ]
INFO: [ app_init ] --END-- [ RunTime:0.000000s ]
INFO: [ app_begin ] --START--
INFO: Run Behavior\ReadHtmlCacheBehavior [ RunTime:0.000000s ]
INFO: [ app_begin ] --END-- [ RunTime:0.000000s ]
SQL: SHOW COLUMNS FROM `asd_case` [ RunTime:0.0000s ]
SQL: SHOW COLUMNS FROM `asd_case` [ RunTime:0.0156s ]
SQL: SHOW COLUMNS FROM `asd_casearea` [ RunTime:0.0000s ]
SQL: SHOW COLUMNS FROM `asd_casetype` [ RunTime:0.0000s ]
SQL: SHOW COLUMNS FROM `asd_casesize` [ RunTime:0.0000s ]
NOTIC: [8] Undefined variable: sreach C:\Tool\phpStudy\WWW\aoshade\Application\Home\Model\CaseModel.class.php 第 67 行.
SQL: SELECT * FROM `asd_case` WHERE `caseArea` = 3 AND `caseSize` = 4 AND `life` = 0  [ RunTime:0.0000s ]
SQL: SELECT * FROM `asd_case` WHERE `caseArea` = 3 AND `caseSize` = 4 AND `life` = 0 LIMIT 0,9   [ RunTime:0.0000s ]
NOTIC: [8] Undefined variable: sreach C:\Tool\phpStudy\WWW\aoshade\Application\Home\Model\CaseModel.class.php 第 81 行.
SQL: SELECT * FROM `asd_casearea`  [ RunTime:0.0000s ]
SQL: SELECT * FROM `asd_casetype`  [ RunTime:0.0000s ]
SQL: SELECT * FROM `asd_casesize`  [ RunTime:0.0000s ]
NOTIC: [8] Undefined index: casetypeId C:\Tool\phpStudy\WWW\aoshade\Application\Home\Controller\IndexController.class.php 第 48 行.
SQL: SHOW COLUMNS FROM `asd_webinfo` [ RunTime:0.0000s ]
SQL: SHOW COLUMNS FROM `asd_webinfo` [ RunTime:0.0000s ]
SQL: SELECT * FROM `asd_webinfo` LIMIT 1   [ RunTime:0.0000s ]
SQL: SHOW COLUMNS FROM `asd_news` [ RunTime:0.0000s ]
SQL: SHOW COLUMNS FROM `asd_news` [ RunTime:0.0000s ]
SQL: SELECT `newsId`,`newsTitle`,`newsRelease`,`newsInfo` FROM `asd_news` WHERE ( newsType = 1 and life = 0 ) LIMIT 2   [ RunTime:0.0000s ]
SQL: SELECT `newsId`,`newsTitle`,`newsRelease`,`newsInfo` FROM `asd_news` WHERE ( newsType = 2 and life = 0 ) LIMIT 2   [ RunTime:0.0000s ]
SQL: SELECT `newsId`,`newsTitle`,`newsRelease`,`newsInfo` FROM `asd_news` WHERE ( newsType = 3 and life = 0 ) LIMIT 2   [ RunTime:0.0000s ]
INFO: [ view_parse ] --START--
INFO: [ template_filter ] --START--
INFO: Run Behavior\ContentReplaceBehavior [ RunTime:0.000000s ]
INFO: [ template_filter ] --END-- [ RunTime:0.000000s ]
NOTIC: [8] Undefined variable: rel C:\Tool\phpStudy\WWW\aoshade\Application\Runtime\Cache\Home\4cf0f5e7aaa9aa19d62e599d3a2477a7.php 第 111 行.
NOTIC: [8] Undefined index: webCompnayarea C:\Tool\phpStudy\WWW\aoshade\Application\Runtime\Cache\Home\4cf0f5e7aaa9aa19d62e599d3a2477a7.php 第 286 行.
NOTIC: [8] Undefined index: webCompnayaddr C:\Tool\phpStudy\WWW\aoshade\Application\Runtime\Cache\Home\4cf0f5e7aaa9aa19d62e599d3a2477a7.php 第 286 行.
INFO: Run Behavior\ParseTemplateBehavior [ RunTime:0.015625s ]
INFO: [ view_parse ] --END-- [ RunTime:0.015625s ]
INFO: [ view_filter ] --START--
INFO: Run Behavior\WriteHtmlCacheBehavior [ RunTime:0.000000s ]
INFO: [ view_filter ] --END-- [ RunTime:0.000000s ]
INFO: [ app_end ] --START--
INFO: Run Behavior\ShowPageTraceBehavior [ RunTime:0.000000s ]
INFO: [ app_end ] --END-- [ RunTime:0.000000s ]

[ 2017-05-06T12:40:37+08:00 ] 119.23.46.184 /index.php
INFO: [ app_init ] --START--
INFO: Run Behavior\BuildLiteBehavior [ RunTime:0.000000s ]
INFO: [ app_init ] --END-- [ RunTime:0.000000s ]
INFO: [ app_begin ] --START--
INFO: Run Behavior\ReadHtmlCacheBehavior [ RunTime:0.000000s ]
INFO: [ app_begin ] --END-- [ RunTime:0.000000s ]
SQL: SHOW COLUMNS FROM `asd_case` [ RunTime:0.0000s ]
SQL: SHOW COLUMNS FROM `asd_case` [ RunTime:0.0000s ]
SQL: SHOW COLUMNS FROM `asd_casetype` [ RunTime:0.0000s ]
SQL: SHOW COLUMNS FROM `asd_news` [ RunTime:0.0000s ]
SQL: SELECT * FROM `asd_case` WHERE ( caseRecentshow = 1 and life = 0 ) LIMIT 9   [ RunTime:0.0000s ]
SQL: SELECT * FROM `asd_casetype` WHERE ( caseTypeShow = 1 )  [ RunTime:0.0000s ]
SQL: SELECT * FROM `asd_news` WHERE ( newsType = 4 and  newsShow = 0 and life = 0 ) LIMIT 1   [ RunTime:0.0000s ]
SQL: SELECT * FROM `asd_news` WHERE ( newsType = 4 and  newsShow = 0 and life = 0 ) LIMIT 1,5   [ RunTime:0.0000s ]
SQL: SELECT * FROM `asd_news` WHERE ( newsType = 2 and  newsShow = 0 and life = 0 ) LIMIT 1   [ RunTime:0.0000s ]
SQL: SELECT * FROM `asd_news` WHERE ( newsType = 2 and  newsShow = 0 and life = 0 ) LIMIT 1,5   [ RunTime:0.0000s ]
SQL: SELECT * FROM `asd_news` WHERE ( newsType = 3 and  newsShow = 0 and life = 0 ) LIMIT 1   [ RunTime:0.0000s ]
SQL: SELECT * FROM `asd_news` WHERE ( newsType = 3 and  newsShow = 0 and life = 0 ) LIMIT 1,5   [ RunTime:0.0000s ]
SQL: SHOW COLUMNS FROM `asd_webinfo` [ RunTime:0.0156s ]
SQL: SHOW COLUMNS FROM `asd_webinfo` [ RunTime:0.0000s ]
SQL: SELECT * FROM `asd_webinfo` LIMIT 1   [ RunTime:0.0000s ]
SQL: SHOW COLUMNS FROM `asd_news` [ RunTime:0.0000s ]
SQL: SELECT `newsId`,`newsTitle`,`newsRelease`,`newsInfo` FROM `asd_news` WHERE ( newsType = 1 and life = 0 ) LIMIT 2   [ RunTime:0.0000s ]
SQL: SELECT `newsId`,`newsTitle`,`newsRelease`,`newsInfo` FROM `asd_news` WHERE ( newsType = 2 and life = 0 ) LIMIT 2   [ RunTime:0.0000s ]
SQL: SELECT `newsId`,`newsTitle`,`newsRelease`,`newsInfo` FROM `asd_news` WHERE ( newsType = 3 and life = 0 ) LIMIT 2   [ RunTime:0.0000s ]
INFO: [ view_parse ] --START--
INFO: [ template_filter ] --START--
INFO: Run Behavior\ContentReplaceBehavior [ RunTime:0.000000s ]
INFO: [ template_filter ] --END-- [ RunTime:0.000000s ]
NOTIC: [8] Undefined index: webCompnayarea C:\Tool\phpStudy\WWW\aoshade\Application\Runtime\Cache\Home\2a94b8bda04ff446dcedd42276fc99ee.php 第 763 行.
NOTIC: [8] Undefined index: webCompnayaddr C:\Tool\phpStudy\WWW\aoshade\Application\Runtime\Cache\Home\2a94b8bda04ff446dcedd42276fc99ee.php 第 763 行.
INFO: Run Behavior\ParseTemplateBehavior [ RunTime:0.015625s ]
INFO: [ view_parse ] --END-- [ RunTime:0.015625s ]
INFO: [ view_filter ] --START--
INFO: Run Behavior\WriteHtmlCacheBehavior [ RunTime:0.000000s ]
INFO: [ view_filter ] --END-- [ RunTime:0.000000s ]
INFO: [ app_end ] --START--
INFO: Run Behavior\ShowPageTraceBehavior [ RunTime:0.000000s ]
INFO: [ app_end ] --END-- [ RunTime:0.000000s ]

[ 2017-05-06T12:54:43+08:00 ] 220.181.108.115 /Index/caseAll/caseArea/1/caseSize/4
INFO: [ app_init ] --START--
INFO: Run Behavior\BuildLiteBehavior [ RunTime:0.000000s ]
INFO: [ app_init ] --END-- [ RunTime:0.000000s ]
INFO: [ app_begin ] --START--
INFO: Run Behavior\ReadHtmlCacheBehavior [ RunTime:0.000000s ]
INFO: [ app_begin ] --END-- [ RunTime:0.000000s ]
SQL: SHOW COLUMNS FROM `asd_case` [ RunTime:0.0000s ]
SQL: SHOW COLUMNS FROM `asd_case` [ RunTime:0.0000s ]
SQL: SHOW COLUMNS FROM `asd_casearea` [ RunTime:0.0000s ]
SQL: SHOW COLUMNS FROM `asd_casetype` [ RunTime:0.0000s ]
SQL: SHOW COLUMNS FROM `asd_casesize` [ RunTime:0.0000s ]
NOTIC: [8] Undefined variable: sreach C:\Tool\phpStudy\WWW\aoshade\Application\Home\Model\CaseModel.class.php 第 67 行.
SQL: SELECT * FROM `asd_case` WHERE `caseArea` = 1 AND `caseSize` = 4 AND `life` = 0  [ RunTime:0.0000s ]
SQL: SELECT * FROM `asd_case` WHERE `caseArea` = 1 AND `caseSize` = 4 AND `life` = 0 LIMIT 0,9   [ RunTime:0.0000s ]
NOTIC: [8] Undefined variable: sreach C:\Tool\phpStudy\WWW\aoshade\Application\Home\Model\CaseModel.class.php 第 81 行.
SQL: SELECT * FROM `asd_casearea`  [ RunTime:0.0000s ]
SQL: SELECT * FROM `asd_casetype`  [ RunTime:0.0000s ]
SQL: SELECT * FROM `asd_casesize`  [ RunTime:0.0000s ]
NOTIC: [8] Undefined index: casetypeId C:\Tool\phpStudy\WWW\aoshade\Application\Home\Controller\IndexController.class.php 第 48 行.
SQL: SHOW COLUMNS FROM `asd_webinfo` [ RunTime:0.0156s ]
SQL: SHOW COLUMNS FROM `asd_webinfo` [ RunTime:0.0000s ]
SQL: SELECT * FROM `asd_webinfo` LIMIT 1   [ RunTime:0.0000s ]
SQL: SHOW COLUMNS FROM `asd_news` [ RunTime:0.0000s ]
SQL: SHOW COLUMNS FROM `asd_news` [ RunTime:0.0000s ]
SQL: SELECT `newsId`,`newsTitle`,`newsRelease`,`newsInfo` FROM `asd_news` WHERE ( newsType = 1 and life = 0 ) LIMIT 2   [ RunTime:0.0000s ]
SQL: SELECT `newsId`,`newsTitle`,`newsRelease`,`newsInfo` FROM `asd_news` WHERE ( newsType = 2 and life = 0 ) LIMIT 2   [ RunTime:0.0000s ]
SQL: SELECT `newsId`,`newsTitle`,`newsRelease`,`newsInfo` FROM `asd_news` WHERE ( newsType = 3 and life = 0 ) LIMIT 2   [ RunTime:0.0000s ]
INFO: [ view_parse ] --START--
INFO: [ template_filter ] --START--
INFO: Run Behavior\ContentReplaceBehavior [ RunTime:0.000000s ]
INFO: [ template_filter ] --END-- [ RunTime:0.000000s ]
NOTIC: [8] Undefined variable: rel C:\Tool\phpStudy\WWW\aoshade\Application\Runtime\Cache\Home\4cf0f5e7aaa9aa19d62e599d3a2477a7.php 第 111 行.
NOTIC: [8] Undefined index: webCompnayarea C:\Tool\phpStudy\WWW\aoshade\Application\Runtime\Cache\Home\4cf0f5e7aaa9aa19d62e599d3a2477a7.php 第 286 行.
NOTIC: [8] Undefined index: webCompnayaddr C:\Tool\phpStudy\WWW\aoshade\Application\Runtime\Cache\Home\4cf0f5e7aaa9aa19d62e599d3a2477a7.php 第 286 行.
INFO: Run Behavior\ParseTemplateBehavior [ RunTime:0.015625s ]
INFO: [ view_parse ] --END-- [ RunTime:0.015625s ]
INFO: [ view_filter ] --START--
INFO: Run Behavior\WriteHtmlCacheBehavior [ RunTime:0.000000s ]
INFO: [ view_filter ] --END-- [ RunTime:0.000000s ]
INFO: [ app_end ] --START--
INFO: Run Behavior\ShowPageTraceBehavior [ RunTime:0.000000s ]
INFO: [ app_end ] --END-- [ RunTime:0.000000s ]

