[ 2017-06-09T23:42:00+08:00 ] 127.0.0.1 /
INFO: [ app_init ] --START--
INFO: Run Behavior\BuildLiteBehavior [ RunTime:0.000000s ]
INFO: [ app_init ] --END-- [ RunTime:0.049000s ]
INFO: [ app_begin ] --START--
INFO: Run Behavior\ReadHtmlCacheBehavior [ RunTime:0.019000s ]
INFO: [ app_begin ] --END-- [ RunTime:0.019000s ]
SQL: SHOW COLUMNS FROM `asd_case` [ RunTime:0.0480s ]
SQL: SHOW COLUMNS FROM `asd_case` [ RunTime:0.0110s ]
SQL: SHOW COLUMNS FROM `asd_casetype` [ RunTime:0.0410s ]
SQL: SHOW COLUMNS FROM `asd_news` [ RunTime:0.0380s ]
SQL: SELECT * FROM `asd_case` WHERE ( caseRecentshow = 1 and life = 0 ) LIMIT 9   [ RunTime:0.0010s ]
SQL: SELECT * FROM `asd_casetype` WHERE ( caseTypeShow = 1 )  [ RunTime:0.0010s ]
SQL: SELECT * FROM `asd_news` WHERE ( newsType = 4 and  newsShow = 0 and life = 0 ) LIMIT 1   [ RunTime:0.0010s ]
SQL: SELECT * FROM `asd_news` WHERE ( newsType = 4 and  newsShow = 0 and life = 0 ) LIMIT 1,5   [ RunTime:0.0020s ]
SQL: SELECT * FROM `asd_news` WHERE ( newsType = 2 and  newsShow = 0 and life = 0 ) LIMIT 1   [ RunTime:0.0010s ]
SQL: SELECT * FROM `asd_news` WHERE ( newsType = 2 and  newsShow = 0 and life = 0 ) LIMIT 1,5   [ RunTime:0.0020s ]
SQL: SELECT * FROM `asd_news` WHERE ( newsType = 3 and  newsShow = 0 and life = 0 ) LIMIT 1   [ RunTime:0.0010s ]
SQL: SELECT * FROM `asd_news` WHERE ( newsType = 3 and  newsShow = 0 and life = 0 ) LIMIT 1,5   [ RunTime:0.0020s ]
SQL: SHOW COLUMNS FROM `asd_webinfo` [ RunTime:0.0340s ]
SQL: SHOW COLUMNS FROM `asd_webinfo` [ RunTime:0.0100s ]
SQL: SELECT * FROM `asd_webinfo` LIMIT 1   [ RunTime:0.0010s ]
SQL: SHOW COLUMNS FROM `asd_news` [ RunTime:0.0100s ]
SQL: SELECT `newsId`,`newsTitle`,`newsRelease`,`newsInfo` FROM `asd_news` WHERE ( newsType = 1 and life = 0 ) LIMIT 2   [ RunTime:0.0010s ]
SQL: SELECT `newsId`,`newsTitle`,`newsRelease`,`newsInfo` FROM `asd_news` WHERE ( newsType = 2 and life = 0 ) LIMIT 2   [ RunTime:0.0000s ]
SQL: SELECT `newsId`,`newsTitle`,`newsRelease`,`newsInfo` FROM `asd_news` WHERE ( newsType = 3 and life = 0 ) LIMIT 2   [ RunTime:0.0000s ]
INFO: [ view_parse ] --START--
INFO: [ template_filter ] --START--
INFO: Run Behavior\ContentReplaceBehavior [ RunTime:0.000000s ]
INFO: [ template_filter ] --END-- [ RunTime:0.001000s ]
NOTIC: [8] Undefined index: webCompnayarea D:\phpStudy\WWW\asd\Application\Runtime\Cache\Home\2a94b8bda04ff446dcedd42276fc99ee.php 第 763 行.
NOTIC: [8] Undefined index: webCompnayaddr D:\phpStudy\WWW\asd\Application\Runtime\Cache\Home\2a94b8bda04ff446dcedd42276fc99ee.php 第 763 行.
INFO: Run Behavior\ParseTemplateBehavior [ RunTime:0.140000s ]
INFO: [ view_parse ] --END-- [ RunTime:0.140000s ]
INFO: [ view_filter ] --START--
INFO: Run Behavior\WriteHtmlCacheBehavior [ RunTime:0.008000s ]
INFO: [ view_filter ] --END-- [ RunTime:0.008000s ]
INFO: [ app_end ] --START--
INFO: Run Behavior\ShowPageTraceBehavior [ RunTime:0.010000s ]
INFO: [ app_end ] --END-- [ RunTime:0.010000s ]

