[ 2017-05-08T00:00:41+08:00 ] 119.131.169.48 /favicon.ico
INFO: [ app_init ] --START--
INFO: Run Behavior\BuildLiteBehavior [ RunTime:0.000000s ]
INFO: [ app_init ] --END-- [ RunTime:0.000000s ]

[ 2017-05-08T08:41:17+08:00 ] 42.197.153.51 /
INFO: [ app_init ] --START--
INFO: Run Behavior\BuildLiteBehavior [ RunTime:0.000000s ]
INFO: [ app_init ] --END-- [ RunTime:0.000000s ]
INFO: [ app_begin ] --START--
INFO: Run Behavior\ReadHtmlCacheBehavior [ RunTime:0.000000s ]
INFO: [ app_begin ] --END-- [ RunTime:0.015625s ]
SQL: SHOW COLUMNS FROM `asd_case` [ RunTime:0.0000s ]
SQL: SHOW COLUMNS FROM `asd_case` [ RunTime:0.0000s ]
SQL: SHOW COLUMNS FROM `asd_casetype` [ RunTime:0.0000s ]
SQL: SHOW COLUMNS FROM `asd_news` [ RunTime:0.0156s ]
SQL: SELECT * FROM `asd_case` WHERE ( caseRecentshow = 1 and life = 0 ) LIMIT 9   [ RunTime:0.0000s ]
SQL: SELECT * FROM `asd_casetype` WHERE ( caseTypeShow = 1 )  [ RunTime:0.0000s ]
SQL: SELECT * FROM `asd_news` WHERE ( newsType = 4 and  newsShow = 0 and life = 0 ) LIMIT 1   [ RunTime:0.0000s ]
SQL: SELECT * FROM `asd_news` WHERE ( newsType = 4 and  newsShow = 0 and life = 0 ) LIMIT 1,5   [ RunTime:0.0000s ]
SQL: SELECT * FROM `asd_news` WHERE ( newsType = 2 and  newsShow = 0 and life = 0 ) LIMIT 1   [ RunTime:0.0000s ]
SQL: SELECT * FROM `asd_news` WHERE ( newsType = 2 and  newsShow = 0 and life = 0 ) LIMIT 1,5   [ RunTime:0.0000s ]
SQL: SELECT * FROM `asd_news` WHERE ( newsType = 3 and  newsShow = 0 and life = 0 ) LIMIT 1   [ RunTime:0.0000s ]
SQL: SELECT * FROM `asd_news` WHERE ( newsType = 3 and  newsShow = 0 and life = 0 ) LIMIT 1,5   [ RunTime:0.0000s ]
SQL: SHOW COLUMNS FROM `asd_webinfo` [ RunTime:0.0000s ]
SQL: SHOW COLUMNS FROM `asd_webinfo` [ RunTime:0.0000s ]
SQL: SELECT * FROM `asd_webinfo` LIMIT 1   [ RunTime:0.0000s ]
SQL: SHOW COLUMNS FROM `asd_news` [ RunTime:0.0000s ]
SQL: SELECT `newsId`,`newsTitle`,`newsRelease`,`newsInfo` FROM `asd_news` WHERE ( newsType = 1 and life = 0 ) LIMIT 2   [ RunTime:0.0000s ]
SQL: SELECT `newsId`,`newsTitle`,`newsRelease`,`newsInfo` FROM `asd_news` WHERE ( newsType = 2 and life = 0 ) LIMIT 2   [ RunTime:0.0000s ]
SQL: SELECT `newsId`,`newsTitle`,`newsRelease`,`newsInfo` FROM `asd_news` WHERE ( newsType = 3 and life = 0 ) LIMIT 2   [ RunTime:0.0000s ]
INFO: [ view_parse ] --START--
INFO: [ template_filter ] --START--
INFO: Run Behavior\ContentReplaceBehavior [ RunTime:0.000000s ]
INFO: [ template_filter ] --END-- [ RunTime:0.000000s ]
NOTIC: [8] Undefined index: webCompnayarea C:\Tool\phpStudy\WWW\aoshade\Application\Runtime\Cache\Home\2a94b8bda04ff446dcedd42276fc99ee.php 第 763 行.
NOTIC: [8] Undefined index: webCompnayaddr C:\Tool\phpStudy\WWW\aoshade\Application\Runtime\Cache\Home\2a94b8bda04ff446dcedd42276fc99ee.php 第 763 行.
INFO: Run Behavior\ParseTemplateBehavior [ RunTime:0.031251s ]
INFO: [ view_parse ] --END-- [ RunTime:0.031251s ]
INFO: [ view_filter ] --START--
INFO: Run Behavior\WriteHtmlCacheBehavior [ RunTime:0.000000s ]
INFO: [ view_filter ] --END-- [ RunTime:0.000000s ]
INFO: [ app_end ] --START--
INFO: Run Behavior\ShowPageTraceBehavior [ RunTime:0.000000s ]
INFO: [ app_end ] --END-- [ RunTime:0.000000s ]

[ 2017-05-08T08:41:20+08:00 ] 42.197.153.51 /Index/about
INFO: [ app_init ] --START--
INFO: Run Behavior\BuildLiteBehavior [ RunTime:0.000000s ]
INFO: [ app_init ] --END-- [ RunTime:0.000000s ]
INFO: [ app_begin ] --START--
INFO: Run Behavior\ReadHtmlCacheBehavior [ RunTime:0.000000s ]
INFO: [ app_begin ] --END-- [ RunTime:0.000000s ]
SQL: SHOW COLUMNS FROM `asd_webinfo` [ RunTime:0.0000s ]
SQL: SHOW COLUMNS FROM `asd_webinfo` [ RunTime:0.0000s ]
SQL: SELECT * FROM `asd_webinfo` LIMIT 1   [ RunTime:0.0000s ]
SQL: SHOW COLUMNS FROM `asd_news` [ RunTime:0.0000s ]
SQL: SHOW COLUMNS FROM `asd_news` [ RunTime:0.0156s ]
SQL: SELECT `newsId`,`newsTitle`,`newsRelease`,`newsInfo` FROM `asd_news` WHERE ( newsType = 1 and life = 0 ) LIMIT 2   [ RunTime:0.0000s ]
SQL: SELECT `newsId`,`newsTitle`,`newsRelease`,`newsInfo` FROM `asd_news` WHERE ( newsType = 2 and life = 0 ) LIMIT 2   [ RunTime:0.0000s ]
SQL: SELECT `newsId`,`newsTitle`,`newsRelease`,`newsInfo` FROM `asd_news` WHERE ( newsType = 3 and life = 0 ) LIMIT 2   [ RunTime:0.0000s ]
INFO: [ view_parse ] --START--
INFO: [ template_filter ] --START--
INFO: Run Behavior\ContentReplaceBehavior [ RunTime:0.000000s ]
INFO: [ template_filter ] --END-- [ RunTime:0.000000s ]
NOTIC: [8] Undefined index: webCompnayarea C:\Tool\phpStudy\WWW\aoshade\Application\Runtime\Cache\Home\09ccd45952ce225a1a2986a81cc5705c.php 第 177 行.
NOTIC: [8] Undefined index: webCompnayaddr C:\Tool\phpStudy\WWW\aoshade\Application\Runtime\Cache\Home\09ccd45952ce225a1a2986a81cc5705c.php 第 177 行.
INFO: Run Behavior\ParseTemplateBehavior [ RunTime:0.000000s ]
INFO: [ view_parse ] --END-- [ RunTime:0.000000s ]
INFO: [ view_filter ] --START--
INFO: Run Behavior\WriteHtmlCacheBehavior [ RunTime:0.000000s ]
INFO: [ view_filter ] --END-- [ RunTime:0.000000s ]
INFO: [ app_end ] --START--
INFO: Run Behavior\ShowPageTraceBehavior [ RunTime:0.000000s ]
INFO: [ app_end ] --END-- [ RunTime:0.000000s ]

[ 2017-05-08T08:41:25+08:00 ] 42.197.153.51 /favicon.ico
INFO: [ app_init ] --START--
INFO: Run Behavior\BuildLiteBehavior [ RunTime:0.000000s ]
INFO: [ app_init ] --END-- [ RunTime:0.000000s ]

[ 2017-05-08T08:41:25+08:00 ] 42.197.153.51 /
INFO: [ app_init ] --START--
INFO: Run Behavior\BuildLiteBehavior [ RunTime:0.000000s ]
INFO: [ app_init ] --END-- [ RunTime:0.000000s ]
INFO: [ app_begin ] --START--
INFO: Run Behavior\ReadHtmlCacheBehavior [ RunTime:0.000000s ]
INFO: [ app_begin ] --END-- [ RunTime:0.000000s ]
SQL: SHOW COLUMNS FROM `asd_case` [ RunTime:0.0000s ]
SQL: SHOW COLUMNS FROM `asd_case` [ RunTime:0.0000s ]
SQL: SHOW COLUMNS FROM `asd_casetype` [ RunTime:0.0000s ]
SQL: SHOW COLUMNS FROM `asd_news` [ RunTime:0.0000s ]
SQL: SELECT * FROM `asd_case` WHERE ( caseRecentshow = 1 and life = 0 ) LIMIT 9   [ RunTime:0.0000s ]
SQL: SELECT * FROM `asd_casetype` WHERE ( caseTypeShow = 1 )  [ RunTime:0.0000s ]
SQL: SELECT * FROM `asd_news` WHERE ( newsType = 4 and  newsShow = 0 and life = 0 ) LIMIT 1   [ RunTime:0.0000s ]
SQL: SELECT * FROM `asd_news` WHERE ( newsType = 4 and  newsShow = 0 and life = 0 ) LIMIT 1,5   [ RunTime:0.0000s ]
SQL: SELECT * FROM `asd_news` WHERE ( newsType = 2 and  newsShow = 0 and life = 0 ) LIMIT 1   [ RunTime:0.0000s ]
SQL: SELECT * FROM `asd_news` WHERE ( newsType = 2 and  newsShow = 0 and life = 0 ) LIMIT 1,5   [ RunTime:0.0000s ]
SQL: SELECT * FROM `asd_news` WHERE ( newsType = 3 and  newsShow = 0 and life = 0 ) LIMIT 1   [ RunTime:0.0000s ]
SQL: SELECT * FROM `asd_news` WHERE ( newsType = 3 and  newsShow = 0 and life = 0 ) LIMIT 1,5   [ RunTime:0.0000s ]
SQL: SHOW COLUMNS FROM `asd_webinfo` [ RunTime:0.0000s ]
SQL: SHOW COLUMNS FROM `asd_webinfo` [ RunTime:0.0000s ]
SQL: SELECT * FROM `asd_webinfo` LIMIT 1   [ RunTime:0.0000s ]
SQL: SHOW COLUMNS FROM `asd_news` [ RunTime:0.0000s ]
SQL: SELECT `newsId`,`newsTitle`,`newsRelease`,`newsInfo` FROM `asd_news` WHERE ( newsType = 1 and life = 0 ) LIMIT 2   [ RunTime:0.0000s ]
SQL: SELECT `newsId`,`newsTitle`,`newsRelease`,`newsInfo` FROM `asd_news` WHERE ( newsType = 2 and life = 0 ) LIMIT 2   [ RunTime:0.0000s ]
SQL: SELECT `newsId`,`newsTitle`,`newsRelease`,`newsInfo` FROM `asd_news` WHERE ( newsType = 3 and life = 0 ) LIMIT 2   [ RunTime:0.0000s ]
INFO: [ view_parse ] --START--
INFO: [ template_filter ] --START--
INFO: Run Behavior\ContentReplaceBehavior [ RunTime:0.000000s ]
INFO: [ template_filter ] --END-- [ RunTime:0.000000s ]
NOTIC: [8] Undefined index: webCompnayarea C:\Tool\phpStudy\WWW\aoshade\Application\Runtime\Cache\Home\2a94b8bda04ff446dcedd42276fc99ee.php 第 763 行.
NOTIC: [8] Undefined index: webCompnayaddr C:\Tool\phpStudy\WWW\aoshade\Application\Runtime\Cache\Home\2a94b8bda04ff446dcedd42276fc99ee.php 第 763 行.
INFO: Run Behavior\ParseTemplateBehavior [ RunTime:0.015625s ]
INFO: [ view_parse ] --END-- [ RunTime:0.015625s ]
INFO: [ view_filter ] --START--
INFO: Run Behavior\WriteHtmlCacheBehavior [ RunTime:0.000000s ]
INFO: [ view_filter ] --END-- [ RunTime:0.000000s ]
INFO: [ app_end ] --START--
INFO: Run Behavior\ShowPageTraceBehavior [ RunTime:0.000000s ]
INFO: [ app_end ] --END-- [ RunTime:0.000000s ]

[ 2017-05-08T08:42:29+08:00 ] 42.197.153.51 /
INFO: [ app_init ] --START--
INFO: Run Behavior\BuildLiteBehavior [ RunTime:0.000000s ]
INFO: [ app_init ] --END-- [ RunTime:0.000000s ]
INFO: [ app_begin ] --START--
INFO: Run Behavior\ReadHtmlCacheBehavior [ RunTime:0.000000s ]
INFO: [ app_begin ] --END-- [ RunTime:0.000000s ]
SQL: SHOW COLUMNS FROM `asd_case` [ RunTime:0.0000s ]
SQL: SHOW COLUMNS FROM `asd_case` [ RunTime:0.0000s ]
SQL: SHOW COLUMNS FROM `asd_casetype` [ RunTime:0.0000s ]
SQL: SHOW COLUMNS FROM `asd_news` [ RunTime:0.0000s ]
SQL: SELECT * FROM `asd_case` WHERE ( caseRecentshow = 1 and life = 0 ) LIMIT 9   [ RunTime:0.0000s ]
SQL: SELECT * FROM `asd_casetype` WHERE ( caseTypeShow = 1 )  [ RunTime:0.0000s ]
SQL: SELECT * FROM `asd_news` WHERE ( newsType = 4 and  newsShow = 0 and life = 0 ) LIMIT 1   [ RunTime:0.0000s ]
SQL: SELECT * FROM `asd_news` WHERE ( newsType = 4 and  newsShow = 0 and life = 0 ) LIMIT 1,5   [ RunTime:0.0000s ]
SQL: SELECT * FROM `asd_news` WHERE ( newsType = 2 and  newsShow = 0 and life = 0 ) LIMIT 1   [ RunTime:0.0000s ]
SQL: SELECT * FROM `asd_news` WHERE ( newsType = 2 and  newsShow = 0 and life = 0 ) LIMIT 1,5   [ RunTime:0.0000s ]
SQL: SELECT * FROM `asd_news` WHERE ( newsType = 3 and  newsShow = 0 and life = 0 ) LIMIT 1   [ RunTime:0.0000s ]
SQL: SELECT * FROM `asd_news` WHERE ( newsType = 3 and  newsShow = 0 and life = 0 ) LIMIT 1,5   [ RunTime:0.0000s ]
SQL: SHOW COLUMNS FROM `asd_webinfo` [ RunTime:0.0000s ]
SQL: SHOW COLUMNS FROM `asd_webinfo` [ RunTime:0.0000s ]
SQL: SELECT * FROM `asd_webinfo` LIMIT 1   [ RunTime:0.0000s ]
SQL: SHOW COLUMNS FROM `asd_news` [ RunTime:0.0000s ]
SQL: SELECT `newsId`,`newsTitle`,`newsRelease`,`newsInfo` FROM `asd_news` WHERE ( newsType = 1 and life = 0 ) LIMIT 2   [ RunTime:0.0000s ]
SQL: SELECT `newsId`,`newsTitle`,`newsRelease`,`newsInfo` FROM `asd_news` WHERE ( newsType = 2 and life = 0 ) LIMIT 2   [ RunTime:0.0000s ]
SQL: SELECT `newsId`,`newsTitle`,`newsRelease`,`newsInfo` FROM `asd_news` WHERE ( newsType = 3 and life = 0 ) LIMIT 2   [ RunTime:0.0000s ]
INFO: [ view_parse ] --START--
INFO: [ template_filter ] --START--
INFO: Run Behavior\ContentReplaceBehavior [ RunTime:0.000000s ]
INFO: [ template_filter ] --END-- [ RunTime:0.000000s ]
NOTIC: [8] Undefined index: webCompnayarea C:\Tool\phpStudy\WWW\aoshade\Application\Runtime\Cache\Home\2a94b8bda04ff446dcedd42276fc99ee.php 第 763 行.
NOTIC: [8] Undefined index: webCompnayaddr C:\Tool\phpStudy\WWW\aoshade\Application\Runtime\Cache\Home\2a94b8bda04ff446dcedd42276fc99ee.php 第 763 行.
INFO: Run Behavior\ParseTemplateBehavior [ RunTime:0.015625s ]
INFO: [ view_parse ] --END-- [ RunTime:0.015625s ]
INFO: [ view_filter ] --START--
INFO: Run Behavior\WriteHtmlCacheBehavior [ RunTime:0.000000s ]
INFO: [ view_filter ] --END-- [ RunTime:0.000000s ]
INFO: [ app_end ] --START--
INFO: Run Behavior\ShowPageTraceBehavior [ RunTime:0.000000s ]
INFO: [ app_end ] --END-- [ RunTime:0.000000s ]

[ 2017-05-08T08:45:20+08:00 ] 123.125.71.77 /
INFO: [ app_init ] --START--
INFO: Run Behavior\BuildLiteBehavior [ RunTime:0.000000s ]
INFO: [ app_init ] --END-- [ RunTime:0.000000s ]
INFO: [ app_begin ] --START--
INFO: Run Behavior\ReadHtmlCacheBehavior [ RunTime:0.000000s ]
INFO: [ app_begin ] --END-- [ RunTime:0.000000s ]
SQL: SHOW COLUMNS FROM `asd_case` [ RunTime:0.0000s ]
SQL: SHOW COLUMNS FROM `asd_case` [ RunTime:0.0000s ]
SQL: SHOW COLUMNS FROM `asd_casetype` [ RunTime:0.0000s ]
SQL: SHOW COLUMNS FROM `asd_news` [ RunTime:0.0000s ]
SQL: SELECT * FROM `asd_case` WHERE ( caseRecentshow = 1 and life = 0 ) LIMIT 9   [ RunTime:0.0156s ]
SQL: SELECT * FROM `asd_casetype` WHERE ( caseTypeShow = 1 )  [ RunTime:0.0000s ]
SQL: SELECT * FROM `asd_news` WHERE ( newsType = 4 and  newsShow = 0 and life = 0 ) LIMIT 1   [ RunTime:0.0000s ]
SQL: SELECT * FROM `asd_news` WHERE ( newsType = 4 and  newsShow = 0 and life = 0 ) LIMIT 1,5   [ RunTime:0.0000s ]
SQL: SELECT * FROM `asd_news` WHERE ( newsType = 2 and  newsShow = 0 and life = 0 ) LIMIT 1   [ RunTime:0.0000s ]
SQL: SELECT * FROM `asd_news` WHERE ( newsType = 2 and  newsShow = 0 and life = 0 ) LIMIT 1,5   [ RunTime:0.0000s ]
SQL: SELECT * FROM `asd_news` WHERE ( newsType = 3 and  newsShow = 0 and life = 0 ) LIMIT 1   [ RunTime:0.0000s ]
SQL: SELECT * FROM `asd_news` WHERE ( newsType = 3 and  newsShow = 0 and life = 0 ) LIMIT 1,5   [ RunTime:0.0000s ]
SQL: SHOW COLUMNS FROM `asd_webinfo` [ RunTime:0.0000s ]
SQL: SHOW COLUMNS FROM `asd_webinfo` [ RunTime:0.0000s ]
SQL: SELECT * FROM `asd_webinfo` LIMIT 1   [ RunTime:0.0000s ]
SQL: SHOW COLUMNS FROM `asd_news` [ RunTime:0.0000s ]
SQL: SELECT `newsId`,`newsTitle`,`newsRelease`,`newsInfo` FROM `asd_news` WHERE ( newsType = 1 and life = 0 ) LIMIT 2   [ RunTime:0.0000s ]
SQL: SELECT `newsId`,`newsTitle`,`newsRelease`,`newsInfo` FROM `asd_news` WHERE ( newsType = 2 and life = 0 ) LIMIT 2   [ RunTime:0.0000s ]
SQL: SELECT `newsId`,`newsTitle`,`newsRelease`,`newsInfo` FROM `asd_news` WHERE ( newsType = 3 and life = 0 ) LIMIT 2   [ RunTime:0.0000s ]
INFO: [ view_parse ] --START--
INFO: [ template_filter ] --START--
INFO: Run Behavior\ContentReplaceBehavior [ RunTime:0.000000s ]
INFO: [ template_filter ] --END-- [ RunTime:0.000000s ]
NOTIC: [8] Undefined index: webCompnayarea C:\Tool\phpStudy\WWW\aoshade\Application\Runtime\Cache\Home\2a94b8bda04ff446dcedd42276fc99ee.php 第 763 行.
NOTIC: [8] Undefined index: webCompnayaddr C:\Tool\phpStudy\WWW\aoshade\Application\Runtime\Cache\Home\2a94b8bda04ff446dcedd42276fc99ee.php 第 763 行.
INFO: Run Behavior\ParseTemplateBehavior [ RunTime:0.015625s ]
INFO: [ view_parse ] --END-- [ RunTime:0.015625s ]
INFO: [ view_filter ] --START--
INFO: Run Behavior\WriteHtmlCacheBehavior [ RunTime:0.015625s ]
INFO: [ view_filter ] --END-- [ RunTime:0.015625s ]
INFO: [ app_end ] --START--
INFO: Run Behavior\ShowPageTraceBehavior [ RunTime:0.000000s ]
INFO: [ app_end ] --END-- [ RunTime:0.000000s ]

[ 2017-05-08T08:58:18+08:00 ] 42.197.153.51 /
INFO: [ app_init ] --START--
INFO: Run Behavior\BuildLiteBehavior [ RunTime:0.000000s ]
INFO: [ app_init ] --END-- [ RunTime:0.000000s ]
INFO: [ app_begin ] --START--
INFO: Run Behavior\ReadHtmlCacheBehavior [ RunTime:0.000000s ]
INFO: [ app_begin ] --END-- [ RunTime:0.000000s ]
SQL: SHOW COLUMNS FROM `asd_case` [ RunTime:0.0000s ]
SQL: SHOW COLUMNS FROM `asd_case` [ RunTime:0.0000s ]
SQL: SHOW COLUMNS FROM `asd_casetype` [ RunTime:0.0000s ]
SQL: SHOW COLUMNS FROM `asd_news` [ RunTime:0.0000s ]
SQL: SELECT * FROM `asd_case` WHERE ( caseRecentshow = 1 and life = 0 ) LIMIT 9   [ RunTime:0.0000s ]
SQL: SELECT * FROM `asd_casetype` WHERE ( caseTypeShow = 1 )  [ RunTime:0.0000s ]
SQL: SELECT * FROM `asd_news` WHERE ( newsType = 4 and  newsShow = 0 and life = 0 ) LIMIT 1   [ RunTime:0.0000s ]
SQL: SELECT * FROM `asd_news` WHERE ( newsType = 4 and  newsShow = 0 and life = 0 ) LIMIT 1,5   [ RunTime:0.0000s ]
SQL: SELECT * FROM `asd_news` WHERE ( newsType = 2 and  newsShow = 0 and life = 0 ) LIMIT 1   [ RunTime:0.0000s ]
SQL: SELECT * FROM `asd_news` WHERE ( newsType = 2 and  newsShow = 0 and life = 0 ) LIMIT 1,5   [ RunTime:0.0000s ]
SQL: SELECT * FROM `asd_news` WHERE ( newsType = 3 and  newsShow = 0 and life = 0 ) LIMIT 1   [ RunTime:0.0156s ]
SQL: SELECT * FROM `asd_news` WHERE ( newsType = 3 and  newsShow = 0 and life = 0 ) LIMIT 1,5   [ RunTime:0.0000s ]
SQL: SHOW COLUMNS FROM `asd_webinfo` [ RunTime:0.0000s ]
SQL: SHOW COLUMNS FROM `asd_webinfo` [ RunTime:0.0000s ]
SQL: SELECT * FROM `asd_webinfo` LIMIT 1   [ RunTime:0.0000s ]
SQL: SHOW COLUMNS FROM `asd_news` [ RunTime:0.0000s ]
SQL: SELECT `newsId`,`newsTitle`,`newsRelease`,`newsInfo` FROM `asd_news` WHERE ( newsType = 1 and life = 0 ) LIMIT 2   [ RunTime:0.0000s ]
SQL: SELECT `newsId`,`newsTitle`,`newsRelease`,`newsInfo` FROM `asd_news` WHERE ( newsType = 2 and life = 0 ) LIMIT 2   [ RunTime:0.0000s ]
SQL: SELECT `newsId`,`newsTitle`,`newsRelease`,`newsInfo` FROM `asd_news` WHERE ( newsType = 3 and life = 0 ) LIMIT 2   [ RunTime:0.0000s ]
INFO: [ view_parse ] --START--
INFO: [ template_filter ] --START--
INFO: Run Behavior\ContentReplaceBehavior [ RunTime:0.000000s ]
INFO: [ template_filter ] --END-- [ RunTime:0.000000s ]
NOTIC: [8] Undefined index: webCompnayarea C:\Tool\phpStudy\WWW\aoshade\Application\Runtime\Cache\Home\2a94b8bda04ff446dcedd42276fc99ee.php 第 763 行.
NOTIC: [8] Undefined index: webCompnayaddr C:\Tool\phpStudy\WWW\aoshade\Application\Runtime\Cache\Home\2a94b8bda04ff446dcedd42276fc99ee.php 第 763 行.
INFO: Run Behavior\ParseTemplateBehavior [ RunTime:0.015625s ]
INFO: [ view_parse ] --END-- [ RunTime:0.015625s ]
INFO: [ view_filter ] --START--
INFO: Run Behavior\WriteHtmlCacheBehavior [ RunTime:0.000000s ]
INFO: [ view_filter ] --END-- [ RunTime:0.000000s ]
INFO: [ app_end ] --START--
INFO: Run Behavior\ShowPageTraceBehavior [ RunTime:0.000000s ]
INFO: [ app_end ] --END-- [ RunTime:0.000000s ]

[ 2017-05-08T08:58:22+08:00 ] 42.197.153.51 /Index/contact
INFO: [ app_init ] --START--
INFO: Run Behavior\BuildLiteBehavior [ RunTime:0.000000s ]
INFO: [ app_init ] --END-- [ RunTime:0.000000s ]
INFO: [ app_begin ] --START--
INFO: Run Behavior\ReadHtmlCacheBehavior [ RunTime:0.015625s ]
INFO: [ app_begin ] --END-- [ RunTime:0.015625s ]
SQL: SHOW COLUMNS FROM `asd_webinfo` [ RunTime:0.0000s ]
SQL: SHOW COLUMNS FROM `asd_webinfo` [ RunTime:0.0000s ]
SQL: SELECT * FROM `asd_webinfo` LIMIT 1   [ RunTime:0.0000s ]
SQL: SHOW COLUMNS FROM `asd_news` [ RunTime:0.0000s ]
SQL: SHOW COLUMNS FROM `asd_news` [ RunTime:0.0000s ]
SQL: SELECT `newsId`,`newsTitle`,`newsRelease`,`newsInfo` FROM `asd_news` WHERE ( newsType = 1 and life = 0 ) LIMIT 2   [ RunTime:0.0000s ]
SQL: SELECT `newsId`,`newsTitle`,`newsRelease`,`newsInfo` FROM `asd_news` WHERE ( newsType = 2 and life = 0 ) LIMIT 2   [ RunTime:0.0156s ]
SQL: SELECT `newsId`,`newsTitle`,`newsRelease`,`newsInfo` FROM `asd_news` WHERE ( newsType = 3 and life = 0 ) LIMIT 2   [ RunTime:0.0000s ]
INFO: [ view_parse ] --START--
INFO: [ template_filter ] --START--
INFO: Run Behavior\ContentReplaceBehavior [ RunTime:0.000000s ]
INFO: [ template_filter ] --END-- [ RunTime:0.000000s ]
NOTIC: [8] Undefined index: webCompnayarea C:\Tool\phpStudy\WWW\aoshade\Application\Runtime\Cache\Home\a873315f4d7930e02d8853d9439fbb36.php 第 200 行.
NOTIC: [8] Undefined index: webCompnayaddr C:\Tool\phpStudy\WWW\aoshade\Application\Runtime\Cache\Home\a873315f4d7930e02d8853d9439fbb36.php 第 200 行.
INFO: Run Behavior\ParseTemplateBehavior [ RunTime:0.000000s ]
INFO: [ view_parse ] --END-- [ RunTime:0.000000s ]
INFO: [ view_filter ] --START--
INFO: Run Behavior\WriteHtmlCacheBehavior [ RunTime:0.000000s ]
INFO: [ view_filter ] --END-- [ RunTime:0.000000s ]
INFO: [ app_end ] --START--
INFO: Run Behavior\ShowPageTraceBehavior [ RunTime:0.000000s ]
INFO: [ app_end ] --END-- [ RunTime:0.000000s ]

[ 2017-05-08T08:58:22+08:00 ] 42.197.153.51 /Index/map
INFO: [ app_init ] --START--
INFO: Run Behavior\BuildLiteBehavior [ RunTime:0.000000s ]
INFO: [ app_init ] --END-- [ RunTime:0.000000s ]
INFO: [ app_begin ] --START--
INFO: Run Behavior\ReadHtmlCacheBehavior [ RunTime:0.000000s ]
INFO: [ app_begin ] --END-- [ RunTime:0.000000s ]
INFO: [ view_parse ] --START--
INFO: [ template_filter ] --START--
INFO: Run Behavior\ContentReplaceBehavior [ RunTime:0.000000s ]
INFO: [ template_filter ] --END-- [ RunTime:0.000000s ]
INFO: Run Behavior\ParseTemplateBehavior [ RunTime:0.000000s ]
INFO: [ view_parse ] --END-- [ RunTime:0.000000s ]
INFO: [ view_filter ] --START--
INFO: Run Behavior\WriteHtmlCacheBehavior [ RunTime:0.000000s ]
INFO: [ view_filter ] --END-- [ RunTime:0.000000s ]
INFO: [ app_end ] --START--
INFO: Run Behavior\ShowPageTraceBehavior [ RunTime:0.000000s ]
INFO: [ app_end ] --END-- [ RunTime:0.000000s ]

[ 2017-05-08T09:18:40+08:00 ] 123.125.71.31 /Index/newsDetail/newsId/10
INFO: [ app_init ] --START--
INFO: Run Behavior\BuildLiteBehavior [ RunTime:0.000000s ]
INFO: [ app_init ] --END-- [ RunTime:0.000000s ]
INFO: [ app_begin ] --START--
INFO: Run Behavior\ReadHtmlCacheBehavior [ RunTime:0.000000s ]
INFO: [ app_begin ] --END-- [ RunTime:0.000000s ]
SQL: SHOW COLUMNS FROM `asd_news` [ RunTime:0.0156s ]
SQL: SHOW COLUMNS FROM `asd_news` [ RunTime:0.0000s ]
SQL: SELECT * FROM `asd_news` WHERE ( newsId =10 and life = 0 ) LIMIT 1   [ RunTime:0.0000s ]
SQL: SELECT `newsId` FROM `asd_news` WHERE ( life = 0 )  [ RunTime:0.0000s ]
SQL: SELECT `newsId`,`newsTitle`,`newsTime`,`newsImgone` FROM `asd_news` WHERE ( newsId >=9 and newsId <= 11 and life = 0 ) LIMIT 3   [ RunTime:0.0000s ]
SQL: SHOW COLUMNS FROM `asd_webinfo` [ RunTime:0.0000s ]
SQL: SHOW COLUMNS FROM `asd_webinfo` [ RunTime:0.0000s ]
SQL: SELECT * FROM `asd_webinfo` LIMIT 1   [ RunTime:0.0000s ]
SQL: SELECT `newsId`,`newsTitle`,`newsRelease`,`newsInfo` FROM `asd_news` WHERE ( newsType = 1 and life = 0 ) LIMIT 2   [ RunTime:0.0000s ]
SQL: SELECT `newsId`,`newsTitle`,`newsRelease`,`newsInfo` FROM `asd_news` WHERE ( newsType = 2 and life = 0 ) LIMIT 2   [ RunTime:0.0000s ]
SQL: SELECT `newsId`,`newsTitle`,`newsRelease`,`newsInfo` FROM `asd_news` WHERE ( newsType = 3 and life = 0 ) LIMIT 2   [ RunTime:0.0000s ]
INFO: [ view_parse ] --START--
INFO: [ template_filter ] --START--
INFO: Run Behavior\ContentReplaceBehavior [ RunTime:0.000000s ]
INFO: [ template_filter ] --END-- [ RunTime:0.000000s ]
NOTIC: [8] Undefined index: webCompnayarea C:\Tool\phpStudy\WWW\aoshade\Application\Runtime\Cache\Home\e912bb0d10aa30919c53fa9481c3ea90.php 第 187 行.
NOTIC: [8] Undefined index: webCompnayaddr C:\Tool\phpStudy\WWW\aoshade\Application\Runtime\Cache\Home\e912bb0d10aa30919c53fa9481c3ea90.php 第 187 行.
INFO: Run Behavior\ParseTemplateBehavior [ RunTime:0.015625s ]
INFO: [ view_parse ] --END-- [ RunTime:0.015625s ]
INFO: [ view_filter ] --START--
INFO: Run Behavior\WriteHtmlCacheBehavior [ RunTime:0.000000s ]
INFO: [ view_filter ] --END-- [ RunTime:0.000000s ]
INFO: [ app_end ] --START--
INFO: Run Behavior\ShowPageTraceBehavior [ RunTime:0.000000s ]
INFO: [ app_end ] --END-- [ RunTime:0.000000s ]

[ 2017-05-08T10:34:47+08:00 ] 171.221.175.191 /
INFO: [ app_init ] --START--
INFO: Run Behavior\BuildLiteBehavior [ RunTime:0.000000s ]
INFO: [ app_init ] --END-- [ RunTime:0.000000s ]
INFO: [ app_begin ] --START--
INFO: Run Behavior\ReadHtmlCacheBehavior [ RunTime:0.000000s ]
INFO: [ app_begin ] --END-- [ RunTime:0.000000s ]
SQL: SHOW COLUMNS FROM `asd_case` [ RunTime:0.0000s ]
SQL: SHOW COLUMNS FROM `asd_case` [ RunTime:0.0000s ]
SQL: SHOW COLUMNS FROM `asd_casetype` [ RunTime:0.0000s ]
SQL: SHOW COLUMNS FROM `asd_news` [ RunTime:0.0000s ]
SQL: SELECT * FROM `asd_case` WHERE ( caseRecentshow = 1 and life = 0 ) LIMIT 9   [ RunTime:0.0156s ]
SQL: SELECT * FROM `asd_casetype` WHERE ( caseTypeShow = 1 )  [ RunTime:0.0000s ]
SQL: SELECT * FROM `asd_news` WHERE ( newsType = 4 and  newsShow = 0 and life = 0 ) LIMIT 1   [ RunTime:0.0000s ]
SQL: SELECT * FROM `asd_news` WHERE ( newsType = 4 and  newsShow = 0 and life = 0 ) LIMIT 1,5   [ RunTime:0.0000s ]
SQL: SELECT * FROM `asd_news` WHERE ( newsType = 2 and  newsShow = 0 and life = 0 ) LIMIT 1   [ RunTime:0.0000s ]
SQL: SELECT * FROM `asd_news` WHERE ( newsType = 2 and  newsShow = 0 and life = 0 ) LIMIT 1,5   [ RunTime:0.0000s ]
SQL: SELECT * FROM `asd_news` WHERE ( newsType = 3 and  newsShow = 0 and life = 0 ) LIMIT 1   [ RunTime:0.0000s ]
SQL: SELECT * FROM `asd_news` WHERE ( newsType = 3 and  newsShow = 0 and life = 0 ) LIMIT 1,5   [ RunTime:0.0000s ]
SQL: SHOW COLUMNS FROM `asd_webinfo` [ RunTime:0.0000s ]
SQL: SHOW COLUMNS FROM `asd_webinfo` [ RunTime:0.0000s ]
SQL: SELECT * FROM `asd_webinfo` LIMIT 1   [ RunTime:0.0000s ]
SQL: SHOW COLUMNS FROM `asd_news` [ RunTime:0.0000s ]
SQL: SELECT `newsId`,`newsTitle`,`newsRelease`,`newsInfo` FROM `asd_news` WHERE ( newsType = 1 and life = 0 ) LIMIT 2   [ RunTime:0.0000s ]
SQL: SELECT `newsId`,`newsTitle`,`newsRelease`,`newsInfo` FROM `asd_news` WHERE ( newsType = 2 and life = 0 ) LIMIT 2   [ RunTime:0.0000s ]
SQL: SELECT `newsId`,`newsTitle`,`newsRelease`,`newsInfo` FROM `asd_news` WHERE ( newsType = 3 and life = 0 ) LIMIT 2   [ RunTime:0.0000s ]
INFO: [ view_parse ] --START--
INFO: [ template_filter ] --START--
INFO: Run Behavior\ContentReplaceBehavior [ RunTime:0.000000s ]
INFO: [ template_filter ] --END-- [ RunTime:0.000000s ]
NOTIC: [8] Undefined index: webCompnayarea C:\Tool\phpStudy\WWW\aoshade\Application\Runtime\Cache\Home\2a94b8bda04ff446dcedd42276fc99ee.php 第 763 行.
NOTIC: [8] Undefined index: webCompnayaddr C:\Tool\phpStudy\WWW\aoshade\Application\Runtime\Cache\Home\2a94b8bda04ff446dcedd42276fc99ee.php 第 763 行.
INFO: Run Behavior\ParseTemplateBehavior [ RunTime:0.031249s ]
INFO: [ view_parse ] --END-- [ RunTime:0.031249s ]
INFO: [ view_filter ] --START--
INFO: Run Behavior\WriteHtmlCacheBehavior [ RunTime:0.000000s ]
INFO: [ view_filter ] --END-- [ RunTime:0.000000s ]
INFO: [ app_end ] --START--
INFO: Run Behavior\ShowPageTraceBehavior [ RunTime:0.000000s ]
INFO: [ app_end ] --END-- [ RunTime:0.000000s ]

[ 2017-05-08T10:35:00+08:00 ] 119.6.80.220 /Index/about
INFO: [ app_init ] --START--
INFO: Run Behavior\BuildLiteBehavior [ RunTime:0.000000s ]
INFO: [ app_init ] --END-- [ RunTime:0.000000s ]
INFO: [ app_begin ] --START--
INFO: Run Behavior\ReadHtmlCacheBehavior [ RunTime:0.000000s ]
INFO: [ app_begin ] --END-- [ RunTime:0.000000s ]
SQL: SHOW COLUMNS FROM `asd_webinfo` [ RunTime:0.0000s ]
SQL: SHOW COLUMNS FROM `asd_webinfo` [ RunTime:0.0000s ]
SQL: SELECT * FROM `asd_webinfo` LIMIT 1   [ RunTime:0.0000s ]
SQL: SHOW COLUMNS FROM `asd_news` [ RunTime:0.0000s ]
SQL: SHOW COLUMNS FROM `asd_news` [ RunTime:0.0000s ]
SQL: SELECT `newsId`,`newsTitle`,`newsRelease`,`newsInfo` FROM `asd_news` WHERE ( newsType = 1 and life = 0 ) LIMIT 2   [ RunTime:0.0000s ]
SQL: SELECT `newsId`,`newsTitle`,`newsRelease`,`newsInfo` FROM `asd_news` WHERE ( newsType = 2 and life = 0 ) LIMIT 2   [ RunTime:0.0000s ]
SQL: SELECT `newsId`,`newsTitle`,`newsRelease`,`newsInfo` FROM `asd_news` WHERE ( newsType = 3 and life = 0 ) LIMIT 2   [ RunTime:0.0000s ]
INFO: [ view_parse ] --START--
INFO: [ template_filter ] --START--
INFO: Run Behavior\ContentReplaceBehavior [ RunTime:0.000000s ]
INFO: [ template_filter ] --END-- [ RunTime:0.000000s ]
NOTIC: [8] Undefined index: webCompnayarea C:\Tool\phpStudy\WWW\aoshade\Application\Runtime\Cache\Home\09ccd45952ce225a1a2986a81cc5705c.php 第 177 行.
NOTIC: [8] Undefined index: webCompnayaddr C:\Tool\phpStudy\WWW\aoshade\Application\Runtime\Cache\Home\09ccd45952ce225a1a2986a81cc5705c.php 第 177 行.
INFO: Run Behavior\ParseTemplateBehavior [ RunTime:0.015625s ]
INFO: [ view_parse ] --END-- [ RunTime:0.015625s ]
INFO: [ view_filter ] --START--
INFO: Run Behavior\WriteHtmlCacheBehavior [ RunTime:0.000000s ]
INFO: [ view_filter ] --END-- [ RunTime:0.000000s ]
INFO: [ app_end ] --START--
INFO: Run Behavior\ShowPageTraceBehavior [ RunTime:0.000000s ]
INFO: [ app_end ] --END-- [ RunTime:0.000000s ]

[ 2017-05-08T10:35:04+08:00 ] 119.6.80.220 /favicon.ico
INFO: [ app_init ] --START--
INFO: Run Behavior\BuildLiteBehavior [ RunTime:0.000000s ]
INFO: [ app_init ] --END-- [ RunTime:0.000000s ]

[ 2017-05-08T16:58:10+08:00 ] 140.207.185.107 /
INFO: [ app_init ] --START--
INFO: Run Behavior\BuildLiteBehavior [ RunTime:0.000000s ]
INFO: [ app_init ] --END-- [ RunTime:0.000000s ]
INFO: [ app_begin ] --START--
INFO: Run Behavior\ReadHtmlCacheBehavior [ RunTime:0.000000s ]
INFO: [ app_begin ] --END-- [ RunTime:0.000000s ]
SQL: SHOW COLUMNS FROM `asd_case` [ RunTime:0.0000s ]
SQL: SHOW COLUMNS FROM `asd_case` [ RunTime:0.0000s ]
SQL: SHOW COLUMNS FROM `asd_casetype` [ RunTime:0.0000s ]
SQL: SHOW COLUMNS FROM `asd_news` [ RunTime:0.0000s ]
SQL: SELECT * FROM `asd_case` WHERE ( caseRecentshow = 1 and life = 0 ) LIMIT 9   [ RunTime:0.0000s ]
SQL: SELECT * FROM `asd_casetype` WHERE ( caseTypeShow = 1 )  [ RunTime:0.0000s ]
SQL: SELECT * FROM `asd_news` WHERE ( newsType = 4 and  newsShow = 0 and life = 0 ) LIMIT 1   [ RunTime:0.0156s ]
SQL: SELECT * FROM `asd_news` WHERE ( newsType = 4 and  newsShow = 0 and life = 0 ) LIMIT 1,5   [ RunTime:0.0000s ]
SQL: SELECT * FROM `asd_news` WHERE ( newsType = 2 and  newsShow = 0 and life = 0 ) LIMIT 1   [ RunTime:0.0000s ]
SQL: SELECT * FROM `asd_news` WHERE ( newsType = 2 and  newsShow = 0 and life = 0 ) LIMIT 1,5   [ RunTime:0.0000s ]
SQL: SELECT * FROM `asd_news` WHERE ( newsType = 3 and  newsShow = 0 and life = 0 ) LIMIT 1   [ RunTime:0.0000s ]
SQL: SELECT * FROM `asd_news` WHERE ( newsType = 3 and  newsShow = 0 and life = 0 ) LIMIT 1,5   [ RunTime:0.0000s ]
SQL: SHOW COLUMNS FROM `asd_webinfo` [ RunTime:0.0000s ]
SQL: SHOW COLUMNS FROM `asd_webinfo` [ RunTime:0.0000s ]
SQL: SELECT * FROM `asd_webinfo` LIMIT 1   [ RunTime:0.0000s ]
SQL: SHOW COLUMNS FROM `asd_news` [ RunTime:0.0000s ]
SQL: SELECT `newsId`,`newsTitle`,`newsRelease`,`newsInfo` FROM `asd_news` WHERE ( newsType = 1 and life = 0 ) LIMIT 2   [ RunTime:0.0000s ]
SQL: SELECT `newsId`,`newsTitle`,`newsRelease`,`newsInfo` FROM `asd_news` WHERE ( newsType = 2 and life = 0 ) LIMIT 2   [ RunTime:0.0000s ]
SQL: SELECT `newsId`,`newsTitle`,`newsRelease`,`newsInfo` FROM `asd_news` WHERE ( newsType = 3 and life = 0 ) LIMIT 2   [ RunTime:0.0000s ]
INFO: [ view_parse ] --START--
INFO: [ template_filter ] --START--
INFO: Run Behavior\ContentReplaceBehavior [ RunTime:0.000000s ]
INFO: [ template_filter ] --END-- [ RunTime:0.000000s ]
NOTIC: [8] Undefined index: webCompnayarea C:\Tool\phpStudy\WWW\aoshade\Application\Runtime\Cache\Home\2a94b8bda04ff446dcedd42276fc99ee.php 第 763 行.
NOTIC: [8] Undefined index: webCompnayaddr C:\Tool\phpStudy\WWW\aoshade\Application\Runtime\Cache\Home\2a94b8bda04ff446dcedd42276fc99ee.php 第 763 行.
INFO: Run Behavior\ParseTemplateBehavior [ RunTime:0.031250s ]
INFO: [ view_parse ] --END-- [ RunTime:0.031250s ]
INFO: [ view_filter ] --START--
INFO: Run Behavior\WriteHtmlCacheBehavior [ RunTime:0.000000s ]
INFO: [ view_filter ] --END-- [ RunTime:0.000000s ]
INFO: [ app_end ] --START--
INFO: Run Behavior\ShowPageTraceBehavior [ RunTime:0.000000s ]
INFO: [ app_end ] --END-- [ RunTime:0.000000s ]

[ 2017-05-08T19:22:48+08:00 ] 163.177.13.2 /
INFO: [ app_init ] --START--
INFO: Run Behavior\BuildLiteBehavior [ RunTime:0.000000s ]
INFO: [ app_init ] --END-- [ RunTime:0.000000s ]
INFO: [ app_begin ] --START--
INFO: Run Behavior\ReadHtmlCacheBehavior [ RunTime:0.000000s ]
INFO: [ app_begin ] --END-- [ RunTime:0.000000s ]
SQL: SHOW COLUMNS FROM `asd_case` [ RunTime:0.0000s ]
SQL: SHOW COLUMNS FROM `asd_case` [ RunTime:0.0000s ]
SQL: SHOW COLUMNS FROM `asd_casetype` [ RunTime:0.0000s ]
SQL: SHOW COLUMNS FROM `asd_news` [ RunTime:0.0000s ]
SQL: SELECT * FROM `asd_case` WHERE ( caseRecentshow = 1 and life = 0 ) LIMIT 9   [ RunTime:0.0000s ]
SQL: SELECT * FROM `asd_casetype` WHERE ( caseTypeShow = 1 )  [ RunTime:0.0000s ]
SQL: SELECT * FROM `asd_news` WHERE ( newsType = 4 and  newsShow = 0 and life = 0 ) LIMIT 1   [ RunTime:0.0000s ]
SQL: SELECT * FROM `asd_news` WHERE ( newsType = 4 and  newsShow = 0 and life = 0 ) LIMIT 1,5   [ RunTime:0.0156s ]
SQL: SELECT * FROM `asd_news` WHERE ( newsType = 2 and  newsShow = 0 and life = 0 ) LIMIT 1   [ RunTime:0.0000s ]
SQL: SELECT * FROM `asd_news` WHERE ( newsType = 2 and  newsShow = 0 and life = 0 ) LIMIT 1,5   [ RunTime:0.0000s ]
SQL: SELECT * FROM `asd_news` WHERE ( newsType = 3 and  newsShow = 0 and life = 0 ) LIMIT 1   [ RunTime:0.0000s ]
SQL: SELECT * FROM `asd_news` WHERE ( newsType = 3 and  newsShow = 0 and life = 0 ) LIMIT 1,5   [ RunTime:0.0000s ]
SQL: SHOW COLUMNS FROM `asd_webinfo` [ RunTime:0.0000s ]
SQL: SHOW COLUMNS FROM `asd_webinfo` [ RunTime:0.0000s ]
SQL: SELECT * FROM `asd_webinfo` LIMIT 1   [ RunTime:0.0000s ]
SQL: SHOW COLUMNS FROM `asd_news` [ RunTime:0.0000s ]
SQL: SELECT `newsId`,`newsTitle`,`newsRelease`,`newsInfo` FROM `asd_news` WHERE ( newsType = 1 and life = 0 ) LIMIT 2   [ RunTime:0.0000s ]
SQL: SELECT `newsId`,`newsTitle`,`newsRelease`,`newsInfo` FROM `asd_news` WHERE ( newsType = 2 and life = 0 ) LIMIT 2   [ RunTime:0.0000s ]
SQL: SELECT `newsId`,`newsTitle`,`newsRelease`,`newsInfo` FROM `asd_news` WHERE ( newsType = 3 and life = 0 ) LIMIT 2   [ RunTime:0.0000s ]
INFO: [ view_parse ] --START--
INFO: [ template_filter ] --START--
INFO: Run Behavior\ContentReplaceBehavior [ RunTime:0.000000s ]
INFO: [ template_filter ] --END-- [ RunTime:0.000000s ]
NOTIC: [8] Undefined index: webCompnayarea C:\Tool\phpStudy\WWW\aoshade\Application\Runtime\Cache\Home\2a94b8bda04ff446dcedd42276fc99ee.php 第 763 行.
NOTIC: [8] Undefined index: webCompnayaddr C:\Tool\phpStudy\WWW\aoshade\Application\Runtime\Cache\Home\2a94b8bda04ff446dcedd42276fc99ee.php 第 763 行.
INFO: Run Behavior\ParseTemplateBehavior [ RunTime:0.015625s ]
INFO: [ view_parse ] --END-- [ RunTime:0.015625s ]
INFO: [ view_filter ] --START--
INFO: Run Behavior\WriteHtmlCacheBehavior [ RunTime:0.000000s ]
INFO: [ view_filter ] --END-- [ RunTime:0.000000s ]
INFO: 
INFO: 
INFO: 

