[ 2018-02-25T21:00:27+08:00 ] 127.0.0.1 /
INFO: [ app_init ] --START--
INFO: Run Behavior\BuildLiteBehavior [ RunTime:0.000000s ]
INFO: [ app_init ] --END-- [ RunTime:0.027000s ]
INFO: [ app_begin ] --START--
INFO: Run Behavior\ReadHtmlCacheBehavior [ RunTime:0.015000s ]
INFO: [ app_begin ] --END-- [ RunTime:0.015000s ]
SQL: SHOW COLUMNS FROM `asd_case` [ RunTime:0.0520s ]
SQL: SHOW COLUMNS FROM `asd_case` [ RunTime:0.0100s ]
SQL: SHOW COLUMNS FROM `asd_casetype` [ RunTime:0.0330s ]
SQL: SHOW COLUMNS FROM `asd_news` [ RunTime:0.0340s ]
SQL: SELECT * FROM `asd_case` WHERE ( caseRecentshow = 1 and life = 0 ) LIMIT 9   [ RunTime:0.0010s ]
SQL: SELECT * FROM `asd_casetype` WHERE ( caseTypeShow = 1 )  [ RunTime:0.0000s ]
SQL: SELECT * FROM `asd_news` WHERE ( newsType = 4 and  newsShow = 0 and life = 0 ) LIMIT 1   [ RunTime:0.0010s ]
SQL: SELECT * FROM `asd_news` WHERE ( newsType = 4 and  newsShow = 0 and life = 0 ) LIMIT 1,5   [ RunTime:0.0010s ]
SQL: SELECT * FROM `asd_news` WHERE ( newsType = 2 and  newsShow = 0 and life = 0 ) LIMIT 1   [ RunTime:0.0000s ]
SQL: SELECT * FROM `asd_news` WHERE ( newsType = 2 and  newsShow = 0 and life = 0 ) LIMIT 1,5   [ RunTime:0.0020s ]
SQL: SELECT * FROM `asd_news` WHERE ( newsType = 3 and  newsShow = 0 and life = 0 ) LIMIT 1   [ RunTime:0.0010s ]
SQL: SELECT * FROM `asd_news` WHERE ( newsType = 3 and  newsShow = 0 and life = 0 ) LIMIT 1,5   [ RunTime:0.0010s ]
SQL: SHOW COLUMNS FROM `asd_webinfo` [ RunTime:0.0440s ]
SQL: SHOW COLUMNS FROM `asd_webinfo` [ RunTime:0.0130s ]
SQL: SELECT * FROM `asd_webinfo` LIMIT 1   [ RunTime:0.0000s ]
SQL: SHOW COLUMNS FROM `asd_news` [ RunTime:0.0130s ]
SQL: SELECT `newsId`,`newsTitle`,`newsRelease`,`newsInfo` FROM `asd_news` WHERE ( newsType = 1 and life = 0 ) LIMIT 2   [ RunTime:0.0000s ]
SQL: SELECT `newsId`,`newsTitle`,`newsRelease`,`newsInfo` FROM `asd_news` WHERE ( newsType = 2 and life = 0 ) LIMIT 2   [ RunTime:0.0000s ]
SQL: SELECT `newsId`,`newsTitle`,`newsRelease`,`newsInfo` FROM `asd_news` WHERE ( newsType = 3 and life = 0 ) LIMIT 2   [ RunTime:0.0000s ]
INFO: [ view_parse ] --START--
INFO: [ template_filter ] --START--
INFO: Run Behavior\ContentReplaceBehavior [ RunTime:0.008000s ]
INFO: [ template_filter ] --END-- [ RunTime:0.008000s ]
NOTIC: [8] Undefined index: webCompnayarea D:\phpStudy\WWW\asd\Application\Runtime\Cache\Home\2a94b8bda04ff446dcedd42276fc99ee.php 第 763 行.
NOTIC: [8] Undefined index: webCompnayaddr D:\phpStudy\WWW\asd\Application\Runtime\Cache\Home\2a94b8bda04ff446dcedd42276fc99ee.php 第 763 行.
INFO: Run Behavior\ParseTemplateBehavior [ RunTime:0.125000s ]
INFO: [ view_parse ] --END-- [ RunTime:0.125000s ]
INFO: [ view_filter ] --START--
INFO: Run Behavior\WriteHtmlCacheBehavior [ RunTime:0.008000s ]
INFO: [ view_filter ] --END-- [ RunTime:0.008000s ]
INFO: [ app_end ] --START--
INFO: Run Behavior\ShowPageTraceBehavior [ RunTime:0.011000s ]
INFO: [ app_end ] --END-- [ RunTime:0.011000s ]

[ 2018-02-25T21:00:35+08:00 ] 127.0.0.1 /phpmyadmin
INFO: [ app_init ] --START--
INFO: Run Behavior\BuildLiteBehavior [ RunTime:0.000000s ]
INFO: [ app_init ] --END-- [ RunTime:0.000000s ]
INFO: [ app_begin ] --START--
INFO: Run Behavior\ReadHtmlCacheBehavior [ RunTime:0.001000s ]
INFO: [ app_begin ] --END-- [ RunTime:0.001000s ]
ERR: 无法加载控制器:Phpmyadmin

[ 2018-02-25T21:05:23+08:00 ] 127.0.0.1 /
INFO: [ app_init ] --START--
INFO: Run Behavior\BuildLiteBehavior [ RunTime:0.001000s ]
INFO: [ app_init ] --END-- [ RunTime:0.001000s ]
INFO: [ app_begin ] --START--
INFO: Run Behavior\ReadHtmlCacheBehavior [ RunTime:0.001000s ]
INFO: [ app_begin ] --END-- [ RunTime:0.001000s ]
SQL: SHOW COLUMNS FROM `asd_case` [ RunTime:0.0060s ]
SQL: SHOW COLUMNS FROM `asd_case` [ RunTime:0.0050s ]
SQL: SHOW COLUMNS FROM `asd_casetype` [ RunTime:0.0050s ]
SQL: SHOW COLUMNS FROM `asd_news` [ RunTime:0.0060s ]
SQL: SELECT * FROM `asd_case` WHERE ( caseRecentshow = 1 and life = 0 ) LIMIT 9   [ RunTime:0.0010s ]
SQL: SELECT * FROM `asd_casetype` WHERE ( caseTypeShow = 1 )  [ RunTime:0.0000s ]
SQL: SELECT * FROM `asd_news` WHERE ( newsType = 4 and  newsShow = 0 and life = 0 ) LIMIT 1   [ RunTime:0.0010s ]
SQL: SELECT * FROM `asd_news` WHERE ( newsType = 4 and  newsShow = 0 and life = 0 ) LIMIT 1,5   [ RunTime:0.0000s ]
SQL: SELECT * FROM `asd_news` WHERE ( newsType = 2 and  newsShow = 0 and life = 0 ) LIMIT 1   [ RunTime:0.0000s ]
SQL: SELECT * FROM `asd_news` WHERE ( newsType = 2 and  newsShow = 0 and life = 0 ) LIMIT 1,5   [ RunTime:0.0000s ]
SQL: SELECT * FROM `asd_news` WHERE ( newsType = 3 and  newsShow = 0 and life = 0 ) LIMIT 1   [ RunTime:0.0010s ]
SQL: SELECT * FROM `asd_news` WHERE ( newsType = 3 and  newsShow = 0 and life = 0 ) LIMIT 1,5   [ RunTime:0.0000s ]
SQL: SHOW COLUMNS FROM `asd_webinfo` [ RunTime:0.0050s ]
SQL: SHOW COLUMNS FROM `asd_webinfo` [ RunTime:0.0050s ]
SQL: SELECT * FROM `asd_webinfo` LIMIT 1   [ RunTime:0.0010s ]
SQL: SHOW COLUMNS FROM `asd_news` [ RunTime:0.0050s ]
SQL: SELECT `newsId`,`newsTitle`,`newsRelease`,`newsInfo` FROM `asd_news` WHERE ( newsType = 1 and life = 0 ) LIMIT 2   [ RunTime:0.0010s ]
SQL: SELECT `newsId`,`newsTitle`,`newsRelease`,`newsInfo` FROM `asd_news` WHERE ( newsType = 2 and life = 0 ) LIMIT 2   [ RunTime:0.0000s ]
SQL: SELECT `newsId`,`newsTitle`,`newsRelease`,`newsInfo` FROM `asd_news` WHERE ( newsType = 3 and life = 0 ) LIMIT 2   [ RunTime:0.0010s ]
INFO: [ view_parse ] --START--
INFO: [ template_filter ] --START--
INFO: Run Behavior\ContentReplaceBehavior [ RunTime:0.000000s ]
INFO: [ template_filter ] --END-- [ RunTime:0.000000s ]
NOTIC: [8] Undefined index: webCompnayarea D:\phpStudy\WWW\asd\Application\Runtime\Cache\Home\2a94b8bda04ff446dcedd42276fc99ee.php 第 763 行.
NOTIC: [8] Undefined index: webCompnayaddr D:\phpStudy\WWW\asd\Application\Runtime\Cache\Home\2a94b8bda04ff446dcedd42276fc99ee.php 第 763 行.
INFO: Run Behavior\ParseTemplateBehavior [ RunTime:0.024000s ]
INFO: [ view_parse ] --END-- [ RunTime:0.024000s ]
INFO: [ view_filter ] --START--
INFO: Run Behavior\WriteHtmlCacheBehavior [ RunTime:0.001000s ]
INFO: [ view_filter ] --END-- [ RunTime:0.001000s ]
INFO: [ app_end ] --START--
INFO: Run Behavior\ShowPageTraceBehavior [ RunTime:0.002000s ]
INFO: [ app_end ] --END-- [ RunTime:0.002000s ]

[ 2018-02-25T21:05:25+08:00 ] 127.0.0.1 /Index/caseAll
INFO: [ app_init ] --START--
INFO: Run Behavior\BuildLiteBehavior [ RunTime:0.000000s ]
INFO: [ app_init ] --END-- [ RunTime:0.000000s ]
INFO: [ app_begin ] --START--
INFO: Run Behavior\ReadHtmlCacheBehavior [ RunTime:0.001000s ]
INFO: [ app_begin ] --END-- [ RunTime:0.001000s ]
SQL: SHOW COLUMNS FROM `asd_case` [ RunTime:0.0050s ]
SQL: SHOW COLUMNS FROM `asd_case` [ RunTime:0.0060s ]
SQL: SHOW COLUMNS FROM `asd_casearea` [ RunTime:0.0050s ]
SQL: SHOW COLUMNS FROM `asd_casetype` [ RunTime:0.0050s ]
SQL: SHOW COLUMNS FROM `asd_casesize` [ RunTime:0.0060s ]
NOTIC: [8] Undefined variable: sreach D:\phpStudy\WWW\asd\Application\Home\Model\CaseModel.class.php 第 67 行.
SQL: SELECT * FROM `asd_case` WHERE `life` = 0  [ RunTime:0.0000s ]
SQL: SELECT * FROM `asd_case` WHERE `life` = 0 LIMIT 0,9   [ RunTime:0.0010s ]
NOTIC: [8] Undefined variable: sreach D:\phpStudy\WWW\asd\Application\Home\Model\CaseModel.class.php 第 81 行.
SQL: SELECT * FROM `asd_casearea`  [ RunTime:0.0000s ]
SQL: SELECT * FROM `asd_casetype`  [ RunTime:0.0000s ]
SQL: SELECT * FROM `asd_casesize`  [ RunTime:0.0000s ]
NOTIC: [8] Undefined index: casetypeId D:\phpStudy\WWW\asd\Application\Home\Controller\IndexController.class.php 第 48 行.
SQL: SHOW COLUMNS FROM `asd_webinfo` [ RunTime:0.0050s ]
SQL: SHOW COLUMNS FROM `asd_webinfo` [ RunTime:0.0060s ]
SQL: SELECT * FROM `asd_webinfo` LIMIT 1   [ RunTime:0.0000s ]
SQL: SHOW COLUMNS FROM `asd_news` [ RunTime:0.0050s ]
SQL: SHOW COLUMNS FROM `asd_news` [ RunTime:0.0050s ]
SQL: SELECT `newsId`,`newsTitle`,`newsRelease`,`newsInfo` FROM `asd_news` WHERE ( newsType = 1 and life = 0 ) LIMIT 2   [ RunTime:0.0000s ]
SQL: SELECT `newsId`,`newsTitle`,`newsRelease`,`newsInfo` FROM `asd_news` WHERE ( newsType = 2 and life = 0 ) LIMIT 2   [ RunTime:0.0010s ]
SQL: SELECT `newsId`,`newsTitle`,`newsRelease`,`newsInfo` FROM `asd_news` WHERE ( newsType = 3 and life = 0 ) LIMIT 2   [ RunTime:0.0000s ]
INFO: [ view_parse ] --START--
INFO: [ template_filter ] --START--
INFO: Run Behavior\ContentReplaceBehavior [ RunTime:0.000000s ]
INFO: [ template_filter ] --END-- [ RunTime:0.000000s ]
NOTIC: [8] Undefined variable: rel D:\phpStudy\WWW\asd\Application\Runtime\Cache\Home\4cf0f5e7aaa9aa19d62e599d3a2477a7.php 第 111 行.
NOTIC: [8] Undefined index: webCompnayarea D:\phpStudy\WWW\asd\Application\Runtime\Cache\Home\4cf0f5e7aaa9aa19d62e599d3a2477a7.php 第 286 行.
NOTIC: [8] Undefined index: webCompnayaddr D:\phpStudy\WWW\asd\Application\Runtime\Cache\Home\4cf0f5e7aaa9aa19d62e599d3a2477a7.php 第 286 行.
INFO: Run Behavior\ParseTemplateBehavior [ RunTime:0.032000s ]
INFO: [ view_parse ] --END-- [ RunTime:0.032000s ]
INFO: [ view_filter ] --START--
INFO: Run Behavior\WriteHtmlCacheBehavior [ RunTime:0.001000s ]
INFO: [ view_filter ] --END-- [ RunTime:0.001000s ]
INFO: [ app_end ] --START--
INFO: Run Behavior\ShowPageTraceBehavior [ RunTime:0.001000s ]
INFO: [ app_end ] --END-- [ RunTime:0.001000s ]

[ 2018-02-25T21:05:38+08:00 ] 127.0.0.1 /Index/caseAll
INFO: [ app_init ] --START--
INFO: Run Behavior\BuildLiteBehavior [ RunTime:0.000000s ]
INFO: [ app_init ] --END-- [ RunTime:0.001000s ]
INFO: [ app_begin ] --START--
INFO: Run Behavior\ReadHtmlCacheBehavior [ RunTime:0.002000s ]
INFO: [ app_begin ] --END-- [ RunTime:0.002000s ]
SQL: SHOW COLUMNS FROM `asd_case` [ RunTime:0.0060s ]
SQL: SHOW COLUMNS FROM `asd_case` [ RunTime:0.0050s ]
SQL: SHOW COLUMNS FROM `asd_casearea` [ RunTime:0.0050s ]
SQL: SHOW COLUMNS FROM `asd_casetype` [ RunTime:0.0050s ]
SQL: SHOW COLUMNS FROM `asd_casesize` [ RunTime:0.0060s ]
NOTIC: [8] Undefined variable: sreach D:\phpStudy\WWW\asd\Application\Home\Model\CaseModel.class.php 第 67 行.
SQL: SELECT * FROM `asd_case` WHERE `life` = 0  [ RunTime:0.0000s ]
SQL: SELECT * FROM `asd_case` WHERE `life` = 0 LIMIT 0,9   [ RunTime:0.0000s ]
NOTIC: [8] Undefined variable: sreach D:\phpStudy\WWW\asd\Application\Home\Model\CaseModel.class.php 第 81 行.
SQL: SELECT * FROM `asd_casearea`  [ RunTime:0.0000s ]
SQL: SELECT * FROM `asd_casetype`  [ RunTime:0.0000s ]
SQL: SELECT * FROM `asd_casesize`  [ RunTime:0.0000s ]
NOTIC: [8] Undefined index: casetypeId D:\phpStudy\WWW\asd\Application\Home\Controller\IndexController.class.php 第 48 行.
SQL: SHOW COLUMNS FROM `asd_webinfo` [ RunTime:0.0060s ]
SQL: SHOW COLUMNS FROM `asd_webinfo` [ RunTime:0.0050s ]
SQL: SELECT * FROM `asd_webinfo` LIMIT 1   [ RunTime:0.0000s ]
SQL: SHOW COLUMNS FROM `asd_news` [ RunTime:0.0060s ]
SQL: SHOW COLUMNS FROM `asd_news` [ RunTime:0.0050s ]
SQL: SELECT `newsId`,`newsTitle`,`newsRelease`,`newsInfo` FROM `asd_news` WHERE ( newsType = 1 and life = 0 ) LIMIT 2   [ RunTime:0.0000s ]
SQL: SELECT `newsId`,`newsTitle`,`newsRelease`,`newsInfo` FROM `asd_news` WHERE ( newsType = 2 and life = 0 ) LIMIT 2   [ RunTime:0.0000s ]
SQL: SELECT `newsId`,`newsTitle`,`newsRelease`,`newsInfo` FROM `asd_news` WHERE ( newsType = 3 and life = 0 ) LIMIT 2   [ RunTime:0.0010s ]
INFO: [ view_parse ] --START--
INFO: [ template_filter ] --START--
INFO: Run Behavior\ContentReplaceBehavior [ RunTime:0.000000s ]
INFO: [ template_filter ] --END-- [ RunTime:0.000000s ]
NOTIC: [8] Undefined variable: rel D:\phpStudy\WWW\asd\Application\Runtime\Cache\Home\4cf0f5e7aaa9aa19d62e599d3a2477a7.php 第 111 行.
NOTIC: [8] Undefined index: webCompnayarea D:\phpStudy\WWW\asd\Application\Runtime\Cache\Home\4cf0f5e7aaa9aa19d62e599d3a2477a7.php 第 286 行.
NOTIC: [8] Undefined index: webCompnayaddr D:\phpStudy\WWW\asd\Application\Runtime\Cache\Home\4cf0f5e7aaa9aa19d62e599d3a2477a7.php 第 286 行.
INFO: Run Behavior\ParseTemplateBehavior [ RunTime:0.020000s ]
INFO: [ view_parse ] --END-- [ RunTime:0.020000s ]
INFO: [ view_filter ] --START--
INFO: Run Behavior\WriteHtmlCacheBehavior [ RunTime:0.002000s ]
INFO: [ view_filter ] --END-- [ RunTime:0.002000s ]
INFO: [ app_end ] --START--
INFO: Run Behavior\ShowPageTraceBehavior [ RunTime:0.002000s ]
INFO: [ app_end ] --END-- [ RunTime:0.002000s ]

[ 2018-02-25T21:06:07+08:00 ] 127.0.0.1 /Index/caseAll
INFO: [ app_init ] --START--
INFO: Run Behavior\BuildLiteBehavior [ RunTime:0.000000s ]
INFO: [ app_init ] --END-- [ RunTime:0.001000s ]
INFO: [ app_begin ] --START--
INFO: Run Behavior\ReadHtmlCacheBehavior [ RunTime:0.001000s ]
INFO: [ app_begin ] --END-- [ RunTime:0.001000s ]
SQL: SHOW COLUMNS FROM `asd_case` [ RunTime:0.0080s ]
SQL: SHOW COLUMNS FROM `asd_case` [ RunTime:0.0080s ]
SQL: SHOW COLUMNS FROM `asd_casearea` [ RunTime:0.0070s ]
SQL: SHOW COLUMNS FROM `asd_casetype` [ RunTime:0.0070s ]
SQL: SHOW COLUMNS FROM `asd_casesize` [ RunTime:0.0060s ]
NOTIC: [8] Undefined variable: sreach D:\phpStudy\WWW\asd\Application\Home\Model\CaseModel.class.php 第 67 行.
SQL: SELECT * FROM `asd_case` WHERE `life` = 0  [ RunTime:0.0010s ]
SQL: SELECT * FROM `asd_case` WHERE `life` = 0 LIMIT 0,9   [ RunTime:0.0010s ]
NOTIC: [8] Undefined variable: sreach D:\phpStudy\WWW\asd\Application\Home\Model\CaseModel.class.php 第 81 行.
SQL: SELECT * FROM `asd_casearea`  [ RunTime:0.0000s ]
SQL: SELECT * FROM `asd_casetype`  [ RunTime:0.0010s ]
SQL: SELECT * FROM `asd_casesize`  [ RunTime:0.0000s ]
NOTIC: [8] Undefined index: casetypeId D:\phpStudy\WWW\asd\Application\Home\Controller\IndexController.class.php 第 48 行.
SQL: SHOW COLUMNS FROM `asd_webinfo` [ RunTime:0.0050s ]
SQL: SHOW COLUMNS FROM `asd_webinfo` [ RunTime:0.0060s ]
SQL: SELECT * FROM `asd_webinfo` LIMIT 1   [ RunTime:0.0000s ]
SQL: SHOW COLUMNS FROM `asd_news` [ RunTime:0.0050s ]
SQL: SHOW COLUMNS FROM `asd_news` [ RunTime:0.0070s ]
SQL: SELECT `newsId`,`newsTitle`,`newsRelease`,`newsInfo` FROM `asd_news` WHERE ( newsType = 1 and life = 0 ) LIMIT 2   [ RunTime:0.0010s ]
SQL: SELECT `newsId`,`newsTitle`,`newsRelease`,`newsInfo` FROM `asd_news` WHERE ( newsType = 2 and life = 0 ) LIMIT 2   [ RunTime:0.0000s ]
SQL: SELECT `newsId`,`newsTitle`,`newsRelease`,`newsInfo` FROM `asd_news` WHERE ( newsType = 3 and life = 0 ) LIMIT 2   [ RunTime:0.0000s ]
INFO: [ view_parse ] --START--
INFO: [ template_filter ] --START--
INFO: Run Behavior\ContentReplaceBehavior [ RunTime:0.000000s ]
INFO: [ template_filter ] --END-- [ RunTime:0.000000s ]
NOTIC: [8] Undefined variable: rel D:\phpStudy\WWW\asd\Application\Runtime\Cache\Home\4cf0f5e7aaa9aa19d62e599d3a2477a7.php 第 111 行.
NOTIC: [8] Undefined index: webCompnayarea D:\phpStudy\WWW\asd\Application\Runtime\Cache\Home\4cf0f5e7aaa9aa19d62e599d3a2477a7.php 第 286 行.
NOTIC: [8] Undefined index: webCompnayaddr D:\phpStudy\WWW\asd\Application\Runtime\Cache\Home\4cf0f5e7aaa9aa19d62e599d3a2477a7.php 第 286 行.
INFO: Run Behavior\ParseTemplateBehavior [ RunTime:0.018000s ]
INFO: [ view_parse ] --END-- [ RunTime:0.018000s ]
INFO: [ view_filter ] --START--
INFO: Run Behavior\WriteHtmlCacheBehavior [ RunTime:0.001000s ]
INFO: [ view_filter ] --END-- [ RunTime:0.001000s ]
INFO: [ app_end ] --START--
INFO: Run Behavior\ShowPageTraceBehavior [ RunTime:0.001000s ]
INFO: [ app_end ] --END-- [ RunTime:0.001000s ]

[ 2018-02-25T21:06:15+08:00 ] 127.0.0.1 /Index/caseAll
INFO: [ app_init ] --START--
INFO: Run Behavior\BuildLiteBehavior [ RunTime:0.000000s ]
INFO: [ app_init ] --END-- [ RunTime:0.001000s ]
INFO: [ app_begin ] --START--
INFO: Run Behavior\ReadHtmlCacheBehavior [ RunTime:0.001000s ]
INFO: [ app_begin ] --END-- [ RunTime:0.001000s ]
SQL: SHOW COLUMNS FROM `asd_case` [ RunTime:0.0060s ]
SQL: SHOW COLUMNS FROM `asd_case` [ RunTime:0.0060s ]
SQL: SHOW COLUMNS FROM `asd_casearea` [ RunTime:0.0050s ]
SQL: SHOW COLUMNS FROM `asd_casetype` [ RunTime:0.0050s ]
SQL: SHOW COLUMNS FROM `asd_casesize` [ RunTime:0.0050s ]
NOTIC: [8] Undefined variable: sreach D:\phpStudy\WWW\asd\Application\Home\Model\CaseModel.class.php 第 67 行.
SQL: SELECT * FROM `asd_case` WHERE `life` = 0  [ RunTime:0.0010s ]
SQL: SELECT * FROM `asd_case` WHERE `life` = 0 LIMIT 0,9   [ RunTime:0.0000s ]
NOTIC: [8] Undefined variable: sreach D:\phpStudy\WWW\asd\Application\Home\Model\CaseModel.class.php 第 81 行.
SQL: SELECT * FROM `asd_casearea`  [ RunTime:0.0010s ]
SQL: SELECT * FROM `asd_casetype`  [ RunTime:0.0000s ]
SQL: SELECT * FROM `asd_casesize`  [ RunTime:0.0000s ]
NOTIC: [8] Undefined index: casetypeId D:\phpStudy\WWW\asd\Application\Home\Controller\IndexController.class.php 第 48 行.
SQL: SHOW COLUMNS FROM `asd_webinfo` [ RunTime:0.0050s ]
SQL: SHOW COLUMNS FROM `asd_webinfo` [ RunTime:0.0050s ]
SQL: SELECT * FROM `asd_webinfo` LIMIT 1   [ RunTime:0.0000s ]
SQL: SHOW COLUMNS FROM `asd_news` [ RunTime:0.0050s ]
SQL: SHOW COLUMNS FROM `asd_news` [ RunTime:0.0060s ]
SQL: SELECT `newsId`,`newsTitle`,`newsRelease`,`newsInfo` FROM `asd_news` WHERE ( newsType = 1 and life = 0 ) LIMIT 2   [ RunTime:0.0000s ]
SQL: SELECT `newsId`,`newsTitle`,`newsRelease`,`newsInfo` FROM `asd_news` WHERE ( newsType = 2 and life = 0 ) LIMIT 2   [ RunTime:0.0000s ]
SQL: SELECT `newsId`,`newsTitle`,`newsRelease`,`newsInfo` FROM `asd_news` WHERE ( newsType = 3 and life = 0 ) LIMIT 2   [ RunTime:0.0000s ]
INFO: [ view_parse ] --START--
INFO: [ template_filter ] --START--
INFO: Run Behavior\ContentReplaceBehavior [ RunTime:0.000000s ]
INFO: [ template_filter ] --END-- [ RunTime:0.000000s ]
NOTIC: [8] Undefined variable: rel D:\phpStudy\WWW\asd\Application\Runtime\Cache\Home\4cf0f5e7aaa9aa19d62e599d3a2477a7.php 第 111 行.
NOTIC: [8] Undefined index: webCompnayarea D:\phpStudy\WWW\asd\Application\Runtime\Cache\Home\4cf0f5e7aaa9aa19d62e599d3a2477a7.php 第 286 行.
NOTIC: [8] Undefined index: webCompnayaddr D:\phpStudy\WWW\asd\Application\Runtime\Cache\Home\4cf0f5e7aaa9aa19d62e599d3a2477a7.php 第 286 行.
INFO: Run Behavior\ParseTemplateBehavior [ RunTime:0.018000s ]
INFO: [ view_parse ] --END-- [ RunTime:0.018000s ]
INFO: [ view_filter ] --START--
INFO: Run Behavior\WriteHtmlCacheBehavior [ RunTime:0.001000s ]
INFO: [ view_filter ] --END-- [ RunTime:0.001000s ]
INFO: [ app_end ] --START--
INFO: Run Behavior\ShowPageTraceBehavior [ RunTime:0.001000s ]
INFO: [ app_end ] --END-- [ RunTime:0.001000s ]

[ 2018-02-25T21:06:59+08:00 ] 127.0.0.1 /Index/caseAll/caseArea/1
INFO: [ app_init ] --START--
INFO: Run Behavior\BuildLiteBehavior [ RunTime:0.000000s ]
INFO: [ app_init ] --END-- [ RunTime:0.001000s ]
INFO: [ app_begin ] --START--
INFO: Run Behavior\ReadHtmlCacheBehavior [ RunTime:0.001000s ]
INFO: [ app_begin ] --END-- [ RunTime:0.001000s ]
SQL: SHOW COLUMNS FROM `asd_case` [ RunTime:0.0060s ]
SQL: SHOW COLUMNS FROM `asd_case` [ RunTime:0.0050s ]
SQL: SHOW COLUMNS FROM `asd_casearea` [ RunTime:0.0050s ]
SQL: SHOW COLUMNS FROM `asd_casetype` [ RunTime:0.0050s ]
SQL: SHOW COLUMNS FROM `asd_casesize` [ RunTime:0.0050s ]
NOTIC: [8] Undefined variable: sreach D:\phpStudy\WWW\asd\Application\Home\Model\CaseModel.class.php 第 67 行.
SQL: SELECT * FROM `asd_case` WHERE `caseArea` = 1 AND `life` = 0  [ RunTime:0.0010s ]
SQL: SELECT * FROM `asd_case` WHERE `caseArea` = 1 AND `life` = 0 LIMIT 0,9   [ RunTime:0.0000s ]
NOTIC: [8] Undefined variable: sreach D:\phpStudy\WWW\asd\Application\Home\Model\CaseModel.class.php 第 81 行.
SQL: SELECT * FROM `asd_casearea`  [ RunTime:0.0000s ]
SQL: SELECT * FROM `asd_casetype`  [ RunTime:0.0000s ]
SQL: SELECT * FROM `asd_casesize`  [ RunTime:0.0010s ]
NOTIC: [8] Undefined index: casetypeId D:\phpStudy\WWW\asd\Application\Home\Controller\IndexController.class.php 第 48 行.
SQL: SHOW COLUMNS FROM `asd_webinfo` [ RunTime:0.0050s ]
SQL: SHOW COLUMNS FROM `asd_webinfo` [ RunTime:0.0050s ]
SQL: SELECT * FROM `asd_webinfo` LIMIT 1   [ RunTime:0.0000s ]
SQL: SHOW COLUMNS FROM `asd_news` [ RunTime:0.0050s ]
SQL: SHOW COLUMNS FROM `asd_news` [ RunTime:0.0050s ]
SQL: SELECT `newsId`,`newsTitle`,`newsRelease`,`newsInfo` FROM `asd_news` WHERE ( newsType = 1 and life = 0 ) LIMIT 2   [ RunTime:0.0000s ]
SQL: SELECT `newsId`,`newsTitle`,`newsRelease`,`newsInfo` FROM `asd_news` WHERE ( newsType = 2 and life = 0 ) LIMIT 2   [ RunTime:0.0000s ]
SQL: SELECT `newsId`,`newsTitle`,`newsRelease`,`newsInfo` FROM `asd_news` WHERE ( newsType = 3 and life = 0 ) LIMIT 2   [ RunTime:0.0010s ]
INFO: [ view_parse ] --START--
INFO: [ template_filter ] --START--
INFO: Run Behavior\ContentReplaceBehavior [ RunTime:0.000000s ]
INFO: [ template_filter ] --END-- [ RunTime:0.000000s ]
NOTIC: [8] Undefined variable: rel D:\phpStudy\WWW\asd\Application\Runtime\Cache\Home\4cf0f5e7aaa9aa19d62e599d3a2477a7.php 第 111 行.
NOTIC: [8] Undefined index: webCompnayarea D:\phpStudy\WWW\asd\Application\Runtime\Cache\Home\4cf0f5e7aaa9aa19d62e599d3a2477a7.php 第 286 行.
NOTIC: [8] Undefined index: webCompnayaddr D:\phpStudy\WWW\asd\Application\Runtime\Cache\Home\4cf0f5e7aaa9aa19d62e599d3a2477a7.php 第 286 行.
INFO: Run Behavior\ParseTemplateBehavior [ RunTime:0.019000s ]
INFO: [ view_parse ] --END-- [ RunTime:0.019000s ]
INFO: [ view_filter ] --START--
INFO: Run Behavior\WriteHtmlCacheBehavior [ RunTime:0.001000s ]
INFO: [ view_filter ] --END-- [ RunTime:0.001000s ]
INFO: [ app_end ] --START--
INFO: Run Behavior\ShowPageTraceBehavior [ RunTime:0.002000s ]
INFO: [ app_end ] --END-- [ RunTime:0.002000s ]

[ 2018-02-25T21:07:17+08:00 ] 127.0.0.1 /Index/caseAll/caseArea/1/caseType/1
INFO: [ app_init ] --START--
INFO: Run Behavior\BuildLiteBehavior [ RunTime:0.000000s ]
INFO: [ app_init ] --END-- [ RunTime:0.000000s ]
INFO: [ app_begin ] --START--
INFO: Run Behavior\ReadHtmlCacheBehavior [ RunTime:0.001000s ]
INFO: [ app_begin ] --END-- [ RunTime:0.001000s ]
SQL: SHOW COLUMNS FROM `asd_case` [ RunTime:0.0060s ]
SQL: SHOW COLUMNS FROM `asd_case` [ RunTime:0.0050s ]
SQL: SHOW COLUMNS FROM `asd_casearea` [ RunTime:0.0040s ]
SQL: SHOW COLUMNS FROM `asd_casetype` [ RunTime:0.0050s ]
SQL: SHOW COLUMNS FROM `asd_casesize` [ RunTime:0.0040s ]
NOTIC: [8] Undefined variable: sreach D:\phpStudy\WWW\asd\Application\Home\Model\CaseModel.class.php 第 67 行.
SQL: SELECT * FROM `asd_case` WHERE `caseArea` = 1 AND `caseType` = 1 AND `life` = 0  [ RunTime:0.0000s ]
SQL: SELECT * FROM `asd_case` WHERE `caseArea` = 1 AND `caseType` = 1 AND `life` = 0 LIMIT 0,9   [ RunTime:0.0000s ]
NOTIC: [8] Undefined variable: sreach D:\phpStudy\WWW\asd\Application\Home\Model\CaseModel.class.php 第 81 行.
SQL: SELECT * FROM `asd_casearea`  [ RunTime:0.0000s ]
SQL: SELECT * FROM `asd_casetype`  [ RunTime:0.0000s ]
SQL: SELECT * FROM `asd_casesize`  [ RunTime:0.0010s ]
NOTIC: [8] Undefined index: casetypeId D:\phpStudy\WWW\asd\Application\Home\Controller\IndexController.class.php 第 48 行.
SQL: SHOW COLUMNS FROM `asd_webinfo` [ RunTime:0.0050s ]
SQL: SHOW COLUMNS FROM `asd_webinfo` [ RunTime:0.0050s ]
SQL: SELECT * FROM `asd_webinfo` LIMIT 1   [ RunTime:0.0000s ]
SQL: SHOW COLUMNS FROM `asd_news` [ RunTime:0.0060s ]
SQL: SHOW COLUMNS FROM `asd_news` [ RunTime:0.0060s ]
SQL: SELECT `newsId`,`newsTitle`,`newsRelease`,`newsInfo` FROM `asd_news` WHERE ( newsType = 1 and life = 0 ) LIMIT 2   [ RunTime:0.0000s ]
SQL: SELECT `newsId`,`newsTitle`,`newsRelease`,`newsInfo` FROM `asd_news` WHERE ( newsType = 2 and life = 0 ) LIMIT 2   [ RunTime:0.0010s ]
SQL: SELECT `newsId`,`newsTitle`,`newsRelease`,`newsInfo` FROM `asd_news` WHERE ( newsType = 3 and life = 0 ) LIMIT 2   [ RunTime:0.0000s ]
INFO: [ view_parse ] --START--
INFO: [ template_filter ] --START--
INFO: Run Behavior\ContentReplaceBehavior [ RunTime:0.000000s ]
INFO: [ template_filter ] --END-- [ RunTime:0.000000s ]
NOTIC: [8] Undefined variable: rel D:\phpStudy\WWW\asd\Application\Runtime\Cache\Home\4cf0f5e7aaa9aa19d62e599d3a2477a7.php 第 111 行.
NOTIC: [8] Undefined index: webCompnayarea D:\phpStudy\WWW\asd\Application\Runtime\Cache\Home\4cf0f5e7aaa9aa19d62e599d3a2477a7.php 第 286 行.
NOTIC: [8] Undefined index: webCompnayaddr D:\phpStudy\WWW\asd\Application\Runtime\Cache\Home\4cf0f5e7aaa9aa19d62e599d3a2477a7.php 第 286 行.
INFO: Run Behavior\ParseTemplateBehavior [ RunTime:0.016000s ]
INFO: [ view_parse ] --END-- [ RunTime:0.017000s ]
INFO: [ view_filter ] --START--
INFO: Run Behavior\WriteHtmlCacheBehavior [ RunTime:0.001000s ]
INFO: [ view_filter ] --END-- [ RunTime:0.001000s ]
INFO: [ app_end ] --START--
INFO: Run Behavior\ShowPageTraceBehavior [ RunTime:0.001000s ]
INFO: [ app_end ] --END-- [ RunTime:0.001000s ]

[ 2018-02-25T21:07:20+08:00 ] 127.0.0.1 /Index/caseAll/caseArea/1/caseType/1/caseSize/1
INFO: [ app_init ] --START--
INFO: Run Behavior\BuildLiteBehavior [ RunTime:0.000000s ]
INFO: [ app_init ] --END-- [ RunTime:0.001000s ]
INFO: [ app_begin ] --START--
INFO: Run Behavior\ReadHtmlCacheBehavior [ RunTime:0.001000s ]
INFO: [ app_begin ] --END-- [ RunTime:0.002000s ]
SQL: SHOW COLUMNS FROM `asd_case` [ RunTime:0.0050s ]
SQL: SHOW COLUMNS FROM `asd_case` [ RunTime:0.0060s ]
SQL: SHOW COLUMNS FROM `asd_casearea` [ RunTime:0.0050s ]
SQL: SHOW COLUMNS FROM `asd_casetype` [ RunTime:0.0050s ]
SQL: SHOW COLUMNS FROM `asd_casesize` [ RunTime:0.0050s ]
NOTIC: [8] Undefined variable: sreach D:\phpStudy\WWW\asd\Application\Home\Model\CaseModel.class.php 第 67 行.
SQL: SELECT * FROM `asd_case` WHERE `caseArea` = 1 AND `caseType` = 1 AND `caseSize` = 1 AND `life` = 0  [ RunTime:0.0000s ]
SQL: SELECT * FROM `asd_case` WHERE `caseArea` = 1 AND `caseType` = 1 AND `caseSize` = 1 AND `life` = 0 LIMIT 0,9   [ RunTime:0.0000s ]
NOTIC: [8] Undefined variable: sreach D:\phpStudy\WWW\asd\Application\Home\Model\CaseModel.class.php 第 81 行.
SQL: SELECT * FROM `asd_casearea`  [ RunTime:0.0010s ]
SQL: SELECT * FROM `asd_casetype`  [ RunTime:0.0000s ]
SQL: SELECT * FROM `asd_casesize`  [ RunTime:0.0010s ]
NOTIC: [8] Undefined index: casetypeId D:\phpStudy\WWW\asd\Application\Home\Controller\IndexController.class.php 第 48 行.
SQL: SHOW COLUMNS FROM `asd_webinfo` [ RunTime:0.0050s ]
SQL: SHOW COLUMNS FROM `asd_webinfo` [ RunTime:0.0050s ]
SQL: SELECT * FROM `asd_webinfo` LIMIT 1   [ RunTime:0.0010s ]
SQL: SHOW COLUMNS FROM `asd_news` [ RunTime:0.0050s ]
SQL: SHOW COLUMNS FROM `asd_news` [ RunTime:0.0050s ]
SQL: SELECT `newsId`,`newsTitle`,`newsRelease`,`newsInfo` FROM `asd_news` WHERE ( newsType = 1 and life = 0 ) LIMIT 2   [ RunTime:0.0000s ]
SQL: SELECT `newsId`,`newsTitle`,`newsRelease`,`newsInfo` FROM `asd_news` WHERE ( newsType = 2 and life = 0 ) LIMIT 2   [ RunTime:0.0000s ]
SQL: SELECT `newsId`,`newsTitle`,`newsRelease`,`newsInfo` FROM `asd_news` WHERE ( newsType = 3 and life = 0 ) LIMIT 2   [ RunTime:0.0000s ]
INFO: [ view_parse ] --START--
INFO: [ template_filter ] --START--
INFO: Run Behavior\ContentReplaceBehavior [ RunTime:0.000000s ]
INFO: [ template_filter ] --END-- [ RunTime:0.000000s ]
NOTIC: [8] Undefined variable: rel D:\phpStudy\WWW\asd\Application\Runtime\Cache\Home\4cf0f5e7aaa9aa19d62e599d3a2477a7.php 第 111 行.
NOTIC: [8] Undefined index: webCompnayarea D:\phpStudy\WWW\asd\Application\Runtime\Cache\Home\4cf0f5e7aaa9aa19d62e599d3a2477a7.php 第 286 行.
NOTIC: [8] Undefined index: webCompnayaddr D:\phpStudy\WWW\asd\Application\Runtime\Cache\Home\4cf0f5e7aaa9aa19d62e599d3a2477a7.php 第 286 行.
INFO: Run Behavior\ParseTemplateBehavior [ RunTime:0.017000s ]
INFO: [ view_parse ] --END-- [ RunTime:0.017000s ]
INFO: [ view_filter ] --START--
INFO: Run Behavior\WriteHtmlCacheBehavior [ RunTime:0.001000s ]
INFO: [ view_filter ] --END-- [ RunTime:0.001000s ]
INFO: [ app_end ] --START--
INFO: Run Behavior\ShowPageTraceBehavior [ RunTime:0.001000s ]
INFO: [ app_end ] --END-- [ RunTime:0.001000s ]

[ 2018-02-25T21:09:36+08:00 ] 127.0.0.1 /Index/caseAll/caseArea/1/caseType/1/caseSize/1
INFO: [ app_init ] --START--
INFO: Run Behavior\BuildLiteBehavior [ RunTime:0.000000s ]
INFO: [ app_init ] --END-- [ RunTime:0.001000s ]
INFO: [ app_begin ] --START--
INFO: Run Behavior\ReadHtmlCacheBehavior [ RunTime:0.001000s ]
INFO: [ app_begin ] --END-- [ RunTime:0.001000s ]
SQL: SHOW COLUMNS FROM `asd_case` [ RunTime:0.0060s ]
SQL: SHOW COLUMNS FROM `asd_case` [ RunTime:0.0070s ]
SQL: SHOW COLUMNS FROM `asd_casearea` [ RunTime:0.0050s ]
SQL: SHOW COLUMNS FROM `asd_casetype` [ RunTime:0.0050s ]
SQL: SHOW COLUMNS FROM `asd_casesize` [ RunTime:0.0060s ]
NOTIC: [8] Undefined variable: sreach D:\phpStudy\WWW\asd\Application\Home\Model\CaseModel.class.php 第 67 行.
SQL: SELECT * FROM `asd_case` WHERE `caseArea` = 1 AND `caseType` = 1 AND `caseSize` = 1 AND `life` = 0  [ RunTime:0.0010s ]
SQL: SELECT * FROM `asd_case` WHERE `caseArea` = 1 AND `caseType` = 1 AND `caseSize` = 1 AND `life` = 0 LIMIT 0,9   [ RunTime:0.0000s ]
NOTIC: [8] Undefined variable: sreach D:\phpStudy\WWW\asd\Application\Home\Model\CaseModel.class.php 第 81 行.
SQL: SELECT * FROM `asd_casearea`  [ RunTime:0.0010s ]
SQL: SELECT * FROM `asd_casetype`  [ RunTime:0.0000s ]
SQL: SELECT * FROM `asd_casesize`  [ RunTime:0.0000s ]
NOTIC: [8] Undefined index: casetypeId D:\phpStudy\WWW\asd\Application\Home\Controller\IndexController.class.php 第 48 行.
SQL: SHOW COLUMNS FROM `asd_webinfo` [ RunTime:0.0050s ]
SQL: SHOW COLUMNS FROM `asd_webinfo` [ RunTime:0.0050s ]
SQL: SELECT * FROM `asd_webinfo` LIMIT 1   [ RunTime:0.0010s ]
SQL: SHOW COLUMNS FROM `asd_news` [ RunTime:0.0060s ]
SQL: SHOW COLUMNS FROM `asd_news` [ RunTime:0.0050s ]
SQL: SELECT `newsId`,`newsTitle`,`newsRelease`,`newsInfo` FROM `asd_news` WHERE ( newsType = 1 and life = 0 ) LIMIT 2   [ RunTime:0.0010s ]
SQL: SELECT `newsId`,`newsTitle`,`newsRelease`,`newsInfo` FROM `asd_news` WHERE ( newsType = 2 and life = 0 ) LIMIT 2   [ RunTime:0.0000s ]
SQL: SELECT `newsId`,`newsTitle`,`newsRelease`,`newsInfo` FROM `asd_news` WHERE ( newsType = 3 and life = 0 ) LIMIT 2   [ RunTime:0.0000s ]
INFO: [ view_parse ] --START--
INFO: [ template_filter ] --START--
INFO: Run Behavior\ContentReplaceBehavior [ RunTime:0.000000s ]
INFO: [ template_filter ] --END-- [ RunTime:0.000000s ]
NOTIC: [8] Undefined variable: rel D:\phpStudy\WWW\asd\Application\Runtime\Cache\Home\4cf0f5e7aaa9aa19d62e599d3a2477a7.php 第 111 行.
NOTIC: [8] Undefined index: webCompnayarea D:\phpStudy\WWW\asd\Application\Runtime\Cache\Home\4cf0f5e7aaa9aa19d62e599d3a2477a7.php 第 286 行.
NOTIC: [8] Undefined index: webCompnayaddr D:\phpStudy\WWW\asd\Application\Runtime\Cache\Home\4cf0f5e7aaa9aa19d62e599d3a2477a7.php 第 286 行.
INFO: Run Behavior\ParseTemplateBehavior [ RunTime:0.016000s ]
INFO: [ view_parse ] --END-- [ RunTime:0.016000s ]
INFO: [ view_filter ] --START--
INFO: Run Behavior\WriteHtmlCacheBehavior [ RunTime:0.001000s ]
INFO: [ view_filter ] --END-- [ RunTime:0.001000s ]
INFO: [ app_end ] --START--
INFO: Run Behavior\ShowPageTraceBehavior [ RunTime:0.001000s ]
INFO: [ app_end ] --END-- [ RunTime:0.001000s ]

[ 2018-02-25T21:09:39+08:00 ] 127.0.0.1 /Index/caseAll/caseType/1/caseSize/1
INFO: [ app_init ] --START--
INFO: Run Behavior\BuildLiteBehavior [ RunTime:0.000000s ]
INFO: [ app_init ] --END-- [ RunTime:0.001000s ]
INFO: [ app_begin ] --START--
INFO: Run Behavior\ReadHtmlCacheBehavior [ RunTime:0.001000s ]
INFO: [ app_begin ] --END-- [ RunTime:0.001000s ]
SQL: SHOW COLUMNS FROM `asd_case` [ RunTime:0.0050s ]
SQL: SHOW COLUMNS FROM `asd_case` [ RunTime:0.0050s ]
SQL: SHOW COLUMNS FROM `asd_casearea` [ RunTime:0.0050s ]
SQL: SHOW COLUMNS FROM `asd_casetype` [ RunTime:0.0050s ]
SQL: SHOW COLUMNS FROM `asd_casesize` [ RunTime:0.0050s ]
NOTIC: [8] Undefined variable: sreach D:\phpStudy\WWW\asd\Application\Home\Model\CaseModel.class.php 第 67 行.
SQL: SELECT * FROM `asd_case` WHERE `caseType` = 1 AND `caseSize` = 1 AND `life` = 0  [ RunTime:0.0000s ]
SQL: SELECT * FROM `asd_case` WHERE `caseType` = 1 AND `caseSize` = 1 AND `life` = 0 LIMIT 0,9   [ RunTime:0.0010s ]
NOTIC: [8] Undefined variable: sreach D:\phpStudy\WWW\asd\Application\Home\Model\CaseModel.class.php 第 81 行.
SQL: SELECT * FROM `asd_casearea`  [ RunTime:0.0000s ]
SQL: SELECT * FROM `asd_casetype`  [ RunTime:0.0000s ]
SQL: SELECT * FROM `asd_casesize`  [ RunTime:0.0010s ]
NOTIC: [8] Undefined index: casetypeId D:\phpStudy\WWW\asd\Application\Home\Controller\IndexController.class.php 第 48 行.
SQL: SHOW COLUMNS FROM `asd_webinfo` [ RunTime:0.0050s ]
SQL: SHOW COLUMNS FROM `asd_webinfo` [ RunTime:0.0050s ]
SQL: SELECT * FROM `asd_webinfo` LIMIT 1   [ RunTime:0.0000s ]
SQL: SHOW COLUMNS FROM `asd_news` [ RunTime:0.0050s ]
SQL: SHOW COLUMNS FROM `asd_news` [ RunTime:0.0060s ]
SQL: SELECT `newsId`,`newsTitle`,`newsRelease`,`newsInfo` FROM `asd_news` WHERE ( newsType = 1 and life = 0 ) LIMIT 2   [ RunTime:0.0010s ]
SQL: SELECT `newsId`,`newsTitle`,`newsRelease`,`newsInfo` FROM `asd_news` WHERE ( newsType = 2 and life = 0 ) LIMIT 2   [ RunTime:0.0000s ]
SQL: SELECT `newsId`,`newsTitle`,`newsRelease`,`newsInfo` FROM `asd_news` WHERE ( newsType = 3 and life = 0 ) LIMIT 2   [ RunTime:0.0010s ]
INFO: [ view_parse ] --START--
INFO: [ template_filter ] --START--
INFO: Run Behavior\ContentReplaceBehavior [ RunTime:0.000000s ]
INFO: [ template_filter ] --END-- [ RunTime:0.001000s ]
NOTIC: [8] Undefined variable: rel D:\phpStudy\WWW\asd\Application\Runtime\Cache\Home\4cf0f5e7aaa9aa19d62e599d3a2477a7.php 第 111 行.
NOTIC: [8] Undefined index: webCompnayarea D:\phpStudy\WWW\asd\Application\Runtime\Cache\Home\4cf0f5e7aaa9aa19d62e599d3a2477a7.php 第 286 行.
NOTIC: [8] Undefined index: webCompnayaddr D:\phpStudy\WWW\asd\Application\Runtime\Cache\Home\4cf0f5e7aaa9aa19d62e599d3a2477a7.php 第 286 行.
INFO: Run Behavior\ParseTemplateBehavior [ RunTime:0.016000s ]
INFO: [ view_parse ] --END-- [ RunTime:0.016000s ]
INFO: [ view_filter ] --START--
INFO: Run Behavior\WriteHtmlCacheBehavior [ RunTime:0.001000s ]
INFO: [ view_filter ] --END-- [ RunTime:0.001000s ]
INFO: [ app_end ] --START--
INFO: Run Behavior\ShowPageTraceBehavior [ RunTime:0.001000s ]
INFO: [ app_end ] --END-- [ RunTime:0.001000s ]

[ 2018-02-25T21:09:41+08:00 ] 127.0.0.1 /Index/caseAll/caseSize/1
INFO: [ app_init ] --START--
INFO: Run Behavior\BuildLiteBehavior [ RunTime:0.000000s ]
INFO: [ app_init ] --END-- [ RunTime:0.000000s ]
INFO: [ app_begin ] --START--
INFO: Run Behavior\ReadHtmlCacheBehavior [ RunTime:0.000000s ]
INFO: [ app_begin ] --END-- [ RunTime:0.000000s ]
SQL: SHOW COLUMNS FROM `asd_case` [ RunTime:0.0060s ]
SQL: SHOW COLUMNS FROM `asd_case` [ RunTime:0.0040s ]
SQL: SHOW COLUMNS FROM `asd_casearea` [ RunTime:0.0050s ]
SQL: SHOW COLUMNS FROM `asd_casetype` [ RunTime:0.0060s ]
SQL: SHOW COLUMNS FROM `asd_casesize` [ RunTime:0.0050s ]
NOTIC: [8] Undefined variable: sreach D:\phpStudy\WWW\asd\Application\Home\Model\CaseModel.class.php 第 67 行.
SQL: SELECT * FROM `asd_case` WHERE `caseSize` = 1 AND `life` = 0  [ RunTime:0.0000s ]
SQL: SELECT * FROM `asd_case` WHERE `caseSize` = 1 AND `life` = 0 LIMIT 0,9   [ RunTime:0.0010s ]
NOTIC: [8] Undefined variable: sreach D:\phpStudy\WWW\asd\Application\Home\Model\CaseModel.class.php 第 81 行.
SQL: SELECT * FROM `asd_casearea`  [ RunTime:0.0000s ]
SQL: SELECT * FROM `asd_casetype`  [ RunTime:0.0000s ]
SQL: SELECT * FROM `asd_casesize`  [ RunTime:0.0010s ]
NOTIC: [8] Undefined index: casetypeId D:\phpStudy\WWW\asd\Application\Home\Controller\IndexController.class.php 第 48 行.
SQL: SHOW COLUMNS FROM `asd_webinfo` [ RunTime:0.0050s ]
SQL: SHOW COLUMNS FROM `asd_webinfo` [ RunTime:0.0050s ]
SQL: SELECT * FROM `asd_webinfo` LIMIT 1   [ RunTime:0.0000s ]
SQL: SHOW COLUMNS FROM `asd_news` [ RunTime:0.0060s ]
SQL: SHOW COLUMNS FROM `asd_news` [ RunTime:0.0050s ]
SQL: SELECT `newsId`,`newsTitle`,`newsRelease`,`newsInfo` FROM `asd_news` WHERE ( newsType = 1 and life = 0 ) LIMIT 2   [ RunTime:0.0000s ]
SQL: SELECT `newsId`,`newsTitle`,`newsRelease`,`newsInfo` FROM `asd_news` WHERE ( newsType = 2 and life = 0 ) LIMIT 2   [ RunTime:0.0010s ]
SQL: SELECT `newsId`,`newsTitle`,`newsRelease`,`newsInfo` FROM `asd_news` WHERE ( newsType = 3 and life = 0 ) LIMIT 2   [ RunTime:0.0000s ]
INFO: [ view_parse ] --START--
INFO: [ template_filter ] --START--
INFO: Run Behavior\ContentReplaceBehavior [ RunTime:0.000000s ]
INFO: [ template_filter ] --END-- [ RunTime:0.000000s ]
NOTIC: [8] Undefined variable: rel D:\phpStudy\WWW\asd\Application\Runtime\Cache\Home\4cf0f5e7aaa9aa19d62e599d3a2477a7.php 第 111 行.
NOTIC: [8] Undefined index: webCompnayarea D:\phpStudy\WWW\asd\Application\Runtime\Cache\Home\4cf0f5e7aaa9aa19d62e599d3a2477a7.php 第 286 行.
NOTIC: [8] Undefined index: webCompnayaddr D:\phpStudy\WWW\asd\Application\Runtime\Cache\Home\4cf0f5e7aaa9aa19d62e599d3a2477a7.php 第 286 行.
INFO: Run Behavior\ParseTemplateBehavior [ RunTime:0.017000s ]
INFO: [ view_parse ] --END-- [ RunTime:0.017000s ]
INFO: [ view_filter ] --START--
INFO: Run Behavior\WriteHtmlCacheBehavior [ RunTime:0.000000s ]
INFO: [ view_filter ] --END-- [ RunTime:0.000000s ]
INFO: [ app_end ] --START--
INFO: Run Behavior\ShowPageTraceBehavior [ RunTime:0.001000s ]
INFO: [ app_end ] --END-- [ RunTime:0.001000s ]

[ 2018-02-25T21:09:44+08:00 ] 127.0.0.1 /Index/caseAll/caseSize/1
INFO: [ app_init ] --START--
INFO: Run Behavior\BuildLiteBehavior [ RunTime:0.000000s ]
INFO: [ app_init ] --END-- [ RunTime:0.000000s ]
INFO: [ app_begin ] --START--
INFO: Run Behavior\ReadHtmlCacheBehavior [ RunTime:0.001000s ]
INFO: [ app_begin ] --END-- [ RunTime:0.001000s ]
SQL: SHOW COLUMNS FROM `asd_case` [ RunTime:0.0050s ]
SQL: SHOW COLUMNS FROM `asd_case` [ RunTime:0.0050s ]
SQL: SHOW COLUMNS FROM `asd_casearea` [ RunTime:0.0050s ]
SQL: SHOW COLUMNS FROM `asd_casetype` [ RunTime:0.0050s ]
SQL: SHOW COLUMNS FROM `asd_casesize` [ RunTime:0.0040s ]
NOTIC: [8] Undefined variable: sreach D:\phpStudy\WWW\asd\Application\Home\Model\CaseModel.class.php 第 67 行.
SQL: SELECT * FROM `asd_case` WHERE `caseSize` = 1 AND `life` = 0  [ RunTime:0.0000s ]
SQL: SELECT * FROM `asd_case` WHERE `caseSize` = 1 AND `life` = 0 LIMIT 0,9   [ RunTime:0.0000s ]
NOTIC: [8] Undefined variable: sreach D:\phpStudy\WWW\asd\Application\Home\Model\CaseModel.class.php 第 81 行.
SQL: SELECT * FROM `asd_casearea`  [ RunTime:0.0000s ]
SQL: SELECT * FROM `asd_casetype`  [ RunTime:0.0000s ]
SQL: SELECT * FROM `asd_casesize`  [ RunTime:0.0010s ]
NOTIC: [8] Undefined index: casetypeId D:\phpStudy\WWW\asd\Application\Home\Controller\IndexController.class.php 第 48 行.
SQL: SHOW COLUMNS FROM `asd_webinfo` [ RunTime:0.0050s ]
SQL: SHOW COLUMNS FROM `asd_webinfo` [ RunTime:0.0050s ]
SQL: SELECT * FROM `asd_webinfo` LIMIT 1   [ RunTime:0.0000s ]
SQL: SHOW COLUMNS FROM `asd_news` [ RunTime:0.0050s ]
SQL: SHOW COLUMNS FROM `asd_news` [ RunTime:0.0060s ]
SQL: SELECT `newsId`,`newsTitle`,`newsRelease`,`newsInfo` FROM `asd_news` WHERE ( newsType = 1 and life = 0 ) LIMIT 2   [ RunTime:0.0010s ]
SQL: SELECT `newsId`,`newsTitle`,`newsRelease`,`newsInfo` FROM `asd_news` WHERE ( newsType = 2 and life = 0 ) LIMIT 2   [ RunTime:0.0000s ]
SQL: SELECT `newsId`,`newsTitle`,`newsRelease`,`newsInfo` FROM `asd_news` WHERE ( newsType = 3 and life = 0 ) LIMIT 2   [ RunTime:0.0010s ]
INFO: [ view_parse ] --START--
INFO: [ template_filter ] --START--
INFO: Run Behavior\ContentReplaceBehavior [ RunTime:0.000000s ]
INFO: [ template_filter ] --END-- [ RunTime:0.000000s ]
NOTIC: [8] Undefined variable: rel D:\phpStudy\WWW\asd\Application\Runtime\Cache\Home\4cf0f5e7aaa9aa19d62e599d3a2477a7.php 第 111 行.
NOTIC: [8] Undefined index: webCompnayarea D:\phpStudy\WWW\asd\Application\Runtime\Cache\Home\4cf0f5e7aaa9aa19d62e599d3a2477a7.php 第 286 行.
NOTIC: [8] Undefined index: webCompnayaddr D:\phpStudy\WWW\asd\Application\Runtime\Cache\Home\4cf0f5e7aaa9aa19d62e599d3a2477a7.php 第 286 行.
INFO: Run Behavior\ParseTemplateBehavior [ RunTime:0.017000s ]
INFO: [ view_parse ] --END-- [ RunTime:0.017000s ]
INFO: [ view_filter ] --START--
INFO: Run Behavior\WriteHtmlCacheBehavior [ RunTime:0.001000s ]
INFO: [ view_filter ] --END-- [ RunTime:0.001000s ]
INFO: [ app_end ] --START--
INFO: Run Behavior\ShowPageTraceBehavior [ RunTime:0.002000s ]
INFO: [ app_end ] --END-- [ RunTime:0.002000s ]

[ 2018-02-25T21:09:46+08:00 ] 127.0.0.1 /Index/caseAll
INFO: [ app_init ] --START--
INFO: Run Behavior\BuildLiteBehavior [ RunTime:0.000000s ]
INFO: [ app_init ] --END-- [ RunTime:0.001000s ]
INFO: [ app_begin ] --START--
INFO: Run Behavior\ReadHtmlCacheBehavior [ RunTime:0.002000s ]
INFO: [ app_begin ] --END-- [ RunTime:0.002000s ]
SQL: SHOW COLUMNS FROM `asd_case` [ RunTime:0.0050s ]
SQL: SHOW COLUMNS FROM `asd_case` [ RunTime:0.0050s ]
SQL: SHOW COLUMNS FROM `asd_casearea` [ RunTime:0.0050s ]
SQL: SHOW COLUMNS FROM `asd_casetype` [ RunTime:0.0050s ]
SQL: SHOW COLUMNS FROM `asd_casesize` [ RunTime:0.0050s ]
NOTIC: [8] Undefined variable: sreach D:\phpStudy\WWW\asd\Application\Home\Model\CaseModel.class.php 第 67 行.
SQL: SELECT * FROM `asd_case` WHERE `life` = 0  [ RunTime:0.0010s ]
SQL: SELECT * FROM `asd_case` WHERE `life` = 0 LIMIT 0,9   [ RunTime:0.0010s ]
NOTIC: [8] Undefined variable: sreach D:\phpStudy\WWW\asd\Application\Home\Model\CaseModel.class.php 第 81 行.
SQL: SELECT * FROM `asd_casearea`  [ RunTime:0.0000s ]
SQL: SELECT * FROM `asd_casetype`  [ RunTime:0.0000s ]
SQL: SELECT * FROM `asd_casesize`  [ RunTime:0.0000s ]
NOTIC: [8] Undefined index: casetypeId D:\phpStudy\WWW\asd\Application\Home\Controller\IndexController.class.php 第 48 行.
SQL: SHOW COLUMNS FROM `asd_webinfo` [ RunTime:0.0050s ]
SQL: SHOW COLUMNS FROM `asd_webinfo` [ RunTime:0.0060s ]
SQL: SELECT * FROM `asd_webinfo` LIMIT 1   [ RunTime:0.0010s ]
SQL: SHOW COLUMNS FROM `asd_news` [ RunTime:0.0060s ]
SQL: SHOW COLUMNS FROM `asd_news` [ RunTime:0.0050s ]
SQL: SELECT `newsId`,`newsTitle`,`newsRelease`,`newsInfo` FROM `asd_news` WHERE ( newsType = 1 and life = 0 ) LIMIT 2   [ RunTime:0.0000s ]
SQL: SELECT `newsId`,`newsTitle`,`newsRelease`,`newsInfo` FROM `asd_news` WHERE ( newsType = 2 and life = 0 ) LIMIT 2   [ RunTime:0.0000s ]
SQL: SELECT `newsId`,`newsTitle`,`newsRelease`,`newsInfo` FROM `asd_news` WHERE ( newsType = 3 and life = 0 ) LIMIT 2   [ RunTime:0.0000s ]
INFO: [ view_parse ] --START--
INFO: [ template_filter ] --START--
INFO: Run Behavior\ContentReplaceBehavior [ RunTime:0.000000s ]
INFO: [ template_filter ] --END-- [ RunTime:0.000000s ]
NOTIC: [8] Undefined variable: rel D:\phpStudy\WWW\asd\Application\Runtime\Cache\Home\4cf0f5e7aaa9aa19d62e599d3a2477a7.php 第 111 行.
NOTIC: [8] Undefined index: webCompnayarea D:\phpStudy\WWW\asd\Application\Runtime\Cache\Home\4cf0f5e7aaa9aa19d62e599d3a2477a7.php 第 286 行.
NOTIC: [8] Undefined index: webCompnayaddr D:\phpStudy\WWW\asd\Application\Runtime\Cache\Home\4cf0f5e7aaa9aa19d62e599d3a2477a7.php 第 286 行.
INFO: Run Behavior\ParseTemplateBehavior [ RunTime:0.017000s ]
INFO: [ view_parse ] --END-- [ RunTime:0.017000s ]
INFO: [ view_filter ] --START--
INFO: Run Behavior\WriteHtmlCacheBehavior [ RunTime:0.000000s ]
INFO: [ view_filter ] --END-- [ RunTime:0.000000s ]
INFO: [ app_end ] --START--
INFO: Run Behavior\ShowPageTraceBehavior [ RunTime:0.002000s ]
INFO: [ app_end ] --END-- [ RunTime:0.002000s ]

[ 2018-02-25T21:10:11+08:00 ] 127.0.0.1 /Index/caseAll
INFO: [ app_init ] --START--
INFO: Run Behavior\BuildLiteBehavior [ RunTime:0.000000s ]
INFO: [ app_init ] --END-- [ RunTime:0.001000s ]
INFO: [ app_begin ] --START--
INFO: Run Behavior\ReadHtmlCacheBehavior [ RunTime:0.001000s ]
INFO: [ app_begin ] --END-- [ RunTime:0.001000s ]
SQL: SHOW COLUMNS FROM `asd_case` [ RunTime:0.0060s ]
SQL: SHOW COLUMNS FROM `asd_case` [ RunTime:0.0050s ]
SQL: SHOW COLUMNS FROM `asd_casearea` [ RunTime:0.0040s ]
SQL: SHOW COLUMNS FROM `asd_casetype` [ RunTime:0.0040s ]
SQL: SHOW COLUMNS FROM `asd_casesize` [ RunTime:0.0050s ]
NOTIC: [8] Undefined variable: sreach D:\phpStudy\WWW\asd\Application\Home\Model\CaseModel.class.php 第 67 行.
SQL: SELECT * FROM `asd_case` WHERE `life` = 0  [ RunTime:0.0000s ]
SQL: SELECT * FROM `asd_case` WHERE `life` = 0 LIMIT 0,9   [ RunTime:0.0010s ]
NOTIC: [8] Undefined variable: sreach D:\phpStudy\WWW\asd\Application\Home\Model\CaseModel.class.php 第 81 行.
SQL: SELECT * FROM `asd_casearea`  [ RunTime:0.0000s ]
SQL: SELECT * FROM `asd_casetype`  [ RunTime:0.0010s ]
SQL: SELECT * FROM `asd_casesize`  [ RunTime:0.0000s ]
NOTIC: [8] Undefined index: casetypeId D:\phpStudy\WWW\asd\Application\Home\Controller\IndexController.class.php 第 48 行.
SQL: SHOW COLUMNS FROM `asd_webinfo` [ RunTime:0.0050s ]
SQL: SHOW COLUMNS FROM `asd_webinfo` [ RunTime:0.0060s ]
SQL: SELECT * FROM `asd_webinfo` LIMIT 1   [ RunTime:0.0000s ]
SQL: SHOW COLUMNS FROM `asd_news` [ RunTime:0.0050s ]
SQL: SHOW COLUMNS FROM `asd_news` [ RunTime:0.0050s ]
SQL: SELECT `newsId`,`newsTitle`,`newsRelease`,`newsInfo` FROM `asd_news` WHERE ( newsType = 1 and life = 0 ) LIMIT 2   [ RunTime:0.0010s ]
SQL: SELECT `newsId`,`newsTitle`,`newsRelease`,`newsInfo` FROM `asd_news` WHERE ( newsType = 2 and life = 0 ) LIMIT 2   [ RunTime:0.0000s ]
SQL: SELECT `newsId`,`newsTitle`,`newsRelease`,`newsInfo` FROM `asd_news` WHERE ( newsType = 3 and life = 0 ) LIMIT 2   [ RunTime:0.0000s ]
INFO: [ view_parse ] --START--
INFO: [ template_filter ] --START--
INFO: Run Behavior\ContentReplaceBehavior [ RunTime:0.000000s ]
INFO: [ template_filter ] --END-- [ RunTime:0.000000s ]
NOTIC: [8] Undefined variable: rel D:\phpStudy\WWW\asd\Application\Runtime\Cache\Home\4cf0f5e7aaa9aa19d62e599d3a2477a7.php 第 111 行.
NOTIC: [8] Undefined index: webCompnayarea D:\phpStudy\WWW\asd\Application\Runtime\Cache\Home\4cf0f5e7aaa9aa19d62e599d3a2477a7.php 第 286 行.
NOTIC: [8] Undefined index: webCompnayaddr D:\phpStudy\WWW\asd\Application\Runtime\Cache\Home\4cf0f5e7aaa9aa19d62e599d3a2477a7.php 第 286 行.
INFO: Run Behavior\ParseTemplateBehavior [ RunTime:0.020000s ]
INFO: [ view_parse ] --END-- [ RunTime:0.020000s ]
INFO: [ view_filter ] --START--
INFO: Run Behavior\WriteHtmlCacheBehavior [ RunTime:0.001000s ]
INFO: [ view_filter ] --END-- [ RunTime:0.001000s ]
NOTIC: [2] Cannot modify header information - headers already sent by (output started at D:\phpStudy\WWW\asd\Application\Home\Model\CaseModel.class.php:92) D:\phpStudy\WWW\asd\ThinkPHP\Library\Think\View.class.php 第 91 行.
NOTIC: [2] Cannot modify header information - headers already sent by (output started at D:\phpStudy\WWW\asd\Application\Home\Model\CaseModel.class.php:92) D:\phpStudy\WWW\asd\ThinkPHP\Library\Think\View.class.php 第 92 行.
NOTIC: [2] Cannot modify header information - headers already sent by (output started at D:\phpStudy\WWW\asd\Application\Home\Model\CaseModel.class.php:92) D:\phpStudy\WWW\asd\ThinkPHP\Library\Think\View.class.php 第 93 行.
INFO: [ app_end ] --START--
INFO: Run Behavior\ShowPageTraceBehavior [ RunTime:0.001000s ]
INFO: [ app_end ] --END-- [ RunTime:0.001000s ]

[ 2018-02-25T21:10:18+08:00 ] 127.0.0.1 /Index/caseAll
INFO: [ app_init ] --START--
INFO: Run Behavior\BuildLiteBehavior [ RunTime:0.000000s ]
INFO: [ app_init ] --END-- [ RunTime:0.000000s ]
INFO: [ app_begin ] --START--
INFO: Run Behavior\ReadHtmlCacheBehavior [ RunTime:0.002000s ]
INFO: [ app_begin ] --END-- [ RunTime:0.002000s ]
SQL: SHOW COLUMNS FROM `asd_case` [ RunTime:0.0060s ]
SQL: SHOW COLUMNS FROM `asd_case` [ RunTime:0.0050s ]
SQL: SHOW COLUMNS FROM `asd_casearea` [ RunTime:0.0050s ]
SQL: SHOW COLUMNS FROM `asd_casetype` [ RunTime:0.0050s ]
SQL: SHOW COLUMNS FROM `asd_casesize` [ RunTime:0.0040s ]
NOTIC: [8] Undefined variable: sreach D:\phpStudy\WWW\asd\Application\Home\Model\CaseModel.class.php 第 67 行.
SQL: SELECT * FROM `asd_case` WHERE `life` = 0  [ RunTime:0.0000s ]
SQL: SELECT * FROM `asd_case` WHERE `life` = 0 LIMIT 0,9   [ RunTime:0.0010s ]
NOTIC: [8] Undefined variable: sreach D:\phpStudy\WWW\asd\Application\Home\Model\CaseModel.class.php 第 81 行.
SQL: SELECT * FROM `asd_casearea`  [ RunTime:0.0000s ]
SQL: SELECT * FROM `asd_casetype`  [ RunTime:0.0000s ]
SQL: SELECT * FROM `asd_casesize`  [ RunTime:0.0000s ]

[ 2018-02-25T21:11:54+08:00 ] 127.0.0.1 /Index/caseAll
INFO: [ app_init ] --START--
INFO: Run Behavior\BuildLiteBehavior [ RunTime:0.000000s ]
INFO: [ app_init ] --END-- [ RunTime:0.001000s ]
INFO: [ app_begin ] --START--
INFO: Run Behavior\ReadHtmlCacheBehavior [ RunTime:0.001000s ]
INFO: [ app_begin ] --END-- [ RunTime:0.001000s ]
SQL: SHOW COLUMNS FROM `asd_case` [ RunTime:0.0060s ]
SQL: SHOW COLUMNS FROM `asd_case` [ RunTime:0.0050s ]
SQL: SHOW COLUMNS FROM `asd_casearea` [ RunTime:0.0040s ]
SQL: SHOW COLUMNS FROM `asd_casetype` [ RunTime:0.0050s ]
SQL: SHOW COLUMNS FROM `asd_casesize` [ RunTime:0.0050s ]
NOTIC: [8] Undefined variable: sreach D:\phpStudy\WWW\asd\Application\Home\Model\CaseModel.class.php 第 67 行.
SQL: SELECT * FROM `asd_case` WHERE `life` = 0  [ RunTime:0.0000s ]
SQL: SELECT * FROM `asd_case` WHERE `life` = 0 LIMIT 0,9   [ RunTime:0.0010s ]
NOTIC: [8] Undefined variable: sreach D:\phpStudy\WWW\asd\Application\Home\Model\CaseModel.class.php 第 81 行.
SQL: SELECT * FROM `asd_casearea`  [ RunTime:0.0000s ]
SQL: SELECT * FROM `asd_casetype`  [ RunTime:0.0000s ]
SQL: SELECT * FROM `asd_casesize`  [ RunTime:0.0000s ]
NOTIC: [8] Undefined index: casetypeId D:\phpStudy\WWW\asd\Application\Home\Controller\IndexController.class.php 第 48 行.
SQL: SHOW COLUMNS FROM `asd_webinfo` [ RunTime:0.0060s ]
SQL: SHOW COLUMNS FROM `asd_webinfo` [ RunTime:0.0050s ]
SQL: SELECT * FROM `asd_webinfo` LIMIT 1   [ RunTime:0.0000s ]
SQL: SHOW COLUMNS FROM `asd_news` [ RunTime:0.0050s ]
SQL: SHOW COLUMNS FROM `asd_news` [ RunTime:0.0050s ]
SQL: SELECT `newsId`,`newsTitle`,`newsRelease`,`newsInfo` FROM `asd_news` WHERE ( newsType = 1 and life = 0 ) LIMIT 2   [ RunTime:0.0010s ]
SQL: SELECT `newsId`,`newsTitle`,`newsRelease`,`newsInfo` FROM `asd_news` WHERE ( newsType = 2 and life = 0 ) LIMIT 2   [ RunTime:0.0000s ]
SQL: SELECT `newsId`,`newsTitle`,`newsRelease`,`newsInfo` FROM `asd_news` WHERE ( newsType = 3 and life = 0 ) LIMIT 2   [ RunTime:0.0010s ]
INFO: [ view_parse ] --START--
INFO: [ template_filter ] --START--
INFO: Run Behavior\ContentReplaceBehavior [ RunTime:0.000000s ]
INFO: [ template_filter ] --END-- [ RunTime:0.000000s ]
NOTIC: [8] Undefined variable: rel D:\phpStudy\WWW\asd\Application\Runtime\Cache\Home\4cf0f5e7aaa9aa19d62e599d3a2477a7.php 第 111 行.
NOTIC: [8] Undefined index: webCompnayarea D:\phpStudy\WWW\asd\Application\Runtime\Cache\Home\4cf0f5e7aaa9aa19d62e599d3a2477a7.php 第 286 行.
NOTIC: [8] Undefined index: webCompnayaddr D:\phpStudy\WWW\asd\Application\Runtime\Cache\Home\4cf0f5e7aaa9aa19d62e599d3a2477a7.php 第 286 行.
INFO: Run Behavior\ParseTemplateBehavior [ RunTime:0.017000s ]
INFO: [ view_parse ] --END-- [ RunTime:0.017000s ]
INFO: [ view_filter ] --START--
INFO: Run Behavior\WriteHtmlCacheBehavior [ RunTime:0.001000s ]
INFO: [ view_filter ] --END-- [ RunTime:0.001000s ]
INFO: [ app_end ] --START--
INFO: Run Behavior\ShowPageTraceBehavior [ RunTime:0.001000s ]
INFO: [ app_end ] --END-- [ RunTime:0.001000s ]

[ 2018-02-25T21:11:56+08:00 ] 127.0.0.1 /Index/caseAll
INFO: [ app_init ] --START--
INFO: Run Behavior\BuildLiteBehavior [ RunTime:0.000000s ]
INFO: [ app_init ] --END-- [ RunTime:0.001000s ]
INFO: [ app_begin ] --START--
INFO: Run Behavior\ReadHtmlCacheBehavior [ RunTime:0.001000s ]
INFO: [ app_begin ] --END-- [ RunTime:0.001000s ]
SQL: SHOW COLUMNS FROM `asd_case` [ RunTime:0.0060s ]
SQL: SHOW COLUMNS FROM `asd_case` [ RunTime:0.0060s ]
SQL: SHOW COLUMNS FROM `asd_casearea` [ RunTime:0.0040s ]
SQL: SHOW COLUMNS FROM `asd_casetype` [ RunTime:0.0050s ]
SQL: SHOW COLUMNS FROM `asd_casesize` [ RunTime:0.0040s ]
NOTIC: [8] Undefined variable: sreach D:\phpStudy\WWW\asd\Application\Home\Model\CaseModel.class.php 第 67 行.
SQL: SELECT * FROM `asd_case` WHERE `life` = 0  [ RunTime:0.0000s ]
SQL: SELECT * FROM `asd_case` WHERE `life` = 0 LIMIT 0,9   [ RunTime:0.0000s ]
NOTIC: [8] Undefined variable: sreach D:\phpStudy\WWW\asd\Application\Home\Model\CaseModel.class.php 第 81 行.
SQL: SELECT * FROM `asd_casearea`  [ RunTime:0.0000s ]
SQL: SELECT * FROM `asd_casetype`  [ RunTime:0.0000s ]
SQL: SELECT * FROM `asd_casesize`  [ RunTime:0.0010s ]
NOTIC: [8] Undefined index: casetypeId D:\phpStudy\WWW\asd\Application\Home\Controller\IndexController.class.php 第 48 行.
SQL: SHOW COLUMNS FROM `asd_webinfo` [ RunTime:0.0060s ]
SQL: SHOW COLUMNS FROM `asd_webinfo` [ RunTime:0.0050s ]
SQL: SELECT * FROM `asd_webinfo` LIMIT 1   [ RunTime:0.0000s ]
SQL: SHOW COLUMNS FROM `asd_news` [ RunTime:0.0050s ]
SQL: SHOW COLUMNS FROM `asd_news` [ RunTime:0.0060s ]
SQL: SELECT `newsId`,`newsTitle`,`newsRelease`,`newsInfo` FROM `asd_news` WHERE ( newsType = 1 and life = 0 ) LIMIT 2   [ RunTime:0.0000s ]
SQL: SELECT `newsId`,`newsTitle`,`newsRelease`,`newsInfo` FROM `asd_news` WHERE ( newsType = 2 and life = 0 ) LIMIT 2   [ RunTime:0.0010s ]
SQL: SELECT `newsId`,`newsTitle`,`newsRelease`,`newsInfo` FROM `asd_news` WHERE ( newsType = 3 and life = 0 ) LIMIT 2   [ RunTime:0.0000s ]
INFO: [ view_parse ] --START--
INFO: [ template_filter ] --START--
INFO: Run Behavior\ContentReplaceBehavior [ RunTime:0.001000s ]
INFO: [ template_filter ] --END-- [ RunTime:0.001000s ]
NOTIC: [8] Undefined variable: rel D:\phpStudy\WWW\asd\Application\Runtime\Cache\Home\4cf0f5e7aaa9aa19d62e599d3a2477a7.php 第 111 行.
NOTIC: [8] Undefined index: webCompnayarea D:\phpStudy\WWW\asd\Application\Runtime\Cache\Home\4cf0f5e7aaa9aa19d62e599d3a2477a7.php 第 286 行.
NOTIC: [8] Undefined index: webCompnayaddr D:\phpStudy\WWW\asd\Application\Runtime\Cache\Home\4cf0f5e7aaa9aa19d62e599d3a2477a7.php 第 286 行.
INFO: Run Behavior\ParseTemplateBehavior [ RunTime:0.018000s ]
INFO: [ view_parse ] --END-- [ RunTime:0.018000s ]
INFO: [ view_filter ] --START--
INFO: Run Behavior\WriteHtmlCacheBehavior [ RunTime:0.000000s ]
INFO: [ view_filter ] --END-- [ RunTime:0.000000s ]
INFO: [ app_end ] --START--
INFO: Run Behavior\ShowPageTraceBehavior [ RunTime:0.001000s ]
INFO: [ app_end ] --END-- [ RunTime:0.001000s ]

[ 2018-02-25T21:11:57+08:00 ] 127.0.0.1 /
INFO: [ app_init ] --START--
INFO: Run Behavior\BuildLiteBehavior [ RunTime:0.000000s ]
INFO: [ app_init ] --END-- [ RunTime:0.001000s ]
INFO: [ app_begin ] --START--
INFO: Run Behavior\ReadHtmlCacheBehavior [ RunTime:0.001000s ]
INFO: [ app_begin ] --END-- [ RunTime:0.002000s ]
SQL: SHOW COLUMNS FROM `asd_case` [ RunTime:0.0070s ]
SQL: SHOW COLUMNS FROM `asd_case` [ RunTime:0.0060s ]
SQL: SHOW COLUMNS FROM `asd_casetype` [ RunTime:0.0060s ]
SQL: SHOW COLUMNS FROM `asd_news` [ RunTime:0.0070s ]
SQL: SELECT * FROM `asd_case` WHERE ( caseRecentshow = 1 and life = 0 ) LIMIT 9   [ RunTime:0.0000s ]
SQL: SELECT * FROM `asd_casetype` WHERE ( caseTypeShow = 1 )  [ RunTime:0.0010s ]
SQL: SELECT * FROM `asd_news` WHERE ( newsType = 4 and  newsShow = 0 and life = 0 ) LIMIT 1   [ RunTime:0.0000s ]
SQL: SELECT * FROM `asd_news` WHERE ( newsType = 4 and  newsShow = 0 and life = 0 ) LIMIT 1,5   [ RunTime:0.0010s ]
SQL: SELECT * FROM `asd_news` WHERE ( newsType = 2 and  newsShow = 0 and life = 0 ) LIMIT 1   [ RunTime:0.0000s ]
SQL: SELECT * FROM `asd_news` WHERE ( newsType = 2 and  newsShow = 0 and life = 0 ) LIMIT 1,5   [ RunTime:0.0000s ]
SQL: SELECT * FROM `asd_news` WHERE ( newsType = 3 and  newsShow = 0 and life = 0 ) LIMIT 1   [ RunTime:0.0000s ]
SQL: SELECT * FROM `asd_news` WHERE ( newsType = 3 and  newsShow = 0 and life = 0 ) LIMIT 1,5   [ RunTime:0.0010s ]
SQL: SHOW COLUMNS FROM `asd_webinfo` [ RunTime:0.0060s ]
SQL: SHOW COLUMNS FROM `asd_webinfo` [ RunTime:0.0070s ]
SQL: SELECT * FROM `asd_webinfo` LIMIT 1   [ RunTime:0.0000s ]
SQL: SHOW COLUMNS FROM `asd_news` [ RunTime:0.0060s ]
SQL: SELECT `newsId`,`newsTitle`,`newsRelease`,`newsInfo` FROM `asd_news` WHERE ( newsType = 1 and life = 0 ) LIMIT 2   [ RunTime:0.0010s ]
SQL: SELECT `newsId`,`newsTitle`,`newsRelease`,`newsInfo` FROM `asd_news` WHERE ( newsType = 2 and life = 0 ) LIMIT 2   [ RunTime:0.0000s ]
SQL: SELECT `newsId`,`newsTitle`,`newsRelease`,`newsInfo` FROM `asd_news` WHERE ( newsType = 3 and life = 0 ) LIMIT 2   [ RunTime:0.0010s ]
INFO: [ view_parse ] --START--
INFO: [ template_filter ] --START--
INFO: Run Behavior\ContentReplaceBehavior [ RunTime:0.000000s ]
INFO: [ template_filter ] --END-- [ RunTime:0.000000s ]
NOTIC: [8] Undefined index: webCompnayarea D:\phpStudy\WWW\asd\Application\Runtime\Cache\Home\2a94b8bda04ff446dcedd42276fc99ee.php 第 763 行.
NOTIC: [8] Undefined index: webCompnayaddr D:\phpStudy\WWW\asd\Application\Runtime\Cache\Home\2a94b8bda04ff446dcedd42276fc99ee.php 第 763 行.
INFO: Run Behavior\ParseTemplateBehavior [ RunTime:0.028000s ]
INFO: [ view_parse ] --END-- [ RunTime:0.028000s ]
INFO: [ view_filter ] --START--
INFO: Run Behavior\WriteHtmlCacheBehavior [ RunTime:0.001000s ]
INFO: [ view_filter ] --END-- [ RunTime:0.001000s ]
INFO: [ app_end ] --START--
INFO: Run Behavior\ShowPageTraceBehavior [ RunTime:0.002000s ]
INFO: [ app_end ] --END-- [ RunTime:0.002000s ]

[ 2018-02-25T21:11:59+08:00 ] 127.0.0.1 /Index/caseAll
INFO: [ app_init ] --START--
INFO: Run Behavior\BuildLiteBehavior [ RunTime:0.000000s ]
INFO: [ app_init ] --END-- [ RunTime:0.001000s ]
INFO: [ app_begin ] --START--
INFO: Run Behavior\ReadHtmlCacheBehavior [ RunTime:0.001000s ]
INFO: [ app_begin ] --END-- [ RunTime:0.001000s ]
SQL: SHOW COLUMNS FROM `asd_case` [ RunTime:0.0060s ]
SQL: SHOW COLUMNS FROM `asd_case` [ RunTime:0.0050s ]
SQL: SHOW COLUMNS FROM `asd_casearea` [ RunTime:0.0050s ]
SQL: SHOW COLUMNS FROM `asd_casetype` [ RunTime:0.0050s ]
SQL: SHOW COLUMNS FROM `asd_casesize` [ RunTime:0.0050s ]
NOTIC: [8] Undefined variable: sreach D:\phpStudy\WWW\asd\Application\Home\Model\CaseModel.class.php 第 67 行.
SQL: SELECT * FROM `asd_case` WHERE `life` = 0  [ RunTime:0.0010s ]
SQL: SELECT * FROM `asd_case` WHERE `life` = 0 LIMIT 0,9   [ RunTime:0.0010s ]
NOTIC: [8] Undefined variable: sreach D:\phpStudy\WWW\asd\Application\Home\Model\CaseModel.class.php 第 81 行.
SQL: SELECT * FROM `asd_casearea`  [ RunTime:0.0000s ]
SQL: SELECT * FROM `asd_casetype`  [ RunTime:0.0010s ]
SQL: SELECT * FROM `asd_casesize`  [ RunTime:0.0000s ]
NOTIC: [8] Undefined index: casetypeId D:\phpStudy\WWW\asd\Application\Home\Controller\IndexController.class.php 第 48 行.
SQL: SHOW COLUMNS FROM `asd_webinfo` [ RunTime:0.0060s ]
SQL: SHOW COLUMNS FROM `asd_webinfo` [ RunTime:0.0050s ]
SQL: SELECT * FROM `asd_webinfo` LIMIT 1   [ RunTime:0.0000s ]
SQL: SHOW COLUMNS FROM `asd_news` [ RunTime:0.0060s ]
SQL: SHOW COLUMNS FROM `asd_news` [ RunTime:0.0060s ]
SQL: SELECT `newsId`,`newsTitle`,`newsRelease`,`newsInfo` FROM `asd_news` WHERE ( newsType = 1 and life = 0 ) LIMIT 2   [ RunTime:0.0000s ]
SQL: SELECT `newsId`,`newsTitle`,`newsRelease`,`newsInfo` FROM `asd_news` WHERE ( newsType = 2 and life = 0 ) LIMIT 2   [ RunTime:0.0010s ]
SQL: SELECT `newsId`,`newsTitle`,`newsRelease`,`newsInfo` FROM `asd_news` WHERE ( newsType = 3 and life = 0 ) LIMIT 2   [ RunTime:0.0000s ]
INFO: [ view_parse ] --START--
INFO: [ template_filter ] --START--
INFO: Run Behavior\ContentReplaceBehavior [ RunTime:0.000000s ]
INFO: [ template_filter ] --END-- [ RunTime:0.000000s ]
NOTIC: [8] Undefined variable: rel D:\phpStudy\WWW\asd\Application\Runtime\Cache\Home\4cf0f5e7aaa9aa19d62e599d3a2477a7.php 第 111 行.
NOTIC: [8] Undefined index: webCompnayarea D:\phpStudy\WWW\asd\Application\Runtime\Cache\Home\4cf0f5e7aaa9aa19d62e599d3a2477a7.php 第 286 行.
NOTIC: [8] Undefined index: webCompnayaddr D:\phpStudy\WWW\asd\Application\Runtime\Cache\Home\4cf0f5e7aaa9aa19d62e599d3a2477a7.php 第 286 行.
INFO: Run Behavior\ParseTemplateBehavior [ RunTime:0.018000s ]
INFO: [ view_parse ] --END-- [ RunTime:0.018000s ]
INFO: [ view_filter ] --START--
INFO: Run Behavior\WriteHtmlCacheBehavior [ RunTime:0.001000s ]
INFO: [ view_filter ] --END-- [ RunTime:0.001000s ]
INFO: [ app_end ] --START--
INFO: Run Behavior\ShowPageTraceBehavior [ RunTime:0.001000s ]
INFO: [ app_end ] --END-- [ RunTime:0.001000s ]

[ 2018-02-25T21:12:01+08:00 ] 127.0.0.1 /Index/news
INFO: [ app_init ] --START--
INFO: Run Behavior\BuildLiteBehavior [ RunTime:0.000000s ]
INFO: [ app_init ] --END-- [ RunTime:0.001000s ]
INFO: [ app_begin ] --START--
INFO: Run Behavior\ReadHtmlCacheBehavior [ RunTime:0.001000s ]
INFO: [ app_begin ] --END-- [ RunTime:0.001000s ]
SQL: SHOW COLUMNS FROM `asd_news` [ RunTime:0.0060s ]
NOTIC: [2] Missing argument 1 for Home\Model\NewsModel::news(), called in D:\phpStudy\WWW\asd\Application\Home\Controller\IndexController.class.php on line 94 and defined D:\phpStudy\WWW\asd\Application\Home\Model\NewsModel.class.php 第 39 行.
SQL: SHOW COLUMNS FROM `asd_news` [ RunTime:0.0060s ]
SQL: SELECT * FROM `asd_news` WHERE ( life = 0 )  [ RunTime:0.0010s ]
SQL: SELECT * FROM `asd_news` WHERE ( life = 0 ) LIMIT 0,9   [ RunTime:0.0010s ]
SQL: SHOW COLUMNS FROM `asd_webinfo` [ RunTime:0.0050s ]
SQL: SHOW COLUMNS FROM `asd_webinfo` [ RunTime:0.0050s ]
SQL: SELECT * FROM `asd_webinfo` LIMIT 1   [ RunTime:0.0000s ]
SQL: SELECT `newsId`,`newsTitle`,`newsRelease`,`newsInfo` FROM `asd_news` WHERE ( newsType = 1 and life = 0 ) LIMIT 2   [ RunTime:0.0010s ]
SQL: SELECT `newsId`,`newsTitle`,`newsRelease`,`newsInfo` FROM `asd_news` WHERE ( newsType = 2 and life = 0 ) LIMIT 2   [ RunTime:0.0000s ]
SQL: SELECT `newsId`,`newsTitle`,`newsRelease`,`newsInfo` FROM `asd_news` WHERE ( newsType = 3 and life = 0 ) LIMIT 2   [ RunTime:0.0000s ]
INFO: [ view_parse ] --START--
INFO: [ template_filter ] --START--
INFO: Run Behavior\ContentReplaceBehavior [ RunTime:0.000000s ]
INFO: [ template_filter ] --END-- [ RunTime:0.000000s ]
NOTIC: [8] Undefined index: webCompnayarea D:\phpStudy\WWW\asd\Application\Runtime\Cache\Home\cecb45903f8aa0e33f62e7ce7ef7b49f.php 第 202 行.
NOTIC: [8] Undefined index: webCompnayaddr D:\phpStudy\WWW\asd\Application\Runtime\Cache\Home\cecb45903f8aa0e33f62e7ce7ef7b49f.php 第 202 行.
INFO: Run Behavior\ParseTemplateBehavior [ RunTime:0.014000s ]
INFO: [ view_parse ] --END-- [ RunTime:0.014000s ]
INFO: [ view_filter ] --START--
INFO: Run Behavior\WriteHtmlCacheBehavior [ RunTime:0.000000s ]
INFO: [ view_filter ] --END-- [ RunTime:0.000000s ]
INFO: [ app_end ] --START--
INFO: Run Behavior\ShowPageTraceBehavior [ RunTime:0.001000s ]
INFO: [ app_end ] --END-- [ RunTime:0.001000s ]

[ 2018-02-25T21:12:03+08:00 ] 127.0.0.1 /Index/contact
INFO: [ app_init ] --START--
INFO: Run Behavior\BuildLiteBehavior [ RunTime:0.000000s ]
INFO: [ app_init ] --END-- [ RunTime:0.001000s ]
INFO: [ app_begin ] --START--
INFO: Run Behavior\ReadHtmlCacheBehavior [ RunTime:0.000000s ]
INFO: [ app_begin ] --END-- [ RunTime:0.000000s ]
SQL: SHOW COLUMNS FROM `asd_webinfo` [ RunTime:0.0080s ]
SQL: SHOW COLUMNS FROM `asd_webinfo` [ RunTime:0.0050s ]
SQL: SELECT * FROM `asd_webinfo` LIMIT 1   [ RunTime:0.0010s ]
SQL: SHOW COLUMNS FROM `asd_news` [ RunTime:0.0060s ]
SQL: SHOW COLUMNS FROM `asd_news` [ RunTime:0.0070s ]
SQL: SELECT `newsId`,`newsTitle`,`newsRelease`,`newsInfo` FROM `asd_news` WHERE ( newsType = 1 and life = 0 ) LIMIT 2   [ RunTime:0.0000s ]
SQL: SELECT `newsId`,`newsTitle`,`newsRelease`,`newsInfo` FROM `asd_news` WHERE ( newsType = 2 and life = 0 ) LIMIT 2   [ RunTime:0.0000s ]
SQL: SELECT `newsId`,`newsTitle`,`newsRelease`,`newsInfo` FROM `asd_news` WHERE ( newsType = 3 and life = 0 ) LIMIT 2   [ RunTime:0.0000s ]
INFO: [ view_parse ] --START--
INFO: [ template_filter ] --START--
INFO: Run Behavior\ContentReplaceBehavior [ RunTime:0.000000s ]
INFO: [ template_filter ] --END-- [ RunTime:0.000000s ]
NOTIC: [8] Undefined index: webCompnayarea D:\phpStudy\WWW\asd\Application\Runtime\Cache\Home\a873315f4d7930e02d8853d9439fbb36.php 第 200 行.
NOTIC: [8] Undefined index: webCompnayaddr D:\phpStudy\WWW\asd\Application\Runtime\Cache\Home\a873315f4d7930e02d8853d9439fbb36.php 第 200 行.
INFO: Run Behavior\ParseTemplateBehavior [ RunTime:0.012000s ]
INFO: [ view_parse ] --END-- [ RunTime:0.012000s ]
INFO: [ view_filter ] --START--
INFO: Run Behavior\WriteHtmlCacheBehavior [ RunTime:0.001000s ]
INFO: [ view_filter ] --END-- [ RunTime:0.001000s ]
INFO: [ app_end ] --START--
INFO: Run Behavior\ShowPageTraceBehavior [ RunTime:0.001000s ]
INFO: [ app_end ] --END-- [ RunTime:0.001000s ]

[ 2018-02-25T21:12:03+08:00 ] 127.0.0.1 /Index/map
INFO: [ app_init ] --START--
INFO: Run Behavior\BuildLiteBehavior [ RunTime:0.000000s ]
INFO: [ app_init ] --END-- [ RunTime:0.000000s ]
INFO: [ app_begin ] --START--
INFO: Run Behavior\ReadHtmlCacheBehavior [ RunTime:0.001000s ]
INFO: [ app_begin ] --END-- [ RunTime:0.001000s ]
INFO: [ view_parse ] --START--
INFO: [ template_filter ] --START--
INFO: Run Behavior\ContentReplaceBehavior [ RunTime:0.000000s ]
INFO: [ template_filter ] --END-- [ RunTime:0.001000s ]
INFO: Run Behavior\ParseTemplateBehavior [ RunTime:0.009000s ]
INFO: [ view_parse ] --END-- [ RunTime:0.009000s ]
INFO: [ view_filter ] --START--
INFO: Run Behavior\WriteHtmlCacheBehavior [ RunTime:0.001000s ]
INFO: [ view_filter ] --END-- [ RunTime:0.001000s ]
INFO: [ app_end ] --START--
INFO: Run Behavior\ShowPageTraceBehavior [ RunTime:0.001000s ]
INFO: [ app_end ] --END-- [ RunTime:0.001000s ]

[ 2018-02-25T21:12:05+08:00 ] 127.0.0.1 /Index/caseAll
INFO: [ app_init ] --START--
INFO: Run Behavior\BuildLiteBehavior [ RunTime:0.000000s ]
INFO: [ app_init ] --END-- [ RunTime:0.000000s ]
INFO: [ app_begin ] --START--
INFO: Run Behavior\ReadHtmlCacheBehavior [ RunTime:0.001000s ]
INFO: [ app_begin ] --END-- [ RunTime:0.001000s ]
SQL: SHOW COLUMNS FROM `asd_case` [ RunTime:0.0060s ]
SQL: SHOW COLUMNS FROM `asd_case` [ RunTime:0.0050s ]
SQL: SHOW COLUMNS FROM `asd_casearea` [ RunTime:0.0050s ]
SQL: SHOW COLUMNS FROM `asd_casetype` [ RunTime:0.0060s ]
SQL: SHOW COLUMNS FROM `asd_casesize` [ RunTime:0.0050s ]
NOTIC: [8] Undefined variable: sreach D:\phpStudy\WWW\asd\Application\Home\Model\CaseModel.class.php 第 67 行.
SQL: SELECT * FROM `asd_case` WHERE `life` = 0  [ RunTime:0.0010s ]
SQL: SELECT * FROM `asd_case` WHERE `life` = 0 LIMIT 0,9   [ RunTime:0.0000s ]
NOTIC: [8] Undefined variable: sreach D:\phpStudy\WWW\asd\Application\Home\Model\CaseModel.class.php 第 81 行.
SQL: SELECT * FROM `asd_casearea`  [ RunTime:0.0000s ]
SQL: SELECT * FROM `asd_casetype`  [ RunTime:0.0000s ]
SQL: SELECT * FROM `asd_casesize`  [ RunTime:0.0000s ]
NOTIC: [8] Undefined index: casetypeId D:\phpStudy\WWW\asd\Application\Home\Controller\IndexController.class.php 第 48 行.
SQL: SHOW COLUMNS FROM `asd_webinfo` [ RunTime:0.0050s ]
SQL: SHOW COLUMNS FROM `asd_webinfo` [ RunTime:0.0050s ]
SQL: SELECT * FROM `asd_webinfo` LIMIT 1   [ RunTime:0.0010s ]
SQL: SHOW COLUMNS FROM `asd_news` [ RunTime:0.0060s ]
SQL: SHOW COLUMNS FROM `asd_news` [ RunTime:0.0050s ]
SQL: SELECT `newsId`,`newsTitle`,`newsRelease`,`newsInfo` FROM `asd_news` WHERE ( newsType = 1 and life = 0 ) LIMIT 2   [ RunTime:0.0000s ]
SQL: SELECT `newsId`,`newsTitle`,`newsRelease`,`newsInfo` FROM `asd_news` WHERE ( newsType = 2 and life = 0 ) LIMIT 2   [ RunTime:0.0010s ]
SQL: SELECT `newsId`,`newsTitle`,`newsRelease`,`newsInfo` FROM `asd_news` WHERE ( newsType = 3 and life = 0 ) LIMIT 2   [ RunTime:0.0000s ]
INFO: [ view_parse ] --START--
INFO: [ template_filter ] --START--
INFO: Run Behavior\ContentReplaceBehavior [ RunTime:0.000000s ]
INFO: [ template_filter ] --END-- [ RunTime:0.000000s ]
NOTIC: [8] Undefined variable: rel D:\phpStudy\WWW\asd\Application\Runtime\Cache\Home\4cf0f5e7aaa9aa19d62e599d3a2477a7.php 第 111 行.
NOTIC: [8] Undefined index: webCompnayarea D:\phpStudy\WWW\asd\Application\Runtime\Cache\Home\4cf0f5e7aaa9aa19d62e599d3a2477a7.php 第 286 行.
NOTIC: [8] Undefined index: webCompnayaddr D:\phpStudy\WWW\asd\Application\Runtime\Cache\Home\4cf0f5e7aaa9aa19d62e599d3a2477a7.php 第 286 行.
INFO: Run Behavior\ParseTemplateBehavior [ RunTime:0.018000s ]
INFO: [ view_parse ] --END-- [ RunTime:0.018000s ]
INFO: [ view_filter ] --START--
INFO: Run Behavior\WriteHtmlCacheBehavior [ RunTime:0.001000s ]
INFO: [ view_filter ] --END-- [ RunTime:0.001000s ]
INFO: [ app_end ] --START--
INFO: Run Behavior\ShowPageTraceBehavior [ RunTime:0.001000s ]
INFO: [ app_end ] --END-- [ RunTime:0.001000s ]

[ 2018-02-25T21:12:14+08:00 ] 127.0.0.1 /Index/caseAll/p/2
INFO: [ app_init ] --START--
INFO: Run Behavior\BuildLiteBehavior [ RunTime:0.000000s ]
INFO: [ app_init ] --END-- [ RunTime:0.001000s ]
INFO: [ app_begin ] --START--
INFO: Run Behavior\ReadHtmlCacheBehavior [ RunTime:0.001000s ]
INFO: [ app_begin ] --END-- [ RunTime:0.001000s ]
SQL: SHOW COLUMNS FROM `asd_case` [ RunTime:0.0060s ]
SQL: SHOW COLUMNS FROM `asd_case` [ RunTime:0.0060s ]
SQL: SHOW COLUMNS FROM `asd_casearea` [ RunTime:0.0060s ]
SQL: SHOW COLUMNS FROM `asd_casetype` [ RunTime:0.0050s ]
SQL: SHOW COLUMNS FROM `asd_casesize` [ RunTime:0.0060s ]
NOTIC: [8] Undefined variable: sreach D:\phpStudy\WWW\asd\Application\Home\Model\CaseModel.class.php 第 67 行.
SQL: SELECT * FROM `asd_case` WHERE `life` = 0  [ RunTime:0.0010s ]
SQL: SELECT * FROM `asd_case` WHERE `life` = 0 LIMIT 9,9   [ RunTime:0.0000s ]
NOTIC: [8] Undefined variable: sreach D:\phpStudy\WWW\asd\Application\Home\Model\CaseModel.class.php 第 81 行.
SQL: SELECT * FROM `asd_casearea`  [ RunTime:0.0000s ]
SQL: SELECT * FROM `asd_casetype`  [ RunTime:0.0000s ]
SQL: SELECT * FROM `asd_casesize`  [ RunTime:0.0010s ]
NOTIC: [8] Undefined index: casetypeId D:\phpStudy\WWW\asd\Application\Home\Controller\IndexController.class.php 第 48 行.
SQL: SHOW COLUMNS FROM `asd_webinfo` [ RunTime:0.0050s ]
SQL: SHOW COLUMNS FROM `asd_webinfo` [ RunTime:0.0050s ]
SQL: SELECT * FROM `asd_webinfo` LIMIT 1   [ RunTime:0.0000s ]
SQL: SHOW COLUMNS FROM `asd_news` [ RunTime:0.0060s ]
SQL: SHOW COLUMNS FROM `asd_news` [ RunTime:0.0050s ]
SQL: SELECT `newsId`,`newsTitle`,`newsRelease`,`newsInfo` FROM `asd_news` WHERE ( newsType = 1 and life = 0 ) LIMIT 2   [ RunTime:0.0010s ]
SQL: SELECT `newsId`,`newsTitle`,`newsRelease`,`newsInfo` FROM `asd_news` WHERE ( newsType = 2 and life = 0 ) LIMIT 2   [ RunTime:0.0000s ]
SQL: SELECT `newsId`,`newsTitle`,`newsRelease`,`newsInfo` FROM `asd_news` WHERE ( newsType = 3 and life = 0 ) LIMIT 2   [ RunTime:0.0010s ]
INFO: [ view_parse ] --START--
INFO: [ template_filter ] --START--
INFO: Run Behavior\ContentReplaceBehavior [ RunTime:0.001000s ]
INFO: [ template_filter ] --END-- [ RunTime:0.001000s ]
NOTIC: [8] Undefined variable: rel D:\phpStudy\WWW\asd\Application\Runtime\Cache\Home\4cf0f5e7aaa9aa19d62e599d3a2477a7.php 第 111 行.
NOTIC: [8] Undefined index: webCompnayarea D:\phpStudy\WWW\asd\Application\Runtime\Cache\Home\4cf0f5e7aaa9aa19d62e599d3a2477a7.php 第 286 行.
NOTIC: [8] Undefined index: webCompnayaddr D:\phpStudy\WWW\asd\Application\Runtime\Cache\Home\4cf0f5e7aaa9aa19d62e599d3a2477a7.php 第 286 行.
INFO: Run Behavior\ParseTemplateBehavior [ RunTime:0.017000s ]
INFO: [ view_parse ] --END-- [ RunTime:0.017000s ]
INFO: [ view_filter ] --START--
INFO: Run Behavior\WriteHtmlCacheBehavior [ RunTime:0.000000s ]
INFO: [ view_filter ] --END-- [ RunTime:0.000000s ]
INFO: [ app_end ] --START--
INFO: Run Behavior\ShowPageTraceBehavior [ RunTime:0.001000s ]
INFO: [ app_end ] --END-- [ RunTime:0.001000s ]

[ 2018-02-25T21:12:17+08:00 ] 127.0.0.1 /Index/caseAll/p/1
INFO: [ app_init ] --START--
INFO: Run Behavior\BuildLiteBehavior [ RunTime:0.000000s ]
INFO: [ app_init ] --END-- [ RunTime:0.000000s ]
INFO: [ app_begin ] --START--
INFO: Run Behavior\ReadHtmlCacheBehavior [ RunTime:0.001000s ]
INFO: [ app_begin ] --END-- [ RunTime:0.001000s ]
SQL: SHOW COLUMNS FROM `asd_case` [ RunTime:0.0050s ]
SQL: SHOW COLUMNS FROM `asd_case` [ RunTime:0.0060s ]
SQL: SHOW COLUMNS FROM `asd_casearea` [ RunTime:0.0050s ]
SQL: SHOW COLUMNS FROM `asd_casetype` [ RunTime:0.0050s ]
SQL: SHOW COLUMNS FROM `asd_casesize` [ RunTime:0.0050s ]
NOTIC: [8] Undefined variable: sreach D:\phpStudy\WWW\asd\Application\Home\Model\CaseModel.class.php 第 67 行.
SQL: SELECT * FROM `asd_case` WHERE `life` = 0  [ RunTime:0.0000s ]
SQL: SELECT * FROM `asd_case` WHERE `life` = 0 LIMIT 0,9   [ RunTime:0.0010s ]
NOTIC: [8] Undefined variable: sreach D:\phpStudy\WWW\asd\Application\Home\Model\CaseModel.class.php 第 81 行.
SQL: SELECT * FROM `asd_casearea`  [ RunTime:0.0000s ]
SQL: SELECT * FROM `asd_casetype`  [ RunTime:0.0010s ]
SQL: SELECT * FROM `asd_casesize`  [ RunTime:0.0000s ]
NOTIC: [8] Undefined index: casetypeId D:\phpStudy\WWW\asd\Application\Home\Controller\IndexController.class.php 第 48 行.
SQL: SHOW COLUMNS FROM `asd_webinfo` [ RunTime:0.0050s ]
SQL: SHOW COLUMNS FROM `asd_webinfo` [ RunTime:0.0050s ]
SQL: SELECT * FROM `asd_webinfo` LIMIT 1   [ RunTime:0.0000s ]
SQL: SHOW COLUMNS FROM `asd_news` [ RunTime:0.0050s ]
SQL: SHOW COLUMNS FROM `asd_news` [ RunTime:0.0050s ]
SQL: SELECT `newsId`,`newsTitle`,`newsRelease`,`newsInfo` FROM `asd_news` WHERE ( newsType = 1 and life = 0 ) LIMIT 2   [ RunTime:0.0010s ]
SQL: SELECT `newsId`,`newsTitle`,`newsRelease`,`newsInfo` FROM `asd_news` WHERE ( newsType = 2 and life = 0 ) LIMIT 2   [ RunTime:0.0000s ]
SQL: SELECT `newsId`,`newsTitle`,`newsRelease`,`newsInfo` FROM `asd_news` WHERE ( newsType = 3 and life = 0 ) LIMIT 2   [ RunTime:0.0010s ]
INFO: [ view_parse ] --START--
INFO: [ template_filter ] --START--
INFO: Run Behavior\ContentReplaceBehavior [ RunTime:0.000000s ]
INFO: [ template_filter ] --END-- [ RunTime:0.000000s ]
NOTIC: [8] Undefined variable: rel D:\phpStudy\WWW\asd\Application\Runtime\Cache\Home\4cf0f5e7aaa9aa19d62e599d3a2477a7.php 第 111 行.
NOTIC: [8] Undefined index: webCompnayarea D:\phpStudy\WWW\asd\Application\Runtime\Cache\Home\4cf0f5e7aaa9aa19d62e599d3a2477a7.php 第 286 行.
NOTIC: [8] Undefined index: webCompnayaddr D:\phpStudy\WWW\asd\Application\Runtime\Cache\Home\4cf0f5e7aaa9aa19d62e599d3a2477a7.php 第 286 行.
INFO: Run Behavior\ParseTemplateBehavior [ RunTime:0.017000s ]
INFO: [ view_parse ] --END-- [ RunTime:0.017000s ]
INFO: [ view_filter ] --START--
INFO: Run Behavior\WriteHtmlCacheBehavior [ RunTime:0.001000s ]
INFO: [ view_filter ] --END-- [ RunTime:0.001000s ]
INFO: [ app_end ] --START--
INFO: Run Behavior\ShowPageTraceBehavior [ RunTime:0.001000s ]
INFO: [ app_end ] --END-- [ RunTime:0.001000s ]

