[ 2017-05-23T07:49:38+08:00 ] 127.0.0.1 /Aoshadeadmin/Index/caseDetail/caseId/1
INFO: [ app_init ] --START--
INFO: Run Behavior\BuildLiteBehavior [ RunTime:0.001000s ]
INFO: [ app_init ] --END-- [ RunTime:0.005000s ]
INFO: [ app_begin ] --START--
INFO: Run Behavior\ReadHtmlCacheBehavior [ RunTime:0.014000s ]
INFO: [ app_begin ] --END-- [ RunTime:0.014000s ]
SQL: SHOW COLUMNS FROM `asd_case` [ RunTime:0.0040s ]
SQL: SHOW COLUMNS FROM `asd_case` [ RunTime:0.0040s ]
SQL: SHOW COLUMNS FROM `asd_casearea` [ RunTime:0.0040s ]
SQL: SHOW COLUMNS FROM `asd_casetype` [ RunTime:0.0040s ]
SQL: SHOW COLUMNS FROM `asd_casesize` [ RunTime:0.0030s ]
SQL: SELECT * FROM `asd_case` WHERE ( caseId =1 ) LIMIT 1   [ RunTime:0.0000s ]
SQL: SELECT * FROM `asd_casearea`  [ RunTime:0.0000s ]
SQL: SELECT * FROM `asd_casetype`  [ RunTime:0.0010s ]
SQL: SELECT * FROM `asd_casesize`  [ RunTime:0.0000s ]
INFO: [ view_parse ] --START--
INFO: [ template_filter ] --START--
INFO: Run Behavior\ContentReplaceBehavior [ RunTime:0.000000s ]
INFO: [ template_filter ] --END-- [ RunTime:0.000000s ]
INFO: Run Behavior\ParseTemplateBehavior [ RunTime:0.053000s ]
INFO: [ view_parse ] --END-- [ RunTime:0.053000s ]
INFO: [ view_filter ] --START--
INFO: Run Behavior\WriteHtmlCacheBehavior [ RunTime:0.016000s ]
INFO: [ view_filter ] --END-- [ RunTime:0.016000s ]
INFO: [ app_end ] --START--
INFO: Run Behavior\ShowPageTraceBehavior [ RunTime:0.010000s ]
INFO: [ app_end ] --END-- [ RunTime:0.010000s ]

[ 2017-05-23T07:50:26+08:00 ] 127.0.0.1 /Aoshadeadmin/Index/caseDetail/caseId/1
INFO: [ app_init ] --START--
INFO: Run Behavior\BuildLiteBehavior [ RunTime:0.000000s ]
INFO: [ app_init ] --END-- [ RunTime:0.001000s ]
INFO: [ app_begin ] --START--
INFO: Run Behavior\ReadHtmlCacheBehavior [ RunTime:0.001000s ]
INFO: [ app_begin ] --END-- [ RunTime:0.001000s ]
SQL: SHOW COLUMNS FROM `asd_case` [ RunTime:0.0040s ]
SQL: SHOW COLUMNS FROM `asd_case` [ RunTime:0.0040s ]
SQL: SHOW COLUMNS FROM `asd_casearea` [ RunTime:0.0040s ]
SQL: SHOW COLUMNS FROM `asd_casetype` [ RunTime:0.0040s ]
SQL: SHOW COLUMNS FROM `asd_casesize` [ RunTime:0.0050s ]
SQL: SELECT * FROM `asd_case` WHERE ( caseId =1 ) LIMIT 1   [ RunTime:0.0000s ]
SQL: SELECT * FROM `asd_casearea`  [ RunTime:0.0000s ]
SQL: SELECT * FROM `asd_casetype`  [ RunTime:0.0000s ]
SQL: SELECT * FROM `asd_casesize`  [ RunTime:0.0000s ]
INFO: [ view_parse ] --START--
INFO: [ template_filter ] --START--
INFO: Run Behavior\ContentReplaceBehavior [ RunTime:0.000000s ]
INFO: [ template_filter ] --END-- [ RunTime:0.000000s ]
NOTIC: [8] Undefined index: caseInfo D:\phpStudy\WWW\asd\Application\Runtime\Cache\Aoshadeadmin\189600bfe51c310a93f650b2ad352477.php 第 24 行.
INFO: Run Behavior\ParseTemplateBehavior [ RunTime:0.007000s ]
INFO: [ view_parse ] --END-- [ RunTime:0.007000s ]
INFO: [ view_filter ] --START--
INFO: Run Behavior\WriteHtmlCacheBehavior [ RunTime:0.001000s ]
INFO: [ view_filter ] --END-- [ RunTime:0.001000s ]
INFO: [ app_end ] --START--
INFO: Run Behavior\ShowPageTraceBehavior [ RunTime:0.001000s ]
INFO: [ app_end ] --END-- [ RunTime:0.001000s ]

[ 2017-05-23T07:50:40+08:00 ] 127.0.0.1 /Aoshadeadmin/Index/caseDetail/caseId/1
INFO: [ app_init ] --START--
INFO: Run Behavior\BuildLiteBehavior [ RunTime:0.000000s ]
INFO: [ app_init ] --END-- [ RunTime:0.000000s ]
INFO: [ app_begin ] --START--
INFO: Run Behavior\ReadHtmlCacheBehavior [ RunTime:0.001000s ]
INFO: [ app_begin ] --END-- [ RunTime:0.001000s ]
SQL: SHOW COLUMNS FROM `asd_case` [ RunTime:0.0040s ]
SQL: SHOW COLUMNS FROM `asd_case` [ RunTime:0.0050s ]
SQL: SHOW COLUMNS FROM `asd_casearea` [ RunTime:0.0040s ]
SQL: SHOW COLUMNS FROM `asd_casetype` [ RunTime:0.0050s ]
SQL: SHOW COLUMNS FROM `asd_casesize` [ RunTime:0.0040s ]
SQL: SELECT * FROM `asd_case` WHERE ( caseId =1 ) LIMIT 1   [ RunTime:0.0000s ]
SQL: SELECT * FROM `asd_casearea`  [ RunTime:0.0000s ]
SQL: SELECT * FROM `asd_casetype`  [ RunTime:0.0010s ]
SQL: SELECT * FROM `asd_casesize`  [ RunTime:0.0000s ]

[ 2017-05-23T08:01:12+08:00 ] 127.0.0.1 /Aoshadeadmin/Index/caseDetail/caseId/1
INFO: [ app_init ] --START--
INFO: Run Behavior\BuildLiteBehavior [ RunTime:0.000000s ]
INFO: [ app_init ] --END-- [ RunTime:0.001000s ]
INFO: [ app_begin ] --START--
INFO: Run Behavior\ReadHtmlCacheBehavior [ RunTime:0.001000s ]
INFO: [ app_begin ] --END-- [ RunTime:0.001000s ]
SQL: SHOW COLUMNS FROM `asd_case` [ RunTime:0.0050s ]
SQL: SHOW COLUMNS FROM `asd_case` [ RunTime:0.0040s ]
SQL: SHOW COLUMNS FROM `asd_casearea` [ RunTime:0.0040s ]
SQL: SHOW COLUMNS FROM `asd_casetype` [ RunTime:0.0040s ]
SQL: SHOW COLUMNS FROM `asd_casesize` [ RunTime:0.0040s ]
SQL: SELECT * FROM `asd_case` WHERE ( caseId =1 ) LIMIT 1   [ RunTime:0.0000s ]
SQL: SELECT * FROM `asd_casearea`  [ RunTime:0.0000s ]
SQL: SELECT * FROM `asd_casetype`  [ RunTime:0.0010s ]
SQL: SELECT * FROM `asd_casesize`  [ RunTime:0.0000s ]

[ 2017-05-23T08:02:58+08:00 ] 127.0.0.1 /Aoshadeadmin/Index/caseDetail/caseId/1
INFO: [ app_init ] --START--
INFO: Run Behavior\BuildLiteBehavior [ RunTime:0.000000s ]
INFO: [ app_init ] --END-- [ RunTime:0.001000s ]
INFO: [ app_begin ] --START--
INFO: Run Behavior\ReadHtmlCacheBehavior [ RunTime:0.001000s ]
INFO: [ app_begin ] --END-- [ RunTime:0.001000s ]
SQL: SHOW COLUMNS FROM `asd_case` [ RunTime:0.0050s ]
SQL: SHOW COLUMNS FROM `asd_case` [ RunTime:0.0050s ]
SQL: SHOW COLUMNS FROM `asd_casearea` [ RunTime:0.0040s ]
SQL: SHOW COLUMNS FROM `asd_casetype` [ RunTime:0.0040s ]
SQL: SHOW COLUMNS FROM `asd_casesize` [ RunTime:0.0040s ]
SQL: SELECT * FROM `asd_case` WHERE ( caseId =1 ) LIMIT 1   [ RunTime:0.0010s ]
SQL: SELECT * FROM `asd_casearea`  [ RunTime:0.0000s ]
SQL: SELECT * FROM `asd_casetype`  [ RunTime:0.0000s ]
SQL: SELECT * FROM `asd_casesize`  [ RunTime:0.0010s ]

[ 2017-05-23T08:04:35+08:00 ] 127.0.0.1 /Aoshadeadmin/Index/caseDetail/caseId/1
INFO: [ app_init ] --START--
INFO: Run Behavior\BuildLiteBehavior [ RunTime:0.000000s ]
INFO: [ app_init ] --END-- [ RunTime:0.000000s ]
INFO: [ app_begin ] --START--
INFO: Run Behavior\ReadHtmlCacheBehavior [ RunTime:0.000000s ]
INFO: [ app_begin ] --END-- [ RunTime:0.000000s ]
SQL: SHOW COLUMNS FROM `asd_case` [ RunTime:0.0050s ]
SQL: SHOW COLUMNS FROM `asd_case` [ RunTime:0.0050s ]
SQL: SHOW COLUMNS FROM `asd_casearea` [ RunTime:0.0040s ]
SQL: SHOW COLUMNS FROM `asd_casetype` [ RunTime:0.0040s ]
SQL: SHOW COLUMNS FROM `asd_casesize` [ RunTime:0.0040s ]
SQL: SELECT * FROM `asd_case` WHERE ( caseId =1 ) LIMIT 1   [ RunTime:0.0000s ]
SQL: SELECT * FROM `asd_casearea`  [ RunTime:0.0000s ]
SQL: SELECT * FROM `asd_casetype`  [ RunTime:0.0000s ]
SQL: SELECT * FROM `asd_casesize`  [ RunTime:0.0010s ]
INFO: [ view_parse ] --START--
INFO: [ template_filter ] --START--
INFO: Run Behavior\ContentReplaceBehavior [ RunTime:0.000000s ]
INFO: [ template_filter ] --END-- [ RunTime:0.000000s ]
NOTIC: [8] Undefined index: caseInfo D:\phpStudy\WWW\asd\Application\Runtime\Cache\Aoshadeadmin\189600bfe51c310a93f650b2ad352477.php 第 24 行.
NOTIC: [8] Undefined index: caseInfo D:\phpStudy\WWW\asd\Application\Runtime\Cache\Aoshadeadmin\189600bfe51c310a93f650b2ad352477.php 第 33 行.
NOTIC: [8] Undefined index: caseInfo D:\phpStudy\WWW\asd\Application\Runtime\Cache\Aoshadeadmin\189600bfe51c310a93f650b2ad352477.php 第 101 行.
NOTIC: [8] Undefined index: caseInfo D:\phpStudy\WWW\asd\Application\Runtime\Cache\Aoshadeadmin\189600bfe51c310a93f650b2ad352477.php 第 110 行.
INFO: Run Behavior\ParseTemplateBehavior [ RunTime:0.009000s ]
INFO: [ view_parse ] --END-- [ RunTime:0.009000s ]
INFO: [ view_filter ] --START--
INFO: Run Behavior\WriteHtmlCacheBehavior [ RunTime:0.001000s ]
INFO: [ view_filter ] --END-- [ RunTime:0.001000s ]
INFO: [ app_end ] --START--
INFO: Run Behavior\ShowPageTraceBehavior [ RunTime:0.001000s ]
INFO: [ app_end ] --END-- [ RunTime:0.001000s ]

[ 2017-05-23T08:04:37+08:00 ] 127.0.0.1 /Aoshadeadmin/Index/caseDetail/caseId/1
INFO: [ app_init ] --START--
INFO: Run Behavior\BuildLiteBehavior [ RunTime:0.000000s ]
INFO: [ app_init ] --END-- [ RunTime:0.001000s ]
INFO: [ app_begin ] --START--
INFO: Run Behavior\ReadHtmlCacheBehavior [ RunTime:0.001000s ]
INFO: [ app_begin ] --END-- [ RunTime:0.001000s ]
SQL: SHOW COLUMNS FROM `asd_case` [ RunTime:0.0040s ]
SQL: SHOW COLUMNS FROM `asd_case` [ RunTime:0.0040s ]
SQL: SHOW COLUMNS FROM `asd_casearea` [ RunTime:0.0040s ]
SQL: SHOW COLUMNS FROM `asd_casetype` [ RunTime:0.0040s ]
SQL: SHOW COLUMNS FROM `asd_casesize` [ RunTime:0.0040s ]
SQL: SELECT * FROM `asd_case` WHERE ( caseId =1 ) LIMIT 1   [ RunTime:0.0010s ]
SQL: SELECT * FROM `asd_casearea`  [ RunTime:0.0000s ]
SQL: SELECT * FROM `asd_casetype`  [ RunTime:0.0000s ]
SQL: SELECT * FROM `asd_casesize`  [ RunTime:0.0010s ]
INFO: [ view_parse ] --START--
INFO: [ template_filter ] --START--
INFO: Run Behavior\ContentReplaceBehavior [ RunTime:0.000000s ]
INFO: [ template_filter ] --END-- [ RunTime:0.000000s ]
NOTIC: [8] Undefined index: caseInfo D:\phpStudy\WWW\asd\Application\Runtime\Cache\Aoshadeadmin\189600bfe51c310a93f650b2ad352477.php 第 24 行.
NOTIC: [8] Undefined index: caseInfo D:\phpStudy\WWW\asd\Application\Runtime\Cache\Aoshadeadmin\189600bfe51c310a93f650b2ad352477.php 第 33 行.
NOTIC: [8] Undefined index: caseInfo D:\phpStudy\WWW\asd\Application\Runtime\Cache\Aoshadeadmin\189600bfe51c310a93f650b2ad352477.php 第 101 行.
NOTIC: [8] Undefined index: caseInfo D:\phpStudy\WWW\asd\Application\Runtime\Cache\Aoshadeadmin\189600bfe51c310a93f650b2ad352477.php 第 110 行.
INFO: Run Behavior\ParseTemplateBehavior [ RunTime:0.009000s ]
INFO: [ view_parse ] --END-- [ RunTime:0.009000s ]
INFO: [ view_filter ] --START--
INFO: Run Behavior\WriteHtmlCacheBehavior [ RunTime:0.000000s ]
INFO: [ view_filter ] --END-- [ RunTime:0.000000s ]
INFO: [ app_end ] --START--
INFO: Run Behavior\ShowPageTraceBehavior [ RunTime:0.001000s ]
INFO: [ app_end ] --END-- [ RunTime:0.001000s ]

[ 2017-05-23T08:05:01+08:00 ] 127.0.0.1 /Aoshadeadmin/Index/caseDetail/caseId/1
INFO: [ app_init ] --START--
INFO: Run Behavior\BuildLiteBehavior [ RunTime:0.000000s ]
INFO: [ app_init ] --END-- [ RunTime:0.000000s ]
INFO: [ app_begin ] --START--
INFO: Run Behavior\ReadHtmlCacheBehavior [ RunTime:0.001000s ]
INFO: [ app_begin ] --END-- [ RunTime:0.001000s ]
SQL: SHOW COLUMNS FROM `asd_case` [ RunTime:0.0040s ]
SQL: SHOW COLUMNS FROM `asd_case` [ RunTime:0.0040s ]
SQL: SHOW COLUMNS FROM `asd_casearea` [ RunTime:0.0040s ]
SQL: SHOW COLUMNS FROM `asd_casetype` [ RunTime:0.0050s ]
SQL: SHOW COLUMNS FROM `asd_casesize` [ RunTime:0.0040s ]
SQL: SELECT * FROM `asd_case` WHERE ( caseId =1 ) LIMIT 1   [ RunTime:0.0010s ]
SQL: SELECT * FROM `asd_casearea`  [ RunTime:0.0000s ]
SQL: SELECT * FROM `asd_casetype`  [ RunTime:0.0000s ]
SQL: SELECT * FROM `asd_casesize`  [ RunTime:0.0000s ]
INFO: [ view_parse ] --START--
INFO: [ template_filter ] --START--
INFO: Run Behavior\ContentReplaceBehavior [ RunTime:0.000000s ]
INFO: [ template_filter ] --END-- [ RunTime:0.000000s ]
NOTIC: [8] Undefined index: caseInfo D:\phpStudy\WWW\asd\Application\Runtime\Cache\Aoshadeadmin\189600bfe51c310a93f650b2ad352477.php 第 21 行.
NOTIC: [8] Undefined index: caseInfo D:\phpStudy\WWW\asd\Application\Runtime\Cache\Aoshadeadmin\189600bfe51c310a93f650b2ad352477.php 第 24 行.
NOTIC: [8] Undefined index: caseInfo D:\phpStudy\WWW\asd\Application\Runtime\Cache\Aoshadeadmin\189600bfe51c310a93f650b2ad352477.php 第 33 行.
NOTIC: [8] Undefined index: caseInfo D:\phpStudy\WWW\asd\Application\Runtime\Cache\Aoshadeadmin\189600bfe51c310a93f650b2ad352477.php 第 101 行.
NOTIC: [8] Undefined index: caseInfo D:\phpStudy\WWW\asd\Application\Runtime\Cache\Aoshadeadmin\189600bfe51c310a93f650b2ad352477.php 第 110 行.
INFO: Run Behavior\ParseTemplateBehavior [ RunTime:0.011000s ]
INFO: [ view_parse ] --END-- [ RunTime:0.011000s ]
INFO: [ view_filter ] --START--
INFO: Run Behavior\WriteHtmlCacheBehavior [ RunTime:0.001000s ]
INFO: [ view_filter ] --END-- [ RunTime:0.001000s ]
INFO: [ app_end ] --START--
INFO: Run Behavior\ShowPageTraceBehavior [ RunTime:0.001000s ]
INFO: [ app_end ] --END-- [ RunTime:0.001000s ]

[ 2017-05-23T08:05:02+08:00 ] 127.0.0.1 /Aoshadeadmin/Index/caseDetail/caseId/1
INFO: [ app_init ] --START--
INFO: Run Behavior\BuildLiteBehavior [ RunTime:0.000000s ]
INFO: [ app_init ] --END-- [ RunTime:0.000000s ]
INFO: [ app_begin ] --START--
INFO: Run Behavior\ReadHtmlCacheBehavior [ RunTime:0.001000s ]
INFO: [ app_begin ] --END-- [ RunTime:0.001000s ]
SQL: SHOW COLUMNS FROM `asd_case` [ RunTime:0.0050s ]
SQL: SHOW COLUMNS FROM `asd_case` [ RunTime:0.0050s ]
SQL: SHOW COLUMNS FROM `asd_casearea` [ RunTime:0.0040s ]
SQL: SHOW COLUMNS FROM `asd_casetype` [ RunTime:0.0050s ]
SQL: SHOW COLUMNS FROM `asd_casesize` [ RunTime:0.0030s ]
SQL: SELECT * FROM `asd_case` WHERE ( caseId =1 ) LIMIT 1   [ RunTime:0.0000s ]
SQL: SELECT * FROM `asd_casearea`  [ RunTime:0.0000s ]
SQL: SELECT * FROM `asd_casetype`  [ RunTime:0.0000s ]
SQL: SELECT * FROM `asd_casesize`  [ RunTime:0.0000s ]
INFO: [ view_parse ] --START--
INFO: [ template_filter ] --START--
INFO: Run Behavior\ContentReplaceBehavior [ RunTime:0.000000s ]
INFO: [ template_filter ] --END-- [ RunTime:0.001000s ]
NOTIC: [8] Undefined index: caseInfo D:\phpStudy\WWW\asd\Application\Runtime\Cache\Aoshadeadmin\189600bfe51c310a93f650b2ad352477.php 第 21 行.
NOTIC: [8] Undefined index: caseInfo D:\phpStudy\WWW\asd\Application\Runtime\Cache\Aoshadeadmin\189600bfe51c310a93f650b2ad352477.php 第 24 行.
NOTIC: [8] Undefined index: caseInfo D:\phpStudy\WWW\asd\Application\Runtime\Cache\Aoshadeadmin\189600bfe51c310a93f650b2ad352477.php 第 33 行.
NOTIC: [8] Undefined index: caseInfo D:\phpStudy\WWW\asd\Application\Runtime\Cache\Aoshadeadmin\189600bfe51c310a93f650b2ad352477.php 第 101 行.
NOTIC: [8] Undefined index: caseInfo D:\phpStudy\WWW\asd\Application\Runtime\Cache\Aoshadeadmin\189600bfe51c310a93f650b2ad352477.php 第 110 行.
INFO: Run Behavior\ParseTemplateBehavior [ RunTime:0.009000s ]
INFO: [ view_parse ] --END-- [ RunTime:0.010000s ]
INFO: [ view_filter ] --START--
INFO: Run Behavior\WriteHtmlCacheBehavior [ RunTime:0.001000s ]
INFO: [ view_filter ] --END-- [ RunTime:0.001000s ]
INFO: [ app_end ] --START--
INFO: Run Behavior\ShowPageTraceBehavior [ RunTime:0.001000s ]
INFO: [ app_end ] --END-- [ RunTime:0.001000s ]

[ 2017-05-23T08:05:09+08:00 ] 127.0.0.1 /Aoshadeadmin/Index/caseDetail/caseId/1
INFO: [ app_init ] --START--
INFO: Run Behavior\BuildLiteBehavior [ RunTime:0.000000s ]
INFO: [ app_init ] --END-- [ RunTime:0.000000s ]
INFO: [ app_begin ] --START--
INFO: Run Behavior\ReadHtmlCacheBehavior [ RunTime:0.001000s ]
INFO: [ app_begin ] --END-- [ RunTime:0.001000s ]
SQL: SHOW COLUMNS FROM `asd_case` [ RunTime:0.0040s ]
SQL: SHOW COLUMNS FROM `asd_case` [ RunTime:0.0040s ]
SQL: SHOW COLUMNS FROM `asd_casearea` [ RunTime:0.0040s ]
SQL: SHOW COLUMNS FROM `asd_casetype` [ RunTime:0.0040s ]
SQL: SHOW COLUMNS FROM `asd_casesize` [ RunTime:0.0050s ]
SQL: SELECT * FROM `asd_case` WHERE ( caseId =1 ) LIMIT 1   [ RunTime:0.0000s ]
SQL: SELECT * FROM `asd_casearea`  [ RunTime:0.0000s ]
SQL: SELECT * FROM `asd_casetype`  [ RunTime:0.0000s ]
SQL: SELECT * FROM `asd_casesize`  [ RunTime:0.0000s ]
INFO: [ view_parse ] --START--
INFO: [ template_filter ] --START--
INFO: Run Behavior\ContentReplaceBehavior [ RunTime:0.000000s ]
INFO: [ template_filter ] --END-- [ RunTime:0.000000s ]
NOTIC: [8] Undefined index: caseInfo D:\phpStudy\WWW\asd\Application\Runtime\Cache\Aoshadeadmin\189600bfe51c310a93f650b2ad352477.php 第 21 行.
NOTIC: [8] Undefined index: caseInfo D:\phpStudy\WWW\asd\Application\Runtime\Cache\Aoshadeadmin\189600bfe51c310a93f650b2ad352477.php 第 24 行.
NOTIC: [8] Undefined index: caseInfo D:\phpStudy\WWW\asd\Application\Runtime\Cache\Aoshadeadmin\189600bfe51c310a93f650b2ad352477.php 第 33 行.
NOTIC: [8] Undefined index: caseInfo D:\phpStudy\WWW\asd\Application\Runtime\Cache\Aoshadeadmin\189600bfe51c310a93f650b2ad352477.php 第 101 行.
NOTIC: [8] Undefined index: caseInfo D:\phpStudy\WWW\asd\Application\Runtime\Cache\Aoshadeadmin\189600bfe51c310a93f650b2ad352477.php 第 110 行.
INFO: Run Behavior\ParseTemplateBehavior [ RunTime:0.009000s ]
INFO: [ view_parse ] --END-- [ RunTime:0.009000s ]
INFO: [ view_filter ] --START--
INFO: Run Behavior\WriteHtmlCacheBehavior [ RunTime:0.000000s ]
INFO: [ view_filter ] --END-- [ RunTime:0.000000s ]
INFO: [ app_end ] --START--
INFO: Run Behavior\ShowPageTraceBehavior [ RunTime:0.001000s ]
INFO: [ app_end ] --END-- [ RunTime:0.001000s ]

[ 2017-05-23T08:05:12+08:00 ] 127.0.0.1 /Aoshadeadmin/Index/caseDetail/caseId/1
INFO: [ app_init ] --START--
INFO: Run Behavior\BuildLiteBehavior [ RunTime:0.000000s ]
INFO: [ app_init ] --END-- [ RunTime:0.001000s ]
INFO: [ app_begin ] --START--
INFO: Run Behavior\ReadHtmlCacheBehavior [ RunTime:0.000000s ]
INFO: [ app_begin ] --END-- [ RunTime:0.001000s ]
SQL: SHOW COLUMNS FROM `asd_case` [ RunTime:0.0050s ]
SQL: SHOW COLUMNS FROM `asd_case` [ RunTime:0.0050s ]
SQL: SHOW COLUMNS FROM `asd_casearea` [ RunTime:0.0050s ]
SQL: SHOW COLUMNS FROM `asd_casetype` [ RunTime:0.0050s ]
SQL: SHOW COLUMNS FROM `asd_casesize` [ RunTime:0.0040s ]
SQL: SELECT * FROM `asd_case` WHERE ( caseId =1 ) LIMIT 1   [ RunTime:0.0000s ]
SQL: SELECT * FROM `asd_casearea`  [ RunTime:0.0000s ]
SQL: SELECT * FROM `asd_casetype`  [ RunTime:0.0000s ]
SQL: SELECT * FROM `asd_casesize`  [ RunTime:0.0000s ]
INFO: [ view_parse ] --START--
INFO: [ template_filter ] --START--
INFO: Run Behavior\ContentReplaceBehavior [ RunTime:0.000000s ]
INFO: [ template_filter ] --END-- [ RunTime:0.000000s ]
NOTIC: [8] Undefined index: caseInfo D:\phpStudy\WWW\asd\Application\Runtime\Cache\Aoshadeadmin\189600bfe51c310a93f650b2ad352477.php 第 21 行.
NOTIC: [8] Undefined index: caseInfo D:\phpStudy\WWW\asd\Application\Runtime\Cache\Aoshadeadmin\189600bfe51c310a93f650b2ad352477.php 第 24 行.
NOTIC: [8] Undefined index: caseInfo D:\phpStudy\WWW\asd\Application\Runtime\Cache\Aoshadeadmin\189600bfe51c310a93f650b2ad352477.php 第 33 行.
NOTIC: [8] Undefined index: caseInfo D:\phpStudy\WWW\asd\Application\Runtime\Cache\Aoshadeadmin\189600bfe51c310a93f650b2ad352477.php 第 101 行.
NOTIC: [8] Undefined index: caseInfo D:\phpStudy\WWW\asd\Application\Runtime\Cache\Aoshadeadmin\189600bfe51c310a93f650b2ad352477.php 第 110 行.
INFO: Run Behavior\ParseTemplateBehavior [ RunTime:0.012000s ]
INFO: [ view_parse ] --END-- [ RunTime:0.012000s ]
INFO: [ view_filter ] --START--
INFO: Run Behavior\WriteHtmlCacheBehavior [ RunTime:0.000000s ]
INFO: [ view_filter ] --END-- [ RunTime:0.000000s ]
INFO: [ app_end ] --START--
INFO: Run Behavior\ShowPageTraceBehavior [ RunTime:0.001000s ]
INFO: [ app_end ] --END-- [ RunTime:0.001000s ]

[ 2017-05-23T08:05:30+08:00 ] 127.0.0.1 /Aoshadeadmin/Index/caseDetail/caseId/1
INFO: [ app_init ] --START--
INFO: Run Behavior\BuildLiteBehavior [ RunTime:0.000000s ]
INFO: [ app_init ] --END-- [ RunTime:0.001000s ]
INFO: [ app_begin ] --START--
INFO: Run Behavior\ReadHtmlCacheBehavior [ RunTime:0.001000s ]
INFO: [ app_begin ] --END-- [ RunTime:0.001000s ]
SQL: SHOW COLUMNS FROM `asd_case` [ RunTime:0.0040s ]
SQL: SHOW COLUMNS FROM `asd_case` [ RunTime:0.0050s ]
SQL: SHOW COLUMNS FROM `asd_casearea` [ RunTime:0.0050s ]
SQL: SHOW COLUMNS FROM `asd_casetype` [ RunTime:0.0040s ]
SQL: SHOW COLUMNS FROM `asd_casesize` [ RunTime:0.0050s ]
SQL: SELECT * FROM `asd_case` WHERE ( caseId =1 ) LIMIT 1   [ RunTime:0.0010s ]
SQL: SELECT * FROM `asd_casearea`  [ RunTime:0.0000s ]
SQL: SELECT * FROM `asd_casetype`  [ RunTime:0.0000s ]
SQL: SELECT * FROM `asd_casesize`  [ RunTime:0.0000s ]
INFO: [ view_parse ] --START--
INFO: [ template_filter ] --START--
INFO: Run Behavior\ContentReplaceBehavior [ RunTime:0.000000s ]
INFO: [ template_filter ] --END-- [ RunTime:0.000000s ]
INFO: Run Behavior\ParseTemplateBehavior [ RunTime:0.009000s ]
INFO: [ view_parse ] --END-- [ RunTime:0.009000s ]
INFO: [ view_filter ] --START--
INFO: Run Behavior\WriteHtmlCacheBehavior [ RunTime:0.000000s ]
INFO: [ view_filter ] --END-- [ RunTime:0.000000s ]
INFO: [ app_end ] --START--
INFO: Run Behavior\ShowPageTraceBehavior [ RunTime:0.000000s ]
INFO: [ app_end ] --END-- [ RunTime:0.001000s ]

[ 2017-05-23T08:05:48+08:00 ] 127.0.0.1 /Aoshadeadmin/Index/caseDetail/caseId/1
INFO: [ app_init ] --START--
INFO: Run Behavior\BuildLiteBehavior [ RunTime:0.000000s ]
INFO: [ app_init ] --END-- [ RunTime:0.000000s ]
INFO: [ app_begin ] --START--
INFO: Run Behavior\ReadHtmlCacheBehavior [ RunTime:0.001000s ]
INFO: [ app_begin ] --END-- [ RunTime:0.001000s ]
SQL: SHOW COLUMNS FROM `asd_case` [ RunTime:0.0040s ]
SQL: SHOW COLUMNS FROM `asd_case` [ RunTime:0.0040s ]
SQL: SHOW COLUMNS FROM `asd_casearea` [ RunTime:0.0040s ]
SQL: SHOW COLUMNS FROM `asd_casetype` [ RunTime:0.0040s ]
SQL: SHOW COLUMNS FROM `asd_casesize` [ RunTime:0.0040s ]
SQL: SELECT * FROM `asd_case` WHERE ( caseId =1 ) LIMIT 1   [ RunTime:0.0000s ]
SQL: SELECT * FROM `asd_casearea`  [ RunTime:0.0010s ]
SQL: SELECT * FROM `asd_casetype`  [ RunTime:0.0000s ]
SQL: SELECT * FROM `asd_casesize`  [ RunTime:0.0000s ]
INFO: [ view_parse ] --START--
INFO: [ template_filter ] --START--
INFO: Run Behavior\ContentReplaceBehavior [ RunTime:0.000000s ]
INFO: [ template_filter ] --END-- [ RunTime:0.000000s ]
INFO: Run Behavior\ParseTemplateBehavior [ RunTime:0.010000s ]
INFO: [ view_parse ] --END-- [ RunTime:0.010000s ]
INFO: [ view_filter ] --START--
INFO: Run Behavior\WriteHtmlCacheBehavior [ RunTime:0.000000s ]
INFO: [ view_filter ] --END-- [ RunTime:0.000000s ]
INFO: [ app_end ] --START--
INFO: Run Behavior\ShowPageTraceBehavior [ RunTime:0.001000s ]
INFO: [ app_end ] --END-- [ RunTime:0.001000s ]

[ 2017-05-23T08:07:51+08:00 ] 127.0.0.1 /Aoshadeadmin/Index/caseDetail/caseId/1
INFO: [ app_init ] --START--
INFO: Run Behavior\BuildLiteBehavior [ RunTime:0.000000s ]
INFO: [ app_init ] --END-- [ RunTime:0.001000s ]
INFO: [ app_begin ] --START--
INFO: Run Behavior\ReadHtmlCacheBehavior [ RunTime:0.001000s ]
INFO: [ app_begin ] --END-- [ RunTime:0.001000s ]
SQL: SHOW COLUMNS FROM `asd_case` [ RunTime:0.0050s ]
SQL: SHOW COLUMNS FROM `asd_case` [ RunTime:0.0050s ]
SQL: SHOW COLUMNS FROM `asd_casearea` [ RunTime:0.0040s ]
SQL: SHOW COLUMNS FROM `asd_casetype` [ RunTime:0.0050s ]
SQL: SHOW COLUMNS FROM `asd_casesize` [ RunTime:0.0040s ]
SQL: SELECT * FROM `asd_case` WHERE ( caseId =1 ) LIMIT 1   [ RunTime:0.0000s ]
SQL: SELECT * FROM `asd_casearea`  [ RunTime:0.0010s ]
SQL: SELECT * FROM `asd_casetype`  [ RunTime:0.0000s ]
SQL: SELECT * FROM `asd_casesize`  [ RunTime:0.0000s ]
INFO: [ view_parse ] --START--
INFO: [ template_filter ] --START--
INFO: Run Behavior\ContentReplaceBehavior [ RunTime:0.000000s ]
INFO: [ template_filter ] --END-- [ RunTime:0.000000s ]

[ 2017-05-23T08:07:52+08:00 ] 127.0.0.1 /Aoshadeadmin/Index/caseDetail/caseId/1
INFO: [ app_init ] --START--
INFO: Run Behavior\BuildLiteBehavior [ RunTime:0.000000s ]
INFO: [ app_init ] --END-- [ RunTime:0.001000s ]
INFO: [ app_begin ] --START--
INFO: Run Behavior\ReadHtmlCacheBehavior [ RunTime:0.001000s ]
INFO: [ app_begin ] --END-- [ RunTime:0.001000s ]
SQL: SHOW COLUMNS FROM `asd_case` [ RunTime:0.0040s ]
SQL: SHOW COLUMNS FROM `asd_case` [ RunTime:0.0040s ]
SQL: SHOW COLUMNS FROM `asd_casearea` [ RunTime:0.0050s ]
SQL: SHOW COLUMNS FROM `asd_casetype` [ RunTime:0.0040s ]
SQL: SHOW COLUMNS FROM `asd_casesize` [ RunTime:0.0040s ]
SQL: SELECT * FROM `asd_case` WHERE ( caseId =1 ) LIMIT 1   [ RunTime:0.0000s ]
SQL: SELECT * FROM `asd_casearea`  [ RunTime:0.0000s ]
SQL: SELECT * FROM `asd_casetype`  [ RunTime:0.0010s ]
SQL: SELECT * FROM `asd_casesize`  [ RunTime:0.0000s ]
INFO: [ view_parse ] --START--
INFO: [ template_filter ] --START--
INFO: Run Behavior\ContentReplaceBehavior [ RunTime:0.001000s ]
INFO: [ template_filter ] --END-- [ RunTime:0.001000s ]

[ 2017-05-23T08:07:58+08:00 ] 127.0.0.1 /Aoshadeadmin/Index/caseDetail/caseId/1
INFO: [ app_init ] --START--
INFO: Run Behavior\BuildLiteBehavior [ RunTime:0.000000s ]
INFO: [ app_init ] --END-- [ RunTime:0.000000s ]
INFO: [ app_begin ] --START--
INFO: Run Behavior\ReadHtmlCacheBehavior [ RunTime:0.001000s ]
INFO: [ app_begin ] --END-- [ RunTime:0.001000s ]
SQL: SHOW COLUMNS FROM `asd_case` [ RunTime:0.0050s ]
SQL: SHOW COLUMNS FROM `asd_case` [ RunTime:0.0040s ]
SQL: SHOW COLUMNS FROM `asd_casearea` [ RunTime:0.0050s ]
SQL: SHOW COLUMNS FROM `asd_casetype` [ RunTime:0.0040s ]
SQL: SHOW COLUMNS FROM `asd_casesize` [ RunTime:0.0040s ]
SQL: SELECT * FROM `asd_case` WHERE ( caseId =1 ) LIMIT 1   [ RunTime:0.0010s ]
SQL: SELECT * FROM `asd_casearea`  [ RunTime:0.0000s ]
SQL: SELECT * FROM `asd_casetype`  [ RunTime:0.0000s ]
SQL: SELECT * FROM `asd_casesize`  [ RunTime:0.0000s ]
INFO: [ view_parse ] --START--
INFO: [ template_filter ] --START--
INFO: Run Behavior\ContentReplaceBehavior [ RunTime:0.000000s ]
INFO: [ template_filter ] --END-- [ RunTime:0.000000s ]
INFO: Run Behavior\ParseTemplateBehavior [ RunTime:0.011000s ]
INFO: [ view_parse ] --END-- [ RunTime:0.011000s ]
INFO: [ view_filter ] --START--
INFO: Run Behavior\WriteHtmlCacheBehavior [ RunTime:0.001000s ]
INFO: [ view_filter ] --END-- [ RunTime:0.001000s ]
INFO: [ app_end ] --START--
INFO: Run Behavior\ShowPageTraceBehavior [ RunTime:0.001000s ]
INFO: [ app_end ] --END-- [ RunTime:0.001000s ]

[ 2017-05-23T08:09:35+08:00 ] 127.0.0.1 /Aoshadeadmin/Index/caseDetail/caseId/1
INFO: [ app_init ] --START--
INFO: Run Behavior\BuildLiteBehavior [ RunTime:0.000000s ]
INFO: [ app_init ] --END-- [ RunTime:0.001000s ]
INFO: [ app_begin ] --START--
INFO: Run Behavior\ReadHtmlCacheBehavior [ RunTime:0.000000s ]
INFO: [ app_begin ] --END-- [ RunTime:0.000000s ]
SQL: SHOW COLUMNS FROM `asd_case` [ RunTime:0.0060s ]
SQL: SHOW COLUMNS FROM `asd_case` [ RunTime:0.0050s ]
SQL: SHOW COLUMNS FROM `asd_casearea` [ RunTime:0.0050s ]
SQL: SHOW COLUMNS FROM `asd_casetype` [ RunTime:0.0050s ]
SQL: SHOW COLUMNS FROM `asd_casesize` [ RunTime:0.0050s ]
SQL: SELECT * FROM `asd_case` WHERE ( caseId =1 ) LIMIT 1   [ RunTime:0.0000s ]
SQL: SELECT * FROM `asd_casearea`  [ RunTime:0.0000s ]
SQL: SELECT * FROM `asd_casetype`  [ RunTime:0.0000s ]
SQL: SELECT * FROM `asd_casesize`  [ RunTime:0.0010s ]
INFO: [ view_parse ] --START--
INFO: [ template_filter ] --START--
INFO: Run Behavior\ContentReplaceBehavior [ RunTime:0.000000s ]
INFO: [ template_filter ] --END-- [ RunTime:0.000000s ]
INFO: Run Behavior\ParseTemplateBehavior [ RunTime:0.011000s ]
INFO: [ view_parse ] --END-- [ RunTime:0.011000s ]
INFO: [ view_filter ] --START--
INFO: Run Behavior\WriteHtmlCacheBehavior [ RunTime:0.001000s ]
INFO: [ view_filter ] --END-- [ RunTime:0.001000s ]
INFO: [ app_end ] --START--
INFO: Run Behavior\ShowPageTraceBehavior [ RunTime:0.001000s ]
INFO: [ app_end ] --END-- [ RunTime:0.001000s ]

[ 2017-05-23T08:09:45+08:00 ] 127.0.0.1 /Aoshadeadmin/Index/caseDetail/caseId/1
INFO: [ app_init ] --START--
INFO: Run Behavior\BuildLiteBehavior [ RunTime:0.000000s ]
INFO: [ app_init ] --END-- [ RunTime:0.001000s ]
INFO: [ app_begin ] --START--
INFO: Run Behavior\ReadHtmlCacheBehavior [ RunTime:0.001000s ]
INFO: [ app_begin ] --END-- [ RunTime:0.001000s ]
SQL: SHOW COLUMNS FROM `asd_case` [ RunTime:0.0040s ]
SQL: SHOW COLUMNS FROM `asd_case` [ RunTime:0.0050s ]
SQL: SHOW COLUMNS FROM `asd_casearea` [ RunTime:0.0050s ]
SQL: SHOW COLUMNS FROM `asd_casetype` [ RunTime:0.0040s ]
SQL: SHOW COLUMNS FROM `asd_casesize` [ RunTime:0.0040s ]
SQL: SELECT * FROM `asd_case` WHERE ( caseId =1 ) LIMIT 1   [ RunTime:0.0000s ]
SQL: SELECT * FROM `asd_casearea`  [ RunTime:0.0000s ]
SQL: SELECT * FROM `asd_casetype`  [ RunTime:0.0010s ]
SQL: SELECT * FROM `asd_casesize`  [ RunTime:0.0000s ]
INFO: [ view_parse ] --START--
INFO: [ template_filter ] --START--
INFO: Run Behavior\ContentReplaceBehavior [ RunTime:0.000000s ]
INFO: [ template_filter ] --END-- [ RunTime:0.000000s ]
INFO: Run Behavior\ParseTemplateBehavior [ RunTime:0.011000s ]
INFO: [ view_parse ] --END-- [ RunTime:0.011000s ]
INFO: [ view_filter ] --START--
INFO: Run Behavior\WriteHtmlCacheBehavior [ RunTime:0.000000s ]
INFO: [ view_filter ] --END-- [ RunTime:0.000000s ]
INFO: [ app_end ] --START--
INFO: Run Behavior\ShowPageTraceBehavior [ RunTime:0.001000s ]
INFO: [ app_end ] --END-- [ RunTime:0.001000s ]

[ 2017-05-23T08:09:45+08:00 ] 127.0.0.1 /Aoshadeadmin/Index/caseDetail/caseId/1
INFO: [ app_init ] --START--
INFO: Run Behavior\BuildLiteBehavior [ RunTime:0.000000s ]
INFO: [ app_init ] --END-- [ RunTime:0.000000s ]
INFO: [ app_begin ] --START--
INFO: Run Behavior\ReadHtmlCacheBehavior [ RunTime:0.001000s ]
INFO: [ app_begin ] --END-- [ RunTime:0.001000s ]
SQL: SHOW COLUMNS FROM `asd_case` [ RunTime:0.0040s ]
SQL: SHOW COLUMNS FROM `asd_case` [ RunTime:0.0050s ]
SQL: SHOW COLUMNS FROM `asd_casearea` [ RunTime:0.0040s ]
SQL: SHOW COLUMNS FROM `asd_casetype` [ RunTime:0.0040s ]
SQL: SHOW COLUMNS FROM `asd_casesize` [ RunTime:0.0040s ]
SQL: SELECT * FROM `asd_case` WHERE ( caseId =1 ) LIMIT 1   [ RunTime:0.0000s ]
SQL: SELECT * FROM `asd_casearea`  [ RunTime:0.0010s ]
SQL: SELECT * FROM `asd_casetype`  [ RunTime:0.0000s ]
SQL: SELECT * FROM `asd_casesize`  [ RunTime:0.0000s ]
INFO: [ view_parse ] --START--
INFO: [ template_filter ] --START--
INFO: Run Behavior\ContentReplaceBehavior [ RunTime:0.000000s ]
INFO: [ template_filter ] --END-- [ RunTime:0.000000s ]
INFO: Run Behavior\ParseTemplateBehavior [ RunTime:0.010000s ]
INFO: [ view_parse ] --END-- [ RunTime:0.010000s ]
INFO: [ view_filter ] --START--
INFO: Run Behavior\WriteHtmlCacheBehavior [ RunTime:0.001000s ]
INFO: [ view_filter ] --END-- [ RunTime:0.001000s ]
INFO: [ app_end ] --START--
INFO: Run Behavior\ShowPageTraceBehavior [ RunTime:0.001000s ]
INFO: [ app_end ] --END-- [ RunTime:0.001000s ]

[ 2017-05-23T08:09:56+08:00 ] 127.0.0.1 /Aoshadeadmin/Index/caseDetail/caseId/1
INFO: [ app_init ] --START--
INFO: Run Behavior\BuildLiteBehavior [ RunTime:0.000000s ]
INFO: [ app_init ] --END-- [ RunTime:0.001000s ]
INFO: [ app_begin ] --START--
INFO: Run Behavior\ReadHtmlCacheBehavior [ RunTime:0.000000s ]
INFO: [ app_begin ] --END-- [ RunTime:0.001000s ]
SQL: SHOW COLUMNS FROM `asd_case` [ RunTime:0.0060s ]
SQL: SHOW COLUMNS FROM `asd_case` [ RunTime:0.0060s ]
SQL: SHOW COLUMNS FROM `asd_casearea` [ RunTime:0.0050s ]
SQL: SHOW COLUMNS FROM `asd_casetype` [ RunTime:0.0050s ]
SQL: SHOW COLUMNS FROM `asd_casesize` [ RunTime:0.0050s ]
SQL: SELECT * FROM `asd_case` WHERE ( caseId =1 ) LIMIT 1   [ RunTime:0.0010s ]
SQL: SELECT * FROM `asd_casearea`  [ RunTime:0.0000s ]
SQL: SELECT * FROM `asd_casetype`  [ RunTime:0.0000s ]
SQL: SELECT * FROM `asd_casesize`  [ RunTime:0.0000s ]
INFO: [ view_parse ] --START--
INFO: [ template_filter ] --START--
INFO: Run Behavior\ContentReplaceBehavior [ RunTime:0.000000s ]
INFO: [ template_filter ] --END-- [ RunTime:0.000000s ]
INFO: Run Behavior\ParseTemplateBehavior [ RunTime:0.009000s ]
INFO: [ view_parse ] --END-- [ RunTime:0.009000s ]
INFO: [ view_filter ] --START--
INFO: Run Behavior\WriteHtmlCacheBehavior [ RunTime:0.001000s ]
INFO: [ view_filter ] --END-- [ RunTime:0.001000s ]
INFO: [ app_end ] --START--
INFO: Run Behavior\ShowPageTraceBehavior [ RunTime:0.001000s ]
INFO: [ app_end ] --END-- [ RunTime:0.001000s ]

[ 2017-05-23T08:10:02+08:00 ] 127.0.0.1 /Aoshadeadmin/Index/caseDetail/caseId/1
INFO: [ app_init ] --START--
INFO: Run Behavior\BuildLiteBehavior [ RunTime:0.000000s ]
INFO: [ app_init ] --END-- [ RunTime:0.000000s ]
INFO: [ app_begin ] --START--
INFO: Run Behavior\ReadHtmlCacheBehavior [ RunTime:0.001000s ]
INFO: [ app_begin ] --END-- [ RunTime:0.001000s ]
SQL: SHOW COLUMNS FROM `asd_case` [ RunTime:0.0050s ]
SQL: SHOW COLUMNS FROM `asd_case` [ RunTime:0.0050s ]
SQL: SHOW COLUMNS FROM `asd_casearea` [ RunTime:0.0050s ]
SQL: SHOW COLUMNS FROM `asd_casetype` [ RunTime:0.0040s ]
SQL: SHOW COLUMNS FROM `asd_casesize` [ RunTime:0.0050s ]
SQL: SELECT * FROM `asd_case` WHERE ( caseId =1 ) LIMIT 1   [ RunTime:0.0000s ]
SQL: SELECT * FROM `asd_casearea`  [ RunTime:0.0010s ]
SQL: SELECT * FROM `asd_casetype`  [ RunTime:0.0000s ]
SQL: SELECT * FROM `asd_casesize`  [ RunTime:0.0000s ]
INFO: [ view_parse ] --START--
INFO: [ template_filter ] --START--
INFO: Run Behavior\ContentReplaceBehavior [ RunTime:0.000000s ]
INFO: [ template_filter ] --END-- [ RunTime:0.000000s ]
INFO: Run Behavior\ParseTemplateBehavior [ RunTime:0.011000s ]
INFO: [ view_parse ] --END-- [ RunTime:0.011000s ]
INFO: [ view_filter ] --START--
INFO: Run Behavior\WriteHtmlCacheBehavior [ RunTime:0.001000s ]
INFO: [ view_filter ] --END-- [ RunTime:0.001000s ]
INFO: [ app_end ] --START--
INFO: Run Behavior\ShowPageTraceBehavior [ RunTime:0.001000s ]
INFO: [ app_end ] --END-- [ RunTime:0.001000s ]

[ 2017-05-23T08:10:18+08:00 ] 127.0.0.1 /Aoshadeadmin/Index/caseDetail/caseId/1
INFO: [ app_init ] --START--
INFO: Run Behavior\BuildLiteBehavior [ RunTime:0.000000s ]
INFO: [ app_init ] --END-- [ RunTime:0.000000s ]
INFO: [ app_begin ] --START--
INFO: Run Behavior\ReadHtmlCacheBehavior [ RunTime:0.001000s ]
INFO: [ app_begin ] --END-- [ RunTime:0.001000s ]
SQL: SHOW COLUMNS FROM `asd_case` [ RunTime:0.0050s ]
SQL: SHOW COLUMNS FROM `asd_case` [ RunTime:0.0050s ]
SQL: SHOW COLUMNS FROM `asd_casearea` [ RunTime:0.0040s ]
SQL: SHOW COLUMNS FROM `asd_casetype` [ RunTime:0.0050s ]
SQL: SHOW COLUMNS FROM `asd_casesize` [ RunTime:0.0040s ]
SQL: SELECT * FROM `asd_case` WHERE ( caseId =1 ) LIMIT 1   [ RunTime:0.0000s ]
SQL: SELECT * FROM `asd_casearea`  [ RunTime:0.0000s ]
SQL: SELECT * FROM `asd_casetype`  [ RunTime:0.0010s ]
SQL: SELECT * FROM `asd_casesize`  [ RunTime:0.0000s ]
INFO: [ view_parse ] --START--
INFO: [ template_filter ] --START--
INFO: Run Behavior\ContentReplaceBehavior [ RunTime:0.000000s ]
INFO: [ template_filter ] --END-- [ RunTime:0.000000s ]
INFO: Run Behavior\ParseTemplateBehavior [ RunTime:0.010000s ]
INFO: [ view_parse ] --END-- [ RunTime:0.010000s ]
INFO: [ view_filter ] --START--
INFO: Run Behavior\WriteHtmlCacheBehavior [ RunTime:0.001000s ]
INFO: [ view_filter ] --END-- [ RunTime:0.001000s ]
INFO: [ app_end ] --START--
INFO: Run Behavior\ShowPageTraceBehavior [ RunTime:0.001000s ]
INFO: [ app_end ] --END-- [ RunTime:0.001000s ]

[ 2017-05-23T08:12:22+08:00 ] 127.0.0.1 /Aoshadeadmin/Index/caseDetail/caseId/1
INFO: [ app_init ] --START--
INFO: Run Behavior\BuildLiteBehavior [ RunTime:0.000000s ]
INFO: [ app_init ] --END-- [ RunTime:0.001000s ]
INFO: [ app_begin ] --START--
INFO: Run Behavior\ReadHtmlCacheBehavior [ RunTime:0.001000s ]
INFO: [ app_begin ] --END-- [ RunTime:0.001000s ]
SQL: SHOW COLUMNS FROM `asd_case` [ RunTime:0.0050s ]
SQL: SHOW COLUMNS FROM `asd_case` [ RunTime:0.0050s ]
SQL: SHOW COLUMNS FROM `asd_casearea` [ RunTime:0.0050s ]
SQL: SHOW COLUMNS FROM `asd_casetype` [ RunTime:0.0040s ]
SQL: SHOW COLUMNS FROM `asd_casesize` [ RunTime:0.0060s ]
SQL: SELECT * FROM `asd_case` WHERE ( caseId =1 ) LIMIT 1   [ RunTime:0.0000s ]
SQL: SELECT * FROM `asd_casearea`  [ RunTime:0.0010s ]
SQL: SELECT * FROM `asd_casetype`  [ RunTime:0.0000s ]
SQL: SELECT * FROM `asd_casesize`  [ RunTime:0.0000s ]
INFO: [ view_parse ] --START--
INFO: [ template_filter ] --START--
INFO: Run Behavior\ContentReplaceBehavior [ RunTime:0.000000s ]
INFO: [ template_filter ] --END-- [ RunTime:0.000000s ]
INFO: Run Behavior\ParseTemplateBehavior [ RunTime:0.009000s ]
INFO: [ view_parse ] --END-- [ RunTime:0.010000s ]
INFO: [ view_filter ] --START--
INFO: Run Behavior\WriteHtmlCacheBehavior [ RunTime:0.001000s ]
INFO: [ view_filter ] --END-- [ RunTime:0.001000s ]
INFO: [ app_end ] --START--
INFO: Run Behavior\ShowPageTraceBehavior [ RunTime:0.001000s ]
INFO: [ app_end ] --END-- [ RunTime:0.001000s ]

[ 2017-05-23T08:12:36+08:00 ] 127.0.0.1 /Aoshadeadmin/Index/caseDetail/caseId/1
INFO: [ app_init ] --START--
INFO: Run Behavior\BuildLiteBehavior [ RunTime:0.000000s ]
INFO: [ app_init ] --END-- [ RunTime:0.001000s ]
INFO: [ app_begin ] --START--
INFO: Run Behavior\ReadHtmlCacheBehavior [ RunTime:0.001000s ]
INFO: [ app_begin ] --END-- [ RunTime:0.001000s ]
SQL: SHOW COLUMNS FROM `asd_case` [ RunTime:0.0050s ]
SQL: SHOW COLUMNS FROM `asd_case` [ RunTime:0.0050s ]
SQL: SHOW COLUMNS FROM `asd_casearea` [ RunTime:0.0050s ]
SQL: SHOW COLUMNS FROM `asd_casetype` [ RunTime:0.0050s ]
SQL: SHOW COLUMNS FROM `asd_casesize` [ RunTime:0.0040s ]
SQL: SELECT * FROM `asd_case` WHERE ( caseId =1 ) LIMIT 1   [ RunTime:0.0000s ]
SQL: SELECT * FROM `asd_casearea`  [ RunTime:0.0000s ]
SQL: SELECT * FROM `asd_casetype`  [ RunTime:0.0010s ]
SQL: SELECT * FROM `asd_casesize`  [ RunTime:0.0000s ]
INFO: [ view_parse ] --START--
INFO: [ template_filter ] --START--
INFO: Run Behavior\ContentReplaceBehavior [ RunTime:0.000000s ]
INFO: [ template_filter ] --END-- [ RunTime:0.000000s ]
INFO: Run Behavior\ParseTemplateBehavior [ RunTime:0.010000s ]
INFO: [ view_parse ] --END-- [ RunTime:0.010000s ]
INFO: [ view_filter ] --START--
INFO: Run Behavior\WriteHtmlCacheBehavior [ RunTime:0.000000s ]
INFO: [ view_filter ] --END-- [ RunTime:0.000000s ]
INFO: [ app_end ] --START--
INFO: Run Behavior\ShowPageTraceBehavior [ RunTime:0.000000s ]
INFO: [ app_end ] --END-- [ RunTime:0.000000s ]

[ 2017-05-23T08:12:43+08:00 ] 127.0.0.1 /Aoshadeadmin/Index/caseDetail/caseId/1
INFO: [ app_init ] --START--
INFO: Run Behavior\BuildLiteBehavior [ RunTime:0.000000s ]
INFO: [ app_init ] --END-- [ RunTime:0.001000s ]
INFO: [ app_begin ] --START--
INFO: Run Behavior\ReadHtmlCacheBehavior [ RunTime:0.001000s ]
INFO: [ app_begin ] --END-- [ RunTime:0.001000s ]
SQL: SHOW COLUMNS FROM `asd_case` [ RunTime:0.0040s ]
SQL: SHOW COLUMNS FROM `asd_case` [ RunTime:0.0050s ]
SQL: SHOW COLUMNS FROM `asd_casearea` [ RunTime:0.0050s ]
SQL: SHOW COLUMNS FROM `asd_casetype` [ RunTime:0.0050s ]
SQL: SHOW COLUMNS FROM `asd_casesize` [ RunTime:0.0050s ]
SQL: SELECT * FROM `asd_case` WHERE ( caseId =1 ) LIMIT 1   [ RunTime:0.0000s ]
SQL: SELECT * FROM `asd_casearea`  [ RunTime:0.0000s ]
SQL: SELECT * FROM `asd_casetype`  [ RunTime:0.0010s ]
SQL: SELECT * FROM `asd_casesize`  [ RunTime:0.0000s ]
INFO: [ view_parse ] --START--
INFO: [ template_filter ] --START--
INFO: Run Behavior\ContentReplaceBehavior [ RunTime:0.000000s ]
INFO: [ template_filter ] --END-- [ RunTime:0.000000s ]
INFO: Run Behavior\ParseTemplateBehavior [ RunTime:0.012000s ]
INFO: [ view_parse ] --END-- [ RunTime:0.012000s ]
INFO: [ view_filter ] --START--
INFO: Run Behavior\WriteHtmlCacheBehavior [ RunTime:0.000000s ]
INFO: [ view_filter ] --END-- [ RunTime:0.000000s ]
INFO: [ app_end ] --START--
INFO: Run Behavior\ShowPageTraceBehavior [ RunTime:0.001000s ]
INFO: [ app_end ] --END-- [ RunTime:0.001000s ]

[ 2017-05-23T08:33:00+08:00 ] 127.0.0.1 /Aoshadeadmin/Index/caseDetail/caseId/1
INFO: [ app_init ] --START--
INFO: Run Behavior\BuildLiteBehavior [ RunTime:0.000000s ]
INFO: [ app_init ] --END-- [ RunTime:0.000000s ]
INFO: [ app_begin ] --START--
INFO: Run Behavior\ReadHtmlCacheBehavior [ RunTime:0.000000s ]
INFO: [ app_begin ] --END-- [ RunTime:0.001000s ]
SQL: SHOW COLUMNS FROM `asd_case` [ RunTime:0.0050s ]
SQL: SHOW COLUMNS FROM `asd_case` [ RunTime:0.0040s ]
SQL: SHOW COLUMNS FROM `asd_casearea` [ RunTime:0.0040s ]
SQL: SHOW COLUMNS FROM `asd_casetype` [ RunTime:0.0050s ]
SQL: SHOW COLUMNS FROM `asd_casesize` [ RunTime:0.0040s ]
SQL: SELECT * FROM `asd_case` WHERE ( caseId =1 ) LIMIT 1   [ RunTime:0.0000s ]
SQL: SELECT * FROM `asd_casearea`  [ RunTime:0.0000s ]
SQL: SELECT * FROM `asd_casetype`  [ RunTime:0.0000s ]
SQL: SELECT * FROM `asd_casesize`  [ RunTime:0.0000s ]
INFO: [ view_parse ] --START--
INFO: [ template_filter ] --START--
INFO: Run Behavior\ContentReplaceBehavior [ RunTime:0.000000s ]
INFO: [ template_filter ] --END-- [ RunTime:0.000000s ]
INFO: Run Behavior\ParseTemplateBehavior [ RunTime:0.011000s ]
INFO: [ view_parse ] --END-- [ RunTime:0.011000s ]
INFO: [ view_filter ] --START--
INFO: Run Behavior\WriteHtmlCacheBehavior [ RunTime:0.001000s ]
INFO: [ view_filter ] --END-- [ RunTime:0.001000s ]
INFO: [ app_end ] --START--
INFO: Run Behavior\ShowPageTraceBehavior [ RunTime:0.001000s ]
INFO: [ app_end ] --END-- [ RunTime:0.001000s ]

[ 2017-05-23T08:33:05+08:00 ] 127.0.0.1 /Aoshadeadmin/Index/caseDetail/caseId/1
INFO: [ app_init ] --START--
INFO: Run Behavior\BuildLiteBehavior [ RunTime:0.000000s ]
INFO: [ app_init ] --END-- [ RunTime:0.000000s ]
INFO: [ app_begin ] --START--
INFO: Run Behavior\ReadHtmlCacheBehavior [ RunTime:0.001000s ]
INFO: [ app_begin ] --END-- [ RunTime:0.001000s ]
SQL: SHOW COLUMNS FROM `asd_case` [ RunTime:0.0050s ]
SQL: SHOW COLUMNS FROM `asd_case` [ RunTime:0.0050s ]
SQL: SHOW COLUMNS FROM `asd_casearea` [ RunTime:0.0050s ]
SQL: SHOW COLUMNS FROM `asd_casetype` [ RunTime:0.0050s ]
SQL: SHOW COLUMNS FROM `asd_casesize` [ RunTime:0.0040s ]
SQL: SELECT * FROM `asd_case` WHERE ( caseId =1 ) LIMIT 1   [ RunTime:0.0010s ]
SQL: SELECT * FROM `asd_casearea`  [ RunTime:0.0000s ]
SQL: SELECT * FROM `asd_casetype`  [ RunTime:0.0000s ]
SQL: SELECT * FROM `asd_casesize`  [ RunTime:0.0010s ]
INFO: [ view_parse ] --START--
INFO: [ template_filter ] --START--
INFO: Run Behavior\ContentReplaceBehavior [ RunTime:0.001000s ]
INFO: [ template_filter ] --END-- [ RunTime:0.001000s ]
INFO: Run Behavior\ParseTemplateBehavior [ RunTime:0.010000s ]
INFO: [ view_parse ] --END-- [ RunTime:0.010000s ]
INFO: [ view_filter ] --START--
INFO: Run Behavior\WriteHtmlCacheBehavior [ RunTime:0.001000s ]
INFO: [ view_filter ] --END-- [ RunTime:0.001000s ]
INFO: [ app_end ] --START--
INFO: Run Behavior\ShowPageTraceBehavior [ RunTime:0.001000s ]
INFO: [ app_end ] --END-- [ RunTime:0.001000s ]

[ 2017-05-23T08:33:23+08:00 ] 127.0.0.1 /Aoshadeadmin/Index/caseDetail/caseId/1
INFO: [ app_init ] --START--
INFO: Run Behavior\BuildLiteBehavior [ RunTime:0.000000s ]
INFO: [ app_init ] --END-- [ RunTime:0.001000s ]
INFO: [ app_begin ] --START--
INFO: Run Behavior\ReadHtmlCacheBehavior [ RunTime:0.000000s ]
INFO: [ app_begin ] --END-- [ RunTime:0.000000s ]
SQL: SHOW COLUMNS FROM `asd_case` [ RunTime:0.0050s ]
SQL: SHOW COLUMNS FROM `asd_case` [ RunTime:0.0040s ]
SQL: SHOW COLUMNS FROM `asd_casearea` [ RunTime:0.0040s ]
SQL: SHOW COLUMNS FROM `asd_casetype` [ RunTime:0.0040s ]
SQL: SHOW COLUMNS FROM `asd_casesize` [ RunTime:0.0050s ]
SQL: SELECT * FROM `asd_case` WHERE ( caseId =1 ) LIMIT 1   [ RunTime:0.0000s ]
SQL: SELECT * FROM `asd_casearea`  [ RunTime:0.0010s ]
SQL: SELECT * FROM `asd_casetype`  [ RunTime:0.0000s ]
SQL: SELECT * FROM `asd_casesize`  [ RunTime:0.0000s ]
INFO: [ view_parse ] --START--
INFO: [ template_filter ] --START--
INFO: Run Behavior\ContentReplaceBehavior [ RunTime:0.001000s ]
INFO: [ template_filter ] --END-- [ RunTime:0.001000s ]
INFO: Run Behavior\ParseTemplateBehavior [ RunTime:0.009000s ]
INFO: [ view_parse ] --END-- [ RunTime:0.010000s ]
INFO: [ view_filter ] --START--
INFO: Run Behavior\WriteHtmlCacheBehavior [ RunTime:0.000000s ]
INFO: [ view_filter ] --END-- [ RunTime:0.000000s ]
INFO: [ app_end ] --START--
INFO: Run Behavior\ShowPageTraceBehavior [ RunTime:0.001000s ]
INFO: [ app_end ] --END-- [ RunTime:0.001000s ]

[ 2017-05-23T08:33:24+08:00 ] 127.0.0.1 /Aoshadeadmin/Index/caseDetail/caseId/1
INFO: [ app_init ] --START--
INFO: Run Behavior\BuildLiteBehavior [ RunTime:0.000000s ]
INFO: [ app_init ] --END-- [ RunTime:0.001000s ]
INFO: [ app_begin ] --START--
INFO: Run Behavior\ReadHtmlCacheBehavior [ RunTime:0.001000s ]
INFO: [ app_begin ] --END-- [ RunTime:0.001000s ]
SQL: SHOW COLUMNS FROM `asd_case` [ RunTime:0.0050s ]
SQL: SHOW COLUMNS FROM `asd_case` [ RunTime:0.0040s ]
SQL: SHOW COLUMNS FROM `asd_casearea` [ RunTime:0.0040s ]
SQL: SHOW COLUMNS FROM `asd_casetype` [ RunTime:0.0050s ]
SQL: SHOW COLUMNS FROM `asd_casesize` [ RunTime:0.0050s ]
SQL: SELECT * FROM `asd_case` WHERE ( caseId =1 ) LIMIT 1   [ RunTime:0.0000s ]
SQL: SELECT * FROM `asd_casearea`  [ RunTime:0.0010s ]
SQL: SELECT * FROM `asd_casetype`  [ RunTime:0.0000s ]
SQL: SELECT * FROM `asd_casesize`  [ RunTime:0.0010s ]
INFO: [ view_parse ] --START--
INFO: [ template_filter ] --START--
INFO: Run Behavior\ContentReplaceBehavior [ RunTime:0.000000s ]
INFO: [ template_filter ] --END-- [ RunTime:0.000000s ]
INFO: Run Behavior\ParseTemplateBehavior [ RunTime:0.038000s ]
INFO: [ view_parse ] --END-- [ RunTime:0.038000s ]
INFO: [ view_filter ] --START--
INFO: Run Behavior\WriteHtmlCacheBehavior [ RunTime:0.001000s ]
INFO: [ view_filter ] --END-- [ RunTime:0.001000s ]
INFO: [ app_end ] --START--
INFO: Run Behavior\ShowPageTraceBehavior [ RunTime:0.001000s ]
INFO: [ app_end ] --END-- [ RunTime:0.001000s ]

[ 2017-05-23T08:33:25+08:00 ] 127.0.0.1 /Aoshadeadmin/Index/caseDetail/caseId/1
INFO: [ app_init ] --START--
INFO: Run Behavior\BuildLiteBehavior [ RunTime:0.000000s ]
INFO: [ app_init ] --END-- [ RunTime:0.000000s ]
INFO: [ app_begin ] --START--
INFO: Run Behavior\ReadHtmlCacheBehavior [ RunTime:0.000000s ]
INFO: [ app_begin ] --END-- [ RunTime:0.000000s ]
SQL: SHOW COLUMNS FROM `asd_case` [ RunTime:0.0040s ]
SQL: SHOW COLUMNS FROM `asd_case` [ RunTime:0.0040s ]
SQL: SHOW COLUMNS FROM `asd_casearea` [ RunTime:0.0040s ]
SQL: SHOW COLUMNS FROM `asd_casetype` [ RunTime:0.0040s ]
SQL: SHOW COLUMNS FROM `asd_casesize` [ RunTime:0.0040s ]
SQL: SELECT * FROM `asd_case` WHERE ( caseId =1 ) LIMIT 1   [ RunTime:0.0010s ]
SQL: SELECT * FROM `asd_casearea`  [ RunTime:0.0000s ]
SQL: SELECT * FROM `asd_casetype`  [ RunTime:0.0010s ]
SQL: SELECT * FROM `asd_casesize`  [ RunTime:0.0000s ]
INFO: [ view_parse ] --START--
INFO: [ template_filter ] --START--
INFO: Run Behavior\ContentReplaceBehavior [ RunTime:0.000000s ]
INFO: [ template_filter ] --END-- [ RunTime:0.000000s ]
INFO: Run Behavior\ParseTemplateBehavior [ RunTime:0.011000s ]
INFO: [ view_parse ] --END-- [ RunTime:0.011000s ]
INFO: [ view_filter ] --START--
INFO: Run Behavior\WriteHtmlCacheBehavior [ RunTime:0.001000s ]
INFO: [ view_filter ] --END-- [ RunTime:0.001000s ]
INFO: [ app_end ] --START--
INFO: Run Behavior\ShowPageTraceBehavior [ RunTime:0.001000s ]
INFO: [ app_end ] --END-- [ RunTime:0.001000s ]

[ 2017-05-23T08:33:37+08:00 ] 127.0.0.1 /Aoshadeadmin/Upimg/img1
INFO: [ app_init ] --START--
INFO: Run Behavior\BuildLiteBehavior [ RunTime:0.000000s ]
INFO: [ app_init ] --END-- [ RunTime:0.000000s ]
INFO: [ app_begin ] --START--
INFO: Run Behavior\ReadHtmlCacheBehavior [ RunTime:0.001000s ]
INFO: [ app_begin ] --END-- [ RunTime:0.001000s ]
ERR: 无法加载控制器:Upimg

[ 2017-05-23T08:34:02+08:00 ] 127.0.0.1 /Aoshadeadmin/Upimg/img1
INFO: [ app_init ] --START--
INFO: Run Behavior\BuildLiteBehavior [ RunTime:0.000000s ]
INFO: [ app_init ] --END-- [ RunTime:0.000000s ]
INFO: [ app_begin ] --START--
INFO: Run Behavior\ReadHtmlCacheBehavior [ RunTime:0.001000s ]
INFO: [ app_begin ] --END-- [ RunTime:0.001000s ]
INFO: [ view_parse ] --START--
INFO: [ template_filter ] --START--
INFO: Run Behavior\ContentReplaceBehavior [ RunTime:0.000000s ]
INFO: [ template_filter ] --END-- [ RunTime:0.000000s ]
NOTIC: [8] Undefined variable: info D:\phpStudy\WWW\asd\Application\Runtime\Cache\Aoshadeadmin\a68e7772441391ce91df7db6d2c66be6.php 第 21 行.
INFO: Run Behavior\ParseTemplateBehavior [ RunTime:0.008000s ]
INFO: [ view_parse ] --END-- [ RunTime:0.008000s ]
INFO: [ view_filter ] --START--
INFO: Run Behavior\WriteHtmlCacheBehavior [ RunTime:0.000000s ]
INFO: [ view_filter ] --END-- [ RunTime:0.000000s ]
INFO: [ app_end ] --START--
INFO: Run Behavior\ShowPageTraceBehavior [ RunTime:0.001000s ]
INFO: [ app_end ] --END-- [ RunTime:0.001000s ]

[ 2017-05-23T08:34:04+08:00 ] 127.0.0.1 /Aoshadeadmin/Index/caseDetail/caseId/1
INFO: [ app_init ] --START--
INFO: Run Behavior\BuildLiteBehavior [ RunTime:0.000000s ]
INFO: [ app_init ] --END-- [ RunTime:0.000000s ]
INFO: [ app_begin ] --START--
INFO: Run Behavior\ReadHtmlCacheBehavior [ RunTime:0.000000s ]
INFO: [ app_begin ] --END-- [ RunTime:0.000000s ]
SQL: SHOW COLUMNS FROM `asd_case` [ RunTime:0.0050s ]
SQL: SHOW COLUMNS FROM `asd_case` [ RunTime:0.0040s ]
SQL: SHOW COLUMNS FROM `asd_casearea` [ RunTime:0.0040s ]
SQL: SHOW COLUMNS FROM `asd_casetype` [ RunTime:0.0050s ]
SQL: SHOW COLUMNS FROM `asd_casesize` [ RunTime:0.0050s ]
SQL: SELECT * FROM `asd_case` WHERE ( caseId =1 ) LIMIT 1   [ RunTime:0.0010s ]
SQL: SELECT * FROM `asd_casearea`  [ RunTime:0.0000s ]
SQL: SELECT * FROM `asd_casetype`  [ RunTime:0.0000s ]
SQL: SELECT * FROM `asd_casesize`  [ RunTime:0.0000s ]
INFO: [ view_parse ] --START--
INFO: [ template_filter ] --START--
INFO: Run Behavior\ContentReplaceBehavior [ RunTime:0.000000s ]
INFO: [ template_filter ] --END-- [ RunTime:0.000000s ]
INFO: Run Behavior\ParseTemplateBehavior [ RunTime:0.011000s ]
INFO: [ view_parse ] --END-- [ RunTime:0.011000s ]
INFO: [ view_filter ] --START--
INFO: Run Behavior\WriteHtmlCacheBehavior [ RunTime:0.000000s ]
INFO: [ view_filter ] --END-- [ RunTime:0.000000s ]
INFO: [ app_end ] --START--
INFO: Run Behavior\ShowPageTraceBehavior [ RunTime:0.001000s ]
INFO: [ app_end ] --END-- [ RunTime:0.001000s ]

[ 2017-05-23T08:34:27+08:00 ] 127.0.0.1 /Aoshadeadmin/Index/caseDetail/caseId/1
INFO: [ app_init ] --START--
INFO: Run Behavior\BuildLiteBehavior [ RunTime:0.000000s ]
INFO: [ app_init ] --END-- [ RunTime:0.001000s ]
INFO: [ app_begin ] --START--
INFO: Run Behavior\ReadHtmlCacheBehavior [ RunTime:0.001000s ]
INFO: [ app_begin ] --END-- [ RunTime:0.001000s ]
SQL: SHOW COLUMNS FROM `asd_case` [ RunTime:0.0040s ]
SQL: SHOW COLUMNS FROM `asd_case` [ RunTime:0.0040s ]
SQL: SHOW COLUMNS FROM `asd_casearea` [ RunTime:0.0040s ]
SQL: SHOW COLUMNS FROM `asd_casetype` [ RunTime:0.0040s ]
SQL: SHOW COLUMNS FROM `asd_casesize` [ RunTime:0.0040s ]
SQL: SELECT * FROM `asd_case` WHERE ( caseId =1 ) LIMIT 1   [ RunTime:0.0000s ]
SQL: SELECT * FROM `asd_casearea`  [ RunTime:0.0010s ]
SQL: SELECT * FROM `asd_casetype`  [ RunTime:0.0000s ]
SQL: SELECT * FROM `asd_casesize`  [ RunTime:0.0000s ]
INFO: [ view_parse ] --START--
INFO: [ template_filter ] --START--
INFO: Run Behavior\ContentReplaceBehavior [ RunTime:0.000000s ]
INFO: [ template_filter ] --END-- [ RunTime:0.000000s ]
INFO: Run Behavior\ParseTemplateBehavior [ RunTime:0.011000s ]
INFO: [ view_parse ] --END-- [ RunTime:0.011000s ]
INFO: [ view_filter ] --START--
INFO: Run Behavior\WriteHtmlCacheBehavior [ RunTime:0.000000s ]
INFO: [ view_filter ] --END-- [ RunTime:0.000000s ]
INFO: [ app_end ] --START--
INFO: Run Behavior\ShowPageTraceBehavior [ RunTime:0.000000s ]
INFO: [ app_end ] --END-- [ RunTime:0.000000s ]

[ 2017-05-23T08:34:27+08:00 ] 127.0.0.1 /Aoshadeadmin/Upimg/img1
INFO: [ app_init ] --START--
INFO: Run Behavior\BuildLiteBehavior [ RunTime:0.000000s ]
INFO: [ app_init ] --END-- [ RunTime:0.001000s ]
INFO: [ app_begin ] --START--
INFO: Run Behavior\ReadHtmlCacheBehavior [ RunTime:0.001000s ]
INFO: [ app_begin ] --END-- [ RunTime:0.001000s ]
INFO: [ view_parse ] --START--
INFO: [ template_filter ] --START--
INFO: Run Behavior\ContentReplaceBehavior [ RunTime:0.000000s ]
INFO: [ template_filter ] --END-- [ RunTime:0.000000s ]
NOTIC: [8] Undefined variable: info D:\phpStudy\WWW\asd\Application\Runtime\Cache\Aoshadeadmin\a68e7772441391ce91df7db6d2c66be6.php 第 21 行.
INFO: Run Behavior\ParseTemplateBehavior [ RunTime:0.016000s ]
INFO: [ view_parse ] --END-- [ RunTime:0.016000s ]
INFO: [ view_filter ] --START--
INFO: Run Behavior\WriteHtmlCacheBehavior [ RunTime:0.001000s ]
INFO: [ view_filter ] --END-- [ RunTime:0.001000s ]
INFO: [ app_end ] --START--
INFO: Run Behavior\ShowPageTraceBehavior [ RunTime:0.000000s ]
INFO: [ app_end ] --END-- [ RunTime:0.000000s ]

[ 2017-05-23T08:35:32+08:00 ] 127.0.0.1 /Aoshadeadmin/Index/caseDetail/caseId/1
INFO: [ app_init ] --START--
INFO: Run Behavior\BuildLiteBehavior [ RunTime:0.000000s ]
INFO: [ app_init ] --END-- [ RunTime:0.001000s ]
INFO: [ app_begin ] --START--
INFO: Run Behavior\ReadHtmlCacheBehavior [ RunTime:0.001000s ]
INFO: [ app_begin ] --END-- [ RunTime:0.001000s ]
SQL: SHOW COLUMNS FROM `asd_case` [ RunTime:0.0050s ]
SQL: SHOW COLUMNS FROM `asd_case` [ RunTime:0.0050s ]
SQL: SHOW COLUMNS FROM `asd_casearea` [ RunTime:0.0050s ]
SQL: SHOW COLUMNS FROM `asd_casetype` [ RunTime:0.0040s ]
SQL: SHOW COLUMNS FROM `asd_casesize` [ RunTime:0.0050s ]
SQL: SELECT * FROM `asd_case` WHERE ( caseId =1 ) LIMIT 1   [ RunTime:0.0000s ]
SQL: SELECT * FROM `asd_casearea`  [ RunTime:0.0010s ]
SQL: SELECT * FROM `asd_casetype`  [ RunTime:0.0000s ]
SQL: SELECT * FROM `asd_casesize`  [ RunTime:0.0010s ]
INFO: [ view_parse ] --START--
INFO: [ template_filter ] --START--
INFO: Run Behavior\ContentReplaceBehavior [ RunTime:0.000000s ]
INFO: [ template_filter ] --END-- [ RunTime:0.000000s ]
INFO: Run Behavior\ParseTemplateBehavior [ RunTime:0.012000s ]
INFO: [ view_parse ] --END-- [ RunTime:0.012000s ]
INFO: [ view_filter ] --START--
INFO: Run Behavior\WriteHtmlCacheBehavior [ RunTime:0.000000s ]
INFO: [ view_filter ] --END-- [ RunTime:0.000000s ]
INFO: [ app_end ] --START--
INFO: Run Behavior\ShowPageTraceBehavior [ RunTime:0.001000s ]
INFO: [ app_end ] --END-- [ RunTime:0.001000s ]

[ 2017-05-23T08:35:32+08:00 ] 127.0.0.1 /Aoshadeadmin/Upimg/img1
INFO: [ app_init ] --START--
INFO: Run Behavior\BuildLiteBehavior [ RunTime:0.000000s ]
INFO: [ app_init ] --END-- [ RunTime:0.000000s ]
INFO: [ app_begin ] --START--
INFO: Run Behavior\ReadHtmlCacheBehavior [ RunTime:0.001000s ]
INFO: [ app_begin ] --END-- [ RunTime:0.001000s ]
INFO: [ view_parse ] --START--
INFO: [ template_filter ] --START--
INFO: Run Behavior\ContentReplaceBehavior [ RunTime:0.000000s ]
INFO: [ template_filter ] --END-- [ RunTime:0.000000s ]
NOTIC: [8] Undefined variable: info D:\phpStudy\WWW\asd\Application\Runtime\Cache\Aoshadeadmin\a68e7772441391ce91df7db6d2c66be6.php 第 21 行.
INFO: Run Behavior\ParseTemplateBehavior [ RunTime:0.016000s ]
INFO: [ view_parse ] --END-- [ RunTime:0.016000s ]
INFO: [ view_filter ] --START--
INFO: Run Behavior\WriteHtmlCacheBehavior [ RunTime:0.001000s ]
INFO: [ view_filter ] --END-- [ RunTime:0.001000s ]
INFO: [ app_end ] --START--
INFO: Run Behavior\ShowPageTraceBehavior [ RunTime:0.001000s ]
INFO: [ app_end ] --END-- [ RunTime:0.001000s ]

[ 2017-05-23T08:35:32+08:00 ] 127.0.0.1 /Aoshadeadmin/Upimg/img1
INFO: [ app_init ] --START--
INFO: Run Behavior\BuildLiteBehavior [ RunTime:0.000000s ]
INFO: [ app_init ] --END-- [ RunTime:0.001000s ]
INFO: [ app_begin ] --START--
INFO: Run Behavior\ReadHtmlCacheBehavior [ RunTime:0.000000s ]
INFO: [ app_begin ] --END-- [ RunTime:0.000000s ]
INFO: [ view_parse ] --START--
INFO: [ template_filter ] --START--
INFO: Run Behavior\ContentReplaceBehavior [ RunTime:0.000000s ]
INFO: [ template_filter ] --END-- [ RunTime:0.000000s ]
NOTIC: [8] Undefined variable: info D:\phpStudy\WWW\asd\Application\Runtime\Cache\Aoshadeadmin\a68e7772441391ce91df7db6d2c66be6.php 第 21 行.
INFO: Run Behavior\ParseTemplateBehavior [ RunTime:0.006000s ]
INFO: [ view_parse ] --END-- [ RunTime:0.006000s ]
INFO: [ view_filter ] --START--
INFO: Run Behavior\WriteHtmlCacheBehavior [ RunTime:0.001000s ]
INFO: [ view_filter ] --END-- [ RunTime:0.001000s ]
INFO: [ app_end ] --START--
INFO: Run Behavior\ShowPageTraceBehavior [ RunTime:0.000000s ]
INFO: [ app_end ] --END-- [ RunTime:0.000000s ]

[ 2017-05-23T08:35:32+08:00 ] 127.0.0.1 /Aoshadeadmin/Upimg/img1
INFO: [ app_init ] --START--
INFO: Run Behavior\BuildLiteBehavior [ RunTime:0.000000s ]
INFO: [ app_init ] --END-- [ RunTime:0.000000s ]
INFO: [ app_begin ] --START--
INFO: Run Behavior\ReadHtmlCacheBehavior [ RunTime:0.001000s ]
INFO: [ app_begin ] --END-- [ RunTime:0.001000s ]
INFO: [ view_parse ] --START--
INFO: [ template_filter ] --START--
INFO: Run Behavior\ContentReplaceBehavior [ RunTime:0.000000s ]
INFO: [ template_filter ] --END-- [ RunTime:0.000000s ]
NOTIC: [8] Undefined variable: info D:\phpStudy\WWW\asd\Application\Runtime\Cache\Aoshadeadmin\a68e7772441391ce91df7db6d2c66be6.php 第 21 行.
INFO: Run Behavior\ParseTemplateBehavior [ RunTime:0.008000s ]
INFO: [ view_parse ] --END-- [ RunTime:0.008000s ]
INFO: [ view_filter ] --START--
INFO: Run Behavior\WriteHtmlCacheBehavior [ RunTime:0.000000s ]
INFO: [ view_filter ] --END-- [ RunTime:0.000000s ]
INFO: [ app_end ] --START--
INFO: Run Behavior\ShowPageTraceBehavior [ RunTime:0.001000s ]
INFO: [ app_end ] --END-- [ RunTime:0.001000s ]

[ 2017-05-23T08:35:32+08:00 ] 127.0.0.1 /Aoshadeadmin/Upimg/img1
INFO: [ app_init ] --START--
INFO: Run Behavior\BuildLiteBehavior [ RunTime:0.000000s ]
INFO: [ app_init ] --END-- [ RunTime:0.000000s ]
INFO: [ app_begin ] --START--
INFO: Run Behavior\ReadHtmlCacheBehavior [ RunTime:0.000000s ]
INFO: [ app_begin ] --END-- [ RunTime:0.000000s ]
INFO: [ view_parse ] --START--
INFO: [ template_filter ] --START--
INFO: Run Behavior\ContentReplaceBehavior [ RunTime:0.000000s ]
INFO: [ template_filter ] --END-- [ RunTime:0.000000s ]
NOTIC: [8] Undefined variable: info D:\phpStudy\WWW\asd\Application\Runtime\Cache\Aoshadeadmin\a68e7772441391ce91df7db6d2c66be6.php 第 21 行.
INFO: Run Behavior\ParseTemplateBehavior [ RunTime:0.006000s ]
INFO: [ view_parse ] --END-- [ RunTime:0.006000s ]
INFO: [ view_filter ] --START--
INFO: Run Behavior\WriteHtmlCacheBehavior [ RunTime:0.000000s ]
INFO: [ view_filter ] --END-- [ RunTime:0.000000s ]
INFO: [ app_end ] --START--
INFO: Run Behavior\ShowPageTraceBehavior [ RunTime:0.000000s ]
INFO: [ app_end ] --END-- [ RunTime:0.000000s ]

[ 2017-05-23T08:35:32+08:00 ] 127.0.0.1 /Aoshadeadmin/Upimg/img1
INFO: [ app_init ] --START--
INFO: Run Behavior\BuildLiteBehavior [ RunTime:0.000000s ]
INFO: [ app_init ] --END-- [ RunTime:0.001000s ]
INFO: [ app_begin ] --START--
INFO: Run Behavior\ReadHtmlCacheBehavior [ RunTime:0.001000s ]
INFO: [ app_begin ] --END-- [ RunTime:0.001000s ]
INFO: [ view_parse ] --START--
INFO: [ template_filter ] --START--
INFO: Run Behavior\ContentReplaceBehavior [ RunTime:0.000000s ]
INFO: [ template_filter ] --END-- [ RunTime:0.000000s ]
NOTIC: [8] Undefined variable: info D:\phpStudy\WWW\asd\Application\Runtime\Cache\Aoshadeadmin\a68e7772441391ce91df7db6d2c66be6.php 第 21 行.
INFO: Run Behavior\ParseTemplateBehavior [ RunTime:0.006000s ]
INFO: [ view_parse ] --END-- [ RunTime:0.006000s ]
INFO: [ view_filter ] --START--
INFO: Run Behavior\WriteHtmlCacheBehavior [ RunTime:0.000000s ]
INFO: [ view_filter ] --END-- [ RunTime:0.000000s ]
INFO: [ app_end ] --START--
INFO: Run Behavior\ShowPageTraceBehavior [ RunTime:0.001000s ]
INFO: [ app_end ] --END-- [ RunTime:0.001000s ]

[ 2017-05-23T08:35:32+08:00 ] 127.0.0.1 /Aoshadeadmin/Upimg/img1
INFO: [ app_init ] --START--
INFO: Run Behavior\BuildLiteBehavior [ RunTime:0.000000s ]
INFO: [ app_init ] --END-- [ RunTime:0.001000s ]
INFO: [ app_begin ] --START--
INFO: Run Behavior\ReadHtmlCacheBehavior [ RunTime:0.001000s ]
INFO: [ app_begin ] --END-- [ RunTime:0.001000s ]
INFO: [ view_parse ] --START--
INFO: [ template_filter ] --START--
INFO: Run Behavior\ContentReplaceBehavior [ RunTime:0.000000s ]
INFO: [ template_filter ] --END-- [ RunTime:0.000000s ]
NOTIC: [8] Undefined variable: info D:\phpStudy\WWW\asd\Application\Runtime\Cache\Aoshadeadmin\a68e7772441391ce91df7db6d2c66be6.php 第 21 行.
INFO: Run Behavior\ParseTemplateBehavior [ RunTime:0.008000s ]
INFO: [ view_parse ] --END-- [ RunTime:0.008000s ]
INFO: [ view_filter ] --START--
INFO: Run Behavior\WriteHtmlCacheBehavior [ RunTime:0.000000s ]
INFO: [ view_filter ] --END-- [ RunTime:0.000000s ]
INFO: [ app_end ] --START--
INFO: Run Behavior\ShowPageTraceBehavior [ RunTime:0.001000s ]
INFO: [ app_end ] --END-- [ RunTime:0.001000s ]

[ 2017-05-23T08:35:32+08:00 ] 127.0.0.1 /Aoshadeadmin/Upimg/img1
INFO: [ app_init ] --START--
INFO: Run Behavior\BuildLiteBehavior [ RunTime:0.000000s ]
INFO: [ app_init ] --END-- [ RunTime:0.000000s ]
INFO: [ app_begin ] --START--
INFO: Run Behavior\ReadHtmlCacheBehavior [ RunTime:0.001000s ]
INFO: [ app_begin ] --END-- [ RunTime:0.001000s ]
INFO: [ view_parse ] --START--
INFO: [ template_filter ] --START--
INFO: Run Behavior\ContentReplaceBehavior [ RunTime:0.000000s ]
INFO: [ template_filter ] --END-- [ RunTime:0.000000s ]
NOTIC: [8] Undefined variable: info D:\phpStudy\WWW\asd\Application\Runtime\Cache\Aoshadeadmin\a68e7772441391ce91df7db6d2c66be6.php 第 21 行.
INFO: Run Behavior\ParseTemplateBehavior [ RunTime:0.008000s ]
INFO: [ view_parse ] --END-- [ RunTime:0.008000s ]
INFO: [ view_filter ] --START--
INFO: Run Behavior\WriteHtmlCacheBehavior [ RunTime:0.000000s ]
INFO: [ view_filter ] --END-- [ RunTime:0.000000s ]
INFO: [ app_end ] --START--
INFO: Run Behavior\ShowPageTraceBehavior [ RunTime:0.001000s ]
INFO: [ app_end ] --END-- [ RunTime:0.001000s ]

[ 2017-05-23T08:35:32+08:00 ] 127.0.0.1 /Aoshadeadmin/Upimg/img1
INFO: [ app_init ] --START--
INFO: Run Behavior\BuildLiteBehavior [ RunTime:0.000000s ]
INFO: [ app_init ] --END-- [ RunTime:0.001000s ]
INFO: [ app_begin ] --START--
INFO: Run Behavior\ReadHtmlCacheBehavior [ RunTime:0.001000s ]
INFO: [ app_begin ] --END-- [ RunTime:0.001000s ]
INFO: [ view_parse ] --START--
INFO: [ template_filter ] --START--
INFO: Run Behavior\ContentReplaceBehavior [ RunTime:0.000000s ]
INFO: [ template_filter ] --END-- [ RunTime:0.000000s ]
NOTIC: [8] Undefined variable: info D:\phpStudy\WWW\asd\Application\Runtime\Cache\Aoshadeadmin\a68e7772441391ce91df7db6d2c66be6.php 第 21 行.
INFO: Run Behavior\ParseTemplateBehavior [ RunTime:0.011000s ]
INFO: [ view_parse ] --END-- [ RunTime:0.011000s ]
INFO: [ view_filter ] --START--
INFO: Run Behavior\WriteHtmlCacheBehavior [ RunTime:0.000000s ]
INFO: [ view_filter ] --END-- [ RunTime:0.000000s ]
INFO: [ app_end ] --START--
INFO: Run Behavior\ShowPageTraceBehavior [ RunTime:0.000000s ]
INFO: [ app_end ] --END-- [ RunTime:0.000000s ]

[ 2017-05-23T08:35:33+08:00 ] 127.0.0.1 /Aoshadeadmin/Upimg/img1
INFO: [ app_init ] --START--
INFO: Run Behavior\BuildLiteBehavior [ RunTime:0.000000s ]
INFO: [ app_init ] --END-- [ RunTime:0.001000s ]
INFO: [ app_begin ] --START--
INFO: Run Behavior\ReadHtmlCacheBehavior [ RunTime:0.001000s ]
INFO: [ app_begin ] --END-- [ RunTime:0.001000s ]
INFO: [ view_parse ] --START--
INFO: [ template_filter ] --START--
INFO: Run Behavior\ContentReplaceBehavior [ RunTime:0.000000s ]
INFO: [ template_filter ] --END-- [ RunTime:0.000000s ]
NOTIC: [8] Undefined variable: info D:\phpStudy\WWW\asd\Application\Runtime\Cache\Aoshadeadmin\a68e7772441391ce91df7db6d2c66be6.php 第 21 行.
INFO: Run Behavior\ParseTemplateBehavior [ RunTime:0.007000s ]
INFO: [ view_parse ] --END-- [ RunTime:0.008000s ]
INFO: [ view_filter ] --START--
INFO: Run Behavior\WriteHtmlCacheBehavior [ RunTime:0.000000s ]
INFO: [ view_filter ] --END-- [ RunTime:0.000000s ]
INFO: [ app_end ] --START--
INFO: Run Behavior\ShowPageTraceBehavior [ RunTime:0.001000s ]
INFO: [ app_end ] --END-- [ RunTime:0.001000s ]

[ 2017-05-23T08:45:40+08:00 ] 127.0.0.1 /Aoshadeadmin/Upimg/img1
INFO: [ app_init ] --START--
INFO: Run Behavior\BuildLiteBehavior [ RunTime:0.000000s ]
INFO: [ app_init ] --END-- [ RunTime:0.000000s ]
INFO: [ app_begin ] --START--
INFO: Run Behavior\ReadHtmlCacheBehavior [ RunTime:0.001000s ]
INFO: [ app_begin ] --END-- [ RunTime:0.001000s ]
INFO: [ view_parse ] --START--
INFO: [ template_filter ] --START--
INFO: Run Behavior\ContentReplaceBehavior [ RunTime:0.000000s ]
INFO: [ template_filter ] --END-- [ RunTime:0.000000s ]
NOTIC: [8] Undefined variable: info D:\phpStudy\WWW\asd\Application\Runtime\Cache\Aoshadeadmin\a68e7772441391ce91df7db6d2c66be6.php 第 19 行.
INFO: Run Behavior\ParseTemplateBehavior [ RunTime:0.006000s ]
INFO: [ view_parse ] --END-- [ RunTime:0.006000s ]
INFO: [ view_filter ] --START--
INFO: Run Behavior\WriteHtmlCacheBehavior [ RunTime:0.000000s ]
INFO: [ view_filter ] --END-- [ RunTime:0.000000s ]
INFO: [ app_end ] --START--
INFO: Run Behavior\ShowPageTraceBehavior [ RunTime:0.000000s ]
INFO: [ app_end ] --END-- [ RunTime:0.001000s ]

[ 2017-05-23T08:46:59+08:00 ] 127.0.0.1 /Aoshadeadmin/Upimg/img1
INFO: [ app_init ] --START--
INFO: Run Behavior\BuildLiteBehavior [ RunTime:0.000000s ]
INFO: [ app_init ] --END-- [ RunTime:0.000000s ]
INFO: [ app_begin ] --START--
INFO: Run Behavior\ReadHtmlCacheBehavior [ RunTime:0.001000s ]
INFO: [ app_begin ] --END-- [ RunTime:0.001000s ]
INFO: [ view_parse ] --START--
INFO: [ template_filter ] --START--
INFO: Run Behavior\ContentReplaceBehavior [ RunTime:0.000000s ]
INFO: [ template_filter ] --END-- [ RunTime:0.000000s ]
NOTIC: [8] Undefined variable: info D:\phpStudy\WWW\asd\Application\Runtime\Cache\Aoshadeadmin\a68e7772441391ce91df7db6d2c66be6.php 第 19 行.
INFO: Run Behavior\ParseTemplateBehavior [ RunTime:0.009000s ]
INFO: [ view_parse ] --END-- [ RunTime:0.009000s ]
INFO: [ view_filter ] --START--
INFO: Run Behavior\WriteHtmlCacheBehavior [ RunTime:0.000000s ]
INFO: [ view_filter ] --END-- [ RunTime:0.000000s ]
INFO: [ app_end ] --START--
INFO: Run Behavior\ShowPageTraceBehavior [ RunTime:0.001000s ]
INFO: [ app_end ] --END-- [ RunTime:0.001000s ]

[ 2017-05-23T08:48:30+08:00 ] 127.0.0.1 /Aoshadeadmin/Upimg/img1
INFO: [ app_init ] --START--
INFO: Run Behavior\BuildLiteBehavior [ RunTime:0.000000s ]
INFO: [ app_init ] --END-- [ RunTime:0.001000s ]
INFO: [ app_begin ] --START--
INFO: Run Behavior\ReadHtmlCacheBehavior [ RunTime:0.001000s ]
INFO: [ app_begin ] --END-- [ RunTime:0.001000s ]
INFO: [ view_parse ] --START--
INFO: [ template_filter ] --START--
INFO: Run Behavior\ContentReplaceBehavior [ RunTime:0.000000s ]
INFO: [ template_filter ] --END-- [ RunTime:0.000000s ]
NOTIC: [8] Undefined variable: info D:\phpStudy\WWW\asd\Application\Runtime\Cache\Aoshadeadmin\a68e7772441391ce91df7db6d2c66be6.php 第 19 行.
INFO: Run Behavior\ParseTemplateBehavior [ RunTime:0.008000s ]
INFO: [ view_parse ] --END-- [ RunTime:0.008000s ]
INFO: [ view_filter ] --START--
INFO: Run Behavior\WriteHtmlCacheBehavior [ RunTime:0.000000s ]
INFO: [ view_filter ] --END-- [ RunTime:0.000000s ]
INFO: [ app_end ] --START--
INFO: Run Behavior\ShowPageTraceBehavior [ RunTime:0.001000s ]
INFO: [ app_end ] --END-- [ RunTime:0.001000s ]

[ 2017-05-23T08:48:32+08:00 ] 127.0.0.1 /Aoshadeadmin/Upimg/img1
INFO: [ app_init ] --START--
INFO: Run Behavior\BuildLiteBehavior [ RunTime:0.000000s ]
INFO: [ app_init ] --END-- [ RunTime:0.000000s ]
INFO: [ app_begin ] --START--
INFO: Run Behavior\ReadHtmlCacheBehavior [ RunTime:0.001000s ]
INFO: [ app_begin ] --END-- [ RunTime:0.001000s ]
INFO: [ view_parse ] --START--
INFO: [ template_filter ] --START--
INFO: Run Behavior\ContentReplaceBehavior [ RunTime:0.000000s ]
INFO: [ template_filter ] --END-- [ RunTime:0.000000s ]
NOTIC: [8] Undefined variable: info D:\phpStudy\WWW\asd\Application\Runtime\Cache\Aoshadeadmin\a68e7772441391ce91df7db6d2c66be6.php 第 19 行.
INFO: Run Behavior\ParseTemplateBehavior [ RunTime:0.008000s ]
INFO: [ view_parse ] --END-- [ RunTime:0.008000s ]
INFO: [ view_filter ] --START--
INFO: Run Behavior\WriteHtmlCacheBehavior [ RunTime:0.001000s ]
INFO: [ view_filter ] --END-- [ RunTime:0.001000s ]
INFO: [ app_end ] --START--
INFO: Run Behavior\ShowPageTraceBehavior [ RunTime:0.000000s ]
INFO: [ app_end ] --END-- [ RunTime:0.000000s ]

[ 2017-05-23T08:48:38+08:00 ] 127.0.0.1 /Aoshadeadmin/Index/caseDetail/caseId/1
INFO: [ app_init ] --START--
INFO: Run Behavior\BuildLiteBehavior [ RunTime:0.000000s ]
INFO: [ app_init ] --END-- [ RunTime:0.001000s ]
INFO: [ app_begin ] --START--
INFO: Run Behavior\ReadHtmlCacheBehavior [ RunTime:0.001000s ]
INFO: [ app_begin ] --END-- [ RunTime:0.001000s ]
SQL: SHOW COLUMNS FROM `asd_case` [ RunTime:0.0050s ]
SQL: SHOW COLUMNS FROM `asd_case` [ RunTime:0.0040s ]
SQL: SHOW COLUMNS FROM `asd_casearea` [ RunTime:0.0030s ]
SQL: SHOW COLUMNS FROM `asd_casetype` [ RunTime:0.0030s ]
SQL: SHOW COLUMNS FROM `asd_casesize` [ RunTime:0.0030s ]
SQL: SELECT * FROM `asd_case` WHERE ( caseId =1 ) LIMIT 1   [ RunTime:0.0000s ]
SQL: SELECT * FROM `asd_casearea`  [ RunTime:0.0000s ]
SQL: SELECT * FROM `asd_casetype`  [ RunTime:0.0010s ]
SQL: SELECT * FROM `asd_casesize`  [ RunTime:0.0000s ]
INFO: [ view_parse ] --START--
INFO: [ template_filter ] --START--
INFO: Run Behavior\ContentReplaceBehavior [ RunTime:0.000000s ]
INFO: [ template_filter ] --END-- [ RunTime:0.000000s ]
INFO: Run Behavior\ParseTemplateBehavior [ RunTime:0.011000s ]
INFO: [ view_parse ] --END-- [ RunTime:0.011000s ]
INFO: [ view_filter ] --START--
INFO: Run Behavior\WriteHtmlCacheBehavior [ RunTime:0.000000s ]
INFO: [ view_filter ] --END-- [ RunTime:0.000000s ]
INFO: [ app_end ] --START--
INFO: Run Behavior\ShowPageTraceBehavior [ RunTime:0.000000s ]
INFO: [ app_end ] --END-- [ RunTime:0.000000s ]

[ 2017-05-23T08:48:38+08:00 ] 127.0.0.1 /Aoshadeadmin/Upimg/img1
INFO: [ app_init ] --START--
INFO: Run Behavior\BuildLiteBehavior [ RunTime:0.000000s ]
INFO: [ app_init ] --END-- [ RunTime:0.000000s ]
INFO: [ app_begin ] --START--
INFO: Run Behavior\ReadHtmlCacheBehavior [ RunTime:0.001000s ]
INFO: [ app_begin ] --END-- [ RunTime:0.001000s ]
INFO: [ view_parse ] --START--
INFO: [ template_filter ] --START--
INFO: Run Behavior\ContentReplaceBehavior [ RunTime:0.000000s ]
INFO: [ template_filter ] --END-- [ RunTime:0.000000s ]
NOTIC: [8] Undefined variable: info D:\phpStudy\WWW\asd\Application\Runtime\Cache\Aoshadeadmin\a68e7772441391ce91df7db6d2c66be6.php 第 19 行.
INFO: Run Behavior\ParseTemplateBehavior [ RunTime:0.007000s ]
INFO: [ view_parse ] --END-- [ RunTime:0.007000s ]
INFO: [ view_filter ] --START--
INFO: Run Behavior\WriteHtmlCacheBehavior [ RunTime:0.000000s ]
INFO: [ view_filter ] --END-- [ RunTime:0.000000s ]
INFO: [ app_end ] --START--
INFO: Run Behavior\ShowPageTraceBehavior [ RunTime:0.001000s ]
INFO: [ app_end ] --END-- [ RunTime:0.001000s ]

[ 2017-05-23T08:48:38+08:00 ] 127.0.0.1 /Aoshadeadmin/Upimg/img1
INFO: [ app_init ] --START--
INFO: Run Behavior\BuildLiteBehavior [ RunTime:0.000000s ]
INFO: [ app_init ] --END-- [ RunTime:0.001000s ]
INFO: [ app_begin ] --START--
INFO: Run Behavior\ReadHtmlCacheBehavior [ RunTime:0.000000s ]
INFO: [ app_begin ] --END-- [ RunTime:0.001000s ]
INFO: [ view_parse ] --START--
INFO: [ template_filter ] --START--
INFO: Run Behavior\ContentReplaceBehavior [ RunTime:0.000000s ]
INFO: [ template_filter ] --END-- [ RunTime:0.000000s ]
NOTIC: [8] Undefined variable: info D:\phpStudy\WWW\asd\Application\Runtime\Cache\Aoshadeadmin\a68e7772441391ce91df7db6d2c66be6.php 第 19 行.
INFO: Run Behavior\ParseTemplateBehavior [ RunTime:0.007000s ]
INFO: [ view_parse ] --END-- [ RunTime:0.007000s ]
INFO: [ view_filter ] --START--
INFO: Run Behavior\WriteHtmlCacheBehavior [ RunTime:0.001000s ]
INFO: [ view_filter ] --END-- [ RunTime:0.001000s ]
INFO: [ app_end ] --START--
INFO: Run Behavior\ShowPageTraceBehavior [ RunTime:0.001000s ]
INFO: [ app_end ] --END-- [ RunTime:0.001000s ]

[ 2017-05-23T08:48:38+08:00 ] 127.0.0.1 /Aoshadeadmin/Upimg/img1
INFO: [ app_init ] --START--
INFO: Run Behavior\BuildLiteBehavior [ RunTime:0.000000s ]
INFO: [ app_init ] --END-- [ RunTime:0.001000s ]
INFO: [ app_begin ] --START--
INFO: Run Behavior\ReadHtmlCacheBehavior [ RunTime:0.000000s ]
INFO: [ app_begin ] --END-- [ RunTime:0.000000s ]
INFO: [ view_parse ] --START--
INFO: [ template_filter ] --START--
INFO: Run Behavior\ContentReplaceBehavior [ RunTime:0.000000s ]
INFO: [ template_filter ] --END-- [ RunTime:0.000000s ]
NOTIC: [8] Undefined variable: info D:\phpStudy\WWW\asd\Application\Runtime\Cache\Aoshadeadmin\a68e7772441391ce91df7db6d2c66be6.php 第 19 行.
INFO: Run Behavior\ParseTemplateBehavior [ RunTime:0.007000s ]
INFO: [ view_parse ] --END-- [ RunTime:0.007000s ]
INFO: [ view_filter ] --START--
INFO: Run Behavior\WriteHtmlCacheBehavior [ RunTime:0.001000s ]
INFO: [ view_filter ] --END-- [ RunTime:0.001000s ]
INFO: [ app_end ] --START--
INFO: Run Behavior\ShowPageTraceBehavior [ RunTime:0.001000s ]
INFO: [ app_end ] --END-- [ RunTime:0.001000s ]

[ 2017-05-23T08:48:38+08:00 ] 127.0.0.1 /Aoshadeadmin/Upimg/img1
INFO: [ app_init ] --START--
INFO: Run Behavior\BuildLiteBehavior [ RunTime:0.000000s ]
INFO: [ app_init ] --END-- [ RunTime:0.001000s ]
INFO: [ app_begin ] --START--
INFO: Run Behavior\ReadHtmlCacheBehavior [ RunTime:0.001000s ]
INFO: [ app_begin ] --END-- [ RunTime:0.001000s ]
INFO: [ view_parse ] --START--
INFO: [ template_filter ] --START--
INFO: Run Behavior\ContentReplaceBehavior [ RunTime:0.000000s ]
INFO: [ template_filter ] --END-- [ RunTime:0.000000s ]
NOTIC: [8] Undefined variable: info D:\phpStudy\WWW\asd\Application\Runtime\Cache\Aoshadeadmin\a68e7772441391ce91df7db6d2c66be6.php 第 19 行.
INFO: Run Behavior\ParseTemplateBehavior [ RunTime:0.008000s ]
INFO: [ view_parse ] --END-- [ RunTime:0.008000s ]
INFO: [ view_filter ] --START--
INFO: Run Behavior\WriteHtmlCacheBehavior [ RunTime:0.001000s ]
INFO: [ view_filter ] --END-- [ RunTime:0.001000s ]
INFO: [ app_end ] --START--
INFO: Run Behavior\ShowPageTraceBehavior [ RunTime:0.001000s ]
INFO: [ app_end ] --END-- [ RunTime:0.001000s ]

[ 2017-05-23T08:48:38+08:00 ] 127.0.0.1 /Aoshadeadmin/Upimg/img1
INFO: [ app_init ] --START--
INFO: Run Behavior\BuildLiteBehavior [ RunTime:0.000000s ]
INFO: [ app_init ] --END-- [ RunTime:0.000000s ]
INFO: [ app_begin ] --START--
INFO: Run Behavior\ReadHtmlCacheBehavior [ RunTime:0.001000s ]
INFO: [ app_begin ] --END-- [ RunTime:0.001000s ]
INFO: [ view_parse ] --START--
INFO: [ template_filter ] --START--
INFO: Run Behavior\ContentReplaceBehavior [ RunTime:0.000000s ]
INFO: [ template_filter ] --END-- [ RunTime:0.001000s ]
NOTIC: [8] Undefined variable: info D:\phpStudy\WWW\asd\Application\Runtime\Cache\Aoshadeadmin\a68e7772441391ce91df7db6d2c66be6.php 第 19 行.
INFO: Run Behavior\ParseTemplateBehavior [ RunTime:0.007000s ]
INFO: [ view_parse ] --END-- [ RunTime:0.007000s ]
INFO: [ view_filter ] --START--
INFO: Run Behavior\WriteHtmlCacheBehavior [ RunTime:0.000000s ]
INFO: [ view_filter ] --END-- [ RunTime:0.000000s ]
INFO: [ app_end ] --START--
INFO: Run Behavior\ShowPageTraceBehavior [ RunTime:0.001000s ]
INFO: [ app_end ] --END-- [ RunTime:0.001000s ]

[ 2017-05-23T08:48:38+08:00 ] 127.0.0.1 /Aoshadeadmin/Upimg/img1
INFO: [ app_init ] --START--
INFO: Run Behavior\BuildLiteBehavior [ RunTime:0.000000s ]
INFO: [ app_init ] --END-- [ RunTime:0.000000s ]
INFO: [ app_begin ] --START--
INFO: Run Behavior\ReadHtmlCacheBehavior [ RunTime:0.001000s ]
INFO: [ app_begin ] --END-- [ RunTime:0.001000s ]
INFO: [ view_parse ] --START--
INFO: [ template_filter ] --START--
INFO: Run Behavior\ContentReplaceBehavior [ RunTime:0.000000s ]
INFO: [ template_filter ] --END-- [ RunTime:0.000000s ]
NOTIC: [8] Undefined variable: info D:\phpStudy\WWW\asd\Application\Runtime\Cache\Aoshadeadmin\a68e7772441391ce91df7db6d2c66be6.php 第 19 行.
INFO: Run Behavior\ParseTemplateBehavior [ RunTime:0.007000s ]
INFO: [ view_parse ] --END-- [ RunTime:0.007000s ]
INFO: [ view_filter ] --START--
INFO: Run Behavior\WriteHtmlCacheBehavior [ RunTime:0.001000s ]
INFO: [ view_filter ] --END-- [ RunTime:0.001000s ]
INFO: [ app_end ] --START--
INFO: Run Behavior\ShowPageTraceBehavior [ RunTime:0.001000s ]
INFO: [ app_end ] --END-- [ RunTime:0.001000s ]

[ 2017-05-23T08:48:38+08:00 ] 127.0.0.1 /Aoshadeadmin/Upimg/img1
INFO: [ app_init ] --START--
INFO: Run Behavior\BuildLiteBehavior [ RunTime:0.000000s ]
INFO: [ app_init ] --END-- [ RunTime:0.001000s ]
INFO: [ app_begin ] --START--
INFO: Run Behavior\ReadHtmlCacheBehavior [ RunTime:0.001000s ]
INFO: [ app_begin ] --END-- [ RunTime:0.001000s ]
INFO: [ view_parse ] --START--
INFO: [ template_filter ] --START--
INFO: Run Behavior\ContentReplaceBehavior [ RunTime:0.000000s ]
INFO: [ template_filter ] --END-- [ RunTime:0.000000s ]
NOTIC: [8] Undefined variable: info D:\phpStudy\WWW\asd\Application\Runtime\Cache\Aoshadeadmin\a68e7772441391ce91df7db6d2c66be6.php 第 19 行.
INFO: Run Behavior\ParseTemplateBehavior [ RunTime:0.006000s ]
INFO: [ view_parse ] --END-- [ RunTime:0.007000s ]
INFO: [ view_filter ] --START--
INFO: Run Behavior\WriteHtmlCacheBehavior [ RunTime:0.000000s ]
INFO: [ view_filter ] --END-- [ RunTime:0.000000s ]
INFO: [ app_end ] --START--
INFO: Run Behavior\ShowPageTraceBehavior [ RunTime:0.001000s ]
INFO: [ app_end ] --END-- [ RunTime:0.001000s ]

[ 2017-05-23T08:48:38+08:00 ] 127.0.0.1 /Aoshadeadmin/Upimg/img1
INFO: [ app_init ] --START--
INFO: Run Behavior\BuildLiteBehavior [ RunTime:0.000000s ]
INFO: [ app_init ] --END-- [ RunTime:0.001000s ]
INFO: [ app_begin ] --START--
INFO: Run Behavior\ReadHtmlCacheBehavior [ RunTime:0.000000s ]
INFO: [ app_begin ] --END-- [ RunTime:0.000000s ]
INFO: [ view_parse ] --START--
INFO: [ template_filter ] --START--
INFO: Run Behavior\ContentReplaceBehavior [ RunTime:0.000000s ]
INFO: [ template_filter ] --END-- [ RunTime:0.000000s ]
NOTIC: [8] Undefined variable: info D:\phpStudy\WWW\asd\Application\Runtime\Cache\Aoshadeadmin\a68e7772441391ce91df7db6d2c66be6.php 第 19 行.
INFO: Run Behavior\ParseTemplateBehavior [ RunTime:0.007000s ]
INFO: [ view_parse ] --END-- [ RunTime:0.007000s ]
INFO: [ view_filter ] --START--
INFO: Run Behavior\WriteHtmlCacheBehavior [ RunTime:0.000000s ]
INFO: [ view_filter ] --END-- [ RunTime:0.000000s ]
INFO: [ app_end ] --START--
INFO: Run Behavior\ShowPageTraceBehavior [ RunTime:0.001000s ]
INFO: [ app_end ] --END-- [ RunTime:0.001000s ]

[ 2017-05-23T08:48:38+08:00 ] 127.0.0.1 /Aoshadeadmin/Upimg/img1
INFO: [ app_init ] --START--
INFO: Run Behavior\BuildLiteBehavior [ RunTime:0.001000s ]
INFO: [ app_init ] --END-- [ RunTime:0.001000s ]
INFO: [ app_begin ] --START--
INFO: Run Behavior\ReadHtmlCacheBehavior [ RunTime:0.000000s ]
INFO: [ app_begin ] --END-- [ RunTime:0.000000s ]
INFO: [ view_parse ] --START--
INFO: [ template_filter ] --START--
INFO: Run Behavior\ContentReplaceBehavior [ RunTime:0.000000s ]
INFO: [ template_filter ] --END-- [ RunTime:0.000000s ]
NOTIC: [8] Undefined variable: info D:\phpStudy\WWW\asd\Application\Runtime\Cache\Aoshadeadmin\a68e7772441391ce91df7db6d2c66be6.php 第 19 行.
INFO: Run Behavior\ParseTemplateBehavior [ RunTime:0.007000s ]
INFO: [ view_parse ] --END-- [ RunTime:0.007000s ]
INFO: [ view_filter ] --START--
INFO: Run Behavior\WriteHtmlCacheBehavior [ RunTime:0.001000s ]
INFO: [ view_filter ] --END-- [ RunTime:0.001000s ]
INFO: [ app_end ] --START--
INFO: Run Behavior\ShowPageTraceBehavior [ RunTime:0.001000s ]
INFO: [ app_end ] --END-- [ RunTime:0.001000s ]

